{"C:\\Users\\maito\\SpeakSyncMobile\\src\\components\\AdaptiveScrollSettings.tsx": {"path":"C:\\Users\\maito\\SpeakSyncMobile\\src\\components\\AdaptiveScrollSettings.tsx","statementMap":{"0":{"start":{"line":33,"column":44},"end":{"line":33,"column":92}},"1":{"start":{"line":35,"column":2},"end":{"line":37,"column":17}},"2":{"start":{"line":36,"column":4},"end":{"line":36,"column":31}},"3":{"start":{"line":39,"column":21},"end":{"line":42,"column":3}},"4":{"start":{"line":40,"column":4},"end":{"line":40,"column":26}},"5":{"start":{"line":41,"column":4},"end":{"line":41,"column":14}},"6":{"start":{"line":44,"column":22},"end":{"line":47,"column":3}},"7":{"start":{"line":45,"column":4},"end":{"line":45,"column":14}},"8":{"start":{"line":46,"column":4},"end":{"line":46,"column":14}},"9":{"start":{"line":49,"column":24},"end":{"line":54,"column":3}},"10":{"start":{"line":53,"column":4},"end":{"line":53,"column":58}},"11":{"start":{"line":53,"column":30},"end":{"line":53,"column":55}},"12":{"start":{"line":56,"column":2},"end":{"line":231,"column":4}},"13":{"start":{"line":83,"column":40},"end":{"line":83,"column":71}},"14":{"start":{"line":101,"column":40},"end":{"line":101,"column":79}},"15":{"start":{"line":120,"column":40},"end":{"line":120,"column":78}},"16":{"start":{"line":139,"column":40},"end":{"line":139,"column":79}},"17":{"start":{"line":158,"column":40},"end":{"line":158,"column":78}},"18":{"start":{"line":177,"column":40},"end":{"line":177,"column":81}},"19":{"start":{"line":196,"column":40},"end":{"line":196,"column":90}},"20":{"start":{"line":234,"column":15},"end":{"line":295,"column":2}}},"fnMap":{"0":{"name":"AdaptiveScrollSettingsModal","decl":{"start":{"line":26,"column":24},"end":{"line":26,"column":51}},"loc":{"start":{"line":32,"column":37},"end":{"line":232,"column":1}},"line":32},"1":{"name":"(anonymous_1)","decl":{"start":{"line":35,"column":18},"end":{"line":35,"column":19}},"loc":{"start":{"line":35,"column":24},"end":{"line":37,"column":3}},"line":35},"2":{"name":"(anonymous_2)","decl":{"start":{"line":39,"column":21},"end":{"line":39,"column":22}},"loc":{"start":{"line":39,"column":27},"end":{"line":42,"column":3}},"line":39},"3":{"name":"(anonymous_3)","decl":{"start":{"line":44,"column":22},"end":{"line":44,"column":23}},"loc":{"start":{"line":44,"column":28},"end":{"line":47,"column":3}},"line":44},"4":{"name":"(anonymous_4)","decl":{"start":{"line":49,"column":24},"end":{"line":49,"column":25}},"loc":{"start":{"line":52,"column":7},"end":{"line":54,"column":3}},"line":52},"5":{"name":"(anonymous_5)","decl":{"start":{"line":53,"column":21},"end":{"line":53,"column":22}},"loc":{"start":{"line":53,"column":30},"end":{"line":53,"column":55}},"line":53},"6":{"name":"(anonymous_6)","decl":{"start":{"line":83,"column":29},"end":{"line":83,"column":30}},"loc":{"start":{"line":83,"column":40},"end":{"line":83,"column":71}},"line":83},"7":{"name":"(anonymous_7)","decl":{"start":{"line":101,"column":29},"end":{"line":101,"column":30}},"loc":{"start":{"line":101,"column":40},"end":{"line":101,"column":79}},"line":101},"8":{"name":"(anonymous_8)","decl":{"start":{"line":120,"column":29},"end":{"line":120,"column":30}},"loc":{"start":{"line":120,"column":40},"end":{"line":120,"column":78}},"line":120},"9":{"name":"(anonymous_9)","decl":{"start":{"line":139,"column":29},"end":{"line":139,"column":30}},"loc":{"start":{"line":139,"column":40},"end":{"line":139,"column":79}},"line":139},"10":{"name":"(anonymous_10)","decl":{"start":{"line":158,"column":29},"end":{"line":158,"column":30}},"loc":{"start":{"line":158,"column":40},"end":{"line":158,"column":78}},"line":158},"11":{"name":"(anonymous_11)","decl":{"start":{"line":177,"column":29},"end":{"line":177,"column":30}},"loc":{"start":{"line":177,"column":40},"end":{"line":177,"column":81}},"line":177},"12":{"name":"(anonymous_12)","decl":{"start":{"line":196,"column":29},"end":{"line":196,"column":30}},"loc":{"start":{"line":196,"column":40},"end":{"line":196,"column":90}},"line":196}},"branchMap":{},"s":{"0":0,"1":0,"2":0,"3":0,"4":0,"5":0,"6":0,"7":0,"8":0,"9":0,"10":0,"11":0,"12":0,"13":0,"14":0,"15":0,"16":0,"17":0,"18":0,"19":0,"20":0},"f":{"0":0,"1":0,"2":0,"3":0,"4":0,"5":0,"6":0,"7":0,"8":0,"9":0,"10":0,"11":0,"12":0},"b":{}}
,"C:\\Users\\maito\\SpeakSyncMobile\\src\\components\\BLERemotePanel.tsx": {"path":"C:\\Users\\maito\\SpeakSyncMobile\\src\\components\\BLERemotePanel.tsx","statementMap":{"0":{"start":{"line":38,"column":27},"end":{"line":38,"column":49}},"1":{"start":{"line":39,"column":40},"end":{"line":41,"column":3}},"2":{"start":{"line":42,"column":46},"end":{"line":42,"column":61}},"3":{"start":{"line":43,"column":52},"end":{"line":43,"column":67}},"4":{"start":{"line":44,"column":46},"end":{"line":44,"column":78}},"5":{"start":{"line":45,"column":42},"end":{"line":45,"column":71}},"6":{"start":{"line":46,"column":46},"end":{"line":48,"column":3}},"7":{"start":{"line":50,"column":2},"end":{"line":88,"column":37}},"8":{"start":{"line":51,"column":26},"end":{"line":53,"column":5}},"9":{"start":{"line":52,"column":6},"end":{"line":52,"column":28}},"10":{"start":{"line":55,"column":28},"end":{"line":58,"column":5}},"11":{"start":{"line":57,"column":6},"end":{"line":57,"column":55}},"12":{"start":{"line":60,"column":27},"end":{"line":63,"column":5}},"13":{"start":{"line":62,"column":6},"end":{"line":62,"column":40}},"14":{"start":{"line":65,"column":29},"end":{"line":69,"column":5}},"15":{"start":{"line":66,"column":6},"end":{"line":66,"column":44}},"16":{"start":{"line":68,"column":6},"end":{"line":68,"column":52}},"17":{"start":{"line":68,"column":23},"end":{"line":68,"column":44}},"18":{"start":{"line":71,"column":4},"end":{"line":71,"column":48}},"19":{"start":{"line":72,"column":4},"end":{"line":72,"column":57}},"20":{"start":{"line":74,"column":4},"end":{"line":74,"column":79}},"21":{"start":{"line":75,"column":4},"end":{"line":75,"column":78}},"22":{"start":{"line":78,"column":4},"end":{"line":80,"column":5}},"23":{"start":{"line":79,"column":6},"end":{"line":79,"column":36}},"24":{"start":{"line":82,"column":4},"end":{"line":87,"column":6}},"25":{"start":{"line":83,"column":6},"end":{"line":83,"column":53}},"26":{"start":{"line":84,"column":6},"end":{"line":84,"column":62}},"27":{"start":{"line":85,"column":6},"end":{"line":85,"column":72}},"28":{"start":{"line":86,"column":6},"end":{"line":86,"column":69}},"29":{"start":{"line":90,"column":30},"end":{"line":97,"column":3}},"30":{"start":{"line":91,"column":4},"end":{"line":96,"column":5}},"31":{"start":{"line":92,"column":6},"end":{"line":92,"column":50}},"32":{"start":{"line":93,"column":6},"end":{"line":93,"column":30}},"33":{"start":{"line":95,"column":6},"end":{"line":95,"column":79}},"34":{"start":{"line":99,"column":29},"end":{"line":101,"column":3}},"35":{"start":{"line":100,"column":4},"end":{"line":100,"column":42}},"36":{"start":{"line":103,"column":30},"end":{"line":116,"column":3}},"37":{"start":{"line":104,"column":4},"end":{"line":115,"column":5}},"38":{"start":{"line":105,"column":22},"end":{"line":105,"column":71}},"39":{"start":{"line":107,"column":6},"end":{"line":112,"column":7}},"40":{"start":{"line":108,"column":8},"end":{"line":108,"column":33}},"41":{"start":{"line":109,"column":8},"end":{"line":109,"column":64}},"42":{"start":{"line":111,"column":8},"end":{"line":111,"column":80}},"43":{"start":{"line":114,"column":6},"end":{"line":114,"column":76}},"44":{"start":{"line":118,"column":33},"end":{"line":128,"column":3}},"45":{"start":{"line":119,"column":4},"end":{"line":127,"column":5}},"46":{"start":{"line":120,"column":22},"end":{"line":120,"column":76}},"47":{"start":{"line":122,"column":6},"end":{"line":124,"column":7}},"48":{"start":{"line":123,"column":8},"end":{"line":123,"column":72}},"49":{"start":{"line":126,"column":6},"end":{"line":126,"column":69}},"50":{"start":{"line":130,"column":36},"end":{"line":138,"column":3}},"51":{"start":{"line":131,"column":35},"end":{"line":134,"column":5}},"52":{"start":{"line":136,"column":4},"end":{"line":136,"column":55}},"53":{"start":{"line":137,"column":4},"end":{"line":137,"column":72}},"54":{"start":{"line":140,"column":24},"end":{"line":147,"column":3}},"55":{"start":{"line":141,"column":4},"end":{"line":146,"column":5}},"56":{"start":{"line":142,"column":34},"end":{"line":142,"column":56}},"57":{"start":{"line":143,"column":25},"end":{"line":143,"column":45}},"58":{"start":{"line":144,"column":23},"end":{"line":144,"column":41}},"59":{"start":{"line":145,"column":15},"end":{"line":145,"column":34}},"60":{"start":{"line":149,"column":24},"end":{"line":163,"column":3}},"61":{"start":{"line":150,"column":4},"end":{"line":162,"column":5}},"62":{"start":{"line":151,"column":25},"end":{"line":151,"column":45}},"63":{"start":{"line":152,"column":24},"end":{"line":152,"column":42}},"64":{"start":{"line":153,"column":26},"end":{"line":153,"column":46}},"65":{"start":{"line":154,"column":29},"end":{"line":154,"column":50}},"66":{"start":{"line":155,"column":29},"end":{"line":155,"column":55}},"67":{"start":{"line":156,"column":26},"end":{"line":156,"column":45}},"68":{"start":{"line":157,"column":30},"end":{"line":157,"column":53}},"69":{"start":{"line":158,"column":29},"end":{"line":158,"column":46}},"70":{"start":{"line":159,"column":40},"end":{"line":159,"column":60}},"71":{"start":{"line":160,"column":29},"end":{"line":160,"column":44}},"72":{"start":{"line":161,"column":15},"end":{"line":161,"column":36}},"73":{"start":{"line":165,"column":27},"end":{"line":198,"column":3}},"74":{"start":{"line":166,"column":4},"end":{"line":197,"column":6}},"75":{"start":{"line":170,"column":8},"end":{"line":170,"column":59}},"76":{"start":{"line":173,"column":8},"end":{"line":190,"column":15}},"77":{"start":{"line":183,"column":14},"end":{"line":185,"column":43}},"78":{"start":{"line":194,"column":8},"end":{"line":194,"column":32}},"79":{"start":{"line":195,"column":8},"end":{"line":195,"column":35}},"80":{"start":{"line":200,"column":30},"end":{"line":215,"column":3}},"81":{"start":{"line":201,"column":4},"end":{"line":214,"column":11}},"82":{"start":{"line":218,"column":2},"end":{"line":236,"column":3}},"83":{"start":{"line":219,"column":4},"end":{"line":235,"column":6}},"84":{"start":{"line":238,"column":2},"end":{"line":240,"column":3}},"85":{"start":{"line":239,"column":4},"end":{"line":239,"column":16}},"86":{"start":{"line":242,"column":2},"end":{"line":408,"column":4}},"87":{"start":{"line":264,"column":14},"end":{"line":271,"column":21}},"88":{"start":{"line":269,"column":33},"end":{"line":269,"column":63}},"89":{"start":{"line":294,"column":27},"end":{"line":294,"column":53}},"90":{"start":{"line":322,"column":27},"end":{"line":322,"column":51}},"91":{"start":{"line":349,"column":38},"end":{"line":349,"column":45}},"92":{"start":{"line":364,"column":35},"end":{"line":364,"column":59}},"93":{"start":{"line":375,"column":27},"end":{"line":375,"column":54}},"94":{"start":{"line":390,"column":14},"end":{"line":390,"column":50}},"95":{"start":{"line":400,"column":27},"end":{"line":400,"column":54}},"96":{"start":{"line":411,"column":15},"end":{"line":558,"column":2}}},"fnMap":{"0":{"name":"BLERemotePanel","decl":{"start":{"line":37,"column":16},"end":{"line":37,"column":30}},"loc":{"start":{"line":37,"column":82},"end":{"line":409,"column":1}},"line":37},"1":{"name":"(anonymous_1)","decl":{"start":{"line":50,"column":12},"end":{"line":50,"column":13}},"loc":{"start":{"line":50,"column":18},"end":{"line":88,"column":3}},"line":50},"2":{"name":"(anonymous_2)","decl":{"start":{"line":51,"column":26},"end":{"line":51,"column":27}},"loc":{"start":{"line":51,"column":53},"end":{"line":53,"column":5}},"line":51},"3":{"name":"(anonymous_3)","decl":{"start":{"line":55,"column":28},"end":{"line":55,"column":29}},"loc":{"start":{"line":55,"column":56},"end":{"line":58,"column":5}},"line":55},"4":{"name":"(anonymous_4)","decl":{"start":{"line":60,"column":27},"end":{"line":60,"column":28}},"loc":{"start":{"line":60,"column":48},"end":{"line":63,"column":5}},"line":60},"5":{"name":"(anonymous_5)","decl":{"start":{"line":65,"column":29},"end":{"line":65,"column":30}},"loc":{"start":{"line":65,"column":52},"end":{"line":69,"column":5}},"line":65},"6":{"name":"(anonymous_6)","decl":{"start":{"line":68,"column":17},"end":{"line":68,"column":18}},"loc":{"start":{"line":68,"column":23},"end":{"line":68,"column":44}},"line":68},"7":{"name":"(anonymous_7)","decl":{"start":{"line":82,"column":11},"end":{"line":82,"column":12}},"loc":{"start":{"line":82,"column":17},"end":{"line":87,"column":5}},"line":82},"8":{"name":"(anonymous_8)","decl":{"start":{"line":90,"column":30},"end":{"line":90,"column":31}},"loc":{"start":{"line":90,"column":42},"end":{"line":97,"column":3}},"line":90},"9":{"name":"(anonymous_9)","decl":{"start":{"line":99,"column":29},"end":{"line":99,"column":30}},"loc":{"start":{"line":99,"column":41},"end":{"line":101,"column":3}},"line":99},"10":{"name":"(anonymous_10)","decl":{"start":{"line":103,"column":30},"end":{"line":103,"column":31}},"loc":{"start":{"line":103,"column":59},"end":{"line":116,"column":3}},"line":103},"11":{"name":"(anonymous_11)","decl":{"start":{"line":118,"column":33},"end":{"line":118,"column":34}},"loc":{"start":{"line":118,"column":62},"end":{"line":128,"column":3}},"line":118},"12":{"name":"(anonymous_12)","decl":{"start":{"line":130,"column":36},"end":{"line":130,"column":37}},"loc":{"start":{"line":130,"column":84},"end":{"line":138,"column":3}},"line":130},"13":{"name":"(anonymous_13)","decl":{"start":{"line":140,"column":24},"end":{"line":140,"column":25}},"loc":{"start":{"line":140,"column":55},"end":{"line":147,"column":3}},"line":140},"14":{"name":"(anonymous_14)","decl":{"start":{"line":149,"column":24},"end":{"line":149,"column":25}},"loc":{"start":{"line":149,"column":64},"end":{"line":163,"column":3}},"line":149},"15":{"name":"(anonymous_15)","decl":{"start":{"line":165,"column":27},"end":{"line":165,"column":28}},"loc":{"start":{"line":166,"column":4},"end":{"line":197,"column":6}},"line":166},"16":{"name":"(anonymous_16)","decl":{"start":{"line":169,"column":12},"end":{"line":169,"column":13}},"loc":{"start":{"line":170,"column":8},"end":{"line":170,"column":59}},"line":170},"17":{"name":"(anonymous_17)","decl":{"start":{"line":172,"column":13},"end":{"line":172,"column":14}},"loc":{"start":{"line":173,"column":8},"end":{"line":190,"column":15}},"line":173},"18":{"name":"(anonymous_18)","decl":{"start":{"line":182,"column":21},"end":{"line":182,"column":22}},"loc":{"start":{"line":183,"column":14},"end":{"line":185,"column":43}},"line":183},"19":{"name":"(anonymous_19)","decl":{"start":{"line":193,"column":15},"end":{"line":193,"column":16}},"loc":{"start":{"line":193,"column":21},"end":{"line":196,"column":7}},"line":193},"20":{"name":"(anonymous_20)","decl":{"start":{"line":200,"column":30},"end":{"line":200,"column":31}},"loc":{"start":{"line":201,"column":4},"end":{"line":214,"column":11}},"line":201},"21":{"name":"(anonymous_21)","decl":{"start":{"line":230,"column":19},"end":{"line":230,"column":20}},"loc":{"start":{"line":230,"column":25},"end":{"line":230,"column":57}},"line":230},"22":{"name":"(anonymous_22)","decl":{"start":{"line":263,"column":46},"end":{"line":263,"column":47}},"loc":{"start":{"line":264,"column":14},"end":{"line":271,"column":21}},"line":264},"23":{"name":"(anonymous_23)","decl":{"start":{"line":269,"column":27},"end":{"line":269,"column":28}},"loc":{"start":{"line":269,"column":33},"end":{"line":269,"column":63}},"line":269},"24":{"name":"(anonymous_24)","decl":{"start":{"line":294,"column":21},"end":{"line":294,"column":22}},"loc":{"start":{"line":294,"column":27},"end":{"line":294,"column":53}},"line":294},"25":{"name":"(anonymous_25)","decl":{"start":{"line":322,"column":21},"end":{"line":322,"column":22}},"loc":{"start":{"line":322,"column":27},"end":{"line":322,"column":51}},"line":322},"26":{"name":"(anonymous_26)","decl":{"start":{"line":349,"column":28},"end":{"line":349,"column":29}},"loc":{"start":{"line":349,"column":38},"end":{"line":349,"column":45}},"line":349},"27":{"name":"(anonymous_27)","decl":{"start":{"line":364,"column":29},"end":{"line":364,"column":30}},"loc":{"start":{"line":364,"column":35},"end":{"line":364,"column":59}},"line":364},"28":{"name":"(anonymous_28)","decl":{"start":{"line":375,"column":21},"end":{"line":375,"column":22}},"loc":{"start":{"line":375,"column":27},"end":{"line":375,"column":54}},"line":375},"29":{"name":"(anonymous_29)","decl":{"start":{"line":389,"column":54},"end":{"line":389,"column":55}},"loc":{"start":{"line":390,"column":14},"end":{"line":390,"column":50}},"line":390},"30":{"name":"(anonymous_30)","decl":{"start":{"line":400,"column":21},"end":{"line":400,"column":22}},"loc":{"start":{"line":400,"column":27},"end":{"line":400,"column":54}},"line":400}},"branchMap":{"0":{"loc":{"start":{"line":78,"column":4},"end":{"line":80,"column":5}},"type":"if","locations":[{"start":{"line":78,"column":4},"end":{"line":80,"column":5}},{"start":{},"end":{}}],"line":78},"1":{"loc":{"start":{"line":107,"column":6},"end":{"line":112,"column":7}},"type":"if","locations":[{"start":{"line":107,"column":6},"end":{"line":112,"column":7}},{"start":{"line":110,"column":13},"end":{"line":112,"column":7}}],"line":107},"2":{"loc":{"start":{"line":122,"column":6},"end":{"line":124,"column":7}},"type":"if","locations":[{"start":{"line":122,"column":6},"end":{"line":124,"column":7}},{"start":{},"end":{}}],"line":122},"3":{"loc":{"start":{"line":141,"column":4},"end":{"line":146,"column":5}},"type":"switch","locations":[{"start":{"line":142,"column":6},"end":{"line":142,"column":56}},{"start":{"line":143,"column":6},"end":{"line":143,"column":45}},{"start":{"line":144,"column":6},"end":{"line":144,"column":41}},{"start":{"line":145,"column":6},"end":{"line":145,"column":34}}],"line":141},"4":{"loc":{"start":{"line":150,"column":4},"end":{"line":162,"column":5}},"type":"switch","locations":[{"start":{"line":151,"column":6},"end":{"line":151,"column":45}},{"start":{"line":152,"column":6},"end":{"line":152,"column":42}},{"start":{"line":153,"column":6},"end":{"line":153,"column":46}},{"start":{"line":154,"column":6},"end":{"line":154,"column":50}},{"start":{"line":155,"column":6},"end":{"line":155,"column":55}},{"start":{"line":156,"column":6},"end":{"line":156,"column":45}},{"start":{"line":157,"column":6},"end":{"line":157,"column":53}},{"start":{"line":158,"column":6},"end":{"line":158,"column":46}},{"start":{"line":159,"column":6},"end":{"line":159,"column":60}},{"start":{"line":160,"column":6},"end":{"line":160,"column":44}},{"start":{"line":161,"column":6},"end":{"line":161,"column":36}}],"line":150},"5":{"loc":{"start":{"line":168,"column":37},"end":{"line":168,"column":67}},"type":"binary-expr","locations":[{"start":{"line":168,"column":37},"end":{"line":168,"column":54}},{"start":{"line":168,"column":58},"end":{"line":168,"column":67}}],"line":168},"6":{"loc":{"start":{"line":168,"column":81},"end":{"line":168,"column":99}},"type":"binary-expr","locations":[{"start":{"line":168,"column":81},"end":{"line":168,"column":90}},{"start":{"line":168,"column":94},"end":{"line":168,"column":99}}],"line":168},"7":{"loc":{"start":{"line":174,"column":11},"end":{"line":178,"column":11}},"type":"binary-expr","locations":[{"start":{"line":174,"column":11},"end":{"line":174,"column":28}},{"start":{"line":175,"column":12},"end":{"line":177,"column":19}}],"line":174},"8":{"loc":{"start":{"line":180,"column":18},"end":{"line":180,"column":61}},"type":"cond-expr","locations":[{"start":{"line":180,"column":37},"end":{"line":180,"column":47}},{"start":{"line":180,"column":50},"end":{"line":180,"column":61}}],"line":180},"9":{"loc":{"start":{"line":183,"column":14},"end":{"line":185,"column":43}},"type":"cond-expr","locations":[{"start":{"line":184,"column":18},"end":{"line":184,"column":46}},{"start":{"line":185,"column":18},"end":{"line":185,"column":43}}],"line":183},"10":{"loc":{"start":{"line":188,"column":13},"end":{"line":188,"column":56}},"type":"cond-expr","locations":[{"start":{"line":188,"column":32},"end":{"line":188,"column":44}},{"start":{"line":188,"column":47},"end":{"line":188,"column":56}}],"line":188},"11":{"loc":{"start":{"line":218,"column":2},"end":{"line":236,"column":3}},"type":"if","locations":[{"start":{"line":218,"column":2},"end":{"line":236,"column":3}},{"start":{},"end":{}}],"line":218},"12":{"loc":{"start":{"line":238,"column":2},"end":{"line":240,"column":3}},"type":"if","locations":[{"start":{"line":238,"column":2},"end":{"line":240,"column":3}},{"start":{},"end":{}}],"line":238},"13":{"loc":{"start":{"line":248,"column":11},"end":{"line":252,"column":11}},"type":"binary-expr","locations":[{"start":{"line":248,"column":11},"end":{"line":248,"column":42}},{"start":{"line":249,"column":12},"end":{"line":251,"column":19}}],"line":248},"14":{"loc":{"start":{"line":253,"column":11},"end":{"line":257,"column":11}},"type":"binary-expr","locations":[{"start":{"line":253,"column":11},"end":{"line":253,"column":50}},{"start":{"line":254,"column":12},"end":{"line":256,"column":19}}],"line":253},"15":{"loc":{"start":{"line":261,"column":9},"end":{"line":286,"column":9}},"type":"cond-expr","locations":[{"start":{"line":262,"column":10},"end":{"line":273,"column":17}},{"start":{"line":275,"column":10},"end":{"line":285,"column":19}}],"line":261},"16":{"loc":{"start":{"line":280,"column":22},"end":{"line":280,"column":79}},"type":"binary-expr","locations":[{"start":{"line":280,"column":22},"end":{"line":280,"column":53}},{"start":{"line":280,"column":57},"end":{"line":280,"column":79}}],"line":280},"17":{"loc":{"start":{"line":284,"column":13},"end":{"line":284,"column":70}},"type":"cond-expr","locations":[{"start":{"line":284,"column":38},"end":{"line":284,"column":51}},{"start":{"line":284,"column":54},"end":{"line":284,"column":70}}],"line":284},"18":{"loc":{"start":{"line":289,"column":9},"end":{"line":299,"column":9}},"type":"binary-expr","locations":[{"start":{"line":289,"column":9},"end":{"line":289,"column":48}},{"start":{"line":290,"column":10},"end":{"line":298,"column":19}}],"line":289},"19":{"loc":{"start":{"line":302,"column":9},"end":{"line":308,"column":9}},"type":"binary-expr","locations":[{"start":{"line":302,"column":9},"end":{"line":302,"column":21}},{"start":{"line":303,"column":10},"end":{"line":307,"column":17}}],"line":302},"20":{"loc":{"start":{"line":311,"column":9},"end":{"line":315,"column":9}},"type":"binary-expr","locations":[{"start":{"line":311,"column":9},"end":{"line":311,"column":26}},{"start":{"line":312,"column":10},"end":{"line":314,"column":17}}],"line":311},"21":{"loc":{"start":{"line":329,"column":11},"end":{"line":336,"column":11}},"type":"binary-expr","locations":[{"start":{"line":329,"column":11},"end":{"line":329,"column":33}},{"start":{"line":330,"column":12},"end":{"line":335,"column":19}}],"line":329},"22":{"loc":{"start":{"line":338,"column":11},"end":{"line":352,"column":11}},"type":"cond-expr","locations":[{"start":{"line":339,"column":12},"end":{"line":344,"column":19}},{"start":{"line":346,"column":12},"end":{"line":351,"column":14}}],"line":338},"23":{"loc":{"start":{"line":338,"column":11},"end":{"line":338,"column":80}},"type":"binary-expr","locations":[{"start":{"line":338,"column":11},"end":{"line":338,"column":53}},{"start":{"line":338,"column":57},"end":{"line":338,"column":80}}],"line":338},"24":{"loc":{"start":{"line":382,"column":11},"end":{"line":386,"column":11}},"type":"binary-expr","locations":[{"start":{"line":382,"column":11},"end":{"line":382,"column":25}},{"start":{"line":383,"column":12},"end":{"line":385,"column":19}}],"line":382}},"s":{"0":0,"1":0,"2":0,"3":0,"4":0,"5":0,"6":0,"7":0,"8":0,"9":0,"10":0,"11":0,"12":0,"13":0,"14":0,"15":0,"16":0,"17":0,"18":0,"19":0,"20":0,"21":0,"22":0,"23":0,"24":0,"25":0,"26":0,"27":0,"28":0,"29":0,"30":0,"31":0,"32":0,"33":0,"34":0,"35":0,"36":0,"37":0,"38":0,"39":0,"40":0,"41":0,"42":0,"43":0,"44":0,"45":0,"46":0,"47":0,"48":0,"49":0,"50":0,"51":0,"52":0,"53":0,"54":0,"55":0,"56":0,"57":0,"58":0,"59":0,"60":0,"61":0,"62":0,"63":0,"64":0,"65":0,"66":0,"67":0,"68":0,"69":0,"70":0,"71":0,"72":0,"73":0,"74":0,"75":0,"76":0,"77":0,"78":0,"79":0,"80":0,"81":0,"82":0,"83":0,"84":0,"85":0,"86":0,"87":0,"88":0,"89":0,"90":0,"91":0,"92":0,"93":0,"94":0,"95":0,"96":0},"f":{"0":0,"1":0,"2":0,"3":0,"4":0,"5":0,"6":0,"7":0,"8":0,"9":0,"10":0,"11":0,"12":0,"13":0,"14":0,"15":0,"16":0,"17":0,"18":0,"19":0,"20":0,"21":0,"22":0,"23":0,"24":0,"25":0,"26":0,"27":0,"28":0,"29":0,"30":0},"b":{"0":[0,0],"1":[0,0],"2":[0,0],"3":[0,0,0,0],"4":[0,0,0,0,0,0,0,0,0,0,0],"5":[0,0],"6":[0,0],"7":[0,0],"8":[0,0],"9":[0,0],"10":[0,0],"11":[0,0],"12":[0,0],"13":[0,0],"14":[0,0],"15":[0,0],"16":[0,0],"17":[0,0],"18":[0,0],"19":[0,0],"20":[0,0],"21":[0,0],"22":[0,0],"23":[0,0],"24":[0,0]}}
,"C:\\Users\\maito\\SpeakSyncMobile\\src\\components\\ConflictResolution.tsx": {"path":"C:\\Users\\maito\\SpeakSyncMobile\\src\\components\\ConflictResolution.tsx","statementMap":{"0":{"start":{"line":19,"column":21},"end":{"line":27,"column":3}},"1":{"start":{"line":20,"column":4},"end":{"line":26,"column":20}},"2":{"start":{"line":29,"column":2},"end":{"line":131,"column":4}},"3":{"start":{"line":104,"column":29},"end":{"line":104,"column":47}},"4":{"start":{"line":112,"column":29},"end":{"line":112,"column":48}},"5":{"start":{"line":134,"column":15},"end":{"line":213,"column":2}}},"fnMap":{"0":{"name":"ConflictResolution","decl":{"start":{"line":13,"column":24},"end":{"line":13,"column":42}},"loc":{"start":{"line":18,"column":28},"end":{"line":132,"column":1}},"line":18},"1":{"name":"(anonymous_1)","decl":{"start":{"line":19,"column":21},"end":{"line":19,"column":22}},"loc":{"start":{"line":19,"column":37},"end":{"line":27,"column":3}},"line":19},"2":{"name":"(anonymous_2)","decl":{"start":{"line":104,"column":23},"end":{"line":104,"column":24}},"loc":{"start":{"line":104,"column":29},"end":{"line":104,"column":47}},"line":104},"3":{"name":"(anonymous_3)","decl":{"start":{"line":112,"column":23},"end":{"line":112,"column":24}},"loc":{"start":{"line":112,"column":29},"end":{"line":112,"column":48}},"line":112}},"branchMap":{"0":{"loc":{"start":{"line":66,"column":19},"end":{"line":66,"column":54}},"type":"binary-expr","locations":[{"start":{"line":66,"column":19},"end":{"line":66,"column":38}},{"start":{"line":66,"column":42},"end":{"line":66,"column":54}}],"line":66},"1":{"loc":{"start":{"line":95,"column":19},"end":{"line":95,"column":55}},"type":"binary-expr","locations":[{"start":{"line":95,"column":19},"end":{"line":95,"column":39}},{"start":{"line":95,"column":43},"end":{"line":95,"column":55}}],"line":95}},"s":{"0":0,"1":0,"2":0,"3":0,"4":0,"5":0},"f":{"0":0,"1":0,"2":0,"3":0},"b":{"0":[0,0],"1":[0,0]}}
,"C:\\Users\\maito\\SpeakSyncMobile\\src\\components\\ExternalDisplayPanel.tsx": {"path":"C:\\Users\\maito\\SpeakSyncMobile\\src\\components\\ExternalDisplayPanel.tsx","statementMap":{"0":{"start":{"line":43,"column":27},"end":{"line":43,"column":49}},"1":{"start":{"line":44,"column":42},"end":{"line":46,"column":3}},"2":{"start":{"line":47,"column":48},"end":{"line":47,"column":63}},"3":{"start":{"line":48,"column":42},"end":{"line":48,"column":57}},"4":{"start":{"line":49,"column":38},"end":{"line":49,"column":53}},"5":{"start":{"line":50,"column":46},"end":{"line":58,"column":4}},"6":{"start":{"line":60,"column":2},"end":{"line":75,"column":21}},"7":{"start":{"line":61,"column":21},"end":{"line":63,"column":5}},"8":{"start":{"line":62,"column":6},"end":{"line":62,"column":29}},"9":{"start":{"line":65,"column":4},"end":{"line":65,"column":49}},"10":{"start":{"line":68,"column":4},"end":{"line":70,"column":5}},"11":{"start":{"line":69,"column":6},"end":{"line":69,"column":42}},"12":{"start":{"line":72,"column":4},"end":{"line":74,"column":6}},"13":{"start":{"line":73,"column":6},"end":{"line":73,"column":54}},"14":{"start":{"line":78,"column":2},"end":{"line":82,"column":144}},"15":{"start":{"line":79,"column":4},"end":{"line":81,"column":5}},"16":{"start":{"line":80,"column":6},"end":{"line":80,"column":100}},"17":{"start":{"line":84,"column":32},"end":{"line":94,"column":3}},"18":{"start":{"line":85,"column":4},"end":{"line":85,"column":24}},"19":{"start":{"line":86,"column":4},"end":{"line":93,"column":5}},"20":{"start":{"line":87,"column":6},"end":{"line":87,"column":53}},"21":{"start":{"line":88,"column":6},"end":{"line":88,"column":31}},"22":{"start":{"line":90,"column":6},"end":{"line":90,"column":72}},"23":{"start":{"line":92,"column":6},"end":{"line":92,"column":27}},"24":{"start":{"line":96,"column":33},"end":{"line":109,"column":3}},"25":{"start":{"line":97,"column":4},"end":{"line":108,"column":5}},"26":{"start":{"line":98,"column":22},"end":{"line":98,"column":95}},"27":{"start":{"line":100,"column":6},"end":{"line":105,"column":7}},"28":{"start":{"line":101,"column":8},"end":{"line":101,"column":34}},"29":{"start":{"line":102,"column":8},"end":{"line":102,"column":65}},"30":{"start":{"line":104,"column":8},"end":{"line":104,"column":81}},"31":{"start":{"line":107,"column":6},"end":{"line":107,"column":76}},"32":{"start":{"line":111,"column":27},"end":{"line":118,"column":3}},"33":{"start":{"line":112,"column":4},"end":{"line":117,"column":5}},"34":{"start":{"line":113,"column":6},"end":{"line":113,"column":48}},"35":{"start":{"line":114,"column":6},"end":{"line":114,"column":72}},"36":{"start":{"line":116,"column":6},"end":{"line":116,"column":62}},"37":{"start":{"line":120,"column":30},"end":{"line":124,"column":3}},"38":{"start":{"line":121,"column":27},"end":{"line":121,"column":63}},"39":{"start":{"line":122,"column":4},"end":{"line":122,"column":38}},"40":{"start":{"line":123,"column":4},"end":{"line":123,"column":45}},"41":{"start":{"line":126,"column":28},"end":{"line":152,"column":3}},"42":{"start":{"line":127,"column":4},"end":{"line":151,"column":6}},"43":{"start":{"line":131,"column":8},"end":{"line":138,"column":10}},"44":{"start":{"line":141,"column":8},"end":{"line":148,"column":17}},"45":{"start":{"line":144,"column":25},"end":{"line":144,"column":53}},"46":{"start":{"line":155,"column":2},"end":{"line":173,"column":3}},"47":{"start":{"line":156,"column":4},"end":{"line":172,"column":6}},"48":{"start":{"line":175,"column":2},"end":{"line":177,"column":3}},"49":{"start":{"line":176,"column":4},"end":{"line":176,"column":16}},"50":{"start":{"line":179,"column":2},"end":{"line":347,"column":4}},"51":{"start":{"line":198,"column":31},"end":{"line":198,"column":52}},"52":{"start":{"line":236,"column":27},"end":{"line":236,"column":52}},"53":{"start":{"line":254,"column":38},"end":{"line":254,"column":45}},"54":{"start":{"line":263,"column":35},"end":{"line":263,"column":60}},"55":{"start":{"line":274,"column":27},"end":{"line":274,"column":49}},"56":{"start":{"line":286,"column":40},"end":{"line":286,"column":90}},"57":{"start":{"line":295,"column":16},"end":{"line":303,"column":25}},"58":{"start":{"line":299,"column":33},"end":{"line":299,"column":72}},"59":{"start":{"line":313,"column":16},"end":{"line":323,"column":25}},"60":{"start":{"line":317,"column":33},"end":{"line":317,"column":80}},"61":{"start":{"line":333,"column":40},"end":{"line":333,"column":92}},"62":{"start":{"line":339,"column":27},"end":{"line":339,"column":49}},"63":{"start":{"line":350,"column":15},"end":{"line":467,"column":2}}},"fnMap":{"0":{"name":"ExternalDisplayPanel","decl":{"start":{"line":36,"column":16},"end":{"line":36,"column":36}},"loc":{"start":{"line":42,"column":30},"end":{"line":348,"column":1}},"line":42},"1":{"name":"(anonymous_1)","decl":{"start":{"line":60,"column":12},"end":{"line":60,"column":13}},"loc":{"start":{"line":60,"column":18},"end":{"line":75,"column":3}},"line":60},"2":{"name":"(anonymous_2)","decl":{"start":{"line":61,"column":21},"end":{"line":61,"column":22}},"loc":{"start":{"line":61,"column":54},"end":{"line":63,"column":5}},"line":61},"3":{"name":"(anonymous_3)","decl":{"start":{"line":72,"column":11},"end":{"line":72,"column":12}},"loc":{"start":{"line":72,"column":17},"end":{"line":74,"column":5}},"line":72},"4":{"name":"(anonymous_4)","decl":{"start":{"line":78,"column":12},"end":{"line":78,"column":13}},"loc":{"start":{"line":78,"column":18},"end":{"line":82,"column":3}},"line":78},"5":{"name":"(anonymous_5)","decl":{"start":{"line":84,"column":32},"end":{"line":84,"column":33}},"loc":{"start":{"line":84,"column":44},"end":{"line":94,"column":3}},"line":84},"6":{"name":"(anonymous_6)","decl":{"start":{"line":96,"column":33},"end":{"line":96,"column":34}},"loc":{"start":{"line":96,"column":69},"end":{"line":109,"column":3}},"line":96},"7":{"name":"(anonymous_7)","decl":{"start":{"line":111,"column":27},"end":{"line":111,"column":28}},"loc":{"start":{"line":111,"column":39},"end":{"line":118,"column":3}},"line":111},"8":{"name":"(anonymous_8)","decl":{"start":{"line":120,"column":30},"end":{"line":120,"column":31}},"loc":{"start":{"line":120,"column":83},"end":{"line":124,"column":3}},"line":120},"9":{"name":"(anonymous_9)","decl":{"start":{"line":126,"column":28},"end":{"line":126,"column":29}},"loc":{"start":{"line":127,"column":4},"end":{"line":151,"column":6}},"line":127},"10":{"name":"(anonymous_10)","decl":{"start":{"line":130,"column":12},"end":{"line":130,"column":13}},"loc":{"start":{"line":131,"column":8},"end":{"line":138,"column":10}},"line":131},"11":{"name":"(anonymous_11)","decl":{"start":{"line":140,"column":13},"end":{"line":140,"column":14}},"loc":{"start":{"line":141,"column":8},"end":{"line":148,"column":17}},"line":141},"12":{"name":"(anonymous_12)","decl":{"start":{"line":144,"column":19},"end":{"line":144,"column":20}},"loc":{"start":{"line":144,"column":25},"end":{"line":144,"column":53}},"line":144},"13":{"name":"(anonymous_13)","decl":{"start":{"line":167,"column":19},"end":{"line":167,"column":20}},"loc":{"start":{"line":167,"column":25},"end":{"line":167,"column":57}},"line":167},"14":{"name":"(anonymous_14)","decl":{"start":{"line":198,"column":25},"end":{"line":198,"column":26}},"loc":{"start":{"line":198,"column":31},"end":{"line":198,"column":52}},"line":198},"15":{"name":"(anonymous_15)","decl":{"start":{"line":236,"column":21},"end":{"line":236,"column":22}},"loc":{"start":{"line":236,"column":27},"end":{"line":236,"column":52}},"line":236},"16":{"name":"(anonymous_16)","decl":{"start":{"line":254,"column":28},"end":{"line":254,"column":29}},"loc":{"start":{"line":254,"column":38},"end":{"line":254,"column":45}},"line":254},"17":{"name":"(anonymous_17)","decl":{"start":{"line":263,"column":29},"end":{"line":263,"column":30}},"loc":{"start":{"line":263,"column":35},"end":{"line":263,"column":60}},"line":263},"18":{"name":"(anonymous_18)","decl":{"start":{"line":274,"column":21},"end":{"line":274,"column":22}},"loc":{"start":{"line":274,"column":27},"end":{"line":274,"column":49}},"line":274},"19":{"name":"(anonymous_19)","decl":{"start":{"line":286,"column":29},"end":{"line":286,"column":30}},"loc":{"start":{"line":286,"column":40},"end":{"line":286,"column":90}},"line":286},"20":{"name":"(anonymous_20)","decl":{"start":{"line":294,"column":44},"end":{"line":294,"column":45}},"loc":{"start":{"line":295,"column":16},"end":{"line":303,"column":25}},"line":295},"21":{"name":"(anonymous_21)","decl":{"start":{"line":299,"column":27},"end":{"line":299,"column":28}},"loc":{"start":{"line":299,"column":33},"end":{"line":299,"column":72}},"line":299},"22":{"name":"(anonymous_22)","decl":{"start":{"line":312,"column":64},"end":{"line":312,"column":65}},"loc":{"start":{"line":313,"column":16},"end":{"line":323,"column":25}},"line":313},"23":{"name":"(anonymous_23)","decl":{"start":{"line":317,"column":27},"end":{"line":317,"column":28}},"loc":{"start":{"line":317,"column":33},"end":{"line":317,"column":80}},"line":317},"24":{"name":"(anonymous_24)","decl":{"start":{"line":333,"column":29},"end":{"line":333,"column":30}},"loc":{"start":{"line":333,"column":40},"end":{"line":333,"column":92}},"line":333},"25":{"name":"(anonymous_25)","decl":{"start":{"line":339,"column":21},"end":{"line":339,"column":22}},"loc":{"start":{"line":339,"column":27},"end":{"line":339,"column":49}},"line":339}},"branchMap":{"0":{"loc":{"start":{"line":68,"column":4},"end":{"line":70,"column":5}},"type":"if","locations":[{"start":{"line":68,"column":4},"end":{"line":70,"column":5}},{"start":{},"end":{}}],"line":68},"1":{"loc":{"start":{"line":79,"column":4},"end":{"line":81,"column":5}},"type":"if","locations":[{"start":{"line":79,"column":4},"end":{"line":81,"column":5}},{"start":{},"end":{}}],"line":79},"2":{"loc":{"start":{"line":79,"column":8},"end":{"line":79,"column":99}},"type":"binary-expr","locations":[{"start":{"line":79,"column":8},"end":{"line":79,"column":35}},{"start":{"line":79,"column":40},"end":{"line":79,"column":64}},{"start":{"line":79,"column":68},"end":{"line":79,"column":98}}],"line":79},"3":{"loc":{"start":{"line":100,"column":6},"end":{"line":105,"column":7}},"type":"if","locations":[{"start":{"line":100,"column":6},"end":{"line":105,"column":7}},{"start":{"line":103,"column":13},"end":{"line":105,"column":7}}],"line":100},"4":{"loc":{"start":{"line":134,"column":12},"end":{"line":136,"column":69}},"type":"cond-expr","locations":[{"start":{"line":135,"column":16},"end":{"line":135,"column":71}},{"start":{"line":136,"column":16},"end":{"line":136,"column":69}}],"line":134},"5":{"loc":{"start":{"line":135,"column":16},"end":{"line":135,"column":71}},"type":"cond-expr","locations":[{"start":{"line":135,"column":45},"end":{"line":135,"column":63}},{"start":{"line":135,"column":66},"end":{"line":135,"column":71}}],"line":135},"6":{"loc":{"start":{"line":136,"column":16},"end":{"line":136,"column":69}},"type":"cond-expr","locations":[{"start":{"line":136,"column":51},"end":{"line":136,"column":57}},{"start":{"line":136,"column":60},"end":{"line":136,"column":69}}],"line":136},"7":{"loc":{"start":{"line":155,"column":2},"end":{"line":173,"column":3}},"type":"if","locations":[{"start":{"line":155,"column":2},"end":{"line":173,"column":3}},{"start":{},"end":{}}],"line":155},"8":{"loc":{"start":{"line":175,"column":2},"end":{"line":177,"column":3}},"type":"if","locations":[{"start":{"line":175,"column":2},"end":{"line":177,"column":3}},{"start":{},"end":{}}],"line":175},"9":{"loc":{"start":{"line":183,"column":9},"end":{"line":222,"column":9}},"type":"cond-expr","locations":[{"start":{"line":184,"column":10},"end":{"line":206,"column":17}},{"start":{"line":208,"column":10},"end":{"line":221,"column":17}}],"line":183},"10":{"loc":{"start":{"line":188,"column":22},"end":{"line":188,"column":67}},"type":"cond-expr","locations":[{"start":{"line":188,"column":49},"end":{"line":188,"column":58}},{"start":{"line":188,"column":61},"end":{"line":188,"column":67}}],"line":188},"11":{"loc":{"start":{"line":191,"column":17},"end":{"line":191,"column":66}},"type":"cond-expr","locations":[{"start":{"line":191,"column":44},"end":{"line":191,"column":54}},{"start":{"line":191,"column":57},"end":{"line":191,"column":66}}],"line":191},"12":{"loc":{"start":{"line":219,"column":15},"end":{"line":219,"column":61}},"type":"cond-expr","locations":[{"start":{"line":219,"column":28},"end":{"line":219,"column":41}},{"start":{"line":219,"column":44},"end":{"line":219,"column":61}}],"line":219},"13":{"loc":{"start":{"line":225,"column":9},"end":{"line":229,"column":9}},"type":"binary-expr","locations":[{"start":{"line":225,"column":9},"end":{"line":225,"column":27}},{"start":{"line":226,"column":10},"end":{"line":228,"column":17}}],"line":225},"14":{"loc":{"start":{"line":243,"column":11},"end":{"line":257,"column":11}},"type":"cond-expr","locations":[{"start":{"line":244,"column":12},"end":{"line":249,"column":19}},{"start":{"line":251,"column":12},"end":{"line":256,"column":14}}],"line":243},"15":{"loc":{"start":{"line":297,"column":24},"end":{"line":297,"column":83}},"type":"cond-expr","locations":[{"start":{"line":297,"column":59},"end":{"line":297,"column":70}},{"start":{"line":297,"column":73},"end":{"line":297,"column":83}}],"line":297},"16":{"loc":{"start":{"line":315,"column":24},"end":{"line":315,"column":91}},"type":"cond-expr","locations":[{"start":{"line":315,"column":67},"end":{"line":315,"column":78}},{"start":{"line":315,"column":81},"end":{"line":315,"column":91}}],"line":315},"17":{"loc":{"start":{"line":320,"column":19},"end":{"line":322,"column":57}},"type":"cond-expr","locations":[{"start":{"line":320,"column":41},"end":{"line":320,"column":48}},{"start":{"line":321,"column":19},"end":{"line":322,"column":57}}],"line":320},"18":{"loc":{"start":{"line":321,"column":19},"end":{"line":322,"column":57}},"type":"cond-expr","locations":[{"start":{"line":321,"column":41},"end":{"line":321,"column":47}},{"start":{"line":322,"column":19},"end":{"line":322,"column":57}}],"line":321},"19":{"loc":{"start":{"line":322,"column":19},"end":{"line":322,"column":57}},"type":"cond-expr","locations":[{"start":{"line":322,"column":41},"end":{"line":322,"column":47}},{"start":{"line":322,"column":50},"end":{"line":322,"column":57}}],"line":322}},"s":{"0":0,"1":0,"2":0,"3":0,"4":0,"5":0,"6":0,"7":0,"8":0,"9":0,"10":0,"11":0,"12":0,"13":0,"14":0,"15":0,"16":0,"17":0,"18":0,"19":0,"20":0,"21":0,"22":0,"23":0,"24":0,"25":0,"26":0,"27":0,"28":0,"29":0,"30":0,"31":0,"32":0,"33":0,"34":0,"35":0,"36":0,"37":0,"38":0,"39":0,"40":0,"41":0,"42":0,"43":0,"44":0,"45":0,"46":0,"47":0,"48":0,"49":0,"50":0,"51":0,"52":0,"53":0,"54":0,"55":0,"56":0,"57":0,"58":0,"59":0,"60":0,"61":0,"62":0,"63":0},"f":{"0":0,"1":0,"2":0,"3":0,"4":0,"5":0,"6":0,"7":0,"8":0,"9":0,"10":0,"11":0,"12":0,"13":0,"14":0,"15":0,"16":0,"17":0,"18":0,"19":0,"20":0,"21":0,"22":0,"23":0,"24":0,"25":0},"b":{"0":[0,0],"1":[0,0],"2":[0,0,0],"3":[0,0],"4":[0,0],"5":[0,0],"6":[0,0],"7":[0,0],"8":[0,0],"9":[0,0],"10":[0,0],"11":[0,0],"12":[0,0],"13":[0,0],"14":[0,0],"15":[0,0],"16":[0,0],"17":[0,0],"18":[0,0],"19":[0,0]}}
,"C:\\Users\\maito\\SpeakSyncMobile\\src\\components\\FillerWordCue.tsx": {"path":"C:\\Users\\maito\\SpeakSyncMobile\\src\\components\\FillerWordCue.tsx","statementMap":{"0":{"start":{"line":26,"column":16},"end":{"line":26,"column":26}},"1":{"start":{"line":27,"column":19},"end":{"line":27,"column":56}},"2":{"start":{"line":28,"column":20},"end":{"line":28,"column":57}},"3":{"start":{"line":29,"column":20},"end":{"line":29,"column":57}},"4":{"start":{"line":31,"column":2},"end":{"line":81,"column":28}},"5":{"start":{"line":33,"column":4},"end":{"line":45,"column":15}},"6":{"start":{"line":48,"column":4},"end":{"line":73,"column":5}},"7":{"start":{"line":49,"column":28},"end":{"line":70,"column":8}},"8":{"start":{"line":72,"column":6},"end":{"line":72,"column":28}},"9":{"start":{"line":76,"column":25},"end":{"line":78,"column":12}},"10":{"start":{"line":77,"column":6},"end":{"line":77,"column":22}},"11":{"start":{"line":80,"column":4},"end":{"line":80,"column":44}},"12":{"start":{"line":80,"column":17},"end":{"line":80,"column":43}},"13":{"start":{"line":83,"column":24},"end":{"line":98,"column":3}},"14":{"start":{"line":84,"column":4},"end":{"line":97,"column":7}},"15":{"start":{"line":96,"column":6},"end":{"line":96,"column":20}},"16":{"start":{"line":100,"column":22},"end":{"line":108,"column":3}},"17":{"start":{"line":101,"column":4},"end":{"line":107,"column":5}},"18":{"start":{"line":102,"column":22},"end":{"line":102,"column":37}},"19":{"start":{"line":103,"column":20},"end":{"line":103,"column":42}},"20":{"start":{"line":104,"column":21},"end":{"line":104,"column":37}},"21":{"start":{"line":105,"column":18},"end":{"line":105,"column":40}},"22":{"start":{"line":106,"column":15},"end":{"line":106,"column":30}},"23":{"start":{"line":110,"column":21},"end":{"line":133,"column":3}},"24":{"start":{"line":111,"column":4},"end":{"line":132,"column":20}},"25":{"start":{"line":135,"column":26},"end":{"line":150,"column":3}},"26":{"start":{"line":136,"column":4},"end":{"line":149,"column":6}},"27":{"start":{"line":152,"column":26},"end":{"line":166,"column":3}},"28":{"start":{"line":153,"column":4},"end":{"line":165,"column":6}},"29":{"start":{"line":168,"column":2},"end":{"line":170,"column":3}},"30":{"start":{"line":169,"column":4},"end":{"line":169,"column":16}},"31":{"start":{"line":172,"column":2},"end":{"line":179,"column":4}},"32":{"start":{"line":196,"column":20},"end":{"line":196,"column":57}},"33":{"start":{"line":198,"column":2},"end":{"line":216,"column":21}},"34":{"start":{"line":199,"column":4},"end":{"line":215,"column":5}},"35":{"start":{"line":201,"column":28},"end":{"line":212,"column":8}},"36":{"start":{"line":214,"column":6},"end":{"line":214,"column":62}},"37":{"start":{"line":218,"column":2},"end":{"line":220,"column":3}},"38":{"start":{"line":219,"column":4},"end":{"line":219,"column":16}},"39":{"start":{"line":222,"column":28},"end":{"line":238,"column":3}},"40":{"start":{"line":223,"column":4},"end":{"line":237,"column":5}},"41":{"start":{"line":225,"column":8},"end":{"line":229,"column":10}},"42":{"start":{"line":231,"column":8},"end":{"line":234,"column":10}},"43":{"start":{"line":236,"column":8},"end":{"line":236,"column":18}},"44":{"start":{"line":240,"column":2},"end":{"line":251,"column":4}},"45":{"start":{"line":254,"column":15},"end":{"line":293,"column":2}}},"fnMap":{"0":{"name":"FillerWordCue","decl":{"start":{"line":20,"column":24},"end":{"line":20,"column":37}},"loc":{"start":{"line":25,"column":23},"end":{"line":180,"column":1}},"line":25},"1":{"name":"(anonymous_1)","decl":{"start":{"line":31,"column":12},"end":{"line":31,"column":13}},"loc":{"start":{"line":31,"column":18},"end":{"line":81,"column":3}},"line":31},"2":{"name":"(anonymous_2)","decl":{"start":{"line":76,"column":36},"end":{"line":76,"column":37}},"loc":{"start":{"line":76,"column":42},"end":{"line":78,"column":5}},"line":76},"3":{"name":"(anonymous_3)","decl":{"start":{"line":80,"column":11},"end":{"line":80,"column":12}},"loc":{"start":{"line":80,"column":17},"end":{"line":80,"column":43}},"line":80},"4":{"name":"(anonymous_4)","decl":{"start":{"line":83,"column":24},"end":{"line":83,"column":25}},"loc":{"start":{"line":83,"column":30},"end":{"line":98,"column":3}},"line":83},"5":{"name":"(anonymous_5)","decl":{"start":{"line":95,"column":13},"end":{"line":95,"column":14}},"loc":{"start":{"line":95,"column":19},"end":{"line":97,"column":5}},"line":95},"6":{"name":"(anonymous_6)","decl":{"start":{"line":100,"column":22},"end":{"line":100,"column":23}},"loc":{"start":{"line":100,"column":28},"end":{"line":108,"column":3}},"line":100},"7":{"name":"(anonymous_7)","decl":{"start":{"line":110,"column":21},"end":{"line":110,"column":22}},"loc":{"start":{"line":111,"column":4},"end":{"line":132,"column":20}},"line":111},"8":{"name":"(anonymous_8)","decl":{"start":{"line":135,"column":26},"end":{"line":135,"column":27}},"loc":{"start":{"line":136,"column":4},"end":{"line":149,"column":6}},"line":136},"9":{"name":"(anonymous_9)","decl":{"start":{"line":152,"column":26},"end":{"line":152,"column":27}},"loc":{"start":{"line":153,"column":4},"end":{"line":165,"column":6}},"line":153},"10":{"name":"FillerWordHighlight","decl":{"start":{"line":190,"column":16},"end":{"line":190,"column":35}},"loc":{"start":{"line":195,"column":29},"end":{"line":252,"column":1}},"line":195},"11":{"name":"(anonymous_11)","decl":{"start":{"line":198,"column":12},"end":{"line":198,"column":13}},"loc":{"start":{"line":198,"column":18},"end":{"line":216,"column":3}},"line":198},"12":{"name":"(anonymous_12)","decl":{"start":{"line":222,"column":28},"end":{"line":222,"column":29}},"loc":{"start":{"line":222,"column":34},"end":{"line":238,"column":3}},"line":222}},"branchMap":{"0":{"loc":{"start":{"line":48,"column":4},"end":{"line":73,"column":5}},"type":"if","locations":[{"start":{"line":48,"column":4},"end":{"line":73,"column":5}},{"start":{},"end":{}}],"line":48},"1":{"loc":{"start":{"line":101,"column":4},"end":{"line":107,"column":5}},"type":"switch","locations":[{"start":{"line":102,"column":6},"end":{"line":102,"column":37}},{"start":{"line":103,"column":6},"end":{"line":103,"column":42}},{"start":{"line":104,"column":6},"end":{"line":104,"column":37}},{"start":{"line":105,"column":6},"end":{"line":105,"column":40}},{"start":{"line":106,"column":6},"end":{"line":106,"column":30}}],"line":101},"2":{"loc":{"start":{"line":168,"column":2},"end":{"line":170,"column":3}},"type":"if","locations":[{"start":{"line":168,"column":2},"end":{"line":170,"column":3}},{"start":{},"end":{}}],"line":168},"3":{"loc":{"start":{"line":168,"column":6},"end":{"line":168,"column":51}},"type":"binary-expr","locations":[{"start":{"line":168,"column":6},"end":{"line":168,"column":23}},{"start":{"line":168,"column":27},"end":{"line":168,"column":51}}],"line":168},"4":{"loc":{"start":{"line":174,"column":7},"end":{"line":174,"column":56}},"type":"binary-expr","locations":[{"start":{"line":174,"column":7},"end":{"line":174,"column":40}},{"start":{"line":174,"column":44},"end":{"line":174,"column":56}}],"line":174},"5":{"loc":{"start":{"line":175,"column":7},"end":{"line":175,"column":66}},"type":"binary-expr","locations":[{"start":{"line":175,"column":7},"end":{"line":175,"column":45}},{"start":{"line":175,"column":49},"end":{"line":175,"column":66}}],"line":175},"6":{"loc":{"start":{"line":176,"column":7},"end":{"line":176,"column":66}},"type":"binary-expr","locations":[{"start":{"line":176,"column":7},"end":{"line":176,"column":45}},{"start":{"line":176,"column":49},"end":{"line":176,"column":66}}],"line":176},"7":{"loc":{"start":{"line":177,"column":7},"end":{"line":177,"column":57}},"type":"binary-expr","locations":[{"start":{"line":177,"column":7},"end":{"line":177,"column":41}},{"start":{"line":177,"column":45},"end":{"line":177,"column":57}}],"line":177},"8":{"loc":{"start":{"line":199,"column":4},"end":{"line":215,"column":5}},"type":"if","locations":[{"start":{"line":199,"column":4},"end":{"line":215,"column":5}},{"start":{},"end":{}}],"line":199},"9":{"loc":{"start":{"line":199,"column":8},"end":{"line":199,"column":67}},"type":"binary-expr","locations":[{"start":{"line":199,"column":8},"end":{"line":199,"column":20}},{"start":{"line":199,"column":24},"end":{"line":199,"column":40}},{"start":{"line":199,"column":44},"end":{"line":199,"column":67}}],"line":199},"10":{"loc":{"start":{"line":218,"column":2},"end":{"line":220,"column":3}},"type":"if","locations":[{"start":{"line":218,"column":2},"end":{"line":220,"column":3}},{"start":{},"end":{}}],"line":218},"11":{"loc":{"start":{"line":218,"column":6},"end":{"line":218,"column":40}},"type":"binary-expr","locations":[{"start":{"line":218,"column":6},"end":{"line":218,"column":19}},{"start":{"line":218,"column":23},"end":{"line":218,"column":40}}],"line":218},"12":{"loc":{"start":{"line":223,"column":4},"end":{"line":237,"column":5}},"type":"switch","locations":[{"start":{"line":224,"column":6},"end":{"line":229,"column":10}},{"start":{"line":230,"column":6},"end":{"line":234,"column":10}},{"start":{"line":235,"column":6},"end":{"line":236,"column":18}}],"line":223}},"s":{"0":0,"1":0,"2":0,"3":0,"4":0,"5":0,"6":0,"7":0,"8":0,"9":0,"10":0,"11":0,"12":0,"13":0,"14":0,"15":0,"16":0,"17":0,"18":0,"19":0,"20":0,"21":0,"22":0,"23":0,"24":0,"25":0,"26":0,"27":0,"28":0,"29":0,"30":0,"31":0,"32":0,"33":0,"34":0,"35":0,"36":0,"37":0,"38":0,"39":0,"40":0,"41":0,"42":0,"43":0,"44":0,"45":0},"f":{"0":0,"1":0,"2":0,"3":0,"4":0,"5":0,"6":0,"7":0,"8":0,"9":0,"10":0,"11":0,"12":0},"b":{"0":[0,0],"1":[0,0,0,0,0],"2":[0,0],"3":[0,0],"4":[0,0],"5":[0,0],"6":[0,0],"7":[0,0],"8":[0,0],"9":[0,0,0],"10":[0,0],"11":[0,0],"12":[0,0,0]}}
,"C:\\Users\\maito\\SpeakSyncMobile\\src\\components\\KaraokeSettings.tsx": {"path":"C:\\Users\\maito\\SpeakSyncMobile\\src\\components\\KaraokeSettings.tsx","statementMap":{"0":{"start":{"line":35,"column":63},"end":{"line":317,"column":1}},"1":{"start":{"line":42,"column":44},"end":{"line":42,"column":88}},"2":{"start":{"line":44,"column":2},"end":{"line":46,"column":17}},"3":{"start":{"line":45,"column":4},"end":{"line":45,"column":31}},"4":{"start":{"line":48,"column":24},"end":{"line":53,"column":3}},"5":{"start":{"line":52,"column":4},"end":{"line":52,"column":58}},"6":{"start":{"line":52,"column":30},"end":{"line":52,"column":55}},"7":{"start":{"line":55,"column":21},"end":{"line":58,"column":3}},"8":{"start":{"line":56,"column":4},"end":{"line":56,"column":26}},"9":{"start":{"line":57,"column":4},"end":{"line":57,"column":14}},"10":{"start":{"line":60,"column":22},"end":{"line":63,"column":3}},"11":{"start":{"line":61,"column":4},"end":{"line":61,"column":14}},"12":{"start":{"line":62,"column":4},"end":{"line":62,"column":14}},"13":{"start":{"line":65,"column":27},"end":{"line":74,"column":3}},"14":{"start":{"line":76,"column":2},"end":{"line":316,"column":4}},"15":{"start":{"line":106,"column":44},"end":{"line":106,"column":75}},"16":{"start":{"line":121,"column":20},"end":{"line":132,"column":27}},"17":{"start":{"line":124,"column":37},"end":{"line":124,"column":81}},"18":{"start":{"line":139,"column":43},"end":{"line":139,"column":81}},"19":{"start":{"line":151,"column":43},"end":{"line":151,"column":91}},"20":{"start":{"line":174,"column":44},"end":{"line":174,"column":78}},"21":{"start":{"line":189,"column":54},"end":{"line":189,"column":90}},"22":{"start":{"line":214,"column":52},"end":{"line":214,"column":90}},"23":{"start":{"line":238,"column":52},"end":{"line":238,"column":93}},"24":{"start":{"line":252,"column":52},"end":{"line":252,"column":93}},"25":{"start":{"line":266,"column":52},"end":{"line":266,"column":88}},"26":{"start":{"line":319,"column":15},"end":{"line":416,"column":2}}},"fnMap":{"0":{"name":"(anonymous_0)","decl":{"start":{"line":35,"column":63},"end":{"line":35,"column":64}},"loc":{"start":{"line":41,"column":6},"end":{"line":317,"column":1}},"line":41},"1":{"name":"(anonymous_1)","decl":{"start":{"line":44,"column":18},"end":{"line":44,"column":19}},"loc":{"start":{"line":44,"column":24},"end":{"line":46,"column":3}},"line":44},"2":{"name":"(anonymous_2)","decl":{"start":{"line":48,"column":24},"end":{"line":48,"column":25}},"loc":{"start":{"line":51,"column":7},"end":{"line":53,"column":3}},"line":51},"3":{"name":"(anonymous_3)","decl":{"start":{"line":52,"column":21},"end":{"line":52,"column":22}},"loc":{"start":{"line":52,"column":30},"end":{"line":52,"column":55}},"line":52},"4":{"name":"(anonymous_4)","decl":{"start":{"line":55,"column":21},"end":{"line":55,"column":22}},"loc":{"start":{"line":55,"column":27},"end":{"line":58,"column":3}},"line":55},"5":{"name":"(anonymous_5)","decl":{"start":{"line":60,"column":22},"end":{"line":60,"column":23}},"loc":{"start":{"line":60,"column":28},"end":{"line":63,"column":3}},"line":60},"6":{"name":"(anonymous_6)","decl":{"start":{"line":106,"column":33},"end":{"line":106,"column":34}},"loc":{"start":{"line":106,"column":44},"end":{"line":106,"column":75}},"line":106},"7":{"name":"(anonymous_7)","decl":{"start":{"line":120,"column":40},"end":{"line":120,"column":41}},"loc":{"start":{"line":121,"column":20},"end":{"line":132,"column":27}},"line":121},"8":{"name":"(anonymous_8)","decl":{"start":{"line":124,"column":31},"end":{"line":124,"column":32}},"loc":{"start":{"line":124,"column":37},"end":{"line":124,"column":81}},"line":124},"9":{"name":"(anonymous_9)","decl":{"start":{"line":139,"column":32},"end":{"line":139,"column":33}},"loc":{"start":{"line":139,"column":43},"end":{"line":139,"column":81}},"line":139},"10":{"name":"(anonymous_10)","decl":{"start":{"line":151,"column":32},"end":{"line":151,"column":33}},"loc":{"start":{"line":151,"column":43},"end":{"line":151,"column":91}},"line":151},"11":{"name":"(anonymous_11)","decl":{"start":{"line":174,"column":33},"end":{"line":174,"column":34}},"loc":{"start":{"line":174,"column":44},"end":{"line":174,"column":78}},"line":174},"12":{"name":"(anonymous_12)","decl":{"start":{"line":189,"column":35},"end":{"line":189,"column":36}},"loc":{"start":{"line":189,"column":54},"end":{"line":189,"column":90}},"line":189},"13":{"name":"(anonymous_13)","decl":{"start":{"line":214,"column":33},"end":{"line":214,"column":34}},"loc":{"start":{"line":214,"column":52},"end":{"line":214,"column":90}},"line":214},"14":{"name":"(anonymous_14)","decl":{"start":{"line":238,"column":33},"end":{"line":238,"column":34}},"loc":{"start":{"line":238,"column":52},"end":{"line":238,"column":93}},"line":238},"15":{"name":"(anonymous_15)","decl":{"start":{"line":252,"column":33},"end":{"line":252,"column":34}},"loc":{"start":{"line":252,"column":52},"end":{"line":252,"column":93}},"line":252},"16":{"name":"(anonymous_16)","decl":{"start":{"line":266,"column":33},"end":{"line":266,"column":34}},"loc":{"start":{"line":266,"column":52},"end":{"line":266,"column":88}},"line":266}},"branchMap":{"0":{"loc":{"start":{"line":178,"column":15},"end":{"line":195,"column":15}},"type":"binary-expr","locations":[{"start":{"line":178,"column":15},"end":{"line":178,"column":39}},{"start":{"line":179,"column":16},"end":{"line":194,"column":23}}],"line":178}},"s":{"0":0,"1":0,"2":0,"3":0,"4":0,"5":0,"6":0,"7":0,"8":0,"9":0,"10":0,"11":0,"12":0,"13":0,"14":0,"15":0,"16":0,"17":0,"18":0,"19":0,"20":0,"21":0,"22":0,"23":0,"24":0,"25":0,"26":0},"f":{"0":0,"1":0,"2":0,"3":0,"4":0,"5":0,"6":0,"7":0,"8":0,"9":0,"10":0,"11":0,"12":0,"13":0,"14":0,"15":0,"16":0},"b":{"0":[0,0]}}
,"C:\\Users\\maito\\SpeakSyncMobile\\src\\components\\KaraokeText.tsx": {"path":"C:\\Users\\maito\\SpeakSyncMobile\\src\\components\\KaraokeText.tsx","statementMap":{"0":{"start":{"line":34,"column":55},"end":{"line":212,"column":1}},"1":{"start":{"line":43,"column":24},"end":{"line":43,"column":48}},"2":{"start":{"line":44,"column":25},"end":{"line":44,"column":71}},"3":{"start":{"line":45,"column":33},"end":{"line":45,"column":79}},"4":{"start":{"line":46,"column":23},"end":{"line":46,"column":41}},"5":{"start":{"line":49,"column":25},"end":{"line":55,"column":63}},"6":{"start":{"line":50,"column":4},"end":{"line":52,"column":5}},"7":{"start":{"line":51,"column":6},"end":{"line":51,"column":31}},"8":{"start":{"line":54,"column":4},"end":{"line":54,"column":38}},"9":{"start":{"line":58,"column":2},"end":{"line":68,"column":99}},"10":{"start":{"line":59,"column":4},"end":{"line":67,"column":5}},"11":{"start":{"line":60,"column":24},"end":{"line":60,"column":56}},"12":{"start":{"line":61,"column":21},"end":{"line":61,"column":58}},"13":{"start":{"line":63,"column":6},"end":{"line":66,"column":7}},"14":{"start":{"line":64,"column":24},"end":{"line":64,"column":69}},"15":{"start":{"line":65,"column":8},"end":{"line":65,"column":33}},"16":{"start":{"line":71,"column":2},"end":{"line":96,"column":89}},"17":{"start":{"line":72,"column":4},"end":{"line":95,"column":7}},"18":{"start":{"line":73,"column":22},"end":{"line":73,"column":67}},"19":{"start":{"line":74,"column":6},"end":{"line":77,"column":7}},"20":{"start":{"line":75,"column":8},"end":{"line":75,"column":42}},"21":{"start":{"line":76,"column":8},"end":{"line":76,"column":65}},"22":{"start":{"line":80,"column":6},"end":{"line":94,"column":9}},"23":{"start":{"line":93,"column":8},"end":{"line":93,"column":57}},"24":{"start":{"line":101,"column":26},"end":{"line":107,"column":37}},"25":{"start":{"line":102,"column":4},"end":{"line":106,"column":6}},"26":{"start":{"line":112,"column":35},"end":{"line":182,"column":82}},"27":{"start":{"line":113,"column":4},"end":{"line":113,"column":37}},"28":{"start":{"line":113,"column":25},"end":{"line":113,"column":37}},"29":{"start":{"line":115,"column":45},"end":{"line":115,"column":47}},"30":{"start":{"line":116,"column":27},"end":{"line":116,"column":29}},"31":{"start":{"line":117,"column":54},"end":{"line":117,"column":56}},"32":{"start":{"line":119,"column":4},"end":{"line":168,"column":7}},"33":{"start":{"line":120,"column":28},"end":{"line":120,"column":73}},"34":{"start":{"line":121,"column":24},"end":{"line":121,"column":63}},"35":{"start":{"line":124,"column":6},"end":{"line":136,"column":7}},"36":{"start":{"line":125,"column":8},"end":{"line":133,"column":9}},"37":{"start":{"line":126,"column":10},"end":{"line":132,"column":12}},"38":{"start":{"line":134,"column":8},"end":{"line":134,"column":46}},"39":{"start":{"line":135,"column":8},"end":{"line":135,"column":35}},"40":{"start":{"line":140,"column":8},"end":{"line":152,"column":10}},"41":{"start":{"line":149,"column":12},"end":{"line":149,"column":79}},"42":{"start":{"line":150,"column":12},"end":{"line":150,"column":42}},"43":{"start":{"line":155,"column":6},"end":{"line":155,"column":48}},"44":{"start":{"line":158,"column":31},"end":{"line":159,"column":71}},"45":{"start":{"line":161,"column":6},"end":{"line":167,"column":7}},"46":{"start":{"line":162,"column":8},"end":{"line":166,"column":10}},"47":{"start":{"line":171,"column":4},"end":{"line":179,"column":5}},"48":{"start":{"line":172,"column":6},"end":{"line":178,"column":8}},"49":{"start":{"line":181,"column":4},"end":{"line":181,"column":22}},"50":{"start":{"line":187,"column":23},"end":{"line":196,"column":28}},"51":{"start":{"line":188,"column":4},"end":{"line":195,"column":6}},"52":{"start":{"line":198,"column":2},"end":{"line":211,"column":4}},"53":{"start":{"line":227,"column":48},"end":{"line":293,"column":2}},"54":{"start":{"line":236,"column":24},"end":{"line":236,"column":61}},"55":{"start":{"line":237,"column":18},"end":{"line":237,"column":36}},"56":{"start":{"line":239,"column":2},"end":{"line":255,"column":88}},"57":{"start":{"line":240,"column":4},"end":{"line":254,"column":5}},"58":{"start":{"line":241,"column":6},"end":{"line":253,"column":17}},"59":{"start":{"line":257,"column":23},"end":{"line":260,"column":16}},"60":{"start":{"line":258,"column":36},"end":{"line":258,"column":60}},"61":{"start":{"line":259,"column":4},"end":{"line":259,"column":38}},"62":{"start":{"line":262,"column":23},"end":{"line":282,"column":68}},"63":{"start":{"line":263,"column":22},"end":{"line":263,"column":33}},"64":{"start":{"line":265,"column":4},"end":{"line":279,"column":5}},"65":{"start":{"line":266,"column":31},"end":{"line":269,"column":8}},"66":{"start":{"line":271,"column":6},"end":{"line":278,"column":8}},"67":{"start":{"line":281,"column":4},"end":{"line":281,"column":21}},"68":{"start":{"line":284,"column":2},"end":{"line":292,"column":4}},"69":{"start":{"line":295,"column":15},"end":{"line":305,"column":2}}},"fnMap":{"0":{"name":"(anonymous_0)","decl":{"start":{"line":34,"column":55},"end":{"line":34,"column":56}},"loc":{"start":{"line":42,"column":6},"end":{"line":212,"column":1}},"line":42},"1":{"name":"(anonymous_1)","decl":{"start":{"line":49,"column":33},"end":{"line":49,"column":34}},"loc":{"start":{"line":49,"column":39},"end":{"line":55,"column":3}},"line":49},"2":{"name":"(anonymous_2)","decl":{"start":{"line":58,"column":12},"end":{"line":58,"column":13}},"loc":{"start":{"line":58,"column":18},"end":{"line":68,"column":3}},"line":58},"3":{"name":"(anonymous_3)","decl":{"start":{"line":71,"column":12},"end":{"line":71,"column":13}},"loc":{"start":{"line":71,"column":18},"end":{"line":96,"column":3}},"line":71},"4":{"name":"(anonymous_4)","decl":{"start":{"line":72,"column":42},"end":{"line":72,"column":43}},"loc":{"start":{"line":72,"column":55},"end":{"line":95,"column":5}},"line":72},"5":{"name":"(anonymous_5)","decl":{"start":{"line":92,"column":15},"end":{"line":92,"column":16}},"loc":{"start":{"line":92,"column":21},"end":{"line":94,"column":7}},"line":92},"6":{"name":"(anonymous_6)","decl":{"start":{"line":101,"column":38},"end":{"line":101,"column":39}},"loc":{"start":{"line":101,"column":44},"end":{"line":107,"column":3}},"line":101},"7":{"name":"(anonymous_7)","decl":{"start":{"line":112,"column":47},"end":{"line":112,"column":48}},"loc":{"start":{"line":112,"column":53},"end":{"line":182,"column":3}},"line":112},"8":{"name":"(anonymous_8)","decl":{"start":{"line":119,"column":33},"end":{"line":119,"column":34}},"loc":{"start":{"line":119,"column":54},"end":{"line":168,"column":5}},"line":119},"9":{"name":"(anonymous_9)","decl":{"start":{"line":148,"column":20},"end":{"line":148,"column":21}},"loc":{"start":{"line":148,"column":32},"end":{"line":151,"column":11}},"line":148},"10":{"name":"(anonymous_10)","decl":{"start":{"line":187,"column":35},"end":{"line":187,"column":36}},"loc":{"start":{"line":187,"column":41},"end":{"line":196,"column":3}},"line":187},"11":{"name":"(anonymous_11)","decl":{"start":{"line":227,"column":59},"end":{"line":227,"column":60}},"loc":{"start":{"line":235,"column":6},"end":{"line":293,"column":1}},"line":235},"12":{"name":"(anonymous_12)","decl":{"start":{"line":239,"column":12},"end":{"line":239,"column":13}},"loc":{"start":{"line":239,"column":18},"end":{"line":255,"column":3}},"line":239},"13":{"name":"(anonymous_13)","decl":{"start":{"line":257,"column":35},"end":{"line":257,"column":36}},"loc":{"start":{"line":257,"column":65},"end":{"line":260,"column":3}},"line":257},"14":{"name":"(anonymous_14)","decl":{"start":{"line":262,"column":35},"end":{"line":262,"column":36}},"loc":{"start":{"line":262,"column":41},"end":{"line":282,"column":3}},"line":262}},"branchMap":{"0":{"loc":{"start":{"line":50,"column":4},"end":{"line":52,"column":5}},"type":"if","locations":[{"start":{"line":50,"column":4},"end":{"line":52,"column":5}},{"start":{},"end":{}}],"line":50},"1":{"loc":{"start":{"line":59,"column":4},"end":{"line":67,"column":5}},"type":"if","locations":[{"start":{"line":59,"column":4},"end":{"line":67,"column":5}},{"start":{},"end":{}}],"line":59},"2":{"loc":{"start":{"line":59,"column":8},"end":{"line":59,"column":71}},"type":"binary-expr","locations":[{"start":{"line":59,"column":8},"end":{"line":59,"column":27}},{"start":{"line":59,"column":31},"end":{"line":59,"column":71}}],"line":59},"3":{"loc":{"start":{"line":63,"column":6},"end":{"line":66,"column":7}},"type":"if","locations":[{"start":{"line":63,"column":6},"end":{"line":66,"column":7}},{"start":{},"end":{}}],"line":63},"4":{"loc":{"start":{"line":63,"column":10},"end":{"line":63,"column":35}},"type":"binary-expr","locations":[{"start":{"line":63,"column":10},"end":{"line":63,"column":16}},{"start":{"line":63,"column":20},"end":{"line":63,"column":35}}],"line":63},"5":{"loc":{"start":{"line":74,"column":6},"end":{"line":77,"column":7}},"type":"if","locations":[{"start":{"line":74,"column":6},"end":{"line":77,"column":7}},{"start":{},"end":{}}],"line":74},"6":{"loc":{"start":{"line":113,"column":4},"end":{"line":113,"column":37}},"type":"if","locations":[{"start":{"line":113,"column":4},"end":{"line":113,"column":37}},{"start":{},"end":{}}],"line":113},"7":{"loc":{"start":{"line":124,"column":6},"end":{"line":136,"column":7}},"type":"if","locations":[{"start":{"line":124,"column":6},"end":{"line":136,"column":7}},{"start":{},"end":{}}],"line":124},"8":{"loc":{"start":{"line":125,"column":8},"end":{"line":133,"column":9}},"type":"if","locations":[{"start":{"line":125,"column":8},"end":{"line":133,"column":9}},{"start":{},"end":{}}],"line":125},"9":{"loc":{"start":{"line":158,"column":31},"end":{"line":159,"column":71}},"type":"binary-expr","locations":[{"start":{"line":158,"column":31},"end":{"line":158,"column":72}},{"start":{"line":159,"column":8},"end":{"line":159,"column":71}}],"line":158},"10":{"loc":{"start":{"line":161,"column":6},"end":{"line":167,"column":7}},"type":"if","locations":[{"start":{"line":161,"column":6},"end":{"line":167,"column":7}},{"start":{},"end":{}}],"line":161},"11":{"loc":{"start":{"line":171,"column":4},"end":{"line":179,"column":5}},"type":"if","locations":[{"start":{"line":171,"column":4},"end":{"line":179,"column":5}},{"start":{},"end":{}}],"line":171},"12":{"loc":{"start":{"line":194,"column":17},"end":{"line":194,"column":79}},"type":"cond-expr","locations":[{"start":{"line":194,"column":51},"end":{"line":194,"column":67}},{"start":{"line":194,"column":70},"end":{"line":194,"column":79}}],"line":194},"13":{"loc":{"start":{"line":240,"column":4},"end":{"line":254,"column":5}},"type":"if","locations":[{"start":{"line":240,"column":4},"end":{"line":254,"column":5}},{"start":{},"end":{}}],"line":240},"14":{"loc":{"start":{"line":265,"column":4},"end":{"line":279,"column":5}},"type":"if","locations":[{"start":{"line":265,"column":4},"end":{"line":279,"column":5}},{"start":{},"end":{}}],"line":265},"15":{"loc":{"start":{"line":265,"column":8},"end":{"line":265,"column":34}},"type":"binary-expr","locations":[{"start":{"line":265,"column":8},"end":{"line":265,"column":21}},{"start":{"line":265,"column":25},"end":{"line":265,"column":34}}],"line":265}},"s":{"0":0,"1":0,"2":0,"3":0,"4":0,"5":0,"6":0,"7":0,"8":0,"9":0,"10":0,"11":0,"12":0,"13":0,"14":0,"15":0,"16":0,"17":0,"18":0,"19":0,"20":0,"21":0,"22":0,"23":0,"24":0,"25":0,"26":0,"27":0,"28":0,"29":0,"30":0,"31":0,"32":0,"33":0,"34":0,"35":0,"36":0,"37":0,"38":0,"39":0,"40":0,"41":0,"42":0,"43":0,"44":0,"45":0,"46":0,"47":0,"48":0,"49":0,"50":0,"51":0,"52":0,"53":0,"54":0,"55":0,"56":0,"57":0,"58":0,"59":0,"60":0,"61":0,"62":0,"63":0,"64":0,"65":0,"66":0,"67":0,"68":0,"69":0},"f":{"0":0,"1":0,"2":0,"3":0,"4":0,"5":0,"6":0,"7":0,"8":0,"9":0,"10":0,"11":0,"12":0,"13":0,"14":0},"b":{"0":[0,0],"1":[0,0],"2":[0,0],"3":[0,0],"4":[0,0],"5":[0,0],"6":[0,0],"7":[0,0],"8":[0,0],"9":[0,0],"10":[0,0],"11":[0,0],"12":[0,0],"13":[0,0],"14":[0,0],"15":[0,0]}}
,"C:\\Users\\maito\\SpeakSyncMobile\\src\\components\\PacingMeter.tsx": {"path":"C:\\Users\\maito\\SpeakSyncMobile\\src\\components\\PacingMeter.tsx","statementMap":{"0":{"start":{"line":25,"column":18},"end":{"line":25,"column":42}},"1":{"start":{"line":26,"column":20},"end":{"line":26,"column":46}},"2":{"start":{"line":35,"column":16},"end":{"line":35,"column":26}},"3":{"start":{"line":36,"column":20},"end":{"line":36,"column":75}},"4":{"start":{"line":37,"column":20},"end":{"line":37,"column":57}},"5":{"start":{"line":39,"column":2},"end":{"line":45,"column":29}},"6":{"start":{"line":40,"column":4},"end":{"line":44,"column":15}},"7":{"start":{"line":48,"column":2},"end":{"line":67,"column":60}},"8":{"start":{"line":49,"column":4},"end":{"line":66,"column":5}},"9":{"start":{"line":50,"column":28},"end":{"line":61,"column":8}},"10":{"start":{"line":63,"column":6},"end":{"line":63,"column":62}},"11":{"start":{"line":65,"column":6},"end":{"line":65,"column":28}},"12":{"start":{"line":69,"column":2},"end":{"line":71,"column":3}},"13":{"start":{"line":70,"column":4},"end":{"line":70,"column":16}},"14":{"start":{"line":73,"column":53},"end":{"line":73,"column":61}},"15":{"start":{"line":74,"column":37},"end":{"line":74,"column":42}},"16":{"start":{"line":77,"column":21},"end":{"line":77,"column":47}},"17":{"start":{"line":78,"column":21},"end":{"line":78,"column":47}},"18":{"start":{"line":79,"column":19},"end":{"line":79,"column":67}},"19":{"start":{"line":82,"column":26},"end":{"line":90,"column":3}},"20":{"start":{"line":83,"column":4},"end":{"line":89,"column":5}},"21":{"start":{"line":84,"column":6},"end":{"line":84,"column":33}},"22":{"start":{"line":85,"column":11},"end":{"line":89,"column":5}},"23":{"start":{"line":86,"column":6},"end":{"line":86,"column":30}},"24":{"start":{"line":88,"column":6},"end":{"line":88,"column":36}},"25":{"start":{"line":93,"column":26},"end":{"line":93,"column":60}},"26":{"start":{"line":94,"column":25},"end":{"line":94,"column":45}},"27":{"start":{"line":95,"column":27},"end":{"line":95,"column":48}},"28":{"start":{"line":96,"column":25},"end":{"line":96,"column":46}},"29":{"start":{"line":98,"column":22},"end":{"line":147,"column":3}},"30":{"start":{"line":99,"column":4},"end":{"line":146,"column":11}},"31":{"start":{"line":141,"column":10},"end":{"line":143,"column":17}},"32":{"start":{"line":149,"column":2},"end":{"line":213,"column":4}},"33":{"start":{"line":216,"column":15},"end":{"line":329,"column":2}}},"fnMap":{"0":{"name":"PacingMeter","decl":{"start":{"line":28,"column":24},"end":{"line":28,"column":35}},"loc":{"start":{"line":34,"column":21},"end":{"line":214,"column":1}},"line":34},"1":{"name":"(anonymous_1)","decl":{"start":{"line":39,"column":12},"end":{"line":39,"column":13}},"loc":{"start":{"line":39,"column":18},"end":{"line":45,"column":3}},"line":39},"2":{"name":"(anonymous_2)","decl":{"start":{"line":48,"column":12},"end":{"line":48,"column":13}},"loc":{"start":{"line":48,"column":18},"end":{"line":67,"column":3}},"line":48},"3":{"name":"(anonymous_3)","decl":{"start":{"line":82,"column":26},"end":{"line":82,"column":27}},"loc":{"start":{"line":82,"column":32},"end":{"line":90,"column":3}},"line":82},"4":{"name":"(anonymous_4)","decl":{"start":{"line":98,"column":22},"end":{"line":98,"column":23}},"loc":{"start":{"line":99,"column":4},"end":{"line":146,"column":11}},"line":99},"5":{"name":"(anonymous_5)","decl":{"start":{"line":140,"column":125},"end":{"line":140,"column":126}},"loc":{"start":{"line":141,"column":10},"end":{"line":143,"column":17}},"line":141}},"branchMap":{"0":{"loc":{"start":{"line":36,"column":46},"end":{"line":36,"column":65}},"type":"cond-expr","locations":[{"start":{"line":36,"column":58},"end":{"line":36,"column":59}},{"start":{"line":36,"column":62},"end":{"line":36,"column":65}}],"line":36},"1":{"loc":{"start":{"line":41,"column":15},"end":{"line":41,"column":34}},"type":"cond-expr","locations":[{"start":{"line":41,"column":27},"end":{"line":41,"column":28}},{"start":{"line":41,"column":31},"end":{"line":41,"column":34}}],"line":41},"2":{"loc":{"start":{"line":49,"column":4},"end":{"line":66,"column":5}},"type":"if","locations":[{"start":{"line":49,"column":4},"end":{"line":66,"column":5}},{"start":{"line":64,"column":11},"end":{"line":66,"column":5}}],"line":49},"3":{"loc":{"start":{"line":49,"column":8},"end":{"line":49,"column":55}},"type":"binary-expr","locations":[{"start":{"line":49,"column":8},"end":{"line":49,"column":31}},{"start":{"line":49,"column":35},"end":{"line":49,"column":55}}],"line":49},"4":{"loc":{"start":{"line":69,"column":2},"end":{"line":71,"column":3}},"type":"if","locations":[{"start":{"line":69,"column":2},"end":{"line":71,"column":3}},{"start":{},"end":{}}],"line":69},"5":{"loc":{"start":{"line":69,"column":6},"end":{"line":69,"column":52}},"type":"binary-expr","locations":[{"start":{"line":69,"column":6},"end":{"line":69,"column":23}},{"start":{"line":69,"column":27},"end":{"line":69,"column":52}}],"line":69},"6":{"loc":{"start":{"line":83,"column":4},"end":{"line":89,"column":5}},"type":"if","locations":[{"start":{"line":83,"column":4},"end":{"line":89,"column":5}},{"start":{"line":85,"column":11},"end":{"line":89,"column":5}}],"line":83},"7":{"loc":{"start":{"line":83,"column":8},"end":{"line":83,"column":60}},"type":"binary-expr","locations":[{"start":{"line":83,"column":8},"end":{"line":83,"column":32}},{"start":{"line":83,"column":36},"end":{"line":83,"column":60}}],"line":83},"8":{"loc":{"start":{"line":85,"column":11},"end":{"line":89,"column":5}},"type":"if","locations":[{"start":{"line":85,"column":11},"end":{"line":89,"column":5}},{"start":{"line":87,"column":11},"end":{"line":89,"column":5}}],"line":85},"9":{"loc":{"start":{"line":85,"column":15},"end":{"line":85,"column":77}},"type":"binary-expr","locations":[{"start":{"line":85,"column":15},"end":{"line":85,"column":44}},{"start":{"line":85,"column":48},"end":{"line":85,"column":77}}],"line":85},"10":{"loc":{"start":{"line":166,"column":20},"end":{"line":166,"column":61}},"type":"cond-expr","locations":[{"start":{"line":166,"column":32},"end":{"line":166,"column":44}},{"start":{"line":166,"column":47},"end":{"line":166,"column":61}}],"line":166},"11":{"loc":{"start":{"line":174,"column":9},"end":{"line":210,"column":9}},"type":"binary-expr","locations":[{"start":{"line":174,"column":9},"end":{"line":174,"column":18}},{"start":{"line":175,"column":10},"end":{"line":209,"column":17}}],"line":174},"12":{"loc":{"start":{"line":197,"column":19},"end":{"line":199,"column":70}},"type":"cond-expr","locations":[{"start":{"line":197,"column":44},"end":{"line":197,"column":58}},{"start":{"line":198,"column":19},"end":{"line":199,"column":70}}],"line":197},"13":{"loc":{"start":{"line":198,"column":19},"end":{"line":199,"column":70}},"type":"cond-expr","locations":[{"start":{"line":198,"column":45},"end":{"line":198,"column":55}},{"start":{"line":199,"column":19},"end":{"line":199,"column":70}}],"line":198},"14":{"loc":{"start":{"line":199,"column":19},"end":{"line":199,"column":70}},"type":"cond-expr","locations":[{"start":{"line":199,"column":45},"end":{"line":199,"column":55}},{"start":{"line":199,"column":58},"end":{"line":199,"column":70}}],"line":199}},"s":{"0":0,"1":0,"2":0,"3":0,"4":0,"5":0,"6":0,"7":0,"8":0,"9":0,"10":0,"11":0,"12":0,"13":0,"14":0,"15":0,"16":0,"17":0,"18":0,"19":0,"20":0,"21":0,"22":0,"23":0,"24":0,"25":0,"26":0,"27":0,"28":0,"29":0,"30":0,"31":0,"32":0,"33":0},"f":{"0":0,"1":0,"2":0,"3":0,"4":0,"5":0},"b":{"0":[0,0],"1":[0,0],"2":[0,0],"3":[0,0],"4":[0,0],"5":[0,0],"6":[0,0],"7":[0,0],"8":[0,0],"9":[0,0],"10":[0,0],"11":[0,0],"12":[0,0],"13":[0,0],"14":[0,0]}}
,"C:\\Users\\maito\\SpeakSyncMobile\\src\\components\\PacingSettings.tsx": {"path":"C:\\Users\\maito\\SpeakSyncMobile\\src\\components\\PacingSettings.tsx","statementMap":{"0":{"start":{"line":31,"column":29},"end":{"line":34,"column":1}},"1":{"start":{"line":36,"column":25},"end":{"line":41,"column":1}},"2":{"start":{"line":43,"column":19},"end":{"line":48,"column":1}},"3":{"start":{"line":50,"column":27},"end":{"line":54,"column":1}},"4":{"start":{"line":64,"column":56},"end":{"line":64,"column":101}},"5":{"start":{"line":65,"column":56},"end":{"line":65,"column":100}},"6":{"start":{"line":66,"column":36},"end":{"line":66,"column":76}},"7":{"start":{"line":67,"column":44},"end":{"line":67,"column":56}},"8":{"start":{"line":69,"column":29},"end":{"line":74,"column":3}},"9":{"start":{"line":73,"column":4},"end":{"line":73,"column":64}},"10":{"start":{"line":73,"column":36},"end":{"line":73,"column":61}},"11":{"start":{"line":76,"column":29},"end":{"line":81,"column":3}},"12":{"start":{"line":80,"column":4},"end":{"line":80,"column":64}},"13":{"start":{"line":80,"column":36},"end":{"line":80,"column":61}},"14":{"start":{"line":83,"column":21},"end":{"line":87,"column":3}},"15":{"start":{"line":84,"column":4},"end":{"line":84,"column":48}},"16":{"start":{"line":85,"column":4},"end":{"line":85,"column":48}},"17":{"start":{"line":86,"column":4},"end":{"line":86,"column":16}},"18":{"start":{"line":89,"column":22},"end":{"line":115,"column":3}},"19":{"start":{"line":90,"column":4},"end":{"line":114,"column":5}},"20":{"start":{"line":91,"column":6},"end":{"line":102,"column":9}},"21":{"start":{"line":104,"column":6},"end":{"line":113,"column":9}},"22":{"start":{"line":117,"column":24},"end":{"line":122,"column":3}},"23":{"start":{"line":118,"column":4},"end":{"line":121,"column":5}},"24":{"start":{"line":119,"column":6},"end":{"line":119,"column":114}},"25":{"start":{"line":120,"column":6},"end":{"line":120,"column":27}},"26":{"start":{"line":124,"column":27},"end":{"line":126,"column":3}},"27":{"start":{"line":125,"column":4},"end":{"line":125,"column":95}},"28":{"start":{"line":125,"column":82},"end":{"line":125,"column":92}},"29":{"start":{"line":128,"column":26},"end":{"line":239,"column":3}},"30":{"start":{"line":129,"column":4},"end":{"line":238,"column":17}},"31":{"start":{"line":141,"column":38},"end":{"line":141,"column":74}},"32":{"start":{"line":163,"column":42},"end":{"line":163,"column":80}},"33":{"start":{"line":190,"column":42},"end":{"line":190,"column":85}},"34":{"start":{"line":217,"column":42},"end":{"line":217,"column":86}},"35":{"start":{"line":232,"column":42},"end":{"line":232,"column":89}},"36":{"start":{"line":241,"column":27},"end":{"line":395,"column":3}},"37":{"start":{"line":242,"column":4},"end":{"line":394,"column":17}},"38":{"start":{"
[...]
ne":138,"column":60}},"line":138},"17":{"name":"(anonymous_17)","decl":{"start":{"line":142,"column":16},"end":{"line":142,"column":17}},"loc":{"start":{"line":142,"column":28},"end":{"line":148,"column":13}},"line":142},"18":{"name":"(anonymous_18)","decl":{"start":{"line":143,"column":41},"end":{"line":143,"column":42}},"loc":{"start":{"line":144,"column":16},"end":{"line":146,"column":21}},"line":144},"19":{"name":"(anonymous_19)","decl":{"start":{"line":156,"column":24},"end":{"line":156,"column":25}},"loc":{"start":{"line":156,"column":36},"end":{"line":158,"column":7}},"line":156},"20":{"name":"(anonymous_20)","decl":{"start":{"line":160,"column":21},"end":{"line":160,"column":22}},"loc":{"start":{"line":160,"column":29},"end":{"line":162,"column":7}},"line":160},"21":{"name":"(anonymous_21)","decl":{"start":{"line":161,"column":34},"end":{"line":161,"column":35}},"loc":{"start":{"line":161,"column":46},"end":{"line":161,"column":83}},"line":161},"22":{"name":"(anonymous_22)","decl":{"start":{"line":165,"column":14},"end":{"line":165,"column":15}},"loc":{"start":{"line":165,"column":41},"end":{"line":191,"column":7}},"line":165},"23":{"name":"(anonymous_23)","decl":{"start":{"line":166,"column":12},"end":{"line":166,"column":13}},"loc":{"start":{"line":166,"column":24},"end":{"line":168,"column":9}},"line":166},"24":{"name":"(anonymous_24)","decl":{"start":{"line":172,"column":14},"end":{"line":172,"column":15}},"loc":{"start":{"line":172,"column":26},"end":{"line":174,"column":11}},"line":172},"25":{"name":"(anonymous_25)","decl":{"start":{"line":182,"column":14},"end":{"line":182,"column":15}},"loc":{"start":{"line":182,"column":26},"end":{"line":188,"column":11}},"line":182},"26":{"name":"(anonymous_26)","decl":{"start":{"line":193,"column":14},"end":{"line":193,"column":15}},"loc":{"start":{"line":193,"column":54},"end":{"line":216,"column":7}},"line":193},"27":{"name":"(anonymous_27)","decl":{"start":{"line":194,"column":12},"end":{"line":194,"column":13}},"loc":{"start":{"line":194,"column":24},"end":{"line":196,"column":9}},"line":194},"28":{"name":"(anonymous_28)","decl":{"start":{"line":200,"column":14},"end":{"line":200,"column":15}},"loc":{"start":{"line":200,"column":26},"end":{"line":202,"column":11}},"line":200},"29":{"name":"(anonymous_29)","decl":{"start":{"line":207,"column":14},"end":{"line":207,"column":15}},"loc":{"start":{"line":207,"column":26},"end":{"line":213,"column":11}},"line":207},"30":{"name":"(anonymous_30)","decl":{"start":{"line":218,"column":15},"end":{"line":218,"column":16}},"loc":{"start":{"line":218,"column":27},"end":{"line":246,"column":7}},"line":218},"31":{"name":"(anonymous_31)","decl":{"start":{"line":238,"column":14},"end":{"line":238,"column":15}},"loc":{"start":{"line":238,"column":26},"end":{"line":243,"column":11}},"line":238},"32":{"name":"(anonymous_32)","decl":{"start":{"line":249,"column":19},"end":{"line":249,"column":20}},"loc":{"start":{"line":249,"column":31},"end":{"line":289,"column":7}},"line":249},"33":{"name":"(anonymous_33)","decl":{"start":{"line":254,"column":12},"end":{"line":254,"column":13}},"loc":{"start":{"line":254,"column":24},"end":{"line":256,"column":9}},"line":254},"34":{"name":"(anonymous_34)","decl":{"start":{"line":261,"column":14},"end":{"line":261,"column":15}},"loc":{"start":{"line":261,"column":26},"end":{"line":269,"column":11}},"line":261},"35":{"name":"(anonymous_35)","decl":{"start":{"line":272,"column":14},"end":{"line":272,"column":15}},"loc":{"start":{"line":272,"column":26},"end":{"line":287,"column":11}},"line":272},"36":{"name":"(anonymous_36)","decl":{"start":{"line":291,"column":23},"end":{"line":291,"column":24}},"loc":{"start":{"line":291,"column":55},"end":{"line":306,"column":7}},"line":291},"37":{"name":"(anonymous_37)","decl":{"start":{"line":296,"column":14},"end":{"line":296,"column":15}},"loc":{"start":{"line":296,"column":26},"end":{"line":302,"column":11}},"line":296},"38":{"name":"(anonymous_38)","decl":{"start":{"line":297,"column":39},"end":{"line":297,"column":40}},"loc":{"start":{"line":298,"column":14},"end":{"line":300,"column":19}},"line":298},"39":{"name":"(anonymous_39)","decl":{"start":{"line":308,"column":29},"end":{"line":308,"column":30}},"loc":{"start":{"line":308,"column":41},"end":{"line":323,"column":7}},"line":308},"40":{"name":"(anonymous_40)","decl":{"start":{"line":309,"column":51},"end":{"line":309,"column":52}},"loc":{"start":{"line":309,"column":56},"end":{"line":309,"column":80}},"line":309},"41":{"name":"(anonymous_41)","decl":{"start":{"line":313,"column":14},"end":{"line":313,"column":15}},"loc":{"start":{"line":313,"column":26},"end":{"line":319,"column":11}},"line":313},"42":{"name":"(anonymous_42)","decl":{"start":{"line":314,"column":39},"end":{"line":314,"column":40}},"loc":{"start":{"line":315,"column":14},"end":{"line":317,"column":19}},"line":315},"43":{"name":"(anonymous_43)","decl":{"start":{"line":326,"column":23},"end":{"line":326,"column":24}},"loc":{"start":{"line":326,"column":37},"end":{"line":335,"column":7}},"line":326},"44":{"name":"(anonymous_44)","decl":{"start":{"line":327,"column":12},"end":{"line":327,"column":13}},"loc":{"start":{"line":327,"column":24},"end":{"line":329,"column":9}},"line":327},"45":{"name":"(anonymous_45)","decl":{"start":{"line":339,"column":33},"end":{"line":339,"column":34}},"loc":{"start":{"line":339,"column":39},"end":{"line":339,"column":51}},"line":339},"46":{"name":"(anonymous_46)","decl":{"start":{"line":340,"column":18},"end":{"line":340,"column":19}},"loc":{"start":{"line":340,"column":30},"end":{"line":342,"column":7}},"line":340},"47":{"name":"(anonymous_47)","decl":{"start":{"line":341,"column":38},"end":{"line":341,"column":39}},"loc":{"start":{"line":341,"column":43},"end":{"line":341,"column":55}},"line":341},"48":{"name":"(anonymous_48)","decl":{"start":{"line":351,"column":27},"end":{"line":351,"column":28}},"loc":{"start":{"line":351,"column":41},"end":{"line":353,"column":1}},"line":351},"49":{"name":"(anonymous_49)","decl":{"start":{"line":356,"column":33},"end":{"line":356,"column":34}},"loc":{"start":{"line":356,"column":43},"end":{"line":368,"column":1}},"line":356},"50":{"name":"(anonymous_50)","decl":{"start":{"line":357,"column":26},"end":{"line":357,"column":27}},"loc":{"start":{"line":357,"column":38},"end":{"line":359,"column":3}},"line":357}},"branchMap":{"0":{"loc":{"start":{"line":52,"column":8},"end":{"line":66,"column":9}},"type":"if","locations":[{"start":{"line":52,"column":8},"end":{"line":66,"column":9}},{"start":{},"end":{}}],"line":52},"1":{"loc":{"start":{"line":52,"column":12},"end":{"line":52,"column":60}},"type":"binary-expr","locations":[{"start":{"line":52,"column":12},"end":{"line":52,"column":36}},{"start":{"line":52,"column":40},"end":{"line":52,"column":60}}],"line":52},"2":{"loc":{"start":{"line":60,"column":16},"end":{"line":62,"column":21}},"type":"cond-expr","locations":[{"start":{"line":61,"column":20},"end":{"line":61,"column":58}},{"start":{"line":62,"column":20},"end":{"line":62,"column":21}}],"line":60},"3":{"loc":{"start":{"line":71,"column":8},"end":{"line":71,"column":35}},"type":"if","locations":[{"start":{"line":71,"column":8},"end":{"line":71,"column":35}},{"start":{},"end":{}}],"line":71},"4":{"loc":{"start":{"line":84,"column":12},"end":{"line":84,"column":53}},"type":"cond-expr","locations":[{"start":{"line":84,"column":31},"end":{"line":84,"column":44}},{"start":{"line":84,"column":47},"end":{"line":84,"column":53}}],"line":84},"5":{"loc":{"start":{"line":87,"column":12},"end":{"line":87,"column":80}},"type":"cond-expr","locations":[{"start":{"line":87,"column":45},"end":{"line":87,"column":58}},{"start":{"line":87,"column":61},"end":{"line":87,"column":80}}],"line":87},"6":{"loc":{"start":{"line":95,"column":8},"end":{"line":108,"column":9}},"type":"if","locations":[{"start":{"line":95,"column":8},"end":{"line":108,"column":9}},{"start":{},"end":{}}],"line":95},"7":{"loc":{"start":{"line":95,"column":12},"end":{"line":95,"column":60}},"type":"binary-expr","locations":[{"start":{"line":95,"column":12},"end":{"line":95,"column":36}},{"start":{"line":95,"column":40},"end":{"line":95,"column":60}}],"line":95},"8":{"loc":{"start":{"line":102,"column":16},"end":{"line":104,"column":21}},"type":"cond-expr","locations":[{"start":{"line":103,"column":20},"end":{"line":103,"column":58}},{"start":{"line":104,"column":20},"end":{"line":104,"column":21}}],"line":102},"9":{"loc":{"start":{"line":113,"column":8},"end":{"line":113,"column":36}},"type":"if","locations":[{"start":{"line":113,"column":8},"end":{"line":113,"column":36}},{"start":{},"end":{}}],"line":113},"10":{"loc":{"start":{"line":124,"column":42},"end":{"line":124,"column":73}},"type":"cond-expr","locations":[{"start":{"line":124,"column":56},"end":{"line":124,"column":69}},{"start":{"line":124,"column":72},"end":{"line":124,"column":73}}],"line":124},"11":{"loc":{"start":{"line":125,"column":25},"end":{"line":125,"column":84}},"type":"cond-expr","locations":[{"start":{"line":125,"column":58},"end":{"line":125,"column":62}},{"start":{"line":125,"column":65},"end":{"line":125,"column":84}}],"line":125},"12":{"loc":{"start":{"line":133,"column":8},"end":{"line":153,"column":9}},"type":"if","locations":[{"start":{"line":133,"column":8},"end":{"line":153,"column":9}},{"start":{"line":150,"column":15},"end":{"line":153,"column":9}}],"line":133},"13":{"loc":{"start":{"line":133,"column":12},"end":{"line":133,"column":60}},"type":"binary-expr","locations":[{"start":{"line":133,"column":12},"end":{"line":133,"column":36}},{"start":{"line":133,"column":40},"end":{"line":133,"column":60}}],"line":133},"14":{"loc":{"start":{"line":144,"column":16},"end":{"line":146,"column":21}},"type":"cond-expr","locations":[{"start":{"line":145,"column":20},"end":{"line":145,"column":58}},{"start":{"line":146,"column":20},"end":{"line":146,"column":21}}],"line":144},"15":{"loc":{"start":{"line":161,"column":46},"end":{"line":161,"column":83}},"type":"binary-expr","locations":[{"start":{"line":161,"column":46},"end":{"line":161,"column":62}},{"start":{"line":161,"column":66},"end":{"line":161,"column":83}}],"line":161},"16":{"loc":{"start":{"line":186,"column":21},"end":{"line":186,"column":78}},"type":"cond-expr","locations":[{"start":{"line":186,"column":46},"end":{"line":186,"column":59}},{"start":{"line":186,"column":62},"end":{"line":186,"column":78}}],"line":186},"17":{"loc":{"start":{"line":211,"column":21},"end":{"line":211,"column":78}},"type":"cond-expr","locations":[{"start":{"line":211,"column":46},"end":{"line":211,"column":59}},{"start":{"line":211,"column":62},"end":{"line":211,"column":78}}],"line":211},"18":{"loc":{"start":{"line":241,"column":21},"end":{"line":241,"column":79}},"type":"cond-expr","locations":[{"start":{"line":241,"column":46},"end":{"line":241,"column":59}},{"start":{"line":241,"column":62},"end":{"line":241,"column":79}}],"line":241},"19":{"loc":{"start":{"line":250,"column":8},"end":{"line":252,"column":9}},"type":"if","locations":[{"start":{"line":250,"column":8},"end":{"line":252,"column":9}},{"start":{},"end":{}}],"line":250},"20":{"loc":{"start":{"line":250,"column":12},"end":{"line":250,"column":62}},"type":"binary-expr","locations":[{"start":{"line":250,"column":12},"end":{"line":250,"column":37}},{"start":{"line":250,"column":41},"end":{"line":250,"column":62}}],"line":250},"21":{"loc":{"start":{"line":282,"column":25},"end":{"line":282,"column":79}},"type":"cond-expr","locations":[{"start":{"line":282,"column":50},"end":{"line":282,"column":63}},{"start":{"line":282,"column":66},"end":{"line":282,"column":79}}],"line":282},"22":{"loc":{"start":{"line":298,"column":14},"end":{"line":300,"column":19}},"type":"cond-expr","locations":[{"start":{"line":299,"column":18},"end":{"line":299,"column":57}},{"start":{"line":300,"column":18},"end":{"line":300,"column":19}}],"line":298},"23":{"loc":{"start":{"line":315,"column":14},"end":{"line":317,"column":19}},"type":"cond-expr","locations":[{"start":{"line":316,"column":18},"end":{"line":316,"column":58}},{"start":{"line":317,"column":18},"end":{"line":317,"column":19}}],"line":315},"24":{"loc":{"start":{"line":332,"column":8},"end":{"line":334,"column":9}},"type":"if","locations":[{"start":{"line":332,"column":8},"end":{"line":334,"column":9}},{"start":{},"end":{}}],"line":332},"25":{"loc":{"start":{"line":332,"column":12},"end":{"line":332,"column":85}},"type":"binary-expr","locations":[{"start":{"line":332,"column":12},"end":{"line":332,"column":20}},{"start":{"line":332,"column":24},"end":{"line":332,"column":44}},{"start":{"line":332,"column":48},"end":{"line":332,"column":85}}],"line":332},"26":{"loc":{"start":{"line":362,"column":22},"end":{"line":362,"column":79}},"type":"cond-expr","locations":[{"start":{"line":362,"column":29},"end":{"line":362,"column":72}},{"start":{"line":362,"column":75},"end":{"line":362,"column":79}}],"line":362},"27":{"loc":{"start":{"line":365,"column":2},"end":{"line":367,"column":3}},"type":"if","locations":[{"start":{"line":365,"column":2},"end":{"line":367,"column":3}},{"start":{},"end":{}}],"line":365}},"s":{"0":0,"1":0,"2":0,"3":0,"4":0,"5":0,"6":0,"7":0,"8":0,"9":0,"10":0,"11":0,"12":0,"13":0,"14":0,"15":0,"16":0,"17":0,"18":0,"19":0,"20":0,"21":0,"22":0,"23":0,"24":0,"25":0,"26":0,"27":0,"28":0,"29":0,"30":0,"31":0,"32":0,"33":0,"34":0,"35":0,"36":0,"37":0,"38":0,"39":0,"40":0,"41":0,"42":0,"43":0,"44":0,"45":0,"46":0,"47":0,"48":0,"49":0,"50":0,"51":0,"52":0,"53":0,"54":0,"55":0,"56":0,"57":0,"58":0,"59":0,"60":0,"61":0,"62":0,"63":0,"64":0,"65":0,"66":0,"67":0,"68":0,"69":0,"70":0,"71":0,"72":0,"73":0,"74":0,"75":0,"76":0,"77":0,"78":0,"79":0,"80":0,"81":0,"82":0,"83":0,"84":0,"85":0,"86":0,"87":0,"88":0,"89":0,"90":0,"91":0,"92":0,"93":0,"94":0,"95":0,"96":0,"97":0,"98":0,"99":0,"100":0,"101":0,"102":0,"103":0,"104":0,"105":0,"106":0,"107":0,"108":0,"109":0,"110":0,"111":0,"112":0,"113":0,"114":0,"115":0,"116":0},"f":{"0":0,"1":0,"2":0,"3":0,"4":0,"5":0,"6":0,"7":0,"8":0,"9":0,"10":0,"11":0,"12":0,"13":0,"14":0,"15":0,"16":0,"17":0,"18":0,"19":0,"20":0,"21":0,"22":0,"23":0,"24":0,"25":0,"26":0,"27":0,"28":0,"29":0,"30":0,"31":0,"32":0,"33":0,"34":0,"35":0,"36":0,"37":0,"38":0,"39":0,"40":0,"41":0,"42":0,"43":0,"44":0,"45":0,"46":0,"47":0,"48":0,"49":0,"50":0},"b":{"0":[0,0],"1":[0,0],"2":[0,0],"3":[0,0],"4":[0,0],"5":[0,0],"6":[0,0],"7":[0,0],"8":[0,0],"9":[0,0],"10":[0,0],"11":[0,0],"12":[0,0],"13":[0,0],"14":[0,0],"15":[0,0],"16":[0,0],"17":[0,0],"18":[0,0],"19":[0,0],"20":[0,0],"21":[0,0],"22":[0,0],"23":[0,0],"24":[0,0],"25":[0,0,0],"26":[0,0],"27":[0,0]}}
,"C:\\Users\\maito\\SpeakSyncMobile\\src\\store\\subscriptionStore.ts": {"path":"C:\\Users\\maito\\SpeakSyncMobile\\src\\store\\subscriptionStore.ts","statementMap":{"0":{"start":{"line":41,"column":32},"end":{"line":79,"column":1}},"1":{"start":{"line":42,"column":2},"end":{"line":78,"column":3}},"2":{"start":{"line":44,"column":6},"end":{"line":53,"column":8}},"3":{"start":{"line":55,"column":6},"end":{"line":64,"column":8}},"4":{"start":{"line":66,"column":6},"end":{"line":75,"column":8}},"5":{"start":{"line":77,"column":6},"end":{"line":77,"column":45}},"6":{"start":{"line":81,"column":36},"end":{"line":192,"column":1}},"7":{"start":{"line":83,"column":19},"end":{"line":183,"column":5}},"8":{"start":{"line":96,"column":8},"end":{"line":96,"column":30}},"9":{"start":{"line":100,"column":8},"end":{"line":100,"column":46}},"10":{"start":{"line":102,"column":8},"end":{"line":123,"column":9}},"11":{"start":{"line":104,"column":48},"end":{"line":109,"column":11}},"12":{"start":{"line":111,"column":10},"end":{"line":114,"column":13}},"13":{"start":{"line":116,"column":10},"end":{"line":116,"column":22}},"14":{"start":{"line":118,"column":10},"end":{"line":121,"column":13}},"15":{"start":{"line":122,"column":10},"end":{"line":122,"column":23}},"16":{"start":{"line":127,"column":8},"end":{"line":127,"column":46}},"17":{"start":{"line":129,"column":8},"end":{"line":149,"column":9}},"18":{"start":{"line":130,"column":49},"end":{"line":135,"column":11}},"19":{"start":{"line":137,"column":10},"end":{"line":140,"column":13}},"20":{"start":{"line":142,"column":10},"end":{"line":142,"column":22}},"21":{"start":{"line":144,"column":10},"end":{"line":147,"column":13}},"22":{"start":{"line":148,"column":10},"end":{"line":148,"column":23}},"23":{"start":{"line":153,"column":8},"end":{"line":153,"column":33}},"24":{"start":{"line":155,"column":8},"end":{"line":177,"column":9}},"25":{"start":{"line":157,"column":26},"end":{"line":157,"column":44}},"26":{"start":{"line":159,"column":10},"end":{"line":169,"column":11}},"27":{"start":{"line":161,"column":51},"end":{"line":166,"column":13}},"28":{"start":{"line":168,"column":12},"end":{"line":168,"column":52}},"29":{"start":{"line":171,"column":10},"end":{"line":171,"column":36}},"30":{"start":{"line":173,"column":10},"end":{"line":176,"column":13}},"31":{"start":{"line":181,"column":8},"end":{"line":181,"column":45}},"32":{"start":{"line":186,"column":39},"end":{"line":186,"column":51}},"33":{"start":{"line":187,"column":30},"end":{"line":189,"column":7}}},"fnMap":{"0":{"name":"(anonymous_0)","decl":{"start":{"line":41,"column":32},"end":{"line":41,"column":33}},"loc":{"start":{"line":41,"column":82},"end":{"line":79,"column":1}},"line":41},"1":{"name":"(anonymous_1)","decl":{"start":{"line":83,"column":4},"end":{"line":83,"column":5}},"loc":{"start":{"line":83,"column":19},"end":{"line":183,"column":5}},"line":83},"2":{"name":"(anonymous_2)","decl":{"start":{"line":95,"column":23},"end":{"line":95,"column":24}},"loc":{"start":{"line":95,"column":55},"end":{"line":97,"column":7}},"line":95},"3":{"name":"(anonymous_3)","decl":{"start":{"line":99,"column":27},"end":{"line":99,"column":28}},"loc":{"start":{"line":99,"column":61},"end":{"line":124,"column":7}},"line":99},"4":{"name":"(anonymous_4)","decl":{"start":{"line":126,"column":26},"end":{"line":126,"column":27}},"loc":{"start":{"line":126,"column":38},"end":{"line":150,"column":7}},"line":126},"5":{"name":"(anonymous_5)","decl":{"start":{"line":152,"column":31},"end":{"line":152,"column":32}},"loc":{"start":{"line":152,"column":43},"end":{"line":178,"column":7}},"line":152},"6":{"name":"(anonymous_6)","decl":{"start":{"line":180,"column":19},"end":{"line":180,"column":20}},"loc":{"start":{"line":180,"column":47},"end":{"line":182,"column":7}},"line":180},"7":{"name":"(anonymous_7)","decl":{"start":{"line":186,"column":33},"end":{"line":186,"column":34}},"loc":{"start":{"line":186,"column":39},"end":{"line":186,"column":51}},"line":186},"8":{"name":"(anonymous_8)","decl":{"start":{"line":187,"column":18},"end":{"line":187,"column":19}},"loc":{"start":{"line":187,"column":30},"end":{"line":189,"column":7}},"line":187}},"branchMap":{"0":{"loc":{"start":{"line":42,"column":2},"end":{"line":78,"column":3}},"type":"switch","locations":[{"start":{"line":43,"column":4},"end":{"line":53,"column":8}},{"start":{"line":54,"column":4},"end":{"line":64,"column":8}},{"start":{"line":65,"column":4},"end":{"line":75,"column":8}},{"start":{"line":76,"column":4},"end":{"line":77,"column":45}}],"line":42},"1":{"loc":{"start":{"line":159,"column":10},"end":{"line":169,"column":11}},"type":"if","locations":[{"start":{"line":159,"column":10},"end":{"line":169,"column":11}},{"start":{},"end":{}}],"line":159},"2":{"loc":{"start":{"line":159,"column":14},"end":{"line":159,"column":66}},"type":"binary-expr","locations":[{"start":{"line":159,"column":14},"end":{"line":159,"column":32}},{"start":{"line":159,"column":36},"end":{"line":159,"column":66}}],"line":159}},"s":{"0":0,"1":0,"2":0,"3":0,"4":0,"5":0,"6":0,"7":0,"8":0,"9":0,"10":0,"11":0,"12":0,"13":0,"14":0,"15":0,"16":0,"17":0,"18":0,"19":0,"20":0,"21":0,"22":0,"23":0,"24":0,"25":0,"26":0,"27":0,"28":0,"29":0,"30":0,"31":0,"32":0,"33":0},"f":{"0":0,"1":0,"2":0,"3":0,"4":0,"5":0,"6":0,"7":0,"8":0},"b":{"0":[0,0,0,0],"1":[0,0],"2":[0,0]}}
}
