TN:
SF:src\components\AdaptiveScrollSettings.tsx
FN:26,AdaptiveScrollSettingsModal
FN:35,(anonymous_1)
FN:39,(anonymous_2)
FN:44,(anonymous_3)
FN:49,(anonymous_4)
FN:53,(anonymous_5)
FN:83,(anonymous_6)
FN:101,(anonymous_7)
FN:120,(anonymous_8)
FN:139,(anonymous_9)
FN:158,(anonymous_10)
FN:177,(anonymous_11)
FN:196,(anonymous_12)
FNF:13
FNH:0
FNDA:0,AdaptiveScrollSettingsModal
FNDA:0,(anonymous_1)
FNDA:0,(anonymous_2)
FNDA:0,(anonymous_3)
FNDA:0,(anonymous_4)
FNDA:0,(anonymous_5)
FNDA:0,(anonymous_6)
FNDA:0,(anonymous_7)
FNDA:0,(anonymous_8)
FNDA:0,(anonymous_9)
FNDA:0,(anonymous_10)
FNDA:0,(anonymous_11)
FNDA:0,(anonymous_12)
DA:33,0
DA:35,0
DA:36,0
DA:39,0
DA:40,0
DA:41,0
DA:44,0
DA:45,0
DA:46,0
DA:49,0
DA:53,0
DA:56,0
DA:83,0
DA:101,0
DA:120,0
DA:139,0
DA:158,0
DA:177,0
DA:196,0
DA:234,0
LF:20
LH:0
BRF:0
BRH:0
end_of_record
TN:
SF:src\components\BLERemotePanel.tsx
FN:37,BLERemotePanel
FN:50,(anonymous_1)
FN:51,(anonymous_2)
FN:55,(anonymous_3)
FN:60,(anonymous_4)
FN:65,(anonymous_5)
FN:68,(anonymous_6)
FN:82,(anonymous_7)
FN:90,(anonymous_8)
FN:99,(anonymous_9)
FN:103,(anonymous_10)
FN:118,(anonymous_11)
FN:130,(anonymous_12)
FN:140,(anonymous_13)
FN:149,(anonymous_14)
FN:165,(anonymous_15)
FN:169,(anonymous_16)
FN:172,(anonymous_17)
FN:182,(anonymous_18)
FN:193,(anonymous_19)
FN:200,(anonymous_20)
FN:230,(anonymous_21)
FN:263,(anonymous_22)
FN:269,(anonymous_23)
FN:294,(anonymous_24)
FN:322,(anonymous_25)
FN:349,(anonymous_26)
FN:364,(anonymous_27)
FN:375,(anonymous_28)
FN:389,(anonymous_29)
FN:400,(anonymous_30)
FNF:31
FNH:0
FNDA:0,BLERemotePanel
FNDA:0,(anonymous_1)
FNDA:0,(anonymous_2)
FNDA:0,(anonymous_3)
FNDA:0,(anonymous_4)
FNDA:0,(anonymous_5)
FNDA:0,(anonymous_6)
FNDA:0,(anonymous_7)
FNDA:0,(anonymous_8)
FNDA:0,(anonymous_9)
FNDA:0,(anonymous_10)
FNDA:0,(anonymous_11)
FNDA:0,(anonymous_12)
FNDA:0,(anonymous_13)
FNDA:0,(anonymous_14)
FNDA:0,(anonymous_15)
FNDA:0,(anonymous_16)
FNDA:0,(anonymous_17)
FNDA:0,(anonymous_18)
FNDA:0,(anonymous_19)
FNDA:0,(anonymous_20)
FNDA:0,(anonymous_21)
FNDA:0,(anonymous_22)
FNDA:0,(anonymous_23)
FNDA:0,(anonymous_24)
FNDA:0,(anonymous_25)
FNDA:0,(anonymous_26)
FNDA:0,(anonymous_27)
FNDA:0,(anonymous_28)
FNDA:0,(anonymous_29)
FNDA:0,(anonymous_30)
DA:38,0
DA:39,0
DA:42,0
DA:43,0
DA:44,0
DA:45,0
DA:46,0
DA:50,0
DA:51,0
DA:52,0
DA:55,0
DA:57,0
DA:60,0
DA:62,0
DA:65,0
DA:66,0
DA:68,0
DA:71,0
DA:72,0
DA:74,0
DA:75,0
DA:78,0
DA:79,0
DA:82,0
DA:83,0
DA:84,0
DA:85,0
DA:86,0
DA:90,0
DA:91,0
DA:92,0
DA:93,0
DA:95,0
DA:99,0
DA:100,0
DA:103,0
DA:104,0
DA:105,0
DA:107,0
DA:108,0
DA:109,0
DA:111,0
DA:114,0
DA:118,0
DA:119,0
DA:120,0
DA:122,0
DA:123,0
DA:126,0
DA:130,0
DA:131,0
DA:136,0
DA:137,0
DA:140,0
DA:141,0
DA:142,0
DA:143,0
DA:144,0
DA:145,0
DA:149,0
DA:150,0
DA:151,0
DA:152,0
DA:153,0
DA:154,0
DA:155,0
DA:156,0
DA:157,0
DA:158,0
DA:159,0
DA:160,0
DA:161,0
DA:165,0
DA:166,0
DA:170,0
DA:173,0
DA:183,0
DA:194,0
DA:195,0
DA:200,0
DA:201,0
DA:218,0
DA:219,0
DA:238,0
DA:239,0
DA:242,0
DA:264,0
DA:269,0
DA:294,0
DA:322,0
DA:349,0
DA:364,0
DA:375,0
DA:390,0
DA:400,0
DA:411,0
LF:96
LH:0
BRDA:78,0,0,0
BRDA:78,0,1,0
BRDA:107,1,0,0
BRDA:107,1,1,0
BRDA:122,2,0,0
BRDA:122,2,1,0
BRDA:141,3,0,0
BRDA:141,3,1,0
BRDA:141,3,2,0
BRDA:141,3,3,0
BRDA:150,4,0,0
BRDA:150,4,1,0
BRDA:150,4,2,0
BRDA:150,4,3,0
BRDA:150,4,4,0
BRDA:150,4,5,0
BRDA:150,4,6,0
BRDA:150,4,7,0
BRDA:150,4,8,0
BRDA:150,4,9,0
BRDA:150,4,10,0
BRDA:168,5,0,0
BRDA:168,5,1,0
BRDA:168,6,0,0
BRDA:168,6,1,0
BRDA:174,7,0,0
BRDA:174,7,1,0
BRDA:180,8,0,0
BRDA:180,8,1,0
BRDA:183,9,0,0
BRDA:183,9,1,0
BRDA:188,10,0,0
BRDA:188,10,1,0
BRDA:218,11,0,0
BRDA:218,11,1,0
BRDA:238,12,0,0
BRDA:238,12,1,0
BRDA:248,13,0,0
BRDA:248,13,1,0
BRDA:253,14,0,0
BRDA:253,14,1,0
BRDA:261,15,0,0
BRDA:261,15,1,0
BRDA:280,16,0,0
BRDA:280,16,1,0
BRDA:284,17,0,0
BRDA:284,17,1,0
BRDA:289,18,0,0
BRDA:289,18,1,0
BRDA:302,19,0,0
BRDA:302,19,1,0
BRDA:311,20,0,0
BRDA:311,20,1,0
BRDA:329,21,0,0
BRDA:329,21,1,0
BRDA:338,22,0,0
BRDA:338,22,1,0
BRDA:338,23,0,0
BRDA:338,23,1,0
BRDA:382,24,0,0
BRDA:382,24,1,0
BRF:61
BRH:0
end_of_record
TN:
SF:src\components\ConflictResolution.tsx
FN:13,ConflictResolution
FN:19,(anonymous_1)
FN:104,(anonymous_2)
FN:112,(anonymous_3)
FNF:4
FNH:0
FNDA:0,ConflictResolution
FNDA:0,(anonymous_1)
FNDA:0,(anonymous_2)
FNDA:0,(anonymous_3)
DA:19,0
DA:20,0
DA:29,0
DA:104,0
DA:112,0
DA:134,0
LF:6
LH:0
BRDA:66,0,0,0
BRDA:66,0,1,0
BRDA:95,1,0,0
BRDA:95,1,1,0
BRF:4
BRH:0
end_of_record
TN:
SF:src\components\ExternalDisplayPanel.tsx
FN:36,ExternalDisplayPanel
FN:60,(anonymous_1)
FN:61,(anonymous_2)
FN:72,(anonymous_3)
FN:78,(anonymous_4)
FN:84,(anonymous_5)
FN:96,(anonymous_6)
FN:111,(anonymous_7)
FN:120,(anonymous_8)
FN:126,(anonymous_9)
FN:130,(anonymous_10)
FN:140,(anonymous_11)
FN:144,(anonymous_12)
FN:167,(anonymous_13)
FN:198,(anonymous_14)
FN:236,(anonymous_15)
FN:254,(anonymous_16)
FN:263,(anonymous_17)
FN:274,(anonymous_18)
FN:286,(anonymous_19)
FN:294,(anonymous_20)
FN:299,(anonymous_21)
FN:312,(anonymous_22)
FN:317,(anonymous_23)
FN:333,(anonymous_24)
FN:339,(anonymous_25)
FNF:26
FNH:0
FNDA:0,ExternalDisplayPanel
FNDA:0,(anonymous_1)
FNDA:0,(anonymous_2)
FNDA:0,(anonymous_3)
FNDA:0,(anonymous_4)
FNDA:0,(anonymous_5)
FNDA:0,(anonymous_6)
FNDA:0,(anonymous_7)
FNDA:0,(anonymous_8)
FNDA:0,(anonymous_9)
FNDA:0,(anonymous_10)
FNDA:0,(anonymous_11)
FNDA:0,(anonymous_12)
FNDA:0,(anonymous_13)
FNDA:0,(anonymous_14)
FNDA:0,(anonymous_15)
FNDA:0,(anonymous_16)
FNDA:0,(anonymous_17)
FNDA:0,(anonymous_18)
FNDA:0,(anonymous_19)
FNDA:0,(anonymous_20)
FNDA:0,(anonymous_21)
FNDA:0,(anonymous_22)
FNDA:0,(anonymous_23)
FNDA:0,(anonymous_24)
FNDA:0,(anonymous_25)
DA:43,0
DA:44,0
DA:47,0
DA:48,0
DA:49,0
DA:50,0
DA:60,0
DA:61,0
DA:62,0
DA:65,0
DA:68,0
DA:69,0
DA:72,0
DA:73,0
DA:78,0
DA:79,0
DA:80,0
DA:84,0
DA:85,0
DA:86,0
DA:87,0
DA:88,0
DA:90,0
DA:92,0
DA:96,0
DA:97,0
DA:98,0
DA:100,0
DA:101,0
DA:102,0
DA:104,0
DA:107,0
DA:111,0
DA:112,0
DA:113,0
DA:114,0
DA:116,0
DA:120,0
DA:121,0
DA:122,0
DA:123,0
DA:126,0
DA:127,0
DA:131,0
DA:141,0
DA:144,0
DA:155,0
DA:156,0
DA:175,0
DA:176,0
DA:179,0
DA:198,0
DA:236,0
DA:254,0
DA:263,0
DA:274,0
DA:286,0
DA:295,0
DA:299,0
DA:313,0
DA:317,0
DA:333,0
DA:339,0
DA:350,0
LF:64
LH:0
BRDA:68,0,0,0
BRDA:68,0,1,0
BRDA:79,1,0,0
BRDA:79,1,1,0
BRDA:79,2,0,0
BRDA:79,2,1,0
BRDA:79,2,2,0
BRDA:100,3,0,0
BRDA:100,3,1,0
BRDA:134,4,0,0
BRDA:134,4,1,0
BRDA:135,5,0,0
BRDA:135,5,1,0
BRDA:136,6,0,0
BRDA:136,6,1,0
BRDA:155,7,0,0
BRDA:155,7,1,0
BRDA:175,8,0,0
BRDA:175,8,1,0
BRDA:183,9,0,0
BRDA:183,9,1,0
BRDA:188,10,0,0
BRDA:188,10,1,0
BRDA:191,11,0,0
BRDA:191,11,1,0
BRDA:219,12,0,0
BRDA:219,12,1,0
BRDA:225,13,0,0
BRDA:225,13,1,0
BRDA:243,14,0,0
BRDA:243,14,1,0
BRDA:297,15,0,0
BRDA:297,15,1,0
BRDA:315,16,0,0
BRDA:315,16,1,0
BRDA:320,17,0,0
BRDA:320,17,1,0
BRDA:321,18,0,0
BRDA:321,18,1,0
BRDA:322,19,0,0
BRDA:322,19,1,0
BRF:41
BRH:0
end_of_record
TN:
SF:src\components\FillerWordCue.tsx
FN:20,FillerWordCue
FN:31,(anonymous_1)
FN:76,(anonymous_2)
FN:80,(anonymous_3)
FN:83,(anonymous_4)
FN:95,(anonymous_5)
FN:100,(anonymous_6)
FN:110,(anonymous_7)
FN:135,(anonymous_8)
FN:152,(anonymous_9)
FN:190,FillerWordHighlight
FN:198,(anonymous_11)
FN:222,(anonymous_12)
FNF:13
FNH:0
FNDA:0,FillerWordCue
FNDA:0,(anonymous_1)
FNDA:0,(anonymous_2)
FNDA:0,(anonymous_3)
FNDA:0,(anonymous_4)
FNDA:0,(anonymous_5)
FNDA:0,(anonymous_6)
FNDA:0,(anonymous_7)
FNDA:0,(anonymous_8)
FNDA:0,(anonymous_9)
FNDA:0,FillerWordHighlight
FNDA:0,(anonymous_11)
FNDA:0,(anonymous_12)
DA:26,0
DA:27,0
DA:28,0
DA:29,0
DA:31,0
DA:33,0
DA:48,0
DA:49,0
DA:72,0
DA:76,0
DA:77,0
DA:80,0
DA:83,0
DA:84,0
DA:96,0
DA:100,0
DA:101,0
DA:102,0
DA:103,0
DA:104,0
DA:105,0
DA:106,0
DA:110,0
DA:111,0
DA:135,0
DA:136,0
DA:152,0
DA:153,0
DA:168,0
DA:169,0
DA:172,0
DA:196,0
DA:198,0
DA:199,0
DA:201,0
DA:214,0
DA:218,0
DA:219,0
DA:222,0
DA:223,0
DA:225,0
DA:231,0
DA:236,0
DA:240,0
DA:254,0
LF:45
LH:0
BRDA:48,0,0,0
BRDA:48,0,1,0
BRDA:101,1,0,0
BRDA:101,1,1,0
BRDA:101,1,2,0
BRDA:101,1,3,0
BRDA:101,1,4,0
BRDA:168,2,0,0
BRDA:168,2,1,0
BRDA:168,3,0,0
BRDA:168,3,1,0
BRDA:174,4,0,0
BRDA:174,4,1,0
BRDA:175,5,0,0
BRDA:175,5,1,0
BRDA:176,6,0,0
BRDA:176,6,1,0
BRDA:177,7,0,0
BRDA:177,7,1,0
BRDA:199,8,0,0
BRDA:199,8,1,0
BRDA:199,9,0,0
BRDA:199,9,1,0
BRDA:199,9,2,0
BRDA:218,10,0,0
BRDA:218,10,1,0
BRDA:218,11,0,0
BRDA:218,11,1,0
BRDA:223,12,0,0
BRDA:223,12,1,0
BRDA:223,12,2,0
BRF:31
BRH:0
end_of_record
TN:
SF:src\components\KaraokeSettings.tsx
FN:35,(anonymous_0)
FN:44,(anonymous_1)
FN:48,(anonymous_2)
FN:52,(anonymous_3)
FN:55,(anonymous_4)
FN:60,(anonymous_5)
FN:106,(anonymous_6)
FN:120,(anonymous_7)
FN:124,(anonymous_8)
FN:139,(anonymous_9)
FN:151,(anonymous_10)
FN:174,(anonymous_11)
FN:189,(anonymous_12)
FN:214,(anonymous_13)
FN:238,(anonymous_14)
FN:252,(anonymous_15)
FN:266,(anonymous_16)
FNF:17
FNH:0
FNDA:0,(anonymous_0)
FNDA:0,(anonymous_1)
FNDA:0,(anonymous_2)
FNDA:0,(anonymous_3)
FNDA:0,(anonymous_4)
FNDA:0,(anonymous_5)
FNDA:0,(anonymous_6)
FNDA:0,(anonymous_7)
FNDA:0,(anonymous_8)
FNDA:0,(anonymous_9)
FNDA:0,(anonymous_10)
FNDA:0,(anonymous_11)
FNDA:0,(anonymous_12)
FNDA:0,(anonymous_13)
FNDA:0,(anonymous_14)
FNDA:0,(anonymous_15)
FNDA:0,(anonymous_16)
DA:35,0
DA:42,0
DA:44,0
DA:45,0
DA:48,0
DA:52,0
DA:55,0
DA:56,0
DA:57,0
DA:60,0
DA:61,0
DA:62,0
DA:65,0
DA:76,0
DA:106,0
DA:121,0
DA:124,0
DA:139,0
DA:151,0
DA:174,0
DA:189,0
DA:214,0
DA:238,0
DA:252,0
DA:266,0
DA:319,0
LF:26
LH:0
BRDA:178,0,0,0
BRDA:178,0,1,0
BRF:2
BRH:0
end_of_record
TN:
SF:src\components\KaraokeText.tsx
FN:34,(anonymous_0)
FN:49,(anonymous_1)
FN:58,(anonymous_2)
FN:71,(anonymous_3)
FN:72,(anonymous_4)
FN:92,(anonymous_5)
FN:101,(anonymous_6)
FN:112,(anonymous_7)
FN:119,(anonymous_8)
FN:148,(anonymous_9)
FN:187,(anonymous_10)
FN:227,(anonymous_11)
FN:239,(anonymous_12)
FN:257,(anonymous_13)
FN:262,(anonymous_14)
FNF:15
FNH:0
FNDA:0,(anonymous_0)
FNDA:0,(anonymous_1)
FNDA:0,(anonymous_2)
FNDA:0,(anonymous_3)
FNDA:0,(anonymous_4)
FNDA:0,(anonymous_5)
FNDA:0,(anonymous_6)
FNDA:0,(anonymous_7)
FNDA:0,(anonymous_8)
FNDA:0,(anonymous_9)
FNDA:0,(anonymous_10)
FNDA:0,(anonymous_11)
FNDA:0,(anonymous_12)
FNDA:0,(anonymous_13)
FNDA:0,(anonymous_14)
DA:34,0
DA:43,0
DA:44,0
DA:45,0
DA:46,0
DA:49,0
DA:50,0
DA:51,0
DA:54,0
DA:58,0
DA:59,0
DA:60,0
DA:61,0
DA:63,0
DA:64,0
DA:65,0
DA:71,0
DA:72,0
DA:73,0
DA:74,0
DA:75,0
DA:76,0
DA:80,0
DA:93,0
DA:101,0
DA:102,0
DA:112,0
DA:113,0
DA:115,0
DA:116,0
DA:117,0
DA:119,0
DA:120,0
DA:121,0
DA:124,0
DA:125,0
DA:126,0
DA:134,0
DA:135,0
DA:140,0
DA:149,0
DA:150,0
DA:155,0
DA:158,0
DA:161,0
DA:162,0
DA:171,0
DA:172,0
DA:181,0
DA:187,0
DA:188,0
DA:198,0
DA:227,0
DA:236,0
DA:237,0
DA:239,0
DA:240,0
DA:241,0
DA:257,0
DA:258,0
DA:259,0
DA:262,0
DA:263,0
DA:265,0
DA:266,0
DA:271,0
DA:281,0
DA:284,0
DA:295,0
LF:69
LH:0
BRDA:50,0,0,0
BRDA:50,0,1,0
BRDA:59,1,0,0
BRDA:59,1,1,0
BRDA:59,2,0,0
BRDA:59,2,1,0
BRDA:63,3,0,0
BRDA:63,3,1,0
BRDA:63,4,0,0
BRDA:63,4,1,0
BRDA:74,5,0,0
BRDA:74,5,1,0
BRDA:113,6,0,0
BRDA:113,6,1,0
BRDA:124,7,0,0
BRDA:124,7,1,0
BRDA:125,8,0,0
BRDA:125,8,1,0
BRDA:158,9,0,0
BRDA:158,9,1,0
BRDA:161,10,0,0
BRDA:161,10,1,0
BRDA:171,11,0,0
BRDA:171,11,1,0
BRDA:194,12,0,0
BRDA:194,12,1,0
BRDA:240,13,0,0
BRDA:240,13,1,0
BRDA:265,14,0,0
BRDA:265,14,1,0
BRDA:265,15,0,0
BRDA:265,15,1,0
BRF:32
BRH:0
end_of_record
TN:
SF:src\components\PacingMeter.tsx
FN:28,PacingMeter
FN:39,(anonymous_1)
FN:48,(anonymous_2)
FN:82,(anonymous_3)
FN:98,(anonymous_4)
FN:140,(anonymous_5)
FNF:6
FNH:0
FNDA:0,PacingMeter
FNDA:0,(anonymous_1)
FNDA:0,(anonymous_2)
FNDA:0,(anonymous_3)
FNDA:0,(anonymous_4)
FNDA:0,(anonymous_5)
DA:25,0
DA:26,0
DA:35,0
DA:36,0
DA:37,0
DA:39,0
DA:40,0
DA:48,0
DA:49,0
DA:50,0
DA:63,0
DA:65,0
DA:69,0
DA:70,0
DA:73,0
DA:74,0
DA:77,0
DA:78,0
DA:79,0
DA:82,0
DA:83,0
DA:84,0
DA:85,0
DA:86,0
DA:88,0
DA:93,0
DA:94,0
DA:95,0
DA:96,0
DA:98,0
DA:99,0
DA:141,0
DA:149,0
DA:216,0
LF:34
LH:0
BRDA:36,0,0,0
BRDA:36,0,1,0
BRDA:41,1,0,0
BRDA:41,1,1,0
BRDA:49,2,0,0
BRDA:49,2,1,0
BRDA:49,3,0,0
BRDA:49,3,1,0
BRDA:69,4,0,0
BRDA:69,4,1,0
BRDA:69,5,0,0
BRDA:69,5,1,0
BRDA:83,6,0,0
BRDA:83,6,1,0
BRDA:83,7,0,0
BRDA:83,7,1,0
BRDA:85,8,0,0
BRDA:85,8,1,0
BRDA:85,9,0,0
BRDA:85,9,1,0
BRDA:166,10,0,0
BRDA:166,10,1,0
BRDA:174,11,0,0
BRDA:174,11,1,0
BRDA:197,12,0,0
BRDA:197,12,1,0
BRDA:198,13,0,0
BRDA:198,13,1,0
BRDA:199,14,0,0
BRDA:199,14,1,0
BRF:30
BRH:0
end_of_record
TN:
SF:src\components\PacingSettings.tsx
FN:56,PacingSettings
FN:69,(anonymous_1)
FN:73,(anonymous_2)
FN:76,(anonymous_3)
FN:80,(anonymous_4)
FN:83,(anonymous_5)
FN:89,(anonymous_6)
FN:117,(anonymous_7)
FN:124,(anonymous_8)
FN:125,(anonymous_9)
FN:128,(anonymous_10)
FN:141,(anonymous_11)
FN:163,(anonymous_12)
FN:190,(anonymous_13)
FN:217,(anonymous_14)
FN:232,(anonymous_15)
FN:241,(anonymous_16)
FN:254,(anonymous_17)
FN:267,(anonymous_18)
FN:271,(anonymous_19)
FN:285,(anonymous_20)
FN:289,(anonymous_21)
FN:310,(anonymous_22)
FN:314,(anonymous_23)
FN:333,(anonymous_24)
FN:348,(anonymous_25)
FN:380,(anonymous_26)
FN:384,(anonymous_27)
FN:419,(anonymous_28)
FN:427,(anonymous_29)
FNF:30
FNH:0
FNDA:0,PacingSettings
FNDA:0,(anonymous_1)
FNDA:0,(anonymous_2)
FNDA:0,(anonymous_3)
FNDA:0,(anonymous_4)
FNDA:0,(anonymous_5)
FNDA:0,(anonymous_6)
FNDA:0,(anonymous_7)
FNDA:0,(anonymous_8)
FNDA:0,(anonymous_9)
FNDA:0,(anonymous_10)
FNDA:0,(anonymous_11)
FNDA:0,(anonymous_12)
FNDA:0,(anonymous_13)
FNDA:0,(anonymous_14)
FNDA:0,(anonymous_15)
FNDA:0,(anonymous_16)
FNDA:0,(anonymous_17)
FNDA:0,(anonymous_18)
FNDA:0,(anonymous_19)
FNDA:0,(anonymous_20)
FNDA:0,(anonymous_21)
FNDA:0,(anonymous_22)
FNDA:0,(anonymous_23)
FNDA:0,(anonymous_24)
FNDA:0,(anonymous_25)
FNDA:0,(anonymous_26)
FNDA:0,(anonymous_27)
FNDA:0,(anonymous_28)
FNDA:0,(anonymous_29)
DA:31,0
DA:36,0
DA:43,0
DA:50,0
DA:64,0
DA:65,0
DA:66,0
DA:67,0
DA:69,0
DA:73,0
DA:76,0
DA:80,0
DA:83,0
DA:84,0
DA:85,0
DA:86,0
DA:89,0
DA:90,0
DA:91,0
DA:104,0
DA:117,0
DA:118,0
DA:119,0
DA:120,0
DA:124,0
DA:125,0
DA:128,0
DA:129,0
DA:141,0
DA:163,0
DA:190,0
DA:217,0
DA:232,0
DA:241,0
DA:242,0
DA:254,0
DA:268,0
DA:271,0
DA:286,0
DA:289,0
DA:311,0
DA:314,0
DA:333,0
DA:348,0
DA:381,0
DA:384,0
DA:397,0
DA:419,0
DA:427,0
DA:461,0
LF:50
LH:0
BRDA:90,0,0,0
BRDA:90,0,1,0
BRDA:118,1,0,0
BRDA:118,1,1,0
BRDA:118,2,0,0
BRDA:118,2,1,0
BRDA:146,3,0,0
BRDA:146,3,1,0
BRDA:259,4,0,0
BRDA:259,4,1,0
BRDA:279,5,0,0
BRDA:279,5,1,0
BRDA:418,6,0,0
BRDA:418,6,1,0
BRDA:426,7,0,0
BRDA:426,7,1,0
BRDA:436,8,0,0
BRDA:436,8,1,0
BRF:18
BRH:0
end_of_record
TN:
SF:src\components\RichTextToolbar.tsx
FN:10,RichTextToolbar
FNF:1
FNH:0
FNDA:0,RichTextToolbar
DA:11,0
DA:33,0
LF:2
LH:0
BRF:0
BRH:0
end_of_record
TN:
SF:src\components\ScriptCard.tsx
FN:13,ScriptCard
FN:19,(anonymous_1)
FN:41,(anonymous_2)
FN:49,(anonymous_3)
FN:57,(anonymous_4)
FNF:5
FNH:0
FNDA:0,ScriptCard
FNDA:0,(anonymous_1)
FNDA:0,(anonymous_2)
FNDA:0,(anonymous_3)
FNDA:0,(anonymous_4)
DA:19,0
DA:20,0
DA:27,0
DA:41,0
DA:49,0
DA:57,0
DA:72,0
LF:7
LH:0
BRDA:62,0,0,0
BRDA:62,0,1,0
BRF:2
BRH:0
end_of_record
TN:
SF:src\components\SessionSummary.tsx
FN:32,SessionSummary
FN:42,(anonymous_1)
FN:49,(anonymous_2)
FN:56,(anonymous_3)
FN:65,(anonymous_4)
FN:144,(anonymous_5)
FN:153,(anonymous_6)
FN:189,(anonymous_7)
FN:190,(anonymous_8)
FN:196,(anonymous_9)
FN:210,(anonymous_10)
FN:241,(anonymous_11)
FN:244,(anonymous_12)
FN:274,(anonymous_13)
FN:282,(anonymous_14)
FN:290,(anonymous_15)
FN:312,(anonymous_16)
FN:321,(anonymous_17)
FNF:18
FNH:0
FNDA:0,SessionSummary
FNDA:0,(anonymous_1)
FNDA:0,(anonymous_2)
FNDA:0,(anonymous_3)
FNDA:0,(anonymous_4)
FNDA:0,(anonymous_5)
FNDA:0,(anonymous_6)
FNDA:0,(anonymous_7)
FNDA:0,(anonymous_8)
FNDA:0,(anonymous_9)
FNDA:0,(anonymous_10)
FNDA:0,(anonymous_11)
FNDA:0,(anonymous_12)
FNDA:0,(anonymous_13)
FNDA:0,(anonymous_14)
FNDA:0,(anonymous_15)
FNDA:0,(anonymous_16)
FNDA:0,(anonymous_17)
DA:30,0
DA:39,0
DA:40,0
DA:42,0
DA:43,0
DA:44,0
DA:45,0
DA:46,0
DA:49,0
DA:50,0
DA:56,0
DA:57,0
DA:58,0
DA:59,0
DA:60,0
DA:61,0
DA:65,0
DA:66,0
DA:144,0
DA:145,0
DA:154,0
DA:189,0
DA:190,0
DA:191,0
DA:192,0
DA:195,0
DA:196,0
DA:199,0
DA:211,0
DA:241,0
DA:242,0
DA:245,0
DA:252,0
DA:274,0
DA:282,0
DA:290,0
DA:312,0
DA:322,0
DA:323,0
DA:336,0
LF:40
LH:0
BRDA:57,0,0,0
BRDA:57,0,1,0
BRDA:57,0,2,0
BRDA:57,0,3,0
BRDA:86,1,0,0
BRDA:86,1,1,0
BRDA:130,2,0,0
BRDA:130,2,1,0
BRDA:131,3,0,0
BRDA:131,3,1,0
BRDA:135,4,0,0
BRDA:135,4,1,0
BRDA:136,5,0,0
BRDA:136,5,1,0
BRDA:137,6,0,0
BRDA:137,6,1,0
BRDA:178,7,0,0
BRDA:178,7,1,0
BRDA:179,8,0,0
BRDA:179,8,1,0
BRDA:191,9,0,0
BRDA:191,9,1,0
BRDA:207,10,0,0
BRDA:207,10,1,0
BRDA:273,11,0,0
BRDA:273,11,1,0
BRDA:281,12,0,0
BRDA:281,12,1,0
BRDA:289,13,0,0
BRDA:289,13,1,0
BRDA:299,14,0,0
BRDA:299,14,1,0
BRDA:300,15,0,0
BRDA:300,15,1,0
BRDA:301,16,0,0
BRDA:301,16,1,0
BRDA:304,17,0,0
BRDA:304,17,1,0
BRDA:309,18,0,0
BRDA:309,18,1,0
BRDA:318,19,0,0
BRDA:318,19,1,0
BRF:42
BRH:0
end_of_record
TN:
SF:src\components\SpeechRecognitionPanel.tsx
FN:36,SpeechRecognitionPanel
FN:56,(anonymous_1)
FN:65,(anonymous_2)
FN:73,(anonymous_3)
FN:82,(anonymous_4)
FN:93,(anonymous_5)
FN:104,(anonymous_6)
FN:116,(anonymous_7)
FN:128,(anonymous_8)
FN:136,(anonymous_9)
FN:144,(anonymous_10)
FN:153,(anonymous_11)
FN:160,(anonymous_12)
FN:167,(anonymous_13)
FN:168,(anonymous_14)
FN:188,(anonymous_15)
FN:194,(anonymous_16)
FN:201,(anonymous_17)
FN:209,(anonymous_18)
FN:265,(anonymous_19)
FN:273,(anonymous_20)
FN:285,(anonymous_21)
FN:394,(anonymous_22)
FN:417,(anonymous_23)
FNF:24
FNH:0
FNDA:0,SpeechRecognitionPanel
FNDA:0,(anonymous_1)
FNDA:0,(anonymous_2)
FNDA:0,(anonymous_3)
FNDA:0,(anonymous_4)
FNDA:0,(anonymous_5)
FNDA:0,(anonymous_6)
FNDA:0,(anonymous_7)
FNDA:0,(anonymous_8)
FNDA:0,(anonymous_9)
FNDA:0,(anonymous_10)
FNDA:0,(anonymous_11)
FNDA:0,(anonymous_12)
FNDA:0,(anonymous_13)
FNDA:0,(anonymous_14)
FNDA:0,(anonymous_15)
FNDA:0,(anonymous_16)
FNDA:0,(anonymous_17)
FNDA:0,(anonymous_18)
FNDA:0,(anonymous_19)
FNDA:0,(anonymous_20)
FNDA:0,(anonymous_21)
FNDA:0,(anonymous_22)
FNDA:0,(anonymous_23)
DA:43,0
DA:46,0
DA:47,0
DA:48,0
DA:54,0
DA:56,0
DA:57,0
DA:59,0
DA:62,0
DA:65,0
DA:66,0
DA:67,0
DA:68,0
DA:73,0
DA:75,0
DA:76,0
DA:77,0
DA:78,0
DA:82,0
DA:83,0
DA:84,0
DA:85,0
DA:86,0
DA:89,0
DA:93,0
DA:94,0
DA:105,0
DA:106,0
DA:108,0
DA:116,0
DA:117,0
DA:118,0
DA:120,0
DA:128,0
DA:129,0
DA:130,0
DA:132,0
DA:136,0
DA:137,0
DA:138,0
DA:140,0
DA:144,0
DA:145,0
DA:146,0
DA:148,0
DA:149,0
DA:153,0
DA:154,0
DA:155,0
DA:156,0
DA:160,0
DA:161,0
DA:162,0
DA:163,0
DA:167,0
DA:168,0
DA:170,0
DA:171,0
DA:173,0
DA:174,0
DA:175,0
DA:179,0
DA:181,0
DA:188,0
DA:189,0
DA:190,0
DA:191,0
DA:194,0
DA:195,0
DA:196,0
DA:197,0
DA:198,0
DA:201,0
DA:202,0
DA:203,0
DA:204,0
DA:205,0
DA:206,0
DA:209,0
DA:210,0
DA:211,0
DA:212,0
DA:215,0
DA:265,0
DA:273,0
DA:285,0
DA:394,0
DA:417,0
DA:438,0
LF:89
LH:0
BRDA:57,0,0,0
BRDA:57,0,1,0
BRDA:66,1,0,0
BRDA:66,1,1,0
BRDA:76,2,0,0
BRDA:76,2,1,0
BRDA:85,3,0,0
BRDA:85,3,1,0
BRDA:103,4,0,0
BRDA:103,4,1,0
BRDA:105,5,0,0
BRDA:105,5,1,0
BRDA:137,6,0,0
BRDA:137,6,1,0
BRDA:145,7,0,0
BRDA:145,7,1,0
BRDA:148,8,0,0
BRDA:148,8,1,0
BRDA:148,9,0,0
BRDA:148,9,1,0
BRDA:154,10,0,0
BRDA:154,10,1,0
BRDA:161,11,0,0
BRDA:161,11,1,0
BRDA:161,12,0,0
BRDA:161,12,1,0
BRDA:174,13,0,0
BRDA:174,13,1,0
BRDA:179,14,0,0
BRDA:179,14,1,0
BRDA:195,15,0,0
BRDA:195,15,1,0
BRDA:196,16,0,0
BRDA:196,16,1,0
BRDA:197,17,0,0
BRDA:197,17,1,0
BRDA:202,18,0,0
BRDA:202,18,1,0
BRDA:203,19,0,0
BRDA:203,19,1,0
BRDA:204,20,0,0
BRDA:204,20,1,0
BRDA:205,21,0,0
BRDA:205,21,1,0
BRDA:210,22,0,0
BRDA:210,22,1,0
BRDA:211,23,0,0
BRDA:211,23,1,0
BRDA:247,24,0,0
BRDA:247,24,1,0
BRDA:264,25,0,0
BRDA:264,25,1,0
BRDA:272,26,0,0
BRDA:272,26,1,0
BRDA:281,27,0,0
BRDA:281,27,1,0
BRDA:289,28,0,0
BRDA:289,28,1,0
BRDA:291,29,0,0
BRDA:291,29,1,0
BRDA:306,30,0,0
BRDA:306,30,1,0
BRDA:310,31,0,0
BRDA:310,31,1,0
BRDA:312,32,0,0
BRDA:312,32,1,0
BRDA:329,33,0,0
BRDA:329,33,1,0
BRDA:361,34,0,0
BRDA:361,34,1,0
BRDA:361,34,2,0
BRDA:373,35,0,0
BRDA:373,35,1,0
BRDA:380,36,0,0
BRDA:380,36,1,0
BRF:75
BRH:0
end_of_record
TN:
SF:src\components\VideoRecordingPanel.tsx
FN:37,VideoRecordingPanel
FN:57,(anonymous_1)
FN:58,(anonymous_2)
FN:66,(anonymous_3)
FN:71,(anonymous_4)
FN:77,(anonymous_5)
FN:89,(anonymous_6)
FN:117,(anonymous_7)
FN:127,(anonymous_8)
FN:137,(anonymous_9)
FN:177,(anonymous_10)
FN:183,(anonymous_11)
FN:194,(anonymous_12)
FN:242,(anonymous_13)
FN:253,(anonymous_14)
FN:257,(anonymous_15)
FN:257,(anonymous_16)
FN:278,(anonymous_17)
FN:279,(anonymous_18)
FN:309,(anonymous_19)
FN:318,(anonymous_20)
FNF:21
FNH:0
FNDA:0,VideoRecordingPanel
FNDA:0,(anonymous_1)
FNDA:0,(anonymous_2)
FNDA:0,(anonymous_3)
FNDA:0,(anonymous_4)
FNDA:0,(anonymous_5)
FNDA:0,(anonymous_6)
FNDA:0,(anonymous_7)
FNDA:0,(anonymous_8)
FNDA:0,(anonymous_9)
FNDA:0,(anonymous_10)
FNDA:0,(anonymous_11)
FNDA:0,(anonymous_12)
FNDA:0,(anonymous_13)
FNDA:0,(anonymous_14)
FNDA:0,(anonymous_15)
FNDA:0,(anonymous_16)
FNDA:0,(anonymous_17)
FNDA:0,(anonymous_18)
FNDA:0,(anonymous_19)
FNDA:0,(anonymous_20)
DA:44,0
DA:45,0
DA:46,0
DA:49,0
DA:50,0
DA:57,0
DA:58,0
DA:59,0
DA:60,0
DA:63,0
DA:64,0
DA:66,0
DA:67,0
DA:71,0
DA:72,0
DA:73,0
DA:77,0
DA:78,0
DA:84,0
DA:85,0
DA:89,0
DA:90,0
DA:92,0
DA:94,0
DA:102,0
DA:107,0
DA:108,0
DA:111,0
DA:112,0
DA:121,0
DA:127,0
DA:128,0
DA:129,0
DA:130,0
DA:131,0
DA:132,0
DA:133,0
DA:137,0
DA:138,0
DA:139,0
DA:140,0
DA:141,0
DA:142,0
DA:145,0
DA:148,0
DA:149,0
DA:152,0
DA:177,0
DA:183,0
DA:194,0
DA:242,0
DA:254,0
DA:257,0
DA:279,0
DA:318,0
DA:329,0
LF:56
LH:0
BRDA:51,0,0,0
BRDA:51,0,1,0
BRDA:54,1,0,0
BRDA:54,1,1,0
BRDA:72,2,0,0
BRDA:72,2,1,0
BRDA:84,3,0,0
BRDA:84,3,1,0
BRDA:92,4,0,0
BRDA:92,4,1,0
BRDA:107,5,0,0
BRDA:107,5,1,0
BRDA:111,6,0,0
BRDA:111,6,1,0
BRDA:128,7,0,0
BRDA:128,7,1,0
BRDA:128,7,2,0
BRDA:128,7,3,0
BRDA:128,7,4,0
BRDA:139,8,0,0
BRDA:139,8,1,0
BRDA:141,9,0,0
BRDA:141,9,1,0
BRDA:148,10,0,0
BRDA:148,10,1,0
BRDA:148,11,0,0
BRDA:148,11,1,0
BRDA:164,12,0,0
BRDA:164,12,1,0
BRDA:180,13,0,0
BRDA:180,13,1,0
BRDA:200,14,0,0
BRDA:200,14,1,0
BRDA:201,15,0,0
BRDA:201,15,1,0
BRDA:205,16,0,0
BRDA:205,16,1,0
BRDA:207,17,0,0
BRDA:207,17,1,0
BRDA:215,18,0,0
BRDA:215,18,1,0
BRDA:228,19,0,0
BRDA:228,19,1,0
BRDA:256,20,0,0
BRDA:256,20,1,0
BRDA:265,21,0,0
BRDA:265,21,1,0
BRDA:289,22,0,0
BRDA:289,22,1,0
BRDA:297,23,0,0
BRDA:297,23,1,0
BRF:51
BRH:0
end_of_record
TN:
SF:src\components\VirtualScrollView.tsx
FN:17,VirtualScrollView
FN:35,(anonymous_1)
FN:58,(anonymous_2)
FN:73,(anonymous_3)
FN:86,(anonymous_4)
FN:109,(anonymous_5)
FN:116,(anonymous_6)
FNF:7
FNH:0
FNDA:0,VirtualScrollView
FNDA:0,(anonymous_1)
FNDA:0,(anonymous_2)
FNDA:0,(anonymous_3)
FNDA:0,(anonymous_4)
FNDA:0,(anonymous_5)
FNDA:0,(anonymous_6)
DA:28,0
DA:29,0
DA:30,0
DA:31,0
DA:34,0
DA:36,0
DA:37,0
DA:40,0
DA:41,0
DA:42,0
DA:43,0
DA:45,0
DA:46,0
DA:47,0
DA:48,0
DA:49,0
DA:58,0
DA:59,0
DA:60,0
DA:63,0
DA:71,0
DA:73,0
DA:79,0
DA:86,0
DA:87,0
DA:90,0
DA:109,0
DA:117,0
DA:128,0
DA:130,0
LF:30
LH:0
BRDA:22,0,0,0
BRDA:26,1,0,0
BRDA:40,2,0,0
BRDA:40,2,1,0
BRDA:40,3,0,0
BRDA:40,3,1,0
BRDA:45,4,0,0
BRDA:45,4,1,0
BRDA:47,5,0,0
BRDA:47,5,1,0
BRDA:59,6,0,0
BRDA:59,6,1,0
BRDA:59,7,0,0
BRDA:59,7,1,0
BRDA:59,7,2,0
BRF:15
BRH:0
end_of_record
TN:
SF:src\components\analytics\ExportOptions.tsx
FN:27,ExportOptions
FN:35,(anonymous_1)
FN:36,(anonymous_2)
FN:38,(anonymous_3)
FN:45,(anonymous_4)
FN:49,(anonymous_5)
FN:53,(anonymous_6)
FN:119,(anonymous_7)
FN:122,(anonymous_8)
FN:159,(anonymous_9)
FN:163,(anonymous_10)
FN:195,(anonymous_11)
FN:208,(anonymous_12)
FNF:13
FNH:0
FNDA:0,ExportOptions
FNDA:0,(anonymous_1)
FNDA:0,(anonymous_2)
FNDA:0,(anonymous_3)
FNDA:0,(anonymous_4)
FNDA:0,(anonymous_5)
FNDA:0,(anonymous_6)
FNDA:0,(anonymous_7)
FNDA:0,(anonymous_8)
FNDA:0,(anonymous_9)
FNDA:0,(anonymous_10)
FNDA:0,(anonymous_11)
FNDA:0,(anonymous_12)
DA:28,0
DA:29,0
DA:30,0
DA:31,0
DA:32,0
DA:33,0
DA:35,0
DA:36,0
DA:37,0
DA:38,0
DA:40,0
DA:45,0
DA:46,0
DA:47,0
DA:49,0
DA:53,0
DA:54,0
DA:56,0
DA:57,0
DA:58,0
DA:61,0
DA:62,0
DA:64,0
DA:72,0
DA:79,0
DA:84,0
DA:86,0
DA:87,0
DA:89,0
DA:93,0
DA:100,0
DA:119,0
DA:123,0
DA:160,0
DA:163,0
DA:195,0
DA:208,0
DA:247,0
LF:38
LH:0
BRDA:37,0,0,0
BRDA:37,0,1,0
BRDA:46,1,0,0
BRDA:46,1,1,0
BRDA:54,2,0,0
BRDA:54,2,1,0
BRDA:56,3,0,0
BRDA:56,3,1,0
BRDA:67,4,0,0
BRDA:67,4,1,0
BRDA:150,5,0,0
BRDA:150,5,1,0
BRDA:162,6,0,0
BRDA:162,6,1,0
BRDA:176,7,0,0
BRDA:176,7,1,0
BRDA:194,8,0,0
BRDA:194,8,1,0
BRDA:207,9,0,0
BRDA:207,9,1,0
BRDA:234,10,0,0
BRDA:234,10,1,0
BRDA:236,11,0,0
BRDA:236,11,1,0
BRF:24
BRH:0
end_of_record
TN:
SF:src\components\analytics\PerformanceSummary.tsx
FN:18,PerformanceSummary
FN:19,(anonymous_1)
FN:29,(anonymous_2)
FN:35,(anonymous_3)
FN:41,(anonymous_4)
FNF:5
FNH:0
FNDA:0,PerformanceSummary
FNDA:0,(anonymous_1)
FNDA:0,(anonymous_2)
FNDA:0,(anonymous_3)
FNDA:0,(anonymous_4)
DA:19,0
DA:20,0
DA:21,0
DA:23,0
DA:24,0
DA:26,0
DA:29,0
DA:30,0
DA:31,0
DA:32,0
DA:35,0
DA:36,0
DA:37,0
DA:38,0
DA:41,0
DA:42,0
DA:43,0
DA:44,0
DA:47,0
DA:221,0
LF:20
LH:0
BRDA:23,0,0,0
BRDA:23,0,1,0
BRDA:30,1,0,0
BRDA:30,1,1,0
BRDA:31,2,0,0
BRDA:31,2,1,0
BRDA:36,3,0,0
BRDA:36,3,1,0
BRDA:37,4,0,0
BRDA:37,4,1,0
BRDA:42,5,0,0
BRDA:42,5,1,0
BRDA:43,6,0,0
BRDA:43,6,1,0
BRDA:102,7,0,0
BRDA:102,7,1,0
BRDA:122,8,0,0
BRDA:122,8,1,0
BRDA:199,9,0,0
BRDA:199,9,1,0
BRDA:211,10,0,0
BRDA:211,10,1,0
BRF:22
BRH:0
end_of_record
TN:
SF:src\components\analytics\SessionComparison.tsx
FN:26,SessionComparison
FN:27,(anonymous_1)
FN:36,(anonymous_2)
FN:43,(anonymous_3)
FN:55,(anonymous_4)
FN:56,(anonymous_5)
FN:171,(anonymous_6)
FN:173,(anonymous_7)
FN:174,(anonymous_8)
FN:195,(anonymous_9)
FN:197,(anonymous_10)
FN:198,(anonymous_11)
FN:206,(anonymous_12)
FN:220,(anonymous_13)
FN:257,(anonymous_14)
FN:273,(anonymous_15)
FNF:16
FNH:0
FNDA:0,SessionComparison
FNDA:0,(anonymous_1)
FNDA:0,(anonymous_2)
FNDA:0,(anonymous_3)
FNDA:0,(anonymous_4)
FNDA:0,(anonymous_5)
FNDA:0,(anonymous_6)
FNDA:0,(anonymous_7)
FNDA:0,(anonymous_8)
FNDA:0,(anonymous_9)
FNDA:0,(anonymous_10)
FNDA:0,(anonymous_11)
FNDA:0,(anonymous_12)
FNDA:0,(anonymous_13)
FNDA:0,(anonymous_14)
FNDA:0,(anonymous_15)
DA:19,0
DA:27,0
DA:28,0
DA:36,0
DA:37,0
DA:38,0
DA:39,0
DA:40,0
DA:43,0
DA:44,0
DA:45,0
DA:46,0
DA:50,0
DA:55,0
DA:56,0
DA:67,0
DA:171,0
DA:173,0
DA:174,0
DA:195,0
DA:197,0
DA:198,0
DA:206,0
DA:221,0
DA:258,0
DA:274,0
DA:296,0
LF:27
LH:0
BRDA:37,0,0,0
BRDA:37,0,1,0
BRDA:38,1,0,0
BRDA:38,1,1,0
BRDA:39,2,0,0
BRDA:39,2,1,0
BRDA:44,3,0,0
BRDA:44,3,1,0
BRDA:45,4,0,0
BRDA:45,4,1,0
BRDA:55,5,0,0
BRDA:56,6,0,0
BRDA:101,7,0,0
BRDA:101,7,1,0
BRDA:122,8,0,0
BRDA:122,8,1,0
BRDA:143,9,0,0
BRDA:143,9,1,0
BRDA:174,10,0,0
BRDA:198,11,0,0
BRDA:206,12,0,0
BRDA:244,13,0,0
BRDA:244,13,1,0
BRDA:251,14,0,0
BRDA:251,14,1,0
BRDA:251,14,2,0
BRDA:267,15,0,0
BRDA:267,15,1,0
BRDA:267,15,2,0
BRF:29
BRH:0
end_of_record
TN:
SF:src\components\analytics\SessionList.tsx
FN:26,SessionList
FN:32,(anonymous_1)
FN:38,(anonymous_2)
FN:47,(anonymous_3)
FN:53,(anonymous_4)
FN:59,(anonymous_5)
FN:65,(anonymous_6)
FN:81,(anonymous_7)
FN:176,(anonymous_8)
FN:177,(anonymous_9)
FNF:10
FNH:0
FNDA:0,SessionList
FNDA:0,(anonymous_1)
FNDA:0,(anonymous_2)
FNDA:0,(anonymous_3)
FNDA:0,(anonymous_4)
FNDA:0,(anonymous_5)
FNDA:0,(anonymous_6)
FNDA:0,(anonymous_7)
FNDA:0,(anonymous_8)
FNDA:0,(anonymous_9)
DA:32,0
DA:33,0
DA:34,0
DA:35,0
DA:38,0
DA:39,0
DA:47,0
DA:48,0
DA:49,0
DA:50,0
DA:53,0
DA:54,0
DA:55,0
DA:56,0
DA:59,0
DA:60,0
DA:62,0
DA:65,0
DA:81,0
DA:159,0
DA:160,0
DA:172,0
DA:176,0
DA:177,0
DA:183,0
LF:25
LH:0
BRDA:48,0,0,0
BRDA:48,0,1,0
BRDA:49,1,0,0
BRDA:49,1,1,0
BRDA:54,2,0,0
BRDA:54,2,1,0
BRDA:55,3,0,0
BRDA:55,3,1,0
BRDA:63,4,0,0
BRDA:63,4,1,0
BRDA:80,5,0,0
BRDA:80,5,1,0
BRDA:159,6,0,0
BRDA:159,6,1,0
BRF:14
BRH:0
end_of_record
TN:
SF:src\components\team\SubscriptionManager.tsx
FN:27,(anonymous_0)
FN:38,(anonymous_1)
FN:44,(anonymous_2)
FN:53,(anonymous_3)
FN:66,(anonymous_4)
FN:87,(anonymous_5)
FN:98,(anonymous_6)
FN:119,(anonymous_7)
FN:138,(anonymous_8)
FN:146,(anonymous_9)
FN:150,(anonymous_10)
FN:155,(anonymous_11)
FN:161,(anonymous_12)
FN:166,(anonymous_13)
FN:172,(anonymous_14)
FN:177,(anonymous_15)
FN:191,(anonymous_16)
FN:256,(anonymous_17)
FN:312,(anonymous_18)
FN:384,(anonymous_19)
FN:393,(anonymous_20)
FN:394,(anonymous_21)
FN:404,(anonymous_22)
FN:419,(anonymous_23)
FN:431,(anonymous_24)
FN:434,(anonymous_25)
FNF:26
FNH:0
FNDA:0,(anonymous_0)
FNDA:0,(anonymous_1)
FNDA:0,(anonymous_2)
FNDA:0,(anonymous_3)
FNDA:0,(anonymous_4)
FNDA:0,(anonymous_5)
FNDA:0,(anonymous_6)
FNDA:0,(anonymous_7)
FNDA:0,(anonymous_8)
FNDA:0,(anonymous_9)
FNDA:0,(anonymous_10)
FNDA:0,(anonymous_11)
FNDA:0,(anonymous_12)
FNDA:0,(anonymous_13)
FNDA:0,(anonymous_14)
FNDA:0,(anonymous_15)
FNDA:0,(anonymous_16)
FNDA:0,(anonymous_17)
FNDA:0,(anonymous_18)
FNDA:0,(anonymous_19)
FNDA:0,(anonymous_20)
FNDA:0,(anonymous_21)
FNDA:0,(anonymous_22)
FNDA:0,(anonymous_23)
FNDA:0,(anonymous_24)
FNDA:0,(anonymous_25)
DA:27,0
DA:32,0
DA:33,0
DA:34,0
DA:35,0
DA:36,0
DA:38,0
DA:39,0
DA:40,0
DA:44,0
DA:45,0
DA:46,0
DA:47,0
DA:49,0
DA:53,0
DA:54,0
DA:55,0
DA:59,0
DA:68,0
DA:69,0
DA:70,0
DA:71,0
DA:73,0
DA:79,0
DA:80,0
DA:82,0
DA:83,0
DA:87,0
DA:88,0
DA:90,0
DA:99,0
DA:100,0
DA:101,0
DA:102,0
DA:103,0
DA:104,0
DA:106,0
DA:108,0
DA:109,0
DA:111,0
DA:119,0
DA:120,0
DA:122,0
DA:123,0
DA:124,0
DA:125,0
DA:126,0
DA:127,0
DA:129,0
DA:131,0
DA:132,0
DA:134,0
DA:138,0
DA:140,0
DA:146,0
DA:147,0
DA:150,0
DA:151,0
DA:152,0
DA:155,0
DA:156,0
DA:157,0
DA:158,0
DA:161,0
DA:162,0
DA:163,0
DA:167,0
DA:173,0
DA:178,0
DA:179,0
DA:191,0
DA:192,0
DA:193,0
DA:195,0
DA:214,0
DA:215,0
DA:223,0
DA:256,0
DA:313,0
DA:384,0
DA:393,0
DA:395,0
DA:404,0
DA:420,0
DA:431,0
DA:434,0
DA:447,0
LF:87
LH:0
BRDA:39,0,0,0
BRDA:39,0,1,0
BRDA:70,1,0,0
BRDA:70,1,1,0
BRDA:88,2,0,0
BRDA:88,2,1,0
BRDA:103,3,0,0
BRDA:103,3,1,0
BRDA:120,4,0,0
BRDA:120,4,1,0
BRDA:126,5,0,0
BRDA:126,5,1,0
BRDA:151,6,0,0
BRDA:151,6,1,0
BRDA:156,7,0,0
BRDA:156,7,1,0
BRDA:157,8,0,0
BRDA:157,8,1,0
BRDA:168,9,0,0
BRDA:168,9,1,0
BRDA:169,10,0,0
BRDA:169,10,1,0
BRDA:173,11,0,0
BRDA:173,11,1,0
BRDA:186,12,0,0
BRDA:186,12,1,0
BRDA:191,13,0,0
BRDA:200,14,0,0
BRDA:200,14,1,0
BRDA:203,15,0,0
BRDA:203,15,1,0
BRDA:214,16,0,0
BRDA:214,16,1,0
BRDA:242,17,0,0
BRDA:242,17,1,0
BRDA:253,18,0,0
BRDA:253,18,1,0
BRDA:270,19,0,0
BRDA:270,19,1,0
BRDA:283,20,0,0
BRDA:283,20,1,0
BRDA:309,21,0,0
BRDA:309,21,1,0
BRDA:352,22,0,0
BRDA:352,22,1,0
BRDA:364,23,0,0
BRDA:364,23,1,0
BRDA:399,24,0,0
BRDA:399,24,1,0
BRDA:415,25,0,0
BRDA:415,25,1,0
BRDA:415,26,0,0
BRDA:415,26,1,0
BRF:53
BRH:0
end_of_record
TN:
SF:src\components\team\TeamMembers.tsx
FN:30,(anonymous_0)
FN:47,(anonymous_1)
FN:52,(anonymous_2)
FN:62,(anonymous_3)
FN:78,(anonymous_4)
FN:109,(anonymous_5)
FN:119,(anonymous_6)
FN:132,(anonymous_7)
FN:139,(anonymous_8)
FN:150,(anonymous_9)
FN:158,(anonymous_10)
FN:164,(anonymous_11)
FN:175,(anonymous_12)
FN:188,(anonymous_13)
FN:198,(anonymous_14)
FN:208,(anonymous_15)
FN:215,(anonymous_16)
FN:245,(anonymous_17)
FN:250,(anonymous_18)
FN:260,(anonymous_19)
FN:268,(anonymous_20)
FN:276,(anonymous_21)
FN:287,(anonymous_22)
FN:302,(anonymous_23)
FN:359,(anonymous_24)
FN:369,(anonymous_25)
FN:382,(anonymous_26)
FN:387,(anonymous_27)
FN:403,(anonymous_28)
FN:407,(anonymous_29)
FN:428,(anonymous_30)
FNF:31
FNH:0
FNDA:0,(anonymous_0)
FNDA:0,(anonymous_1)
FNDA:0,(anonymous_2)
FNDA:0,(anonymous_3)
FNDA:0,(anonymous_4)
FNDA:0,(anonymous_5)
FNDA:0,(anonymous_6)
FNDA:0,(anonymous_7)
FNDA:0,(anonymous_8)
FNDA:0,(anonymous_9)
FNDA:0,(anonymous_10)
FNDA:0,(anonymous_11)
FNDA:0,(anonymous_12)
FNDA:0,(anonymous_13)
FNDA:0,(anonymous_14)
FNDA:0,(anonymous_15)
FNDA:0,(anonymous_16)
FNDA:0,(anonymous_17)
FNDA:0,(anonymous_18)
FNDA:0,(anonymous_19)
FNDA:0,(anonymous_20)
FNDA:0,(anonymous_21)
FNDA:0,(anonymous_22)
FNDA:0,(anonymous_23)
FNDA:0,(anonymous_24)
FNDA:0,(anonymous_25)
FNDA:0,(anonymous_26)
FNDA:0,(anonymous_27)
FNDA:0,(anonymous_28)
FNDA:0,(anonymous_29)
FNDA:0,(anonymous_30)
DA:30,0
DA:35,0
DA:36,0
DA:37,0
DA:38,0
DA:39,0
DA:40,0
DA:41,0
DA:42,0
DA:43,0
DA:44,0
DA:45,0
DA:47,0
DA:48,0
DA:49,0
DA:52,0
DA:53,0
DA:54,0
DA:55,0
DA:57,0
DA:58,0
DA:62,0
DA:63,0
DA:67,0
DA:69,0
DA:71,0
DA:75,0
DA:76,0
DA:78,0
DA:79,0
DA:80,0
DA:81,0
DA:84,0
DA:85,0
DA:86,0
DA:95,0
DA:96,0
DA:97,0
DA:98,0
DA:99,0
DA:100,0
DA:102,0
DA:103,0
DA:105,0
DA:109,0
DA:110,0
DA:111,0
DA:119,0
DA:124,0
DA:132,0
DA:139,0
DA:140,0
DA:141,0
DA:142,0
DA:143,0
DA:145,0
DA:146,0
DA:150,0
DA:151,0
DA:158,0
DA:164,0
DA:165,0
DA:166,0
DA:167,0
DA:168,0
DA:170,0
DA:171,0
DA:175,0
DA:176,0
DA:177,0
DA:178,0
DA:184,0
DA:188,0
DA:189,0
DA:190,0
DA:191,0
DA:192,0
DA:193,0
DA:194,0
DA:198,0
DA:199,0
DA:200,0
DA:201,0
DA:202,0
DA:203,0
DA:204,0
DA:208,0
DA:209,0
DA:210,0
DA:211,0
DA:212,0
DA:215,0
DA:216,0
DA:245,0
DA:251,0
DA:252,0
DA:261,0
DA:262,0
DA:269,0
DA:270,0
DA:277,0
DA:278,0
DA:288,0
DA:289,0
DA:302,0
DA:303,0
DA:331,0
DA:332,0
DA:340,0
DA:359,0
DA:369,0
DA:382,0
DA:387,0
DA:404,0
DA:407,0
DA:428,0
DA:444,0
LF:117
LH:0
BRDA:75,0,0,0
BRDA:75,0,1,0
BRDA:76,1,0,0
BRDA:76,1,1,0
BRDA:79,2,0,0
BRDA:79,2,1,0
BRDA:92,3,0,0
BRDA:92,3,1,0
BRDA:103,4,0,0
BRDA:103,4,1,0
BRDA:110,5,0,0
BRDA:110,5,1,0
BRDA:126,6,0,0
BRDA:126,6,1,0
BRDA:153,7,0,0
BRDA:153,7,1,0
BRDA:189,8,0,0
BRDA:189,8,1,0
BRDA:189,8,2,0
BRDA:189,8,3,0
BRDA:189,8,4,0
BRDA:199,9,0,0
BRDA:199,9,1,0
BRDA:199,9,2,0
BRDA:199,9,3,0
BRDA:199,9,4,0
BRDA:209,10,0,0
BRDA:209,10,1,0
BRDA:210,11,0,0
BRDA:210,11,1,0
BRDA:211,12,0,0
BRDA:211,12,1,0
BRDA:211,13,0,0
BRDA:211,13,1,0
BRDA:221,14,0,0
BRDA:221,14,1,0
BRDA:226,15,0,0
BRDA:226,15,1,0
BRDA:227,16,0,0
BRDA:227,16,1,0
BRDA:242,17,0,0
BRDA:242,17,1,0
BRDA:244,18,0,0
BRDA:244,18,1,0
BRDA:257,19,0,0
BRDA:257,19,1,0
BRDA:257,19,2,0
BRDA:257,19,3,0
BRDA:291,20,0,0
BRDA:291,20,1,0
BRDA:316,21,0,0
BRDA:316,21,1,0
BRDA:331,22,0,0
BRDA:331,22,1,0
BRDA:344,23,0,0
BRDA:344,23,1,0
BRDA:363,24,0,0
BRDA:363,24,1,0
BRDA:378,25,0,0
BRDA:378,25,1,0
BRDA:433,26,0,0
BRDA:433,26,1,0
BRF:62
BRH:0
end_of_record
TN:
SF:src\components\team\TeamSelector.tsx
FN:25,(anonymous_0)
FN:35,(anonymous_1)
FN:39,(anonymous_2)
FN:52,(anonymous_3)
FN:62,(anonymous_4)
FN:72,(anonymous_5)
FN:74,(anonymous_6)
FN:137,(anonymous_7)
FN:162,(anonymous_8)
FN:166,(anonymous_9)
FN:171,(anonymous_10)
FN:179,(anonymous_11)
FN:192,(anonymous_12)
FN:233,(anonymous_13)
FNF:14
FNH:0
FNDA:0,(anonymous_0)
FNDA:0,(anonymous_1)
FNDA:0,(anonymous_2)
FNDA:0,(anonymous_3)
FNDA:0,(anonymous_4)
FNDA:0,(anonymous_5)
FNDA:0,(anonymous_6)
FNDA:0,(anonymous_7)
FNDA:0,(anonymous_8)
FNDA:0,(anonymous_9)
FNDA:0,(anonymous_10)
FNDA:0,(anonymous_11)
FNDA:0,(anonymous_12)
FNDA:0,(anonymous_13)
DA:25,0
DA:30,0
DA:31,0
DA:32,0
DA:33,0
DA:35,0
DA:36,0
DA:39,0
DA:40,0
DA:41,0
DA:42,0
DA:43,0
DA:45,0
DA:46,0
DA:48,0
DA:52,0
DA:53,0
DA:54,0
DA:55,0
DA:56,0
DA:57,0
DA:58,0
DA:62,0
DA:63,0
DA:64,0
DA:65,0
DA:66,0
DA:67,0
DA:68,0
DA:72,0
DA:73,0
DA:74,0
DA:137,0
DA:138,0
DA:139,0
DA:140,0
DA:141,0
DA:142,0
DA:143,0
DA:147,0
DA:148,0
DA:156,0
DA:162,0
DA:166,0
DA:172,0
DA:173,0
DA:180,0
DA:181,0
DA:192,0
DA:233,0
DA:242,0
LF:51
LH:0
BRDA:53,0,0,0
BRDA:53,0,1,0
BRDA:53,0,2,0
BRDA:53,0,3,0
BRDA:53,0,4,0
BRDA:63,1,0,0
BRDA:63,1,1,0
BRDA:63,1,2,0
BRDA:63,1,3,0
BRDA:63,1,4,0
BRDA:77,2,0,0
BRDA:77,2,1,0
BRDA:91,3,0,0
BRDA:91,3,1,0
BRDA:138,4,0,0
BRDA:138,4,1,0
BRDA:138,4,2,0
BRDA:138,4,3,0
BRDA:138,4,4,0
BRDA:147,5,0,0
BRDA:147,5,1,0
BRDA:195,6,0,0
BRDA:195,6,1,0
BRDA:216,7,0,0
BRDA:216,7,1,0
BRF:25
BRH:0
end_of_record
TN:
SF:src\navigation\AppNavigator.tsx
FN:32,AppNavigator
FN:58,(anonymous_1)
FN:136,ProfileButton
FN:144,(anonymous_3)
FNF:4
FNH:0
FNDA:0,AppNavigator
FNDA:0,(anonymous_1)
FNDA:0,ProfileButton
FNDA:0,(anonymous_3)
DA:19,0
DA:21,0
DA:33,0
DA:34,0
DA:36,0
DA:59,0
DA:137,0
DA:139,0
DA:144,0
LF:9
LH:0
BRDA:50,0,0,0
BRDA:50,0,1,0
BRF:2
BRH:0
end_of_record
TN:
SF:src\screens\AnalyticsScreen.tsx
FN:48,AnalyticsScreen
FN:64,(anonymous_1)
FN:86,(anonymous_2)
FN:92,(anonymous_3)
FN:97,(anonymous_4)
FN:98,(anonymous_5)
FN:100,(anonymous_6)
FN:110,(anonymous_7)
FN:129,(anonymous_8)
FN:134,(anonymous_9)
FN:139,(anonymous_10)
FN:146,(anonymous_11)
FN:148,(anonymous_12)
FN:149,(anonymous_13)
FN:154,(anonymous_14)
FN:156,(anonymous_15)
FN:157,(anonymous_16)
FN:169,(anonymous_17)
FN:170,(anonymous_18)
FN:203,(anonymous_19)
FN:209,(anonymous_20)
FN:225,(anonymous_21)
FN:225,(anonymous_22)
FN:233,(anonymous_23)
FN:233,(anonymous_24)
FN:241,(anonymous_25)
FN:241,(anonymous_26)
FN:372,(anonymous_27)
FN:410,(anonymous_28)
FN:428,(anonymous_29)
FN:430,(anonymous_30)
FN:451,(anonymous_31)
FN:457,(anonymous_32)
FN:463,(anonymous_33)
FN:469,(anonymous_34)
FN:475,(anonymous_35)
FN:481,(anonymous_36)
FNF:37
FNH:0
FNDA:0,AnalyticsScreen
FNDA:0,(anonymous_1)
FNDA:0,(anonymous_2)
FNDA:0,(anonymous_3)
FNDA:0,(anonymous_4)
FNDA:0,(anonymous_5)
FNDA:0,(anonymous_6)
FNDA:0,(anonymous_7)
FNDA:0,(anonymous_8)
FNDA:0,(anonymous_9)
FNDA:0,(anonymous_10)
FNDA:0,(anonymous_11)
FNDA:0,(anonymous_12)
FNDA:0,(anonymous_13)
FNDA:0,(anonymous_14)
FNDA:0,(anonymous_15)
FNDA:0,(anonymous_16)
FNDA:0,(anonymous_17)
FNDA:0,(anonymous_18)
FNDA:0,(anonymous_19)
FNDA:0,(anonymous_20)
FNDA:0,(anonymous_21)
FNDA:0,(anonymous_22)
FNDA:0,(anonymous_23)
FNDA:0,(anonymous_24)
FNDA:0,(anonymous_25)
FNDA:0,(anonymous_26)
FNDA:0,(anonymous_27)
FNDA:0,(anonymous_28)
FNDA:0,(anonymous_29)
FNDA:0,(anonymous_30)
FNDA:0,(anonymous_31)
FNDA:0,(anonymous_32)
FNDA:0,(anonymous_33)
FNDA:0,(anonymous_34)
FNDA:0,(anonymous_35)
FNDA:0,(anonymous_36)
DA:42,0
DA:49,0
DA:50,0
DA:51,0
DA:52,0
DA:53,0
DA:54,0
DA:55,0
DA:56,0
DA:57,0
DA:60,0
DA:61,0
DA:62,0
DA:64,0
DA:65,0
DA:67,0
DA:68,0
DA:70,0
DA:75,0
DA:76,0
DA:78,0
DA:79,0
DA:81,0
DA:82,0
DA:86,0
DA:87,0
DA:88,0
DA:91,0
DA:93,0
DA:97,0
DA:98,0
DA:99,0
DA:100,0
DA:101,0
DA:102,0
DA:104,0
DA:105,0
DA:110,0
DA:111,0
DA:112,0
DA:113,0
DA:116,0
DA:117,0
DA:118,0
DA:119,0
DA:120,0
DA:122,0
DA:123,0
DA:125,0
DA:129,0
DA:130,0
DA:131,0
DA:134,0
DA:135,0
DA:139,0
DA:140,0
DA:142,0
DA:144,0
DA:146,0
DA:148,0
DA:149,0
DA:154,0
DA:156,0
DA:157,0
DA:164,0
DA:169,0
DA:170,0
DA:181,0
DA:182,0
DA:190,0
DA:203,0
DA:209,0
DA:225,0
DA:233,0
DA:241,0
DA:372,0
DA:410,0
DA:428,0
DA:430,0
DA:451,0
DA:457,0
DA:463,0
DA:469,0
DA:475,0
DA:481,0
DA:490,0
LF:86
LH:0
BRDA:64,0,0,0
BRDA:65,1,0,0
BRDA:65,1,1,0
BRDA:68,2,0,0
BRDA:68,2,1,0
BRDA:99,3,0,0
BRDA:99,3,1,0
BRDA:101,4,0,0
BRDA:101,4,1,0
BRDA:111,5,0,0
BRDA:111,5,1,0
BRDA:140,6,0,0
BRDA:140,6,1,0
BRDA:149,7,0,0
BRDA:157,8,0,0
BRDA:169,9,0,0
BRDA:170,10,0,0
BRDA:181,11,0,0
BRDA:181,11,1,0
BRDA:181,12,0,0
BRDA:181,12,1,0
BRDA:215,13,0,0
BRDA:215,13,1,0
BRDA:222,14,0,0
BRDA:222,14,1,0
BRDA:230,15,0,0
BRDA:230,15,1,0
BRDA:238,16,0,0
BRDA:238,16,1,0
BRDA:252,17,0,0
BRDA:252,17,1,0
BRDA:255,18,0,0
BRDA:255,18,1,0
BRDA:297,19,0,0
BRDA:297,19,1,0
BRDA:299,20,0,0
BRDA:299,20,1,0
BRDA:302,21,0,0
BRDA:302,21,1,0
BRDA:335,22,0,0
BRDA:335,22,1,0
BRDA:347,23,0,0
BRDA:347,23,1,0
BRDA:367,24,0,0
BRDA:367,24,1,0
BRDA:376,25,0,0
BRDA:376,25,1,0
BRDA:379,26,0,0
BRDA:379,26,1,0
BRDA:398,27,0,0
BRDA:398,27,1,0
BRDA:410,28,0,0
BRDA:420,29,0,0
BRDA:420,29,1,0
BRDA:420,29,2,0
BRDA:478,30,0,0
BRDA:478,30,1,0
BRF:57
BRH:0
end_of_record
TN:
SF:src\screens\AuthScreen.tsx
FN:10,AuthScreen
FN:50,(anonymous_1)
FN:59,(anonymous_2)
FNF:3
FNH:0
FNDA:0,AuthScreen
FNDA:0,(anonymous_1)
FNDA:0,(anonymous_2)
DA:11,0
DA:13,0
DA:50,0
DA:59,0
DA:71,0
LF:5
LH:0
BRF:0
BRH:0
end_of_record
TN:
SF:src\screens\FeatureDemo.tsx
FN:22,FeatureDemo
FN:125,(anonymous_1)
FN:135,(anonymous_2)
FN:138,(anonymous_3)
FN:139,(anonymous_4)
FN:139,(anonymous_5)
FN:143,(anonymous_6)
FN:148,(anonymous_7)
FN:183,(anonymous_8)
FN:190,(anonymous_9)
FN:209,(anonymous_10)
FN:213,(anonymous_11)
FN:218,(anonymous_12)
FN:219,(anonymous_13)
FN:220,(anonymous_14)
FN:233,(anonymous_15)
FN:236,(anonymous_16)
FN:239,(anonymous_17)
FN:248,(anonymous_18)
FN:249,(anonymous_19)
FN:252,(anonymous_20)
FNF:21
FNH:0
FNDA:0,FeatureDemo
FNDA:0,(anonymous_1)
FNDA:0,(anonymous_2)
FNDA:0,(anonymous_3)
FNDA:0,(anonymous_4)
FNDA:0,(anonymous_5)
FNDA:0,(anonymous_6)
FNDA:0,(anonymous_7)
FNDA:0,(anonymous_8)
FNDA:0,(anonymous_9)
FNDA:0,(anonymous_10)
FNDA:0,(anonymous_11)
FNDA:0,(anonymous_12)
FNDA:0,(anonymous_13)
FNDA:0,(anonymous_14)
FNDA:0,(anonymous_15)
FNDA:0,(anonymous_16)
FNDA:0,(anonymous_17)
FNDA:0,(anonymous_18)
FNDA:0,(anonymous_19)
FNDA:0,(anonymous_20)
DA:24,0
DA:37,0
DA:47,0
DA:50,0
DA:61,0
DA:62,0
DA:65,0
DA:122,0
DA:125,0
DA:126,0
DA:135,0
DA:138,0
DA:139,0
DA:143,0
DA:144,0
DA:145,0
DA:148,0
DA:156,0
DA:183,0
DA:190,0
DA:209,0
DA:214,0
DA:219,0
DA:220,0
DA:233,0
DA:237,0
DA:240,0
DA:248,0
DA:250,0
DA:253,0
DA:260,0
LF:31
LH:0
BRDA:145,0,0,0
BRDA:145,0,1,0
BRF:2
BRH:0
end_of_record
TN:
SF:src\screens\HomeScreen.tsx
FN:29,HomeScreen
FN:35,(anonymous_1)
FN:36,(anonymous_2)
FN:41,(anonymous_3)
FN:45,(anonymous_4)
FN:49,(anonymous_5)
FN:53,(anonymous_6)
FN:65,(anonymous_7)
FN:71,(anonymous_8)
FN:79,(anonymous_9)
FN:87,(anonymous_10)
FN:97,(anonymous_11)
FN:107,(anonymous_12)
FN:141,(anonymous_13)
FN:149,(anonymous_14)
FN:157,(anonymous_15)
FN:171,(anonymous_16)
FN:220,(anonymous_17)
FN:242,(anonymous_18)
FN:260,(anonymous_19)
FNF:20
FNH:0
FNDA:0,HomeScreen
FNDA:0,(anonymous_1)
FNDA:0,(anonymous_2)
FNDA:0,(anonymous_3)
FNDA:0,(anonymous_4)
FNDA:0,(anonymous_5)
FNDA:0,(anonymous_6)
FNDA:0,(anonymous_7)
FNDA:0,(anonymous_8)
FNDA:0,(anonymous_9)
FNDA:0,(anonymous_10)
FNDA:0,(anonymous_11)
FNDA:0,(anonymous_12)
FNDA:0,(anonymous_13)
FNDA:0,(anonymous_14)
FNDA:0,(anonymous_15)
FNDA:0,(anonymous_16)
FNDA:0,(anonymous_17)
FNDA:0,(anonymous_18)
FNDA:0,(anonymous_19)
DA:30,0
DA:31,0
DA:32,0
DA:35,0
DA:36,0
DA:37,0
DA:41,0
DA:42,0
DA:45,0
DA:46,0
DA:49,0
DA:50,0
DA:53,0
DA:54,0
DA:65,0
DA:71,0
DA:72,0
DA:73,0
DA:75,0
DA:79,0
DA:80,0
DA:87,0
DA:88,0
DA:89,0
DA:90,0
DA:91,0
DA:92,0
DA:93,0
DA:97,0
DA:98,0
DA:99,0
DA:100,0
DA:101,0
DA:102,0
DA:103,0
DA:107,0
DA:108,0
DA:141,0
DA:149,0
DA:157,0
DA:171,0
DA:172,0
DA:182,0
DA:220,0
DA:242,0
DA:260,0
DA:276,0
LF:47
LH:0
BRDA:37,0,0,0
BRDA:37,0,1,0
BRDA:88,1,0,0
BRDA:88,1,1,0
BRDA:88,1,2,0
BRDA:88,1,3,0
BRDA:88,1,4,0
BRDA:98,2,0,0
BRDA:98,2,1,0
BRDA:98,2,2,0
BRDA:98,2,3,0
BRDA:98,2,4,0
BRDA:122,3,0,0
BRDA:122,3,1,0
BRDA:162,4,0,0
BRDA:162,4,1,0
BRDA:185,5,0,0
BRDA:185,5,1,0
BRDA:197,6,0,0
BRDA:197,6,1,0
BRDA:197,6,2,0
BRDA:214,7,0,0
BRDA:214,7,1,0
BRDA:254,8,0,0
BRDA:254,8,1,0
BRDA:254,9,0,0
BRDA:254,9,1,0
BRF:27
BRH:0
end_of_record
TN:
SF:src\screens\ProfileScreen.tsx
FN:16,ProfileScreen
FN:20,(anonymous_1)
FN:29,(anonymous_2)
FN:46,(anonymous_3)
FN:55,(anonymous_4)
FN:64,(anonymous_5)
FN:114,(anonymous_6)
FN:120,(anonymous_7)
FN:135,(anonymous_8)
FN:136,(anonymous_9)
FN:149,(anonymous_10)
FN:150,(anonymous_11)
FN:162,(anonymous_12)
FN:163,(anonymous_13)
FN:217,(anonymous_14)
FN:223,(anonymous_15)
FNF:16
FNH:0
FNDA:0,ProfileScreen
FNDA:0,(anonymous_1)
FNDA:0,(anonymous_2)
FNDA:0,(anonymous_3)
FNDA:0,(anonymous_4)
FNDA:0,(anonymous_5)
FNDA:0,(anonymous_6)
FNDA:0,(anonymous_7)
FNDA:0,(anonymous_8)
FNDA:0,(anonymous_9)
FNDA:0,(anonymous_10)
FNDA:0,(anonymous_11)
FNDA:0,(anonymous_12)
FNDA:0,(anonymous_13)
FNDA:0,(anonymous_14)
FNDA:0,(anonymous_15)
DA:17,0
DA:18,0
DA:20,0
DA:21,0
DA:30,0
DA:31,0
DA:34,0
DA:46,0
DA:47,0
DA:48,0
DA:49,0
DA:51,0
DA:55,0
DA:56,0
DA:57,0
DA:58,0
DA:60,0
DA:64,0
DA:65,0
DA:66,0
DA:74,0
DA:115,0
DA:121,0
DA:135,0
DA:137,0
DA:149,0
DA:151,0
DA:162,0
DA:164,0
DA:217,0
DA:223,0
DA:244,0
LF:32
LH:0
BRDA:65,0,0,0
BRDA:65,0,1,0
BRDA:88,1,0,0
BRDA:88,1,1,0
BRDA:88,1,2,0
BRDA:94,2,0,0
BRDA:94,2,1,0
BRDA:113,3,0,0
BRDA:113,3,1,0
BRDA:116,4,0,0
BRDA:116,4,1,0
BRDA:117,5,0,0
BRDA:117,5,1,0
BRDA:124,6,0,0
BRDA:124,6,1,0
BRDA:127,7,0,0
BRDA:127,7,1,0
BRDA:137,8,0,0
BRDA:137,8,1,0
BRDA:145,9,0,0
BRDA:145,9,1,0
BRDA:158,10,0,0
BRDA:158,10,1,0
BRDA:184,11,0,0
BRDA:184,11,1,0
BRDA:192,12,0,0
BRDA:192,12,1,0
BRF:27
BRH:0
end_of_record
TN:
SF:src\screens\ScriptEditorScreen.tsx
FN:34,ScriptEditorScreen
FN:46,(anonymous_1)
FN:57,(anonymous_2)
FN:58,(anonymous_3)
FN:73,(anonymous_4)
FN:82,(anonymous_5)
FN:87,(anonymous_6)
FN:92,(anonymous_7)
FN:113,(anonymous_8)
FN:127,(anonymous_9)
FN:141,(anonymous_10)
FN:187,(anonymous_11)
FN:195,(anonymous_12)
FN:219,(anonymous_13)
FNF:14
FNH:0
FNDA:0,ScriptEditorScreen
FNDA:0,(anonymous_1)
FNDA:0,(anonymous_2)
FNDA:0,(anonymous_3)
FNDA:0,(anonymous_4)
FNDA:0,(anonymous_5)
FNDA:0,(anonymous_6)
FNDA:0,(anonymous_7)
FNDA:0,(anonymous_8)
FNDA:0,(anonymous_9)
FNDA:0,(anonymous_10)
FNDA:0,(anonymous_11)
FNDA:0,(anonymous_12)
FNDA:0,(anonymous_13)
DA:35,0
DA:36,0
DA:37,0
DA:39,0
DA:41,0
DA:42,0
DA:43,0
DA:44,0
DA:46,0
DA:47,0
DA:48,0
DA:49,0
DA:50,0
DA:51,0
DA:52,0
DA:57,0
DA:58,0
DA:59,0
DA:60,0
DA:63,0
DA:65,0
DA:73,0
DA:79,0
DA:82,0
DA:83,0
DA:84,0
DA:87,0
DA:88,0
DA:89,0
DA:92,0
DA:93,0
DA:94,0
DA:95,0
DA:98,0
DA:99,0
DA:100,0
DA:103,0
DA:104,0
DA:106,0
DA:109,0
DA:110,0
DA:113,0
DA:114,0
DA:115,0
DA:116,0
DA:119,0
DA:120,0
DA:128,0
DA:129,0
DA:130,0
DA:136,0
DA:137,0
DA:141,0
DA:142,0
DA:147,0
DA:148,0
DA:149,0
DA:150,0
DA:153,0
DA:187,0
DA:195,0
DA:219,0
DA:253,0
LF:63
LH:0
BRDA:37,0,0,0
BRDA:37,0,1,0
BRDA:47,1,0,0
BRDA:47,1,1,0
BRDA:49,2,0,0
BRDA:49,2,1,0
BRDA:59,3,0,0
BRDA:59,3,1,0
BRDA:93,4,0,0
BRDA:93,4,1,0
BRDA:98,5,0,0
BRDA:98,5,1,0
BRDA:103,6,0,0
BRDA:103,6,1,0
BRDA:103,7,0,0
BRDA:103,7,1,0
BRDA:114,8,0,0
BRDA:114,8,1,0
BRDA:119,9,0,0
BRDA:119,9,1,0
BRDA:129,10,0,0
BRDA:129,10,1,0
BRDA:136,11,0,0
BRDA:136,11,1,0
BRDA:156,12,0,0
BRDA:156,12,1,0
BRDA:230,13,0,0
BRDA:230,13,1,0
BRDA:232,14,0,0
BRDA:232,14,1,0
BRDA:236,15,0,0
BRDA:236,15,1,0
BRF:32
BRH:0
end_of_record
TN:
SF:src\screens\SessionDetailScreen.tsx
FN:32,SessionDetailScreen
FN:37,(anonymous_1)
FN:41,(anonymous_2)
FN:53,(anonymous_3)
FN:59,(anonymous_4)
FN:85,(anonymous_5)
FN:86,(anonymous_6)
FN:173,(anonymous_7)
FN:175,(anonymous_8)
FN:176,(anonymous_9)
FN:197,(anonymous_10)
FNF:11
FNH:0
FNDA:0,SessionDetailScreen
FNDA:0,(anonymous_1)
FNDA:0,(anonymous_2)
FNDA:0,(anonymous_3)
FNDA:0,(anonymous_4)
FNDA:0,(anonymous_5)
FNDA:0,(anonymous_6)
FNDA:0,(anonymous_7)
FNDA:0,(anonymous_8)
FNDA:0,(anonymous_9)
FNDA:0,(anonymous_10)
DA:22,0
DA:33,0
DA:34,0
DA:35,0
DA:37,0
DA:38,0
DA:41,0
DA:42,0
DA:43,0
DA:44,0
DA:45,0
DA:47,0
DA:49,0
DA:53,0
DA:54,0
DA:55,0
DA:56,0
DA:59,0
DA:60,0
DA:63,0
DA:64,0
DA:72,0
DA:73,0
DA:80,0
DA:85,0
DA:86,0
DA:97,0
DA:173,0
DA:175,0
DA:176,0
DA:198,0
DA:257,0
LF:32
LH:0
BRDA:63,0,0,0
BRDA:63,0,1,0
BRDA:72,1,0,0
BRDA:72,1,1,0
BRDA:85,2,0,0
BRDA:86,3,0,0
BRDA:165,4,0,0
BRDA:165,4,1,0
BRDA:165,4,2,0
BRDA:176,5,0,0
BRDA:191,6,0,0
BRDA:191,6,1,0
BRDA:191,6,2,0
BRDA:207,7,0,0
BRDA:207,7,1,0
BRF:15
BRH:0
end_of_record
TN:
SF:src\screens\SignInScreen.tsx
FN:24,SignInScreen
FN:33,(anonymous_1)
FN:52,(anonymous_2)
FN:78,(anonymous_3)
FN:93,(anonymous_4)
FN:113,(anonymous_5)
FN:125,(anonymous_6)
FN:157,(anonymous_7)
FNF:8
FNH:0
FNDA:0,SignInScreen
FNDA:0,(anonymous_1)
FNDA:0,(anonymous_2)
FNDA:0,(anonymous_3)
FNDA:0,(anonymous_4)
FNDA:0,(anonymous_5)
FNDA:0,(anonymous_6)
FNDA:0,(anonymous_7)
DA:25,0
DA:26,0
DA:28,0
DA:29,0
DA:30,0
DA:31,0
DA:33,0
DA:34,0
DA:36,0
DA:37,0
DA:38,0
DA:39,0
DA:42,0
DA:43,0
DA:44,0
DA:45,0
DA:48,0
DA:49,0
DA:52,0
DA:53,0
DA:55,0
DA:56,0
DA:59,0
DA:67,0
DA:78,0
DA:94,0
DA:95,0
DA:114,0
DA:115,0
DA:125,0
DA:157,0
DA:171,0
LF:32
LH:0
BRDA:36,0,0,0
BRDA:36,0,1,0
BRDA:38,1,0,0
BRDA:38,1,1,0
BRDA:42,2,0,0
BRDA:42,2,1,0
BRDA:44,3,0,0
BRDA:44,3,1,0
BRDA:53,4,0,0
BRDA:53,4,1,0
BRDA:61,5,0,0
BRDA:61,5,1,0
BRDA:70,6,0,0
BRDA:70,6,1,0
BRDA:95,7,0,0
BRDA:95,7,1,0
BRDA:104,8,0,0
BRDA:104,8,1,0
BRDA:115,9,0,0
BRDA:115,9,1,0
BRDA:124,10,0,0
BRDA:124,10,1,0
BRDA:129,11,0,0
BRDA:129,11,1,0
BRDA:135,12,0,0
BRDA:135,12,1,0
BRDA:148,13,0,0
BRDA:148,13,1,0
BRF:28
BRH:0
end_of_record
TN:
SF:src\screens\SignUpScreen.tsx
FN:24,SignUpScreen
FN:38,(anonymous_1)
FN:67,(anonymous_2)
FN:82,(anonymous_3)
FN:83,(anonymous_4)
FN:85,(anonymous_5)
FN:100,(anonymous_6)
FN:115,(anonymous_7)
FN:131,(anonymous_8)
FN:148,(anonymous_9)
FN:157,(anonymous_10)
FN:170,(anonymous_11)
FN:179,(anonymous_12)
FN:211,(anonymous_13)
FNF:14
FNH:0
FNDA:0,SignUpScreen
FNDA:0,(anonymous_1)
FNDA:0,(anonymous_2)
FNDA:0,(anonymous_3)
FNDA:0,(anonymous_4)
FNDA:0,(anonymous_5)
FNDA:0,(anonymous_6)
FNDA:0,(anonymous_7)
FNDA:0,(anonymous_8)
FNDA:0,(anonymous_9)
FNDA:0,(anonymous_10)
FNDA:0,(anonymous_11)
FNDA:0,(anonymous_12)
FNDA:0,(anonymous_13)
DA:25,0
DA:26,0
DA:28,0
DA:34,0
DA:35,0
DA:36,0
DA:38,0
DA:39,0
DA:41,0
DA:42,0
DA:45,0
DA:46,0
DA:47,0
DA:48,0
DA:51,0
DA:52,0
DA:53,0
DA:54,0
DA:57,0
DA:58,0
DA:59,0
DA:60,0
DA:63,0
DA:64,0
DA:67,0
DA:68,0
DA:70,0
DA:71,0
DA:74,0
DA:82,0
DA:83,0
DA:84,0
DA:85,0
DA:89,0
DA:100,0
DA:115,0
DA:131,0
DA:148,0
DA:157,0
DA:170,0
DA:179,0
DA:211,0
DA:225,0
LF:43
LH:0
BRDA:41,0,0,0
BRDA:41,0,1,0
BRDA:45,1,0,0
BRDA:45,1,1,0
BRDA:47,2,0,0
BRDA:47,2,1,0
BRDA:51,3,0,0
BRDA:51,3,1,0
BRDA:53,4,0,0
BRDA:53,4,1,0
BRDA:57,5,0,0
BRDA:57,5,1,0
BRDA:59,6,0,0
BRDA:59,6,1,0
BRDA:68,7,0,0
BRDA:68,7,1,0
BRDA:76,8,0,0
BRDA:76,8,1,0
BRDA:84,9,0,0
BRDA:84,9,1,0
BRDA:92,10,0,0
BRDA:92,10,1,0
BRDA:122,11,0,0
BRDA:122,11,1,0
BRDA:139,12,0,0
BRDA:139,12,1,0
BRDA:156,13,0,0
BRDA:156,13,1,0
BRDA:161,14,0,0
BRDA:161,14,1,0
BRDA:178,15,0,0
BRDA:178,15,1,0
BRDA:183,16,0,0
BRDA:183,16,1,0
BRDA:189,17,0,0
BRDA:189,17,1,0
BRDA:202,18,0,0
BRDA:202,18,1,0
BRF:38
BRH:0
end_of_record
TN:
SF:src\screens\TeamManagementScreen.tsx
FN:20,(anonymous_0)
FN:43,(anonymous_1)
FN:47,(anonymous_2)
FN:53,(anonymous_3)
FN:70,(anonymous_4)
FN:81,(anonymous_5)
FN:114,(anonymous_6)
FN:167,(anonymous_7)
FN:172,(anonymous_8)
FN:193,(anonymous_9)
FN:216,(anonymous_10)
FNF:11
FNH:0
FNDA:0,(anonymous_0)
FNDA:0,(anonymous_1)
FNDA:0,(anonymous_2)
FNDA:0,(anonymous_3)
FNDA:0,(anonymous_4)
FNDA:0,(anonymous_5)
FNDA:0,(anonymous_6)
FNDA:0,(anonymous_7)
FNDA:0,(anonymous_8)
FNDA:0,(anonymous_9)
FNDA:0,(anonymous_10)
DA:20,0
DA:21,0
DA:22,0
DA:25,0
DA:27,0
DA:28,0
DA:29,0
DA:30,0
DA:31,0
DA:32,0
DA:33,0
DA:34,0
DA:35,0
DA:37,0
DA:43,0
DA:44,0
DA:47,0
DA:48,0
DA:49,0
DA:53,0
DA:54,0
DA:56,0
DA:57,0
DA:60,0
DA:61,0
DA:64,0
DA:66,0
DA:70,0
DA:71,0
DA:73,0
DA:74,0
DA:75,0
DA:77,0
DA:81,0
DA:82,0
DA:84,0
DA:85,0
DA:88,0
DA:89,0
DA:91,0
DA:98,0
DA:99,0
DA:100,0
DA:101,0
DA:104,0
DA:105,0
DA:106,0
DA:108,0
DA:110,0
DA:114,0
DA:115,0
DA:117,0
DA:125,0
DA:139,0
DA:147,0
DA:151,0
DA:155,0
DA:156,0
DA:164,0
DA:167,0
DA:172,0
DA:193,0
DA:216,0
DA:234,0
LF:64
LH:0
BRDA:48,0,0,0
BRDA:48,0,1,0
BRDA:48,1,0,0
BRDA:48,1,1,0
BRDA:54,2,0,0
BRDA:54,2,1,0
BRDA:71,3,0,0
BRDA:71,3,1,0
BRDA:71,4,0,0
BRDA:71,4,1,0
BRDA:82,5,0,0
BRDA:82,5,1,0
BRDA:82,6,0,0
BRDA:82,6,1,0
BRDA:84,7,0,0
BRDA:84,7,1,0
BRDA:93,8,0,0
BRDA:93,8,1,0
BRDA:99,9,0,0
BRDA:99,9,1,0
BRDA:115,10,0,0
BRDA:115,10,1,0
BRDA:115,10,2,0
BRDA:115,10,3,0
BRDA:121,11,0,0
BRDA:121,11,1,0
BRDA:125,12,0,0
BRDA:125,12,1,0
BRDA:125,13,0,0
BRDA:125,13,1,0
BRDA:128,14,0,0
BRDA:128,14,1,0
BRDA:141,15,0,0
BRDA:141,15,1,0
BRDA:151,16,0,0
BRDA:151,16,1,0
BRDA:151,17,0,0
BRDA:151,17,1,0
BRDA:155,18,0,0
BRDA:155,18,1,0
BRDA:169,19,0,0
BRDA:169,19,1,0
BRDA:169,19,2,0
BRDA:223,20,0,0
BRDA:223,20,1,0
BRF:45
BRH:0
end_of_record
TN:
SF:src\screens\TeleprompterScreen.tsx
FN:49,(anonymous_0)
FN:56,(anonymous_1)
FN:67,(anonymous_2)
FN:68,(anonymous_3)
FN:69,(anonymous_4)
FN:70,(anonymous_5)
FN:71,(anonymous_6)
FN:72,(anonymous_7)
FN:130,TeleprompterScreen
FN:275,(anonymous_9)
FN:291,(anonymous_10)
FN:293,(anonymous_11)
FN:302,(anonymous_12)
FN:305,(anonymous_13)
FN:310,(anonymous_14)
FN:317,(anonymous_15)
FN:323,(anonymous_16)
FN:330,(anonymous_17)
FN:335,(anonymous_18)
FN:336,(anonymous_19)
FN:338,(anonymous_20)
FN:340,(anonymous_21)
FN:363,(anonymous_22)
FN:367,(anonymous_23)
FN:382,(anonymous_24)
FN:387,(anonymous_25)
FN:397,(anonymous_26)
FN:401,(anonymous_27)
FN:408,(anonymous_28)
FN:414,(anonymous_29)
FN:418,(anonymous_30)
FN:421,(anonymous_31)
FN:437,(anonymous_32)
FN:442,(anonymous_33)
FN:443,(anonymous_34)
FN:450,(anonymous_35)
FN:456,(anonymous_36)
FN:461,(anonymous_37)
FN:463,(anonymous_38)
FN:466,(anonymous_39)
FN:467,(anonymous_40)
FN:467,(anonymous_41)
FN:470,(anonymous_42)
FN:474,(anonymous_43)
FN:480,(anonymous_44)
FN:484,(anonymous_45)
FN:487,(anonymous_46)
FN:503,(anonymous_47)
FN:507,(anonymous_48)
FN:510,(anonymous_49)
FN:523,(anonymous_50)
FN:528,(anonymous_51)
FN:535,(anonymous_52)
FN:545,(anonymous_53)
FN:558,(anonymous_54)
FN:560,(anonymous_55)
FN:565,(anonymous_56)
FN:578,(anonymous_57)
FN:579,(anonymous_58)
FN:585,(anonymous_59)
FN:589,(anonymous_60)
FN:592,(anonymous_61)
FN:595,(anonymous_62)
FN:596,(anonymous_63)
FN:619,(anonymous_64)
FN:623,(anonymous_65)
FN:629,(anonymous_66)
FN:634,(anonymous_67)
FN:639,(anonymous_68)
FN:652,(anonymous_69)
FN:659,(anonymous_70)
FN:660,(anonymous_71)
FN:668,(anonymous_72)
FN:669,(anonymous_73)
FN:677,(anonymous_74)
FN:680,(anonymous_75)
FN:684,(anonymous_76)
FN:686,(anonymous_77)
FN:689,(anonymous_78)
FN:694,(anonymous_79)
FN:701,(anonymous_80)
FN:718,(anonymous_81)
FN:732,(anonymous_82)
FN:739,(anonymous_83)
FN:743,(anonymous_84)
FN:756,(anonymous_85)
FN:761,(anonymous_86)
FN:766,(anonymous_87)
FN:772,(anonymous_88)
FN:777,(anonymous_89)
FN:783,(anonymous_90)
FN:793,(anonymous_91)
FN:799,(anonymous_92)
FN:803,(anonymous_93)
FN:808,(anonymous_94)
FN:816,(anonymous_95)
FN:821,(anonymous_96)
FN:825,(anonymous_97)
FN:857,(anonymous_98)
FN:863,(anonymous_99)
FN:868,(anonymous_100)
FN:932,(anonymous_101)
FN:941,(anonymous_102)
FN:952,(anonymous_103)
FN:965,(anonymous_104)
FN:967,(anonymous_105)
FN:974,(anonymous_106)
FN:975,(anonymous_107)
FN:982,(anonymous_108)
FN:988,(anonymous_109)
FN:993,(anonymous_110)
FN:996,(anonymous_111)
FN:1008,(anonymous_112)
FN:1011,(anonymous_113)
FN:1017,(anonymous_114)
FN:1114,(anonymous_115)
FN:1123,(anonymous_116)
FN:1132,(anonymous_117)
FN:1141,(anonymous_118)
FN:1184,(anonymous_119)
FN:1200,(anonymous_120)
FN:1213,(anonymous_121)
FN:1258,(anonymous_122)
FN:1270,(anonymous_123)
FN:1274,(anonymous_124)
FN:1277,(anonymous_125)
FN:1281,(anonymous_126)
FN:1284,(anonymous_127)
FN:1299,(anonymous_128)
FN:1303,(anonymous_129)
FN:1310,(anonymous_130)
FN:1313,(anonymous_131)
FN:1319,(anonymous_132)
FN:1332,(anonymous_133)
FN:1336,(anonymous_134)
FN:1356,(anonymous_135)
FN:1373,(anonymous_136)
FN:1383,(anonymous_137)
FN:1390,(anonymous_138)
FN:1401,(anonymous_139)
FN:1447,(anonymous_140)
FN:1466,(anonymous_141)
FN:1467,(anonymous_142)
FN:1476,(anonymous_143)
FN:1477,(anonymous_144)
FN:1478,(anonymous_145)
FN:1488,(anonymous_146)
FN:1508,(anonymous_147)
FN:1509,(anonymous_148)
FN:1520,(anonymous_149)
FN:1529,(anonymous_150)
FN:1530,(anonymous_151)
FN:1538,(anonymous_152)
FN:1558,(anonymous_153)
FN:1561,(anonymous_154)
FN:1564,(anonymous_155)
FN:1574,(anonymous_156)
FN:1575,(anonymous_157)
FN:1579,(anonymous_158)
FN:1589,(anonymous_159)
FN:1603,(anonymous_160)
FN:1607,(anonymous_161)
FN:1612,(anonymous_162)
FN:1613,(anonymous_163)
FN:1614,(anonymous_164)
FN:1642,(anonymous_165)
FN:1652,(anonymous_166)
FNF:167
FNH:0
FNDA:0,(anonymous_0)
FNDA:0,(anonymous_1)
FNDA:0,(anonymous_2)
FNDA:0,(anonymous_3)
FNDA:0,(anonymous_4)
FNDA:0,(anonymous_5)
FNDA:0,(anonymous_6)
FNDA:0,(anonymous_7)
FNDA:0,TeleprompterScreen
FNDA:0,(anonymous_9)
FNDA:0,(anonymous_10)
FNDA:0,(anonymous_11)
FNDA:0,(anonymous_12)
FNDA:0,(anonymous_13)
FNDA:0,(anonymous_14)
FNDA:0,(anonymous_15)
FNDA:0,(anonymous_16)
FNDA:0,(anonymous_17)
FNDA:0,(anonymous_18)
FNDA:0,(anonymous_19)
FNDA:0,(anonymous_20)
FNDA:0,(anonymous_21)
FNDA:0,(anonymous_22)
FNDA:0,(anonymous_23)
FNDA:0,(anonymous_24)
FNDA:0,(anonymous_25)
FNDA:0,(anonymous_26)
FNDA:0,(anonymous_27)
FNDA:0,(anonymous_28)
FNDA:0,(anonymous_29)
FNDA:0,(anonymous_30)
FNDA:0,(anonymous_31)
FNDA:0,(anonymous_32)
FNDA:0,(anonymous_33)
FNDA:0,(anonymous_34)
FNDA:0,(anonymous_35)
FNDA:0,(anonymous_36)
FNDA:0,(anonymous_37)
FNDA:0,(anonymous_38)
FNDA:0,(anonymous_39)
FNDA:0,(anonymous_40)
FNDA:0,(anonymous_41)
FNDA:0,(anonymous_42)
FNDA:0,(anonymous_43)
FNDA:0,(anonymous_44)
FNDA:0,(anonymous_45)
FNDA:0,(anonymous_46)
FNDA:0,(anonymous_47)
FNDA:0,(anonymous_48)
FNDA:0,(anonymous_49)
FNDA:0,(anonymous_50)
FNDA:0,(anonymous_51)
FNDA:0,(anonymous_52)
FNDA:0,(anonymous_53)
FNDA:0,(anonymous_54)
FNDA:0,(anonymous_55)
FNDA:0,(anonymous_56)
FNDA:0,(anonymous_57)
FNDA:0,(anonymous_58)
FNDA:0,(anonymous_59)
FNDA:0,(anonymous_60)
FNDA:0,(anonymous_61)
FNDA:0,(anonymous_62)
FNDA:0,(anonymous_63)
FNDA:0,(anonymous_64)
FNDA:0,(anonymous_65)
FNDA:0,(anonymous_66)
FNDA:0,(anonymous_67)
FNDA:0,(anonymous_68)
FNDA:0,(anonymous_69)
FNDA:0,(anonymous_70)
FNDA:0,(anonymous_71)
FNDA:0,(anonymous_72)
FNDA:0,(anonymous_73)
FNDA:0,(anonymous_74)
FNDA:0,(anonymous_75)
FNDA:0,(anonymous_76)
FNDA:0,(anonymous_77)
FNDA:0,(anonymous_78)
FNDA:0,(anonymous_79)
FNDA:0,(anonymous_80)
FNDA:0,(anonymous_81)
FNDA:0,(anonymous_82)
FNDA:0,(anonymous_83)
FNDA:0,(anonymous_84)
FNDA:0,(anonymous_85)
FNDA:0,(anonymous_86)
FNDA:0,(anonymous_87)
FNDA:0,(anonymous_88)
FNDA:0,(anonymous_89)
FNDA:0,(anonymous_90)
FNDA:0,(anonymous_91)
FNDA:0,(anonymous_92)
FNDA:0,(anonymous_93)
FNDA:0,(anonymous_94)
FNDA:0,(anonymous_95)
FNDA:0,(anonymous_96)
FNDA:0,(anonymous_97)
FNDA:0,(anonymous_98)
FNDA:0,(anonymous_99)
FNDA:0,(anonymous_100)
FNDA:0,(anonymous_101)
FNDA:0,(anonymous_102)
FNDA:0,(anonymous_103)
FNDA:0,(anonymous_104)
FNDA:0,(anonymous_105)
FNDA:0,(anonymous_106)
FNDA:0,(anonymous_107)
FNDA:0,(anonymous_108)
FNDA:0,(anonymous_109)
FNDA:0,(anonymous_110)
FNDA:0,(anonymous_111)
FNDA:0,(anonymous_112)
FNDA:0,(anonymous_113)
FNDA:0,(anonymous_114)
FNDA:0,(anonymous_115)
FNDA:0,(anonymous_116)
FNDA:0,(anonymous_117)
FNDA:0,(anonymous_118)
FNDA:0,(anonymous_119)
FNDA:0,(anonymous_120)
FNDA:0,(anonymous_121)
FNDA:0,(anonymous_122)
FNDA:0,(anonymous_123)
FNDA:0,(anonymous_124)
FNDA:0,(anonymous_125)
FNDA:0,(anonymous_126)
FNDA:0,(anonymous_127)
FNDA:0,(anonymous_128)
FNDA:0,(anonymous_129)
FNDA:0,(anonymous_130)
FNDA:0,(anonymous_131)
FNDA:0,(anonymous_132)
FNDA:0,(anonymous_133)
FNDA:0,(anonymous_134)
FNDA:0,(anonymous_135)
FNDA:0,(anonymous_136)
FNDA:0,(anonymous_137)
FNDA:0,(anonymous_138)
FNDA:0,(anonymous_139)
FNDA:0,(anonymous_140)
FNDA:0,(anonymous_141)
FNDA:0,(anonymous_142)
FNDA:0,(anonymous_143)
FNDA:0,(anonymous_144)
FNDA:0,(anonymous_145)
FNDA:0,(anonymous_146)
FNDA:0,(anonymous_147)
FNDA:0,(anonymous_148)
FNDA:0,(anonymous_149)
FNDA:0,(anonymous_150)
FNDA:0,(anonymous_151)
FNDA:0,(anonymous_152)
FNDA:0,(anonymous_153)
FNDA:0,(anonymous_154)
FNDA:0,(anonymous_155)
FNDA:0,(anonymous_156)
FNDA:0,(anonymous_157)
FNDA:0,(anonymous_158)
FNDA:0,(anonymous_159)
FNDA:0,(anonymous_160)
FNDA:0,(anonymous_161)
FNDA:0,(anonymous_162)
FNDA:0,(anonymous_163)
FNDA:0,(anonymous_164)
FNDA:0,(anonymous_165)
FNDA:0,(anonymous_166)
DA:45,0
DA:48,0
DA:56,0
DA:98,0
DA:100,0
DA:108,0
DA:117,0
DA:131,0
DA:132,0
DA:133,0
DA:134,0
DA:136,0
DA:137,0
DA:138,0
DA:145,0
DA:146,0
DA:147,0
DA:148,0
DA:149,0
DA:150,0
DA:151,0
DA:152,0
DA:155,0
DA:156,0
DA:157,0
DA:160,0
DA:172,0
DA:183,0
DA:184,0
DA:185,0
DA:188,0
DA:199,0
DA:211,0
DA:221,0
DA:224,0
DA:236,0
DA:245,0
DA:246,0
DA:249,0
DA:259,0
DA:266,0
DA:269,0
DA:270,0
DA:273,0
DA:274,0
DA:275,0
DA:278,0
DA:281,0
DA:283,0
DA:284,0
DA:285,0
DA:286,0
DA:287,0
DA:288,0
DA:291,0
DA:293,0
DA:294,0
DA:295,0
DA:296,0
DA:300,0
DA:302,0
DA:305,0
DA:306,0
DA:310,0
DA:311,0
DA:312,0
DA:314,0
DA:317,0
DA:318,0
DA:323,0
DA:324,0
DA:325,0
DA:330,0
DA:331,0
DA:332,0
DA:335,0
DA:338,0
DA:342,0
DA:343,0
DA:344,0
DA:346,0
DA:347,0
DA:349,0
DA:358,0
DA:363,0
DA:364,0
DA:366,0
DA:368,0
DA:369,0
DA:370,0
DA:372,0
DA:378,0
DA:382,0
DA:383,0
DA:384,0
DA:389,0
DA:390,0
DA:394,0
DA:399,0
DA:403,0
DA:408,0
DA:409,0
DA:414,0
DA:415,0
DA:417,0
DA:419,0
DA:421,0
DA:422,0
DA:425,0
DA:427,0
DA:433,0
DA:437,0
DA:438,0
DA:439,0
DA:442,0
DA:445,0
DA:450,0
DA:451,0
DA:456,0
DA:457,0
DA:458,0
DA:463,0
DA:466,0
DA:467,0
DA:470,0
DA:474,0
DA:475,0
DA:480,0
DA:481,0
DA:483,0
DA:485,0
DA:487,0
DA:488,0
DA:491,0
DA:493,0
DA:499,0
DA:503,0
DA:504,0
DA:506,0
DA:508,0
DA:510,0
DA:511,0
DA:515,0
DA:520,0
DA:523,0
DA:524,0
DA:525,0
DA:528,0
DA:529,0
DA:530,0
DA:535,0
DA:536,0
DA:538,0
DA:540,0
DA:541,0
DA:542,0
DA:545,0
DA:546,0
DA:547,0
DA:549,0
DA:555,0
DA:558,0
DA:560,0
DA:565,0
DA:566,0
DA:567,0
DA:568,0
DA:571,0
DA:572,0
DA:573,0
DA:574,0
DA:578,0
DA:579,0
DA:580,0
DA:581,0
DA:585,0
DA:589,0
DA:592,0
DA:593,0
DA:594,0
DA:595,0
DA:596,0
DA:599,0
DA:600,0
DA:601,0
DA:614,0
DA:615,0
DA:619,0
DA:620,0
DA:621,0
DA:622,0
DA:623,0
DA:624,0
DA:625,0
DA:629,0
DA:630,0
DA:631,0
DA:634,0
DA:635,0
DA:636,0
DA:639,0
DA:640,0
DA:641,0
DA:642,0
DA:643,0
DA:645,0
DA:646,0
DA:647,0
DA:652,0
DA:653,0
DA:654,0
DA:655,0
DA:659,0
DA:660,0
DA:665,0
DA:668,0
DA:669,0
DA:674,0
DA:677,0
DA:678,0
DA:679,0
DA:680,0
DA:684,0
DA:685,0
DA:686,0
DA:689,0
DA:690,0
DA:694,0
DA:695,0
DA:696,0
DA:701,0
DA:702,0
DA:703,0
DA:705,0
DA:706,0
DA:711,0
DA:712,0
DA:713,0
DA:718,0
DA:719,0
DA:720,0
DA:732,0
DA:733,0
DA:734,0
DA:739,0
DA:740,0
DA:743,0
DA:744,0
DA:745,0
DA:752,0
DA:756,0
DA:757,0
DA:758,0
DA:761,0
DA:762,0
DA:763,0
DA:766,0
DA:767,0
DA:768,0
DA:772,0
DA:773,0
DA:774,0
DA:777,0
DA:778,0
DA:779,0
DA:783,0
DA:784,0
DA:785,0
DA:786,0
DA:788,0
DA:789,0
DA:793,0
DA:794,0
DA:795,0
DA:799,0
DA:800,0
DA:803,0
DA:804,0
DA:808,0
DA:810,0
DA:811,0
DA:816,0
DA:817,0
DA:821,0
DA:822,0
DA:825,0
DA:826,0
DA:828,0
DA:829,0
DA:831,0
DA:832,0
DA:837,0
DA:839,0
DA:840,0
DA:845,0
DA:847,0
DA:848,0
DA:850,0
DA:851,0
DA:853,0
DA:857,0
DA:859,0
DA:861,0
DA:864,0
DA:869,0
DA:877,0
DA:879,0
DA:884,0
DA:886,0
DA:893,0
DA:904,0
DA:905,0
DA:908,0
DA:914,0
DA:920,0
DA:932,0
DA:941,0
DA:953,0
DA:954,0
DA:957,0
DA:958,0
DA:962,0
DA:965,0
DA:967,0
DA:975,0
DA:983,0
DA:984,0
DA:985,0
DA:989,0
DA:990,0
DA:1012,0
DA:1018,0
DA:1114,0
DA:1123,0
DA:1132,0
DA:1141,0
DA:1184,0
DA:1200,0
DA:1213,0
DA:1258,0
DA:1270,0
DA:1274,0
DA:1277,0
DA:1282,0
DA:1285,0
DA:1286,0
DA:1299,0
DA:1303,0
DA:1311,0
DA:1313,0
DA:1320,0
DA:1321,0
DA:1333,0
DA:1336,0
DA:1356,0
DA:1373,0
DA:1383,0
DA:1390,0
DA:1401,0
DA:1447,0
DA:1466,0
DA:1468,0
DA:1471,0
DA:1472,0
DA:1473,0
DA:1476,0
DA:1478,0
DA:1482,0
DA:1485,0
DA:1489,0
DA:1500,0
DA:1508,0
DA:1510,0
DA:1513,0
DA:1516,0
DA:1517,0
DA:1521,0
DA:1522,0
DA:1526,0
DA:1529,0
DA:1530,0
DA:1532,0
DA:1533,0
DA:1534,0
DA:1539,0
DA:1550,0
DA:1551,0
DA:1558,0
DA:1562,0
DA:1565,0
DA:1574,0
DA:1577,0
DA:1580,0
DA:1589,0
DA:1603,0
DA:1608,0
DA:1613,0
DA:1614,0
DA:1643,0
DA:1653,0
DA:1661,0
LF:401
LH:0
BRDA:101,0,0,0
BRDA:101,0,1,0
BRDA:102,1,0,0
BRDA:102,1,1,0
BRDA:103,2,0,0
BRDA:103,2,1,0
BRDA:120,3,0,0
BRDA:120,3,1,0
BRDA:291,4,0,0
BRDA:291,4,1,0
BRDA:294,5,0,0
BRDA:294,5,1,0
BRDA:311,6,0,0
BRDA:311,6,1,0
BRDA:324,7,0,0
BRDA:324,7,1,0
BRDA:324,8,0,0
BRDA:324,8,1,0
BRDA:331,9,0,0
BRDA:331,9,1,0
BRDA:331,10,0,0
BRDA:331,10,1,0
BRDA:342,11,0,0
BRDA:342,11,1,0
BRDA:342,12,0,0
BRDA:342,12,1,0
BRDA:344,13,0,0
BRDA:344,13,1,0
BRDA:344,14,0,0
BRDA:344,14,1,0
BRDA:364,15,0,0
BRDA:364,15,1,0
BRDA:368,16,0,0
BRDA:368,16,1,0
BRDA:370,17,0,0
BRDA:370,17,1,0
BRDA:383,18,0,0
BRDA:383,18,1,0
BRDA:383,19,0,0
BRDA:383,19,1,0
BRDA:389,20,0,0
BRDA:389,20,1,0
BRDA:389,21,0,0
BRDA:389,21,1,0
BRDA:415,22,0,0
BRDA:415,22,1,0
BRDA:419,23,0,0
BRDA:419,23,1,0
BRDA:419,24,0,0
BRDA:419,24,1,0
BRDA:425,25,0,0
BRDA:425,25,1,0
BRDA:438,26,0,0
BRDA:438,26,1,0
BRDA:438,27,0,0
BRDA:438,27,1,0
BRDA:445,28,0,0
BRDA:445,28,1,0
BRDA:457,29,0,0
BRDA:457,29,1,0
BRDA:457,30,0,0
BRDA:457,30,1,0
BRDA:481,31,0,0
BRDA:481,31,1,0
BRDA:485,32,0,0
BRDA:485,32,1,0
BRDA:485,33,0,0
BRDA:485,33,1,0
BRDA:491,34,0,0
BRDA:491,34,1,0
BRDA:504,35,0,0
BRDA:504,35,1,0
BRDA:508,36,0,0
BRDA:508,36,1,0
BRDA:508,37,0,0
BRDA:508,37,1,0
BRDA:524,38,0,0
BRDA:524,38,1,0
BRDA:529,39,0,0
BRDA:529,39,1,0
BRDA:538,40,0,0
BRDA:538,40,1,0
BRDA:538,41,0,0
BRDA:538,41,1,0
BRDA:555,42,0,0
BRDA:555,42,1,0
BRDA:566,43,0,0
BRDA:566,43,1,0
BRDA:571,44,0,0
BRDA:571,44,1,0
BRDA:580,45,0,0
BRDA:580,45,1,0
BRDA:614,46,0,0
BRDA:614,46,1,0
BRDA:620,47,0,0
BRDA:620,47,1,0
BRDA:624,48,0,0
BRDA:624,48,1,0
BRDA:641,49,0,0
BRDA:641,49,1,0
BRDA:646,50,0,0
BRDA:646,50,1,0
BRDA:654,51,0,0
BRDA:654,51,1,0
BRDA:654,52,0,0
BRDA:654,52,1,0
BRDA:678,53,0,0
BRDA:678,53,1,0
BRDA:695,54,0,0
BRDA:695,54,1,0
BRDA:695,55,0,0
BRDA:695,55,1,0
BRDA:703,56,0,0
BRDA:703,56,1,0
BRDA:712,57,0,0
BRDA:712,57,1,0
BRDA:733,58,0,0
BRDA:733,58,1,0
BRDA:733,59,0,0
BRDA:733,59,1,0
BRDA:785,60,0,0
BRDA:785,60,1,0
BRDA:788,61,0,0
BRDA:788,61,1,0
BRDA:788,62,0,0
BRDA:788,62,1,0
BRDA:810,63,0,0
BRDA:810,63,1,0
BRDA:826,64,0,0
BRDA:826,64,1,0
BRDA:826,64,2,0
BRDA:826,64,3,0
BRDA:826,64,4,0
BRDA:826,64,5,0
BRDA:831,65,0,0
BRDA:831,65,1,0
BRDA:839,66,0,0
BRDA:839,66,1,0
BRDA:877,67,0,0
BRDA:877,67,1,0
BRDA:877,68,0,0
BRDA:877,68,1,0
BRDA:884,69,0,0
BRDA:884,69,1,0
BRDA:884,70,0,0
BRDA:884,70,1,0
BRDA:904,71,0,0
BRDA:904,71,1,0
BRDA:911,72,0,0
BRDA:911,72,1,0
BRDA:917,73,0,0
BRDA:917,73,1,0
BRDA:924,74,0,0
BRDA:924,74,1,0
BRDA:927,75,0,0
BRDA:927,75,1,0
BRDA:957,76,0,0
BRDA:957,76,1,0
BRDA:962,77,0,0
BRDA:962,77,1,0
BRDA:983,78,0,0
BRDA:983,78,1,0
BRDA:989,79,0,0
BRDA:989,79,1,0
BRDA:1001,80,0,0
BRDA:1001,80,1,0
BRDA:1003,81,0,0
BRDA:1003,81,1,0
BRDA:1029,82,0,0
BRDA:1029,82,1,0
BRDA:1043,83,0,0
BRDA:1043,83,1,0
BRDA:1046,84,0,0
BRDA:1046,84,1,0
BRDA:1060,85,0,0
BRDA:1060,85,1,0
BRDA:1064,86,0,0
BRDA:1064,86,1,0
BRDA:1069,87,0,0
BRDA:1069,87,1,0
BRDA:1116,88,0,0
BRDA:1116,88,1,0
BRDA:1125,89,0,0
BRDA:1125,89,1,0
BRDA:1134,90,0,0
BRDA:1134,90,1,0
BRDA:1143,91,0,0
BRDA:1143,91,1,0
BRDA:1143,92,0,0
BRDA:1143,92,1,0
BRDA:1152,93,0,0
BRDA:1152,93,1,0
BRDA:1161,94,0,0
BRDA:1161,94,1,0
BRDA:1165,95,0,0
BRDA:1165,95,1,0
BRDA:1220,96,0,0
BRDA:1220,96,1,0
BRDA:1246,97,0,0
BRDA:1246,97,1,0
BRDA:1277,98,0,0
BRDA:1277,98,1,0
BRDA:1335,99,0,0
BRDA:1335,99,1,0
BRDA:1471,100,0,0
BRDA:1471,100,1,0
BRDA:1472,101,0,0
BRDA:1472,101,1,0
BRDA:1472,102,0,0
BRDA:1472,102,1,0
BRDA:1516,103,0,0
BRDA:1516,103,1,0
BRDA:1517,104,0,0
BRDA:1517,104,1,0
BRDA:1517,105,0,0
BRDA:1517,105,1,0
BRDA:1517,105,2,0
BRDA:1521,106,0,0
BRDA:1521,106,1,0
BRDA:1521,107,0,0
BRDA:1521,107,1,0
BRDA:1532,108,0,0
BRDA:1532,108,1,0
BRDA:1570,109,0,0
BRDA:1570,109,1,0
BRDA:1591,110,0,0
BRDA:1591,110,1,0
BRDA:1625,111,0,0
BRDA:1625,111,1,0
BRDA:1636,112,0,0
BRDA:1636,112,1,0
BRDA:1638,113,0,0
BRDA:1638,113,1,0
BRDA:1649,114,0,0
BRDA:1649,114,1,0
BRF:235
BRH:0
end_of_record
TN:
SF:src\services\adaptiveScrollService.ts
FNF:0
FNH:0
LF:0
LH:0
BRF:0
BRH:0
end_of_record
TN:
SF:src\services\analyticsService.ts
FN:34,(anonymous_0)
FN:57,(anonymous_1)
FN:86,(anonymous_2)
FN:108,(anonymous_3)
FN:125,(anonymous_4)
FN:148,(anonymous_5)
FN:170,(anonymous_6)
FN:180,(anonymous_7)
FN:191,(anonymous_8)
FN:194,(anonymous_9)
FN:200,(anonymous_10)
FN:201,(anonymous_11)
FN:205,(anonymous_12)
FN:206,(anonymous_13)
FN:211,(anonymous_14)
FN:219,(anonymous_15)
FN:231,(anonymous_16)
FN:258,(anonymous_17)
FN:261,(anonymous_18)
FN:264,(anonymous_19)
FN:271,(anonymous_20)
FN:283,(anonymous_21)
FN:289,(anonymous_22)
FN:295,(anonymous_23)
FN:328,(anonymous_24)
FN:338,(anonymous_25)
FN:360,(anonymous_26)
FN:366,(anonymous_27)
FN:383,(anonymous_28)
FN:391,(anonymous_29)
FN:409,(anonymous_30)
FN:431,(anonymous_31)
FN:434,(anonymous_32)
FN:435,(anonymous_33)
FN:436,(anonymous_34)
FN:444,(anonymous_35)
FN:447,(anonymous_36)
FN:448,(anonymous_37)
FN:457,(anonymous_38)
FN:460,(anonymous_39)
FN:482,(anonymous_40)
FN:492,(anonymous_41)
FN:501,(anonymous_42)
FN:534,(anonymous_43)
FN:537,(anonymous_44)
FN:538,(anonymous_45)
FN:539,(anonymous_46)
FN:566,(anonymous_47)
FN:581,(anonymous_48)
FN:593,(anonymous_49)
FN:604,(anonymous_50)
FN:607,(anonymous_51)
FN:613,(anonymous_52)
FNF:53
FNH:0
FNDA:0,(anonymous_0)
FNDA:0,(anonymous_1)
FNDA:0,(anonymous_2)
FNDA:0,(anonymous_3)
FNDA:0,(anonymous_4)
FNDA:0,(anonymous_5)
FNDA:0,(anonymous_6)
FNDA:0,(anonymous_7)
FNDA:0,(anonymous_8)
FNDA:0,(anonymous_9)
FNDA:0,(anonymous_10)
FNDA:0,(anonymous_11)
FNDA:0,(anonymous_12)
FNDA:0,(anonymous_13)
FNDA:0,(anonymous_14)
FNDA:0,(anonymous_15)
FNDA:0,(anonymous_16)
FNDA:0,(anonymous_17)
FNDA:0,(anonymous_18)
FNDA:0,(anonymous_19)
FNDA:0,(anonymous_20)
FNDA:0,(anonymous_21)
FNDA:0,(anonymous_22)
FNDA:0,(anonymous_23)
FNDA:0,(anonymous_24)
FNDA:0,(anonymous_25)
FNDA:0,(anonymous_26)
FNDA:0,(anonymous_27)
FNDA:0,(anonymous_28)
FNDA:0,(anonymous_29)
FNDA:0,(anonymous_30)
FNDA:0,(anonymous_31)
FNDA:0,(anonymous_32)
FNDA:0,(anonymous_33)
FNDA:0,(anonymous_34)
FNDA:0,(anonymous_35)
FNDA:0,(anonymous_36)
FNDA:0,(anonymous_37)
FNDA:0,(anonymous_38)
FNDA:0,(anonymous_39)
FNDA:0,(anonymous_40)
FNDA:0,(anonymous_41)
FNDA:0,(anonymous_42)
FNDA:0,(anonymous_43)
FNDA:0,(anonymous_44)
FNDA:0,(anonymous_45)
FNDA:0,(anonymous_46)
FNDA:0,(anonymous_47)
FNDA:0,(anonymous_48)
FNDA:0,(anonymous_49)
FNDA:0,(anonymous_50)
FNDA:0,(anonymous_51)
FNDA:0,(anonymous_52)
DA:39,0
DA:40,0
DA:49,0
DA:50,0
DA:52,0
DA:53,0
DA:71,0
DA:72,0
DA:74,0
DA:81,0
DA:82,0
DA:95,0
DA:96,0
DA:98,0
DA:103,0
DA:113,0
DA:114,0
DA:122,0
DA:123,0
DA:125,0
DA:126,0
DA:127,0
DA:136,0
DA:137,0
DA:141,0
DA:143,0
DA:144,0
DA:149,0
DA:150,0
DA:152,0
DA:153,0
DA:156,0
DA:157,0
DA:165,0
DA:166,0
DA:171,0
DA:172,0
DA:174,0
DA:175,0
DA:184,0
DA:185,0
DA:187,0
DA:188,0
DA:191,0
DA:192,0
DA:193,0
DA:194,0
DA:197,0
DA:198,0
DA:200,0
DA:201,0
DA:202,0
DA:205,0
DA:206,0
DA:207,0
DA:210,0
DA:211,0
DA:212,0
DA:213,0
DA:215,0
DA:218,0
DA:219,0
DA:221,0
DA:230,0
DA:231,0
DA:232,0
DA:235,0
DA:237,0
DA:253,0
DA:254,0
DA:259,0
DA:260,0
DA:261,0
DA:264,0
DA:266,0
DA:267,0
DA:271,0
DA:273,0
DA:274,0
DA:277,0
DA:278,0
DA:279,0
DA:280,0
DA:283,0
DA:289,0
DA:295,0
DA:302,0
DA:303,0
DA:305,0
DA:322,0
DA:323,0
DA:332,0
DA:333,0
DA:337,0
DA:338,0
DA:341,0
DA:343,0
DA:345,0
DA:347,0
DA:349,0
DA:351,0
DA:354,0
DA:355,0
DA:364,0
DA:367,0
DA:368,0
DA:369,0
DA:372,0
DA:373,0
DA:381,0
DA:384,0
DA:385,0
DA:392,0
DA:395,0
DA:396,0
DA:397,0
DA:398,0
DA:403,0
DA:404,0
DA:408,0
DA:409,0
DA:410,0
DA:414,0
DA:415,0
DA:417,0
DA:418,0
DA:422,0
DA:423,0
DA:424,0
DA:428,0
DA:432,0
DA:434,0
DA:435,0
DA:436,0
DA:437,0
DA:438,0
DA:441,0
DA:445,0
DA:447,0
DA:448,0
DA:451,0
DA:452,0
DA:454,0
DA:458,0
DA:460,0
DA:461,0
DA:462,0
DA:464,0
DA:465,0
DA:475,0
DA:476,0
DA:477,0
DA:478,0
DA:479,0
DA:482,0
DA:493,0
DA:494,0
DA:495,0
DA:496,0
DA:497,0
DA:498,0
DA:502,0
DA:504,0
DA:506,0
DA:507,0
DA:510,0
DA:511,0
DA:512,0
DA:513,0
DA:514,0
DA:518,0
DA:519,0
DA:520,0
DA:524,0
DA:525,0
DA:526,0
DA:527,0
DA:528,0
DA:531,0
DA:535,0
DA:537,0
DA:538,0
DA:539,0
DA:542,0
DA:543,0
DA:544,0
DA:545,0
DA:549,0
DA:550,0
DA:554,0
DA:555,0
DA:559,0
DA:560,0
DA:563,0
DA:567,0
DA:582,0
DA:593,0
DA:604,0
DA:610,0
DA:616,0
DA:620,0
LF:201
LH:0
BRDA:37,0,0,0
BRDA:111,1,0,0
BRDA:130,2,0,0
BRDA:130,2,1,0
BRDA:131,3,0,0
BRDA:131,3,1,0
BRDA:132,4,0,0
BRDA:132,4,1,0
BRDA:136,5,0,0
BRDA:136,5,1,0
BRDA:152,6,0,0
BRDA:152,6,1,0
BRDA:160,7,0,0
BRDA:160,7,1,0
BRDA:161,8,0,0
BRDA:161,8,1,0
BRDA:162,9,0,0
BRDA:162,9,1,0
BRDA:187,10,0,0
BRDA:187,10,1,0
BRDA:212,11,0,0
BRDA:212,11,1,0
BRDA:221,12,0,0
BRDA:221,12,1,0
BRDA:266,13,0,0
BRDA:266,13,1,0
BRDA:337,14,0,0
BRDA:337,14,1,0
BRDA:341,15,0,0
BRDA:341,15,1,0
BRDA:341,15,2,0
BRDA:341,15,3,0
BRDA:341,15,4,0
BRDA:367,16,0,0
BRDA:367,16,1,0
BRDA:376,17,0,0
BRDA:376,17,1,0
BRDA:377,18,0,0
BRDA:377,18,1,0
BRDA:378,19,0,0
BRDA:378,19,1,0
BRDA:392,20,0,0
BRDA:392,20,1,0
BRDA:395,21,0,0
BRDA:395,21,1,0
BRDA:397,22,0,0
BRDA:397,22,1,0
BRDA:397,23,0,0
BRDA:397,23,1,0
BRDA:403,24,0,0
BRDA:403,24,1,0
BRDA:403,25,0,0
BRDA:403,25,1,0
BRDA:408,26,0,0
BRDA:408,26,1,0
BRDA:408,27,0,0
BRDA:408,27,1,0
BRDA:410,28,0,0
BRDA:410,28,1,0
BRDA:414,29,0,0
BRDA:414,29,1,0
BRDA:414,30,0,0
BRDA:414,30,1,0
BRDA:417,31,0,0
BRDA:417,31,1,0
BRDA:417,32,0,0
BRDA:417,32,1,0
BRDA:422,33,0,0
BRDA:422,33,1,0
BRDA:423,34,0,0
BRDA:423,34,1,0
BRDA:423,35,0,0
BRDA:423,35,1,0
BRDA:432,36,0,0
BRDA:432,36,1,0
BRDA:445,37,0,0
BRDA:445,37,1,0
BRDA:448,38,0,0
BRDA:448,38,1,0
BRDA:464,39,0,0
BRDA:464,39,1,0
BRDA:504,40,0,0
BRDA:504,40,1,0
BRDA:511,41,0,0
BRDA:511,41,1,0
BRDA:513,42,0,0
BRDA:513,42,1,0
BRDA:519,43,0,0
BRDA:519,43,1,0
BRDA:525,44,0,0
BRDA:525,44,1,0
BRDA:527,45,0,0
BRDA:527,45,1,0
BRDA:542,46,0,0
BRDA:542,46,1,0
BRDA:544,47,0,0
BRDA:544,47,1,0
BRDA:549,48,0,0
BRDA:549,48,1,0
BRDA:554,49,0,0
BRDA:554,49,1,0
BRDA:559,50,0,0
BRDA:559,50,1,0
BRF:103
BRH:0
end_of_record
TN:
SF:src\services\authService.ts
FN:18,(anonymous_0)
FN:25,(anonymous_1)
FN:29,(anonymous_2)
FN:31,(anonymous_3)
FN:43,(anonymous_4)
FN:76,(anonymous_5)
FN:106,(anonymous_6)
FN:115,(anonymous_7)
FN:123,(anonymous_8)
FN:127,(anonymous_9)
FN:131,(anonymous_10)
FN:139,(anonymous_11)
FN:140,(anonymous_12)
FN:143,(anonymous_13)
FNF:14
FNH:0
FNDA:0,(anonymous_0)
FNDA:0,(anonymous_1)
FNDA:0,(anonymous_2)
FNDA:0,(anonymous_3)
FNDA:0,(anonymous_4)
FNDA:0,(anonymous_5)
FNDA:0,(anonymous_6)
FNDA:0,(anonymous_7)
FNDA:0,(anonymous_8)
FNDA:0,(anonymous_9)
FNDA:0,(anonymous_10)
FNDA:0,(anonymous_11)
FNDA:0,(anonymous_12)
FNDA:0,(anonymous_13)
DA:15,0
DA:16,0
DA:19,0
DA:20,0
DA:22,0
DA:26,0
DA:31,0
DA:32,0
DA:33,0
DA:34,0
DA:35,0
DA:37,0
DA:38,0
DA:45,0
DA:49,0
DA:50,0
DA:51,0
DA:59,0
DA:66,0
DA:73,0
DA:77,0
DA:78,0
DA:79,0
DA:82,0
DA:83,0
DA:87,0
DA:94,0
DA:100,0
DA:102,0
DA:107,0
DA:108,0
DA:109,0
DA:111,0
DA:116,0
DA:117,0
DA:119,0
DA:124,0
DA:128,0
DA:131,0
DA:132,0
DA:133,0
DA:134,0
DA:140,0
DA:144,0
DA:146,0
DA:147,0
DA:149,0
DA:150,0
DA:152,0
DA:153,0
DA:155,0
DA:156,0
DA:158,0
DA:159,0
DA:161,0
DA:162,0
DA:164,0
DA:165,0
DA:167,0
DA:168,0
DA:170,0
DA:174,0
DA:178,0
LF:63
LH:0
BRDA:19,0,0,0
BRDA:19,0,1,0
BRDA:32,1,0,0
BRDA:32,1,1,0
BRDA:49,2,0,0
BRDA:49,2,1,0
BRDA:54,3,0,0
BRDA:54,3,1,0
BRDA:54,3,2,0
BRDA:55,4,0,0
BRDA:55,4,1,0
BRDA:62,5,0,0
BRDA:62,5,1,0
BRDA:82,6,0,0
BRDA:82,6,1,0
BRDA:90,7,0,0
BRDA:90,7,1,0
BRDA:90,7,2,0
BRDA:133,8,0,0
BRDA:133,8,1,0
BRDA:146,9,0,0
BRDA:146,9,1,0
BRDA:147,10,0,0
BRDA:147,10,1,0
BRDA:147,10,2,0
BRDA:147,10,3,0
BRDA:147,10,4,0
BRDA:147,10,5,0
BRDA:147,10,6,0
BRDA:147,10,7,0
BRDA:170,11,0,0
BRDA:170,11,1,0
BRF:32
BRH:0
end_of_record
TN:
SF:src\services\bleRemoteService.ts
FN:70,(anonymous_0)
FN:78,(anonymous_1)
FN:122,(anonymous_2)
FN:133,(anonymous_3)
FN:146,(anonymous_4)
FN:159,(anonymous_5)
FN:168,(anonymous_6)
FN:199,(anonymous_7)
FN:224,(anonymous_8)
FN:238,(anonymous_9)
FN:256,(anonymous_10)
FN:281,(anonymous_11)
FN:290,(anonymous_12)
FN:306,(anonymous_13)
FN:311,(anonymous_14)
FN:316,(anonymous_15)
FN:321,(anonymous_16)
FN:347,(anonymous_17)
FN:360,(anonymous_18)
FN:370,(anonymous_19)
FN:387,(anonymous_20)
FN:401,(anonymous_21)
FN:417,(anonymous_22)
FN:418,(anonymous_23)
FN:429,(anonymous_24)
FN:432,(anonymous_25)
FN:437,(anonymous_26)
FN:449,(anonymous_27)
FN:452,(anonymous_28)
FN:458,(anonymous_29)
FN:472,(anonymous_30)
FN:490,(anonymous_31)
FN:494,(anonymous_32)
FN:495,(anonymous_33)
FN:498,(anonymous_34)
FN:502,(anonymous_35)
FN:503,(anonymous_36)
FN:506,(anonymous_37)
FN:508,(anonymous_38)
FN:511,(anonymous_39)
FN:516,(anonymous_40)
FN:520,(anonymous_41)
FNF:42
FNH:0
FNDA:0,(anonymous_0)
FNDA:0,(anonymous_1)
FNDA:0,(anonymous_2)
FNDA:0,(anonymous_3)
FNDA:0,(anonymous_4)
FNDA:0,(anonymous_5)
FNDA:0,(anonymous_6)
FNDA:0,(anonymous_7)
FNDA:0,(anonymous_8)
FNDA:0,(anonymous_9)
FNDA:0,(anonymous_10)
FNDA:0,(anonymous_11)
FNDA:0,(anonymous_12)
FNDA:0,(anonymous_13)
FNDA:0,(anonymous_14)
FNDA:0,(anonymous_15)
FNDA:0,(anonymous_16)
FNDA:0,(anonymous_17)
FNDA:0,(anonymous_18)
FNDA:0,(anonymous_19)
FNDA:0,(anonymous_20)
FNDA:0,(anonymous_21)
FNDA:0,(anonymous_22)
FNDA:0,(anonymous_23)
FNDA:0,(anonymous_24)
FNDA:0,(anonymous_25)
FNDA:0,(anonymous_26)
FNDA:0,(anonymous_27)
FNDA:0,(anonymous_28)
FNDA:0,(anonymous_29)
FNDA:0,(anonymous_30)
FNDA:0,(anonymous_31)
FNDA:0,(anonymous_32)
FNDA:0,(anonymous_33)
FNDA:0,(anonymous_34)
FNDA:0,(anonymous_35)
FNDA:0,(anonymous_36)
FNDA:0,(anonymous_37)
FNDA:0,(anonymous_38)
FNDA:0,(anonymous_39)
FNDA:0,(anonymous_40)
FNDA:0,(anonymous_41)
DA:54,0
DA:55,0
DA:56,0
DA:57,0
DA:58,0
DA:60,0
DA:71,0
DA:72,0
DA:74,0
DA:79,0
DA:81,0
DA:82,0
DA:83,0
DA:87,0
DA:91,0
DA:92,0
DA:97,0
DA:98,0
DA:99,0
DA:103,0
DA:104,0
DA:108,0
DA:111,0
DA:113,0
DA:115,0
DA:116,0
DA:117,0
DA:123,0
DA:124,0
DA:126,0
DA:130,0
DA:132,0
DA:133,0
DA:137,0
DA:140,0
DA:141,0
DA:147,0
DA:148,0
DA:149,0
DA:151,0
DA:153,0
DA:154,0
DA:160,0
DA:161,0
DA:162,0
DA:163,0
DA:164,0
DA:170,0
DA:171,0
DA:172,0
DA:173,0
DA:174,0
DA:177,0
DA:183,0
DA:189,0
DA:192,0
DA:193,0
DA:194,0
DA:195,0
DA:200,0
DA:201,0
DA:202,0
DA:205,0
DA:212,0
DA:213,0
DA:224,0
DA:225,0
DA:229,0
DA:230,0
DA:239,0
DA:240,0
DA:242,0
DA:243,0
DA:244,0
DA:247,0
DA:248,0
DA:251,0
DA:257,0
DA:258,0
DA:260,0
DA:261,0
DA:263,0
DA:265,0
DA:267,0
DA:268,0
DA:272,0
DA:274,0
DA:275,0
DA:276,0
DA:282,0
DA:283,0
DA:284,0
DA:286,0
DA:288,0
DA:290,0
DA:295,0
DA:298,0
DA:300,0
DA:301,0
DA:307,0
DA:312,0
DA:317,0
DA:322,0
DA:323,0
DA:324,0
DA:325,0
DA:331,0
DA:332,0
DA:333,0
DA:334,0
DA:336,0
DA:340,0
DA:343,0
DA:349,0
DA:356,0
DA:361,0
DA:371,0
DA:372,0
DA:373,0
DA:374,0
DA:375,0
DA:376,0
DA:377,0
DA:378,0
DA:379,0
DA:380,0
DA:381,0
DA:382,0
DA:388,0
DA:400,0
DA:401,0
DA:404,0
DA:406,0
DA:407,0
DA:408,0
DA:411,0
DA:418,0
DA:419,0
DA:420,0
DA:421,0
DA:423,0
DA:430,0
DA:432,0
DA:438,0
DA:446,0
DA:449,0
DA:453,0
DA:454,0
DA:459,0
DA:461,0
DA:462,0
DA:463,0
DA:464,0
DA:465,0
DA:466,0
DA:468,0
DA:475,0
DA:477,0
DA:479,0
DA:481,0
DA:483,0
DA:485,0
DA:491,0
DA:495,0
DA:499,0
DA:503,0
DA:507,0
DA:508,0
DA:512,0
DA:517,0
DA:520,0
DA:521,0
DA:525,0
DA:526,0
DA:527,0
DA:528,0
DA:529,0
DA:533,0
LF:178
LH:0
BRDA:71,0,0,0
BRDA:71,0,1,0
BRDA:82,1,0,0
BRDA:82,1,1,0
BRDA:97,2,0,0
BRDA:97,2,1,0
BRDA:103,3,0,0
BRDA:103,3,1,0
BRDA:124,4,0,0
BRDA:124,4,1,0
BRDA:148,5,0,0
BRDA:148,5,1,0
BRDA:199,6,0,0
BRDA:201,7,0,0
BRDA:201,7,1,0
BRDA:201,8,0,0
BRDA:201,8,1,0
BRDA:212,9,0,0
BRDA:212,9,1,0
BRDA:242,10,0,0
BRDA:242,10,1,0
BRDA:247,11,0,0
BRDA:247,11,1,0
BRDA:260,12,0,0
BRDA:260,12,1,0
BRDA:263,13,0,0
BRDA:263,13,1,0
BRDA:283,14,0,0
BRDA:283,14,1,0
BRDA:286,15,0,0
BRDA:286,15,1,0
BRDA:323,16,0,0
BRDA:323,16,1,0
BRDA:331,17,0,0
BRDA:331,17,1,0
BRDA:331,18,0,0
BRDA:331,18,1,0
BRDA:333,19,0,0
BRDA:333,19,1,0
BRDA:371,20,0,0
BRDA:371,20,1,0
BRDA:371,20,2,0
BRDA:371,20,3,0
BRDA:371,20,4,0
BRDA:371,20,5,0
BRDA:371,20,6,0
BRDA:371,20,7,0
BRDA:371,20,8,0
BRDA:371,20,9,0
BRDA:371,20,10,0
BRDA:390,21,0,0
BRDA:390,21,1,0
BRDA:404,22,0,0
BRDA:404,22,1,0
BRDA:419,23,0,0
BRDA:419,23,1,0
BRDA:454,24,0,0
BRDA:454,24,1,0
BRDA:459,25,0,0
BRDA:459,25,1,0
BRDA:461,26,0,0
BRDA:461,26,1,0
BRDA:461,27,0,0
BRDA:461,27,1,0
BRDA:461,27,2,0
BRDA:463,28,0,0
BRDA:463,28,1,0
BRDA:463,29,0,0
BRDA:463,29,1,0
BRDA:465,30,0,0
BRDA:465,30,1,0
BRDA:477,31,0,0
BRDA:477,31,1,0
BRDA:477,31,2,0
BRDA:477,31,3,0
BRF:75
BRH:0
end_of_record
TN:
SF:src\services\externalDisplayService.ts
FN:50,(anonymous_0)
FN:58,(anonymous_1)
FN:79,(anonymous_2)
FN:92,(anonymous_3)
FN:105,(anonymous_4)
FN:122,(anonymous_5)
FN:144,(anonymous_6)
FN:173,(anonymous_7)
FN:194,(anonymous_8)
FN:223,(anonymous_9)
FN:252,(anonymous_10)
FN:257,(anonymous_11)
FN:277,(anonymous_12)
FN:312,(anonymous_13)
FN:341,(anonymous_14)
FN:362,(anonymous_15)
FN:378,(anonymous_16)
FN:407,(anonymous_17)
FN:426,(anonymous_18)
FN:441,(anonymous_19)
FN:469,(anonymous_20)
FN:473,(anonymous_21)
FN:487,(anonymous_22)
FN:491,(anonymous_23)
FN:499,(anonymous_24)
FN:508,(anonymous_25)
FN:512,(anonymous_26)
FN:513,(anonymous_27)
FN:516,(anonymous_28)
FN:518,(anonymous_29)
FN:521,(anonymous_30)
FNF:31
FNH:0
FNDA:0,(anonymous_0)
FNDA:0,(anonymous_1)
FNDA:0,(anonymous_2)
FNDA:0,(anonymous_3)
FNDA:0,(anonymous_4)
FNDA:0,(anonymous_5)
FNDA:0,(anonymous_6)
FNDA:0,(anonymous_7)
FNDA:0,(anonymous_8)
FNDA:0,(anonymous_9)
FNDA:0,(anonymous_10)
FNDA:0,(anonymous_11)
FNDA:0,(anonymous_12)
FNDA:0,(anonymous_13)
FNDA:0,(anonymous_14)
FNDA:0,(anonymous_15)
FNDA:0,(anonymous_16)
FNDA:0,(anonymous_17)
FNDA:0,(anonymous_18)
FNDA:0,(anonymous_19)
FNDA:0,(anonymous_20)
FNDA:0,(anonymous_21)
FNDA:0,(anonymous_22)
FNDA:0,(anonymous_23)
FNDA:0,(anonymous_24)
FNDA:0,(anonymous_25)
FNDA:0,(anonymous_26)
FNDA:0,(anonymous_27)
FNDA:0,(anonymous_28)
FNDA:0,(anonymous_29)
FNDA:0,(anonymous_30)
DA:38,0
DA:39,0
DA:40,0
DA:51,0
DA:52,0
DA:54,0
DA:59,0
DA:60,0
DA:61,0
DA:62,0
DA:63,0
DA:67,0
DA:70,0
DA:73,0
DA:74,0
DA:81,0
DA:83,0
DA:84,0
DA:87,0
DA:94,0
DA:96,0
DA:97,0
DA:100,0
DA:106,0
DA:108,0
DA:109,0
DA:110,0
DA:112,0
DA:113,0
DA:117,0
DA:118,0
DA:123,0
DA:124,0
DA:125,0
DA:127,0
DA:129,0
DA:135,0
DA:137,0
DA:138,0
DA:139,0
DA:145,0
DA:147,0
DA:148,0
DA:149,0
DA:151,0
DA:152,0
DA:166,0
DA:169,0
DA:174,0
DA:176,0
DA:178,0
DA:179,0
DA:182,0
DA:183,0
DA:184,0
DA:187,0
DA:190,0
DA:195,0
DA:197,0
DA:198,0
DA:199,0
DA:201,0
DA:202,0
DA:216,0
DA:219,0
DA:224,0
DA:226,0
[...]
BRDA:257,14,1,0
BRDA:261,15,0,0
BRDA:261,15,1,0
BRDA:264,16,0,0
BRDA:264,16,1,0
BRDA:265,17,0,0
BRDA:265,17,1,0
BRDA:269,18,0,0
BRDA:269,18,1,0
BRDA:281,19,0,0
BRDA:281,19,1,0
BRDA:291,20,0,0
BRDA:291,20,1,0
BRDA:304,21,0,0
BRDA:304,21,1,0
BRDA:317,22,0,0
BRDA:317,22,1,0
BRDA:318,23,0,0
BRDA:318,23,1,0
BRDA:323,24,0,0
BRDA:323,24,1,0
BRDA:323,25,0,0
BRDA:323,25,1,0
BRDA:327,26,0,0
BRDA:327,26,1,0
BRDA:327,27,0,0
BRDA:327,27,1,0
BRDA:331,28,0,0
BRDA:331,28,1,0
BRDA:358,29,0,0
BRDA:358,29,1,0
BRDA:367,30,0,0
BRDA:367,30,1,0
BRDA:368,31,0,0
BRDA:368,31,1,0
BRDA:371,32,0,0
BRDA:371,32,1,0
BRDA:372,33,0,0
BRDA:372,33,1,0
BRDA:375,34,0,0
BRDA:375,34,1,0
BRDA:404,35,0,0
BRDA:404,35,1,0
BRDA:432,36,0,0
BRDA:432,36,1,0
BRDA:432,36,2,0
BRDA:432,36,3,0
BRDA:432,36,4,0
BRDA:442,37,0,0
BRDA:442,37,1,0
BRDA:442,37,2,0
BRDA:442,37,3,0
BRDA:442,37,4,0
BRDA:455,38,0,0
BRDA:455,38,1,0
BRDA:461,39,0,0
BRDA:461,39,1,0
BRDA:470,40,0,0
BRDA:470,40,1,0
BRDA:471,41,0,0
BRDA:471,41,1,0
BRDA:472,42,0,0
BRDA:472,42,1,0
BRDA:473,43,0,0
BRDA:473,43,1,0
BRDA:474,44,0,0
BRDA:474,44,1,0
BRDA:475,45,0,0
BRDA:475,45,1,0
BRF:107
BRH:0
end_of_record
TN:
SF:src\services\syncService.ts
FN:34,(anonymous_0)
FN:41,(anonymous_1)
FN:56,(anonymous_2)
FN:67,(anonymous_3)
FN:69,(anonymous_4)
FN:76,(anonymous_5)
FN:81,(anonymous_6)
FN:89,(anonymous_7)
FN:104,(anonymous_8)
FN:114,(anonymous_9)
FN:122,(anonymous_10)
FN:129,(anonymous_11)
FN:171,(anonymous_12)
FN:174,(anonymous_13)
FN:208,(anonymous_14)
FN:222,(anonymous_15)
FN:234,(anonymous_16)
FN:238,(anonymous_17)
FN:264,(anonymous_18)
FN:275,(anonymous_19)
FN:286,(anonymous_20)
FN:289,(anonymous_21)
FN:299,(anonymous_22)
FN:309,(anonymous_23)
FN:317,(anonymous_24)
FN:319,(anonymous_25)
FN:326,(anonymous_26)
FN:328,(anonymous_27)
FN:332,(anonymous_28)
FNF:29
FNH:0
FNDA:0,(anonymous_0)
FNDA:0,(anonymous_1)
FNDA:0,(anonymous_2)
FNDA:0,(anonymous_3)
FNDA:0,(anonymous_4)
FNDA:0,(anonymous_5)
FNDA:0,(anonymous_6)
FNDA:0,(anonymous_7)
FNDA:0,(anonymous_8)
FNDA:0,(anonymous_9)
FNDA:0,(anonymous_10)
FNDA:0,(anonymous_11)
FNDA:0,(anonymous_12)
FNDA:0,(anonymous_13)
FNDA:0,(anonymous_14)
FNDA:0,(anonymous_15)
FNDA:0,(anonymous_16)
FNDA:0,(anonymous_17)
FNDA:0,(anonymous_18)
FNDA:0,(anonymous_19)
FNDA:0,(anonymous_20)
FNDA:0,(anonymous_21)
FNDA:0,(anonymous_22)
FNDA:0,(anonymous_23)
FNDA:0,(anonymous_24)
FNDA:0,(anonymous_25)
FNDA:0,(anonymous_26)
FNDA:0,(anonymous_27)
FNDA:0,(anonymous_28)
DA:30,0
DA:31,0
DA:32,0
DA:35,0
DA:36,0
DA:38,0
DA:42,0
DA:45,0
DA:46,0
DA:47,0
DA:51,0
DA:52,0
DA:57,0
DA:59,0
DA:60,0
DA:67,0
DA:69,0
DA:70,0
DA:71,0
DA:72,0
DA:73,0
DA:77,0
DA:82,0
DA:83,0
DA:84,0
DA:86,0
DA:87,0
DA:89,0
DA:91,0
DA:93,0
DA:94,0
DA:95,0
DA:96,0
DA:98,0
DA:100,0
DA:103,0
DA:104,0
DA:105,0
DA:107,0
DA:110,0
DA:115,0
DA:116,0
DA:117,0
DA:119,0
DA:120,0
DA:122,0
DA:123,0
DA:125,0
DA:130,0
DA:131,0
DA:134,0
DA:135,0
DA:137,0
DA:139,0
DA:142,0
DA:145,0
DA:146,0
DA:147,0
DA:149,0
DA:160,0
DA:163,0
DA:165,0
DA:168,0
DA:172,0
DA:174,0
DA:176,0
DA:178,0
DA:179,0
DA:182,0
DA:183,0
DA:186,0
DA:188,0
DA:189,0
DA:191,0
DA:192,0
DA:194,0
DA:195,0
DA:196,0
DA:201,0
DA:202,0
DA:203,0
DA:204,0
DA:209,0
DA:211,0
DA:219,0
DA:223,0
DA:231,0
DA:235,0
DA:237,0
DA:238,0
DA:240,0
DA:241,0
DA:244,0
DA:246,0
DA:247,0
DA:248,0
DA:249,0
DA:250,0
DA:253,0
DA:254,0
DA:255,0
DA:256,0
DA:257,0
DA:258,0
DA:265,0
DA:266,0
DA:267,0
DA:268,0
DA:269,0
DA:271,0
DA:276,0
DA:278,0
DA:279,0
DA:285,0
DA:286,0
DA:290,0
DA:291,0
DA:293,0
DA:294,0
DA:296,0
DA:300,0
DA:310,0
DA:314,0
DA:318,0
DA:319,0
DA:320,0
DA:321,0
DA:322,0
DA:327,0
DA:328,0
DA:329,0
DA:333,0
DA:337,0
LF:133
LH:0
BRDA:35,0,0,0
BRDA:35,0,1,0
BRDA:45,1,0,0
BRDA:45,1,1,0
BRDA:51,2,0,0
BRDA:51,2,1,0
BRDA:57,3,0,0
BRDA:57,3,1,0
BRDA:70,4,0,0
BRDA:70,4,1,0
BRDA:70,5,0,0
BRDA:70,5,1,0
BRDA:72,6,0,0
BRDA:72,6,1,0
BRDA:84,7,0,0
BRDA:84,7,1,0
BRDA:87,8,0,0
BRDA:87,8,1,0
BRDA:91,9,0,0
BRDA:91,9,1,0
BRDA:96,10,0,0
BRDA:96,10,1,0
BRDA:98,11,0,0
BRDA:98,11,1,0
BRDA:117,12,0,0
BRDA:117,12,1,0
BRDA:120,13,0,0
BRDA:120,13,1,0
BRDA:130,14,0,0
BRDA:130,14,1,0
BRDA:130,15,0,0
BRDA:130,15,1,0
BRDA:130,15,2,0
BRDA:151,16,0,0
BRDA:151,16,1,0
BRDA:153,17,0,0
BRDA:153,17,1,0
BRDA:172,18,0,0
BRDA:172,18,1,0
BRDA:176,19,0,0
BRDA:176,19,1,0
BRDA:178,20,0,0
BRDA:178,20,1,0
BRDA:186,21,0,0
BRDA:186,21,1,0
BRDA:189,22,0,0
BRDA:189,22,1,0
BRDA:192,23,0,0
BRDA:192,23,1,0
BRDA:194,24,0,0
BRDA:194,24,1,0
BRDA:201,25,0,0
BRDA:201,25,1,0
BRDA:209,26,0,0
BRDA:209,26,1,0
BRDA:235,27,0,0
BRDA:235,27,1,0
BRDA:240,28,0,0
BRDA:240,28,1,0
BRDA:240,29,0,0
BRDA:240,29,1,0
BRDA:244,30,0,0
BRDA:244,30,1,0
BRDA:254,31,0,0
BRDA:254,31,1,0
BRDA:267,32,0,0
BRDA:267,32,1,0
BRDA:269,33,0,0
BRDA:269,33,1,0
BRDA:276,34,0,0
BRDA:276,34,1,0
BRDA:293,35,0,0
BRDA:293,35,1,0
BRDA:302,36,0,0
BRDA:302,36,1,0
BRDA:303,37,0,0
BRDA:303,37,1,0
BRDA:304,38,0,0
BRDA:304,38,1,0
BRDA:320,39,0,0
BRDA:320,39,1,0
BRF:81
BRH:0
end_of_record
TN:
SF:src\services\teamService.ts
FN:36,(anonymous_0)
FN:117,(anonymous_1)
FN:130,(anonymous_2)
FN:140,(anonymous_3)
FN:148,(anonymous_4)
FN:159,(anonymous_5)
FN:183,(anonymous_6)
FN:224,(anonymous_7)
FN:291,(anonymous_8)
FN:366,(anonymous_9)
FN:378,(anonymous_10)
FN:411,(anonymous_11)
FN:453,(anonymous_12)
FN:462,(anonymous_13)
FN:477,(anonymous_14)
FN:491,(anonymous_15)
FN:548,(anonymous_16)
FN:561,(anonymous_17)
FN:590,(anonymous_18)
FN:616,(anonymous_19)
FN:626,(anonymous_20)
FN:641,(anonymous_21)
FN:644,(anonymous_22)
FN:664,(anonymous_23)
FN:671,(anonymous_24)
FN:677,(anonymous_25)
FN:678,(anonymous_26)
FN:689,(anonymous_27)
FN:696,(anonymous_28)
FN:704,(anonymous_29)
FN:705,(anonymous_30)
FN:716,(anonymous_31)
FN:724,(anonymous_32)
FN:734,(anonymous_33)
FNF:34
FNH:0
FNDA:0,(anonymous_0)
FNDA:0,(anonymous_1)
FNDA:0,(anonymous_2)
FNDA:0,(anonymous_3)
FNDA:0,(anonymous_4)
FNDA:0,(anonymous_5)
FNDA:0,(anonymous_6)
FNDA:0,(anonymous_7)
FNDA:0,(anonymous_8)
FNDA:0,(anonymous_9)
FNDA:0,(anonymous_10)
FNDA:0,(anonymous_11)
FNDA:0,(anonymous_12)
FNDA:0,(anonymous_13)
FNDA:0,(anonymous_14)
FNDA:0,(anonymous_15)
FNDA:0,(anonymous_16)
FNDA:0,(anonymous_17)
FNDA:0,(anonymous_18)
FNDA:0,(anonymous_19)
FNDA:0,(anonymous_20)
FNDA:0,(anonymous_21)
FNDA:0,(anonymous_22)
FNDA:0,(anonymous_23)
FNDA:0,(anonymous_24)
FNDA:0,(anonymous_25)
FNDA:0,(anonymous_26)
FNDA:0,(anonymous_27)
FNDA:0,(anonymous_28)
FNDA:0,(anonymous_29)
FNDA:0,(anonymous_30)
FNDA:0,(anonymous_31)
FNDA:0,(anonymous_32)
FNDA:0,(anonymous_33)
DA:43,0
DA:44,0
DA:54,0
DA:63,0
DA:75,0
DA:77,0
DA:78,0
DA:85,0
DA:86,0
DA:97,0
DA:100,0
DA:110,0
DA:112,0
DA:113,0
DA:118,0
DA:119,0
DA:120,0
DA:125,0
DA:126,0
DA:131,0
DA:132,0
DA:135,0
DA:136,0
DA:139,0
DA:140,0
DA:141,0
DA:145,0
DA:148,0
DA:149,0
DA:152,0
DA:154,0
DA:155,0
DA:160,0
DA:161,0
DA:162,0
DA:163,0
DA:166,0
DA:167,0
DA:178,0
DA:179,0
DA:184,0
DA:186,0
DA:193,0
DA:195,0
DA:197,0
DA:201,0
DA:202,0
DA:203,0
DA:216,0
DA:218,0
DA:219,0
DA:232,0
DA:234,0
DA:243,0
DA:244,0
DA:248,0
DA:249,0
DA:250,0
DA:253,0
DA:266,0
DA:273,0
DA:284,0
DA:286,0
DA:287,0
DA:292,0
DA:293,0
DA:294,0
DA:296,0
DA:297,0
DA:300,0
DA:301,0
DA:307,0
DA:308,0
DA:311,0
DA:312,0
DA:315,0
DA:316,0
DA:319,0
DA:322,0
DA:327,0
DA:328,0
DA:341,0
DA:342,0
DA:348,0
DA:351,0
DA:361,0
DA:362,0
DA:367,0
DA:368,0
DA:369,0
DA:373,0
DA:374,0
DA:379,0
DA:380,0
DA:381,0
DA:383,0
DA:384,0
DA:387,0
DA:389,0
DA:395,0
DA:406,0
DA:407,0
DA:412,0
DA:413,0
DA:414,0
DA:416,0
DA:417,0
DA:420,0
DA:422,0
DA:425,0
DA:428,0
DA:429,0
DA:435,0
DA:438,0
DA:448,0
DA:449,0
DA:454,0
DA:455,0
DA:462,0
DA:463,0
DA:464,0
DA:472,0
DA:473,0
DA:478,0
DA:479,0
DA:480,0
DA:481,0
DA:483,0
DA:485,0
DA:486,0
DA:500,0
DA:501,0
DA:514,0
DA:521,0
DA:522,0
DA:523,0
DA:530,0
DA:541,0
DA:543,0
DA:544,0
DA:549,0
DA:550,0
DA:551,0
DA:556,0
DA:557,0
DA:562,0
DA:563,0
DA:564,0
DA:566,0
DA:567,0
DA:570,0
DA:572,0
DA:575,0
DA:576,0
DA:577,0
DA:584,0
DA:585,0
DA:600,0
DA:601,0
DA:606,0
DA:611,0
DA:617,0
DA:618,0
DA:626,0
DA:627,0
DA:628,0
DA:635,0
DA:636,0
DA:642,0
DA:645,0
DA:646,0
DA:647,0
DA:650,0
DA:651,0
DA:662,0
DA:665,0
DA:666,0
DA:672,0
DA:678,0
DA:679,0
DA:680,0
DA:687,0
DA:690,0
DA:691,0
DA:697,0
DA:705,0
DA:706,0
DA:707,0
DA:714,0
DA:717,0
DA:718,0
DA:725,0
DA:726,0
DA:727,0
DA:728,0
DA:729,0
DA:730,0
DA:740,0
DA:741,0
DA:742,0
DA:743,0
DA:746,0
DA:747,0
DA:749,0
DA:756,0
DA:757,0
DA:767,0
LF:207
LH:0
BRDA:162,0,0,0
BRDA:162,0,1,0
BRDA:170,1,0,0
BRDA:170,1,1,0
BRDA:171,2,0,0
BRDA:171,2,1,0
BRDA:174,3,0,0
BRDA:174,3,1,0
BRDA:201,4,0,0
BRDA:201,4,1,0
BRDA:206,5,0,0
BRDA:206,5,1,0
BRDA:207,6,0,0
BRDA:207,6,1,0
BRDA:210,7,0,0
BRDA:210,7,1,0
BRDA:243,8,0,0
BRDA:243,8,1,0
BRDA:249,9,0,0
BRDA:249,9,1,0
BRDA:287,10,0,0
BRDA:287,10,1,0
BRDA:296,11,0,0
BRDA:296,11,1,0
BRDA:303,12,0,0
BRDA:303,12,1,0
BRDA:304,13,0,0
BRDA:304,13,1,0
BRDA:307,14,0,0
BRDA:307,14,1,0
BRDA:311,15,0,0
BRDA:311,15,1,0
BRDA:315,16,0,0
BRDA:315,16,1,0
BRDA:354,17,0,0
BRDA:354,17,1,0
BRDA:362,18,0,0
BRDA:362,18,1,0
BRDA:383,19,0,0
BRDA:383,19,1,0
BRDA:402,20,0,0
BRDA:402,20,1,0
BRDA:416,21,0,0
BRDA:416,21,1,0
BRDA:445,22,0,0
BRDA:445,22,1,0
BRDA:467,23,0,0
BRDA:467,23,1,0
BRDA:468,24,0,0
BRDA:468,24,1,0
BRDA:480,25,0,0
BRDA:480,25,1,0
BRDA:521,26,0,0
BRDA:521,26,1,0
BRDA:566,27,0,0
BRDA:566,27,1,0
BRDA:575,28,0,0
BRDA:575,28,1,0
BRDA:616,29,0,0
BRDA:631,30,0,0
BRDA:631,30,1,0
BRDA:645,31,0,0
BRDA:645,31,1,0
BRDA:654,32,0,0
BRDA:654,32,1,0
BRDA:655,33,0,0
BRDA:655,33,1,0
BRDA:658,34,0,0
BRDA:658,34,1,0
BRDA:683,35,0,0
BRDA:683,35,1,0
BRDA:684,36,0,0
BRDA:684,36,1,0
BRDA:710,37,0,0
BRDA:710,37,1,0
BRDA:711,38,0,0
BRDA:711,38,1,0
BRDA:725,39,0,0
BRDA:725,39,1,0
BRDA:725,39,2,0
BRDA:725,39,3,0
BRDA:725,39,4,0
BRDA:742,40,0,0
BRDA:742,40,1,0
BRF:84
BRH:0
end_of_record
TN:
SF:src\services\videoRecordingService.ts
FN:50,(anonymous_0)
FN:58,(anonymous_1)
FN:82,(anonymous_2)
FN:124,(anonymous_3)
FN:157,(anonymous_4)
FN:194,(anonymous_5)
FN:215,(anonymous_6)
FN:232,(anonymous_7)
FN:242,(anonymous_8)
FN:253,(anonymous_9)
FN:259,(anonymous_10)
FN:273,(anonymous_11)
FN:287,(anonymous_12)
FN:298,(anonymous_13)
FN:308,(anonymous_14)
FN:318,(anonymous_15)
FN:322,(anonymous_16)
FN:323,(anonymous_17)
FN:326,(anonymous_18)
FN:328,(anonymous_19)
FN:331,(anonymous_20)
FN:336,(anonymous_21)
FN:341,(anonymous_22)
FN:350,(anonymous_23)
FNF:24
FNH:0
FNDA:0,(anonymous_0)
FNDA:0,(anonymous_1)
FNDA:0,(anonymous_2)
FNDA:0,(anonymous_3)
FNDA:0,(anonymous_4)
FNDA:0,(anonymous_5)
FNDA:0,(anonymous_6)
FNDA:0,(anonymous_7)
FNDA:0,(anonymous_8)
FNDA:0,(anonymous_9)
FNDA:0,(anonymous_10)
FNDA:0,(anonymous_11)
FNDA:0,(anonymous_12)
FNDA:0,(anonymous_13)
FNDA:0,(anonymous_14)
FNDA:0,(anonymous_15)
FNDA:0,(anonymous_16)
FNDA:0,(anonymous_17)
FNDA:0,(anonymous_18)
FNDA:0,(anonymous_19)
FNDA:0,(anonymous_20)
FNDA:0,(anonymous_21)
FNDA:0,(anonymous_22)
FNDA:0,(anonymous_23)
DA:35,0
DA:36,0
DA:37,0
DA:38,0
DA:39,0
DA:51,0
DA:52,0
DA:54,0
DA:59,0
DA:60,0
DA:61,0
DA:62,0
DA:65,0
DA:69,0
DA:70,0
DA:72,0
DA:73,0
DA:77,0
DA:87,0
DA:88,0
DA:89,0
DA:92,0
DA:93,0
DA:96,0
DA:98,0
DA:105,0
DA:108,0
DA:109,0
DA:112,0
DA:114,0
DA:115,0
DA:119,0
DA:125,0
DA:126,0
DA:129,0
DA:130,0
DA:132,0
DA:133,0
DA:135,0
DA:142,0
DA:144,0
DA:146,0
DA:147,0
DA:152,0
DA:162,0
DA:163,0
DA:165,0
DA:168,0
DA:170,0
DA:173,0
DA:175,0
DA:176,0
DA:179,0
DA:180,0
DA:181,0
DA:184,0
DA:185,0
DA:189,0
DA:202,0
DA:211,0
DA:223,0
DA:225,0
DA:228,0
DA:239,0
DA:249,0
DA:257,0
DA:259,0
DA:260,0
DA:261,0
DA:262,0
DA:265,0
DA:268,0
DA:274,0
DA:276,0
DA:278,0
DA:280,0
DA:283,0
DA:289,0
DA:290,0
DA:291,0
DA:292,0
DA:293,0
DA:294,0
DA:299,0
DA:300,0
DA:301,0
DA:302,0
DA:303,0
DA:304,0
DA:309,0
DA:310,0
DA:311,0
DA:312,0
DA:313,0
DA:319,0
DA:323,0
DA:327,0
DA:328,0
DA:332,0
DA:337,0
DA:342,0
DA:346,0
DA:351,0
DA:355,0
DA:359,0
LF:105
LH:0
BRDA:51,0,0,0
BRDA:51,0,1,0
BRDA:65,1,0,0
BRDA:65,1,1,0
BRDA:65,1,2,0
BRDA:87,2,0,0
BRDA:87,2,1,0
BRDA:87,3,0,0
BRDA:87,3,1,0
BRDA:100,4,0,0
BRDA:100,4,1,0
BRDA:108,5,0,0
BRDA:108,5,1,0
BRDA:125,6,0,0
BRDA:125,6,1,0
BRDA:125,7,0,0
BRDA:125,7,1,0
BRDA:165,8,0,0
BRDA:165,8,1,0
BRDA:168,9,0,0
BRDA:168,9,1,0
BRDA:223,10,0,0
BRDA:223,10,1,0
BRDA:260,11,0,0
BRDA:260,11,1,0
BRDA:274,12,0,0
BRDA:274,12,1,0
BRDA:274,12,2,0
BRDA:274,12,3,0
BRDA:274,12,4,0
BRDA:289,13,0,0
BRDA:289,13,1,0
BRDA:289,13,2,0
BRDA:289,13,3,0
BRDA:289,13,4,0
BRDA:299,14,0,0
BRDA:299,14,1,0
BRDA:299,14,2,0
BRDA:299,14,3,0
BRDA:299,14,4,0
BRDA:309,15,0,0
BRDA:309,15,1,0
BRDA:309,15,2,0
BRDA:309,15,3,0
BRDA:342,16,0,0
BRDA:342,16,1,0
BRDA:351,17,0,0
BRDA:351,17,1,0
BRF:48
BRH:0
end_of_record
TN:
SF:src\store\analyticsStore.ts
FN:73,(anonymous_0)
FN:93,(anonymous_1)
FN:108,(anonymous_2)
FN:146,(anonymous_3)
FN:162,(anonymous_4)
FN:193,(anonymous_5)
FN:194,(anonymous_6)
FN:211,(anonymous_7)
FN:220,(anonymous_8)
FN:221,(anonymous_9)
FN:238,(anonymous_10)
FN:243,(anonymous_11)
FN:244,(anonymous_12)
FN:257,(anonymous_13)
FN:284,(anonymous_14)
FN:304,(anonymous_15)
FN:323,(anonymous_16)
FN:329,(anonymous_17)
FN:334,(anonymous_18)
FN:335,(anonymous_19)
FN:341,(anonymous_20)
FN:348,(anonymous_21)
FN:363,(anonymous_22)
FN:371,(anonymous_23)
FN:381,(anonymous_24)
FN:387,(anonymous_25)
FN:388,(anonymous_26)
FNF:27
FNH:0
FNDA:0,(anonymous_0)
FNDA:0,(anonymous_1)
FNDA:0,(anonymous_2)
FNDA:0,(anonymous_3)
FNDA:0,(anonymous_4)
FNDA:0,(anonymous_5)
FNDA:0,(anonymous_6)
FNDA:0,(anonymous_7)
FNDA:0,(anonymous_8)
FNDA:0,(anonymous_9)
FNDA:0,(anonymous_10)
FNDA:0,(anonymous_11)
FNDA:0,(anonymous_12)
FNDA:0,(anonymous_13)
FNDA:0,(anonymous_14)
FNDA:0,(anonymous_15)
FNDA:0,(anonymous_16)
FNDA:0,(anonymous_17)
FNDA:0,(anonymous_18)
FNDA:0,(anonymous_19)
FNDA:0,(anonymous_20)
FNDA:0,(anonymous_21)
FNDA:0,(anonymous_22)
FNDA:0,(anonymous_23)
FNDA:0,(anonymous_24)
FNDA:0,(anonymous_25)
FNDA:0,(anonymous_26)
DA:73,0
DA:89,0
DA:91,0
DA:93,0
DA:109,0
DA:110,0
DA:111,0
DA:113,0
DA:146,0
DA:152,0
DA:154,0
DA:158,0
DA:163,0
DA:164,0
DA:166,0
DA:191,0
DA:193,0
DA:195,0
DA:203,0
DA:207,0
DA:212,0
DA:215,0
DA:220,0
DA:222,0
DA:231,0
DA:234,0
DA:239,0
DA:240,0
DA:241,0
DA:243,0
DA:244,0
DA:249,0
DA:253,0
DA:258,0
DA:259,0
DA:262,0
DA:263,0
DA:266,0
DA:267,0
DA:268,0
DA:270,0
DA:276,0
DA:280,0
DA:285,0
DA:286,0
DA:288,0
DA:289,0
DA:291,0
DA:296,0
DA:300,0
DA:305,0
DA:307,0
DA:308,0
DA:310,0
DA:315,0
DA:319,0
DA:326,0
DA:329,0
DA:330,0
DA:335,0
DA:342,0
DA:349,0
DA:351,0
DA:352,0
DA:353,0
DA:355,0
DA:359,0
DA:364,0
DA:372,0
DA:373,0
DA:375,0
DA:382,0
DA:387,0
DA:388,0
LF:74
LH:0
BRDA:108,0,0,0
BRDA:155,1,0,0
BRDA:155,1,1,0
BRDA:167,2,0,0
BRDA:167,2,1,0
BRDA:168,3,0,0
BRDA:168,3,1,0
BRDA:169,4,0,0
BRDA:169,4,1,0
BRDA:170,5,0,0
BRDA:170,5,1,0
BRDA:171,6,0,0
BRDA:171,6,1,0
BRDA:172,7,0,0
BRDA:172,7,1,0
BRDA:179,8,0,0
BRDA:179,8,1,0
BRDA:187,9,0,0
BRDA:187,9,1,0
BRDA:188,10,0,0
BRDA:188,10,1,0
BRDA:195,11,0,0
BRDA:195,11,1,0
BRDA:199,12,0,0
BRDA:199,12,1,0
BRDA:204,13,0,0
BRDA:204,13,1,0
BRDA:222,14,0,0
BRDA:222,14,1,0
BRDA:226,15,0,0
BRDA:226,15,1,0
BRDA:232,16,0,0
BRDA:232,16,1,0
BRDA:245,17,0,0
BRDA:245,17,1,0
BRDA:250,18,0,0
BRDA:250,18,1,0
BRDA:258,19,0,0
BRDA:258,19,1,0
BRDA:262,20,0,0
BRDA:262,20,1,0
BRDA:262,21,0,0
BRDA:262,21,1,0
BRDA:277,22,0,0
BRDA:277,22,1,0
BRDA:285,23,0,0
BRDA:285,23,1,0
BRDA:297,24,0,0
BRDA:297,24,1,0
BRDA:316,25,0,0
BRDA:316,25,1,0
BRDA:356,26,0,0
BRDA:356,26,1,0
BRF:53
BRH:0
end_of_record
TN:
SF:src\store\scriptStore.ts
FN:11,(anonymous_0)
FN:29,(anonymous_1)
FN:43,(anonymous_2)
FN:58,(anonymous_3)
FN:59,(anonymous_4)
FN:69,(anonymous_5)
FN:70,(anonymous_6)
FN:82,(anonymous_7)
FN:83,(anonymous_8)
FN:100,(anonymous_9)
FN:101,(anonymous_10)
FN:111,(anonymous_11)
FN:112,(anonymous_12)
FN:123,(anonymous_13)
FN:124,(anonymous_14)
FN:137,(anonymous_15)
FN:138,(anonymous_16)
FN:142,(anonymous_17)
FN:143,(anonymous_18)
FN:156,(anonymous_19)
FN:160,(anonymous_20)
FN:161,(anonymous_21)
FN:165,(anonymous_22)
FN:166,(anonymous_23)
FN:172,(anonymous_24)
FN:182,(anonymous_25)
FN:193,(anonymous_26)
FN:194,(anonymous_27)
FN:200,(anonymous_28)
FN:207,(anonymous_29)
FN:218,(anonymous_30)
FN:238,(anonymous_31)
FN:249,(anonymous_32)
FN:254,(anonymous_33)
FN:261,(anonymous_34)
FN:272,(anonymous_35)
FN:291,(anonymous_36)
FN:296,(anonymous_37)
FN:297,(anonymous_38)
FN:308,(anonymous_39)
FN:309,(anonymous_40)
FN:313,(anonymous_41)
FN:314,(anonymous_42)
FN:326,(anonymous_43)
FN:327,(anonymous_44)
FN:339,(anonymous_45)
FN:340,(anonymous_46)
FN:341,(anonymous_47)
FN:351,(anonymous_48)
FN:356,(anonymous_49)
FN:357,(anonymous_50)
FNF:51
FNH:0
FNDA:0,(anonymous_0)
FNDA:0,(anonymous_1)
FNDA:0,(anonymous_2)
FNDA:0,(anonymous_3)
FNDA:0,(anonymous_4)
FNDA:0,(anonymous_5)
FNDA:0,(anonymous_6)
FNDA:0,(anonymous_7)
FNDA:0,(anonymous_8)
FNDA:0,(anonymous_9)
FNDA:0,(anonymous_10)
FNDA:0,(anonymous_11)
FNDA:0,(anonymous_12)
FNDA:0,(anonymous_13)
FNDA:0,(anonymous_14)
FNDA:0,(anonymous_15)
FNDA:0,(anonymous_16)
FNDA:0,(anonymous_17)
FNDA:0,(anonymous_18)
FNDA:0,(anonymous_19)
FNDA:0,(anonymous_20)
FNDA:0,(anonymous_21)
FNDA:0,(anonymous_22)
FNDA:0,(anonymous_23)
FNDA:0,(anonymous_24)
FNDA:0,(anonymous_25)
FNDA:0,(anonymous_26)
FNDA:0,(anonymous_27)
FNDA:0,(anonymous_28)
FNDA:0,(anonymous_29)
FNDA:0,(anonymous_30)
FNDA:0,(anonymous_31)
FNDA:0,(anonymous_32)
FNDA:0,(anonymous_33)
FNDA:0,(anonymous_34)
FNDA:0,(anonymous_35)
FNDA:0,(anonymous_36)
FNDA:0,(anonymous_37)
FNDA:0,(anonymous_38)
FNDA:0,(anonymous_39)
FNDA:0,(anonymous_40)
FNDA:0,(anonymous_41)
FNDA:0,(anonymous_42)
FNDA:0,(anonymous_43)
FNDA:0,(anonymous_44)
FNDA:0,(anonymous_45)
FNDA:0,(anonymous_46)
FNDA:0,(anonymous_47)
FNDA:0,(anonymous_48)
FNDA:0,(anonymous_49)
FNDA:0,(anonymous_50)
DA:9,0
DA:11,0
DA:30,0
DA:43,0
DA:52,0
DA:53,0
DA:54,0
DA:56,0
DA:58,0
DA:60,0
DA:70,0
DA:71,0
DA:73,0
DA:82,0
DA:84,0
DA:95,0
DA:96,0
DA:97,0
DA:99,0
DA:100,0
DA:102,0
DA:112,0
DA:113,0
DA:116,0
DA:123,0
DA:124,0
DA:133,0
DA:134,0
DA:135,0
DA:137,0
DA:138,0
DA:141,0
DA:142,0
DA:144,0
DA:152,0
DA:157,0
DA:161,0
DA:166,0
DA:170,0
DA:171,0
DA:172,0
DA:177,0
DA:180,0
DA:182,0
DA:189,0
DA:194,0
DA:198,0
DA:199,0
DA:200,0
DA:205,0
DA:207,0
DA:214,0
DA:219,0
DA:220,0
DA:223,0
DA:225,0
DA:238,0
DA:244,0
DA:250,0
DA:251,0
DA:254,0
DA:258,0
DA:259,0
DA:261,0
DA:271,0
DA:272,0
DA:292,0
DA:293,0
DA:296,0
DA:298,0
DA:304,0
DA:309,0
DA:311,0
DA:313,0
DA:315,0
DA:322,0
DA:327,0
DA:332,0
DA:333,0
DA:339,0
DA:340,0
DA:341,0
DA:348,0
DA:351,0
DA:352,0
DA:356,0
DA:357,0
DA:362,0
DA:365,0
DA:366,0
LF:90
LH:0
BRDA:52,0,0,0
BRDA:52,0,1,0
BRDA:52,1,0,0
BRDA:52,1,1,0
BRDA:60,2,0,0
BRDA:60,2,1,0
BRDA:71,3,0,0
BRDA:71,3,1,0
BRDA:84,4,0,0
BRDA:84,4,1,0
BRDA:87,5,0,0
BRDA:87,5,1,0
BRDA:95,6,0,0
BRDA:95,6,1,0
BRDA:95,7,0,0
BRDA:95,7,1,0
BRDA:102,8,0,0
BRDA:102,8,1,0
BRDA:113,9,0,0
BRDA:113,9,1,0
BRDA:124,10,0,0
BRDA:124,10,1,0
BRDA:125,11,0,0
BRDA:125,11,1,0
BRDA:133,12,0,0
BRDA:133,12,1,0
BRDA:133,13,0,0
BRDA:133,13,1,0
BRDA:144,14,0,0
BRDA:144,14,1,0
BRDA:161,15,0,0
BRDA:161,15,1,0
BRDA:186,16,0,0
BRDA:186,16,1,0
BRDA:211,17,0,0
BRDA:211,17,1,0
BRDA:241,18,0,0
BRDA:241,18,1,0
BRDA:250,19,0,0
BRDA:250,19,1,0
BRDA:250,20,0,0
BRDA:250,20,1,0
BRDA:282,21,0,0
BRDA:282,21,1,0
BRDA:298,22,0,0
BRDA:298,22,1,0
BRDA:315,23,0,0
BRDA:315,23,1,0
BRDA:332,24,0,0
BRDA:332,24,1,0
BRDA:332,25,0,0
BRDA:332,25,1,0
BRDA:332,25,2,0
BRDA:362,26,0,0
BRDA:362,26,1,0
BRDA:365,27,0,0
BRDA:365,27,1,0
BRF:57
BRH:0
end_of_record
TN:
SF:src\store\subscriptionStore.ts
FN:41,(anonymous_0)
FN:83,(anonymous_1)
FN:95,(anonymous_2)
FN:99,(anonymous_3)
FN:126,(anonymous_4)
FN:152,(anonymous_5)
FN:180,(anonymous_6)
FN:186,(anonymous_7)
FN:187,(anonymous_8)
FNF:9
FNH:0
FNDA:0,(anonymous_0)
FNDA:0,(anonymous_1)
FNDA:0,(anonymous_2)
FNDA:0,(anonymous_3)
FNDA:0,(anonymous_4)
FNDA:0,(anonymous_5)
FNDA:0,(anonymous_6)
FNDA:0,(anonymous_7)
FNDA:0,(anonymous_8)
DA:41,0
DA:42,0
DA:44,0
DA:55,0
DA:66,0
DA:77,0
DA:81,0
DA:83,0
DA:96,0
DA:100,0
DA:102,0
DA:104,0
DA:111,0
DA:116,0
DA:118,0
DA:122,0
DA:127,0
DA:129,0
DA:130,0
DA:137,0
DA:142,0
DA:144,0
DA:148,0
DA:153,0
DA:155,0
DA:157,0
DA:159,0
DA:161,0
DA:168,0
DA:171,0
DA:173,0
DA:181,0
DA:186,0
DA:187,0
LF:34
LH:0
BRDA:42,0,0,0
BRDA:42,0,1,0
BRDA:42,0,2,0
BRDA:42,0,3,0
BRDA:159,1,0,0
BRDA:159,1,1,0
BRDA:159,2,0,0
BRDA:159,2,1,0
BRF:8
BRH:0
end_of_record
