TN:
SF:src\components\AdaptiveScrollSettings.tsx
FN:26,AdaptiveScrollSettingsModal
FN:35,(anonymous_1)
FN:39,(anonymous_2)
FN:44,(anonymous_3)
FN:49,(anonymous_4)
FN:53,(anonymous_5)
FN:83,(anonymous_6)
FN:101,(anonymous_7)
FN:120,(anonymous_8)
FN:139,(anonymous_9)
FN:158,(anonymous_10)
FN:177,(anonymous_11)
FN:196,(anonymous_12)
FNF:13
FNH:0
FNDA:0,AdaptiveScrollSettingsModal
FNDA:0,(anonymous_1)
FNDA:0,(anonymous_2)
FNDA:0,(anonymous_3)
FNDA:0,(anonymous_4)
FNDA:0,(anonymous_5)
FNDA:0,(anonymous_6)
FNDA:0,(anonymous_7)
FNDA:0,(anonymous_8)
FNDA:0,(anonymous_9)
FNDA:0,(anonymous_10)
FNDA:0,(anonymous_11)
FNDA:0,(anonymous_12)
DA:33,0
DA:35,0
DA:36,0
DA:39,0
DA:40,0
DA:41,0
DA:44,0
DA:45,0
DA:46,0
DA:49,0
DA:53,0
DA:56,0
DA:83,0
DA:101,0
DA:120,0
DA:139,0
DA:158,0
DA:177,0
DA:196,0
DA:234,0
LF:20
LH:0
BRF:0
BRH:0
end_of_record
TN:
SF:src\components\AiSuggestionPanel.tsx
FN:24,AiSuggestionPanel
FN:36,(anonymous_1)
FN:39,(anonymous_2)
FN:49,(anonymous_3)
FN:54,(anonymous_4)
FN:69,(anonymous_5)
FN:76,(anonymous_6)
FN:88,(anonymous_7)
FN:93,(anonymous_8)
FN:100,(anonymous_9)
FN:107,(anonymous_10)
FN:122,(anonymous_11)
FN:137,(anonymous_12)
FNF:13
FNH:0
FNDA:0,AiSuggestionPanel
FNDA:0,(anonymous_1)
FNDA:0,(anonymous_2)
FNDA:0,(anonymous_3)
FNDA:0,(anonymous_4)
FNDA:0,(anonymous_5)
FNDA:0,(anonymous_6)
FNDA:0,(anonymous_7)
FNDA:0,(anonymous_8)
FNDA:0,(anonymous_9)
FNDA:0,(anonymous_10)
FNDA:0,(anonymous_11)
FNDA:0,(anonymous_12)
DA:31,0
DA:32,0
DA:33,0
DA:34,0
DA:36,0
DA:37,0
DA:39,0
DA:40,0
DA:41,0
DA:45,0
DA:47,0
DA:49,0
DA:50,0
DA:54,0
DA:55,0
DA:69,0
DA:70,0
DA:71,0
DA:76,0
DA:77,0
DA:89,0
DA:93,0
DA:94,0
DA:95,0
DA:97,0
DA:100,0
DA:101,0
DA:102,0
DA:104,0
DA:107,0
DA:108,0
DA:110,0
DA:112,0
DA:114,0
DA:116,0
DA:118,0
DA:122,0
DA:123,0
DA:125,0
DA:127,0
DA:129,0
DA:131,0
DA:133,0
DA:137,0
DA:138,0
DA:145,0
DA:147,0
DA:160,0
DA:173,0
DA:186,0
DA:190,0
DA:191,0
DA:194,0
DA:264,0
LF:54
LH:0
BRDA:26,0,0,0
BRDA:70,1,0,0
BRDA:70,1,1,0
BRDA:94,2,0,0
BRDA:94,2,1,0
BRDA:94,3,0,0
BRDA:94,3,1,0
BRDA:101,4,0,0
BRDA:101,4,1,0
BRDA:101,5,0,0
BRDA:101,5,1,0
BRDA:108,6,0,0
BRDA:108,6,1,0
BRDA:108,6,2,0
BRDA:108,6,3,0
BRDA:108,6,4,0
BRDA:123,7,0,0
BRDA:123,7,1,0
BRDA:123,7,2,0
BRDA:123,7,3,0
BRDA:123,7,4,0
BRDA:145,8,0,0
BRDA:145,8,1,0
BRDA:145,8,2,0
BRDA:145,8,3,0
BRDA:190,9,0,0
BRDA:190,9,1,0
BRDA:190,10,0,0
BRDA:190,10,1,0
BRDA:190,10,2,0
BRF:30
BRH:0
end_of_record
TN:
SF:src\components\BLERemotePanel.tsx
FN:37,BLERemotePanel
FN:50,(anonymous_1)
FN:51,(anonymous_2)
FN:55,(anonymous_3)
FN:60,(anonymous_4)
FN:65,(anonymous_5)
FN:68,(anonymous_6)
FN:82,(anonymous_7)
FN:90,(anonymous_8)
FN:99,(anonymous_9)
FN:103,(anonymous_10)
FN:118,(anonymous_11)
FN:130,(anonymous_12)
FN:140,(anonymous_13)
FN:149,(anonymous_14)
FN:165,(anonymous_15)
FN:169,(anonymous_16)
FN:172,(anonymous_17)
FN:182,(anonymous_18)
FN:193,(anonymous_19)
FN:200,(anonymous_20)
FN:230,(anonymous_21)
FN:263,(anonymous_22)
FN:269,(anonymous_23)
FN:294,(anonymous_24)
FN:322,(anonymous_25)
FN:349,(anonymous_26)
FN:364,(anonymous_27)
FN:375,(anonymous_28)
FN:389,(anonymous_29)
FN:400,(anonymous_30)
FNF:31
FNH:0
FNDA:0,BLERemotePanel
FNDA:0,(anonymous_1)
FNDA:0,(anonymous_2)
FNDA:0,(anonymous_3)
FNDA:0,(anonymous_4)
FNDA:0,(anonymous_5)
FNDA:0,(anonymous_6)
FNDA:0,(anonymous_7)
FNDA:0,(anonymous_8)
FNDA:0,(anonymous_9)
FNDA:0,(anonymous_10)
FNDA:0,(anonymous_11)
FNDA:0,(anonymous_12)
FNDA:0,(anonymous_13)
FNDA:0,(anonymous_14)
FNDA:0,(anonymous_15)
FNDA:0,(anonymous_16)
FNDA:0,(anonymous_17)
FNDA:0,(anonymous_18)
FNDA:0,(anonymous_19)
FNDA:0,(anonymous_20)
FNDA:0,(anonymous_21)
FNDA:0,(anonymous_22)
FNDA:0,(anonymous_23)
FNDA:0,(anonymous_24)
FNDA:0,(anonymous_25)
FNDA:0,(anonymous_26)
FNDA:0,(anonymous_27)
FNDA:0,(anonymous_28)
FNDA:0,(anonymous_29)
FNDA:0,(anonymous_30)
DA:38,0
DA:39,0
DA:42,0
DA:43,0
DA:44,0
DA:45,0
DA:46,0
DA:50,0
DA:51,0
DA:52,0
DA:55,0
DA:57,0
DA:60,0
DA:62,0
DA:65,0
DA:66,0
DA:68,0
DA:71,0
DA:72,0
DA:74,0
DA:75,0
DA:78,0
DA:79,0
DA:82,0
DA:83,0
DA:84,0
DA:85,0
DA:86,0
DA:90,0
DA:91,0
DA:92,0
DA:93,0
DA:95,0
DA:99,0
DA:100,0
DA:103,0
DA:104,0
DA:105,0
DA:107,0
DA:108,0
DA:109,0
DA:111,0
DA:114,0
DA:118,0
DA:119,0
DA:120,0
DA:122,0
DA:123,0
DA:126,0
DA:130,0
DA:131,0
DA:136,0
DA:137,0
DA:140,0
DA:141,0
DA:142,0
DA:143,0
DA:144,0
DA:145,0
DA:149,0
DA:150,0
DA:151,0
DA:152,0
DA:153,0
DA:154,0
DA:155,0
DA:156,0
DA:157,0
DA:158,0
DA:159,0
DA:160,0
DA:161,0
DA:165,0
DA:166,0
DA:170,0
DA:173,0
DA:183,0
DA:194,0
DA:195,0
DA:200,0
DA:201,0
DA:218,0
DA:219,0
DA:238,0
DA:239,0
DA:242,0
DA:264,0
DA:269,0
DA:294,0
DA:322,0
DA:349,0
DA:364,0
DA:375,0
DA:390,0
DA:400,0
DA:411,0
LF:96
LH:0
BRDA:78,0,0,0
BRDA:78,0,1,0
BRDA:107,1,0,0
BRDA:107,1,1,0
BRDA:122,2,0,0
BRDA:122,2,1,0
BRDA:141,3,0,0
BRDA:141,3,1,0
BRDA:141,3,2,0
BRDA:141,3,3,0
BRDA:150,4,0,0
BRDA:150,4,1,0
BRDA:150,4,2,0
BRDA:150,4,3,0
BRDA:150,4,4,0
BRDA:150,4,5,0
BRDA:150,4,6,0
BRDA:150,4,7,0
BRDA:150,4,8,0
BRDA:150,4,9,0
BRDA:150,4,10,0
BRDA:168,5,0,0
BRDA:168,5,1,0
BRDA:168,6,0,0
BRDA:168,6,1,0
BRDA:174,7,0,0
BRDA:174,7,1,0
BRDA:180,8,0,0
BRDA:180,8,1,0
BRDA:183,9,0,0
BRDA:183,9,1,0
BRDA:188,10,0,0
BRDA:188,10,1,0
BRDA:218,11,0,0
BRDA:218,11,1,0
BRDA:238,12,0,0
BRDA:238,12,1,0
BRDA:248,13,0,0
BRDA:248,13,1,0
BRDA:253,14,0,0
BRDA:253,14,1,0
BRDA:261,15,0,0
BRDA:261,15,1,0
BRDA:280,16,0,0
BRDA:280,16,1,0
BRDA:284,17,0,0
BRDA:284,17,1,0
BRDA:289,18,0,0
BRDA:289,18,1,0
BRDA:302,19,0,0
BRDA:302,19,1,0
BRDA:311,20,0,0
BRDA:311,20,1,0
BRDA:329,21,0,0
BRDA:329,21,1,0
BRDA:338,22,0,0
BRDA:338,22,1,0
BRDA:338,23,0,0
BRDA:338,23,1,0
BRDA:382,24,0,0
BRDA:382,24,1,0
BRF:61
BRH:0
end_of_record
TN:
SF:src\components\ConflictResolution.tsx
FN:13,ConflictResolution
FN:19,(anonymous_1)
FN:104,(anonymous_2)
FN:112,(anonymous_3)
FNF:4
FNH:0
FNDA:0,ConflictResolution
FNDA:0,(anonymous_1)
FNDA:0,(anonymous_2)
FNDA:0,(anonymous_3)
DA:19,0
DA:20,0
DA:29,0
DA:104,0
DA:112,0
DA:134,0
LF:6
LH:0
BRDA:66,0,0,0
BRDA:66,0,1,0
BRDA:95,1,0,0
BRDA:95,1,1,0
BRF:4
BRH:0
end_of_record
TN:
SF:src\components\EmotionIndicator.tsx
FN:22,EmotionIndicator
FN:38,(anonymous_1)
FN:41,(anonymous_2)
FN:60,(anonymous_3)
FN:63,(anonymous_4)
FN:72,(anonymous_5)
FN:78,(anonymous_6)
FN:86,(anonymous_7)
FNF:8
FNH:0
FNDA:0,EmotionIndicator
FNDA:0,(anonymous_1)
FNDA:0,(anonymous_2)
FNDA:0,(anonymous_3)
FNDA:0,(anonymous_4)
FNDA:0,(anonymous_5)
FNDA:0,(anonymous_6)
FNDA:0,(anonymous_7)
DA:28,0
DA:34,0
DA:35,0
DA:36,0
DA:38,0
DA:39,0
DA:41,0
DA:42,0
DA:43,0
DA:46,0
DA:60,0
DA:63,0
DA:64,0
DA:65,0
DA:69,0
DA:70,0
DA:72,0
DA:73,0
DA:74,0
DA:78,0
DA:79,0
DA:86,0
DA:87,0
DA:92,0
DA:94,0
DA:96,0
DA:98,0
DA:100,0
DA:102,0
DA:106,0
DA:141,0
LF:31
LH:0
BRDA:24,0,0,0
BRDA:64,1,0,0
BRDA:64,1,1,0
BRDA:80,2,0,0
BRDA:80,2,1,0
BRDA:80,3,0,0
BRDA:80,3,1,0
BRDA:92,4,0,0
BRDA:92,4,1,0
BRDA:92,4,2,0
BRDA:92,4,3,0
BRDA:92,4,4,0
BRF:12
BRH:0
end_of_record
TN:
SF:src\components\ExternalDisplayPanel.tsx
FN:36,ExternalDisplayPanel
FN:60,(anonymous_1)
FN:61,(anonymous_2)
FN:72,(anonymous_3)
FN:78,(anonymous_4)
FN:84,(anonymous_5)
FN:96,(anonymous_6)
FN:111,(anonymous_7)
FN:120,(anonymous_8)
FN:126,(anonymous_9)
FN:130,(anonymous_10)
FN:140,(anonymous_11)
FN:144,(anonymous_12)
FN:167,(anonymous_13)
FN:198,(anonymous_14)
FN:236,(anonymous_15)
FN:254,(anonymous_16)
FN:263,(anonymous_17)
FN:274,(anonymous_18)
FN:286,(anonymous_19)
FN:294,(anonymous_20)
FN:299,(anonymous_21)
FN:312,(anonymous_22)
FN:317,(anonymous_23)
FN:333,(anonymous_24)
FN:339,(anonymous_25)
FNF:26
FNH:0
FNDA:0,ExternalDisplayPanel
FNDA:0,(anonymous_1)
FNDA:0,(anonymous_2)
FNDA:0,(anonymous_3)
FNDA:0,(anonymous_4)
FNDA:0,(anonymous_5)
FNDA:0,(anonymous_6)
FNDA:0,(anonymous_7)
FNDA:0,(anonymous_8)
FNDA:0,(anonymous_9)
FNDA:0,(anonymous_10)
FNDA:0,(anonymous_11)
FNDA:0,(anonymous_12)
FNDA:0,(anonymous_13)
FNDA:0,(anonymous_14)
FNDA:0,(anonymous_15)
FNDA:0,(anonymous_16)
FNDA:0,(anonymous_17)
FNDA:0,(anonymous_18)
FNDA:0,(anonymous_19)
FNDA:0,(anonymous_20)
FNDA:0,(anonymous_21)
FNDA:0,(anonymous_22)
FNDA:0,(anonymous_23)
FNDA:0,(anonymous_24)
FNDA:0,(anonymous_25)
DA:43,0
DA:44,0
DA:47,0
DA:48,0
DA:49,0
DA:50,0
DA:60,0
DA:61,0
DA:62,0
DA:65,0
DA:68,0
DA:69,0
DA:72,0
DA:73,0
DA:78,0
DA:79,0
DA:80,0
DA:84,0
DA:85,0
DA:86,0
DA:87,0
DA:88,0
DA:90,0
DA:92,0
DA:96,0
DA:97,0
DA:98,0
DA:100,0
DA:101,0
DA:102,0
DA:104,0
DA:107,0
DA:111,0
DA:112,0
DA:113,0
DA:114,0
DA:116,0
DA:120,0
DA:121,0
DA:122,0
DA:123,0
DA:126,0
DA:127,0
DA:131,0
DA:141,0
DA:144,0
DA:155,0
DA:156,0
DA:175,0
DA:176,0
DA:179,0
DA:198,0
DA:236,0
DA:254,0
DA:263,0
DA:274,0
DA:286,0
DA:295,0
DA:299,0
DA:313,0
DA:317,0
DA:333,0
DA:339,0
DA:350,0
LF:64
LH:0
BRDA:68,0,0,0
BRDA:68,0,1,0
BRDA:79,1,0,0
BRDA:79,1,1,0
BRDA:79,2,0,0
BRDA:79,2,1,0
BRDA:79,2,2,0
BRDA:100,3,0,0
BRDA:100,3,1,0
BRDA:134,4,0,0
BRDA:134,4,1,0
BRDA:135,5,0,0
BRDA:135,5,1,0
BRDA:136,6,0,0
BRDA:136,6,1,0
BRDA:155,7,0,0
BRDA:155,7,1,0
BRDA:175,8,0,0
BRDA:175,8,1,0
BRDA:183,9,0,0
BRDA:183,9,1,0
BRDA:188,10,0,0
BRDA:188,10,1,0
BRDA:191,11,0,0
BRDA:191,11,1,0
BRDA:219,12,0,0
BRDA:219,12,1,0
BRDA:225,13,0,0
BRDA:225,13,1,0
BRDA:243,14,0,0
BRDA:243,14,1,0
BRDA:297,15,0,0
BRDA:297,15,1,0
BRDA:315,16,0,0
BRDA:315,16,1,0
BRDA:320,17,0,0
BRDA:320,17,1,0
BRDA:321,18,0,0
BRDA:321,18,1,0
BRDA:322,19,0,0
BRDA:322,19,1,0
BRF:41
BRH:0
end_of_record
TN:
SF:src\components\FeedbackPanel.tsx
FN:34,(anonymous_0)
FN:52,(anonymous_1)
FN:59,(anonymous_2)
FN:64,(anonymous_3)
FN:75,(anonymous_4)
FN:142,(anonymous_5)
FNF:6
FNH:0
FNDA:0,(anonymous_0)
FNDA:0,(anonymous_1)
FNDA:0,(anonymous_2)
FNDA:0,(anonymous_3)
FNDA:0,(anonymous_4)
FNDA:0,(anonymous_5)
DA:34,0
DA:39,0
DA:40,0
DA:41,0
DA:42,0
DA:43,0
DA:44,0
DA:45,0
DA:46,0
DA:47,0
DA:48,0
DA:50,0
DA:52,0
DA:53,0
DA:54,0
DA:55,0
DA:59,0
DA:60,0
DA:61,0
DA:64,0
DA:65,0
DA:66,0
DA:67,0
DA:68,0
DA:69,0
DA:70,0
DA:71,0
DA:72,0
DA:75,0
DA:76,0
DA:77,0
DA:78,0
DA:81,0
DA:82,0
DA:83,0
DA:86,0
DA:87,0
DA:88,0
DA:102,0
DA:108,0
DA:109,0
DA:112,0
DA:113,0
DA:115,0
DA:119,0
DA:142,0
DA:228,0
LF:47
LH:0
BRDA:53,0,0,0
BRDA:53,0,1,0
BRDA:76,1,0,0
BRDA:76,1,1,0
BRDA:81,2,0,0
BRDA:81,2,1,0
BRDA:95,3,0,0
BRDA:95,3,1,0
BRDA:108,4,0,0
BRDA:108,4,1,0
BRDA:216,5,0,0
BRDA:216,5,1,0
BRDA:216,5,2,0
BRF:13
BRH:0
end_of_record
TN:
SF:src\components\FillerWordCue.tsx
FN:20,FillerWordCue
FN:31,(anonymous_1)
FN:76,(anonymous_2)
FN:80,(anonymous_3)
FN:83,(anonymous_4)
FN:95,(anonymous_5)
FN:100,(anonymous_6)
FN:110,(anonymous_7)
FN:135,(anonymous_8)
FN:152,(anonymous_9)
FN:190,FillerWordHighlight
FN:198,(anonymous_11)
FN:222,(anonymous_12)
FNF:13
FNH:0
FNDA:0,FillerWordCue
FNDA:0,(anonymous_1)
FNDA:0,(anonymous_2)
FNDA:0,(anonymous_3)
FNDA:0,(anonymous_4)
FNDA:0,(anonymous_5)
FNDA:0,(anonymous_6)
FNDA:0,(anonymous_7)
FNDA:0,(anonymous_8)
FNDA:0,(anonymous_9)
FNDA:0,FillerWordHighlight
FNDA:0,(anonymous_11)
FNDA:0,(anonymous_12)
DA:26,0
DA:27,0
DA:28,0
DA:29,0
DA:31,0
DA:33,0
DA:48,0
DA:49,0
DA:72,0
DA:76,0
DA:77,0
DA:80,0
DA:83,0
DA:84,0
DA:96,0
DA:100,0
DA:101,0
DA:102,0
DA:103,0
DA:104,0
DA:105,0
DA:106,0
DA:110,0
DA:111,0
DA:135,0
DA:136,0
DA:152,0
DA:153,0
DA:168,0
DA:169,0
DA:172,0
DA:196,0
DA:198,0
DA:199,0
DA:201,0
DA:214,0
DA:218,0
DA:219,0
DA:222,0
DA:223,0
DA:225,0
DA:231,0
DA:236,0
DA:240,0
DA:254,0
LF:45
LH:0
BRDA:48,0,0,0
BRDA:48,0,1,0
BRDA:101,1,0,0
BRDA:101,1,1,0
BRDA:101,1,2,0
BRDA:101,1,3,0
BRDA:101,1,4,0
BRDA:168,2,0,0
BRDA:168,2,1,0
BRDA:168,3,0,0
BRDA:168,3,1,0
BRDA:174,4,0,0
BRDA:174,4,1,0
BRDA:175,5,0,0
BRDA:175,5,1,0
BRDA:176,6,0,0
BRDA:176,6,1,0
BRDA:177,7,0,0
BRDA:177,7,1,0
BRDA:199,8,0,0
BRDA:199,8,1,0
BRDA:199,9,0,0
BRDA:199,9,1,0
BRDA:199,9,2,0
BRDA:218,10,0,0
BRDA:218,10,1,0
BRDA:218,11,0,0
BRDA:218,11,1,0
BRDA:223,12,0,0
BRDA:223,12,1,0
BRDA:223,12,2,0
BRF:31
BRH:0
end_of_record
TN:
SF:src\components\GamificationPanel.tsx
FN:42,(anonymous_0)
FN:57,(anonymous_1)
FN:63,(anonymous_2)
FN:86,(anonymous_3)
FN:97,(anonymous_4)
FN:121,(anonymous_5)
FN:128,(anonymous_6)
FN:155,(anonymous_7)
FN:157,(anonymous_8)
FN:158,(anonymous_9)
FN:168,(anonymous_10)
FN:172,(anonymous_11)
FN:187,(anonymous_12)
FN:194,(anonymous_13)
FN:220,(anonymous_14)
FN:224,(anonymous_15)
FN:225,(anonymous_16)
FN:237,(anonymous_17)
FN:250,(anonymous_18)
FN:251,(anonymous_19)
FN:266,(anonymous_20)
FN:283,(anonymous_21)
FN:293,(anonymous_22)
FN:300,(anonymous_23)
FN:309,(anonymous_24)
FN:330,(anonymous_25)
FNF:26
FNH:0
FNDA:0,(anonymous_0)
FNDA:0,(anonymous_1)
FNDA:0,(anonymous_2)
FNDA:0,(anonymous_3)
FNDA:0,(anonymous_4)
FNDA:0,(anonymous_5)
FNDA:0,(anonymous_6)
FNDA:0,(anonymous_7)
FNDA:0,(anonymous_8)
FNDA:0,(anonymous_9)
FNDA:0,(anonymous_10)
FNDA:0,(anonymous_11)
FNDA:0,(anonymous_12)
FNDA:0,(anonymous_13)
FNDA:0,(anonymous_14)
FNDA:0,(anonymous_15)
FNDA:0,(anonymous_16)
FNDA:0,(anonymous_17)
FNDA:0,(anonymous_18)
FNDA:0,(anonymous_19)
FNDA:0,(anonymous_20)
FNDA:0,(anonymous_21)
FNDA:0,(anonymous_22)
FNDA:0,(anonymous_23)
FNDA:0,(anonymous_24)
FNDA:0,(anonymous_25)
DA:34,0
DA:42,0
DA:47,0
DA:48,0
DA:49,0
DA:50,0
DA:51,0
DA:52,0
DA:53,0
DA:55,0
DA:57,0
DA:58,0
DA:59,0
DA:63,0
DA:64,0
DA:65,0
DA:66,0
DA:74,0
DA:75,0
DA:76,0
DA:77,0
DA:78,0
DA:80,0
DA:82,0
DA:86,0
DA:87,0
DA:89,0
DA:90,0
DA:91,0
DA:93,0
DA:97,0
DA:98,0
DA:100,0
DA:102,0
DA:121,0
DA:122,0
DA:124,0
DA:129,0
DA:155,0
DA:156,0
DA:157,0
DA:158,0
DA:161,0
DA:163,0
DA:169,0
DA:172,0
DA:187,0
DA:188,0
DA:190,0
DA:195,0
DA:220,0
DA:221,0
DA:223,0
DA:224,0
DA:225,0
DA:227,0
DA:237,0
DA:250,0
DA:251,0
DA:267,0
DA:283,0
DA:284,0
DA:285,0
DA:286,0
DA:287,0
DA:288,0
DA:289,0
DA:293,0
DA:294,0
DA:296,0
DA:300,0
DA:309,0
DA:330,0
DA:343,0
DA:376,0
LF:75
LH:0
BRDA:58,0,0,0
BRDA:58,0,1,0
BRDA:87,1,0,0
BRDA:87,1,1,0
BRDA:98,2,0,0
BRDA:98,2,1,0
BRDA:122,3,0,0
BRDA:122,3,1,0
BRDA:132,4,0,0
BRDA:132,4,1,0
BRDA:142,5,0,0
BRDA:142,5,1,0
BRDA:161,6,0,0
BRDA:161,6,1,0
BRDA:188,7,0,0
BRDA:188,7,1,0
BRDA:207,8,0,0
BRDA:207,8,1,0
BRDA:221,9,0,0
BRDA:221,9,1,0
BRDA:223,10,0,0
BRDA:223,10,1,0
BRDA:231,11,0,0
BRDA:231,11,1,0
BRDA:237,12,0,0
BRDA:250,13,0,0
BRDA:251,14,0,0
BRDA:271,15,0,0
BRDA:271,15,1,0
BRDA:271,16,0,0
BRDA:271,16,1,0
BRDA:273,17,0,0
BRDA:273,17,1,0
BRDA:284,18,0,0
BRDA:284,18,1,0
BRDA:284,18,2,0
BRDA:284,18,3,0
BRDA:284,18,4,0
BRDA:294,19,0,0
BRDA:294,19,1,0
BRDA:323,20,0,0
BRDA:323,20,1,0
BRF:42
BRH:0
end_of_record
TN:
SF:src\components\KaraokeSettings.tsx
FN:35,(anonymous_0)
FN:44,(anonymous_1)
FN:48,(anonymous_2)
FN:52,(anonymous_3)
FN:55,(anonymous_4)
FN:60,(anonymous_5)
FN:106,(anonymous_6)
FN:120,(anonymous_7)
FN:124,(anonymous_8)
FN:139,(anonymous_9)
FN:151,(anonymous_10)
FN:174,(anonymous_11)
FN:189,(anonymous_12)
FN:214,(anonymous_13)
FN:238,(anonymous_14)
FN:252,(anonymous_15)
FN:266,(anonymous_16)
FNF:17
FNH:0
FNDA:0,(anonymous_0)
FNDA:0,(anonymous_1)
FNDA:0,(anonymous_2)
FNDA:0,(anonymous_3)
FNDA:0,(anonymous_4)
FNDA:0,(anonymous_5)
FNDA:0,(anonymous_6)
FNDA:0,(anonymous_7)
FNDA:0,(anonymous_8)
FNDA:0,(anonymous_9)
FNDA:0,(anonymous_10)
FNDA:0,(anonymous_11)
FNDA:0,(anonymous_12)
FNDA:0,(anonymous_13)
FNDA:0,(anonymous_14)
FNDA:0,(anonymous_15)
FNDA:0,(anonymous_16)
DA:35,0
DA:42,0
DA:44,0
DA:45,0
DA:48,0
DA:52,0
DA:55,0
DA:56,0
DA:57,0
DA:60,0
DA:61,0
DA:62,0
DA:65,0
DA:76,0
DA:106,0
DA:121,0
DA:124,0
DA:139,0
DA:151,0
DA:174,0
DA:189,0
DA:214,0
DA:238,0
DA:252,0
DA:266,0
DA:319,0
LF:26
LH:0
BRDA:178,0,0,0
BRDA:178,0,1,0
BRF:2
BRH:0
end_of_record
TN:
SF:src\components\KaraokeText.tsx
FN:34,(anonymous_0)
FN:49,(anonymous_1)
FN:58,(anonymous_2)
FN:71,(anonymous_3)
FN:72,(anonymous_4)
FN:92,(anonymous_5)
FN:101,(anonymous_6)
FN:112,(anonymous_7)
FN:119,(anonymous_8)
FN:148,(anonymous_9)
FN:187,(anonymous_10)
FN:227,(anonymous_11)
FN:239,(anonymous_12)
FN:257,(anonymous_13)
FN:262,(anonymous_14)
FNF:15
FNH:0
FNDA:0,(anonymous_0)
FNDA:0,(anonymous_1)
FNDA:0,(anonymous_2)
FNDA:0,(anonymous_3)
FNDA:0,(anonymous_4)
FNDA:0,(anonymous_5)
FNDA:0,(anonymous_6)
FNDA:0,(anonymous_7)
FNDA:0,(anonymous_8)
FNDA:0,(anonymous_9)
FNDA:0,(anonymous_10)
FNDA:0,(anonymous_11)
FNDA:0,(anonymous_12)
FNDA:0,(anonymous_13)
FNDA:0,(anonymous_14)
DA:34,0
DA:43,0
DA:44,0
DA:45,0
DA:46,0
DA:49,0
DA:50,0
DA:51,0
DA:54,0
DA:58,0
DA:59,0
DA:60,0
DA:61,0
DA:63,0
DA:64,0
DA:65,0
DA:71,0
DA:72,0
DA:73,0
DA:74,0
DA:75,0
DA:76,0
DA:80,0
DA:93,0
DA:101,0
DA:102,0
DA:112,0
DA:113,0
DA:115,0
DA:116,0
DA:117,0
DA:119,0
DA:120,0
DA:121,0
DA:124,0
DA:125,0
DA:126,0
DA:134,0
DA:135,0
DA:140,0
DA:149,0
DA:150,0
DA:155,0
DA:158,0
DA:161,0
DA:162,0
DA:171,0
DA:172,0
DA:181,0
DA:187,0
DA:188,0
DA:198,0
DA:227,0
DA:236,0
DA:237,0
DA:239,0
DA:240,0
DA:241,0
DA:257,0
DA:258,0
DA:259,0
DA:262,0
DA:263,0
DA:265,0
DA:266,0
DA:271,0
DA:281,0
DA:284,0
DA:295,0
LF:69
LH:0
BRDA:50,0,0,0
BRDA:50,0,1,0
BRDA:59,1,0,0
BRDA:59,1,1,0
BRDA:59,2,0,0
BRDA:59,2,1,0
BRDA:63,3,0,0
BRDA:63,3,1,0
BRDA:63,4,0,0
BRDA:63,4,1,0
BRDA:74,5,0,0
BRDA:74,5,1,0
BRDA:113,6,0,0
BRDA:113,6,1,0
BRDA:124,7,0,0
BRDA:124,7,1,0
BRDA:125,8,0,0
BRDA:125,8,1,0
BRDA:158,9,0,0
BRDA:158,9,1,0
BRDA:161,10,0,0
BRDA:161,10,1,0
BRDA:171,11,0,0
BRDA:171,11,1,0
BRDA:194,12,0,0
BRDA:194,12,1,0
BRDA:240,13,0,0
BRDA:240,13,1,0
BRDA:265,14,0,0
BRDA:265,14,1,0
BRDA:265,15,0,0
BRDA:265,15,1,0
BRF:32
BRH:0
end_of_record
TN:
SF:src\components\LanguageSelector.tsx
FN:33,(anonymous_0)
FN:50,(anonymous_1)
FN:56,(anonymous_2)
FN:61,(anonymous_3)
FN:70,(anonymous_4)
FN:76,(anonymous_5)
FN:77,(anonymous_6)
FN:105,(anonymous_7)
FN:116,(anonymous_8)
FN:155,(anonymous_9)
FN:162,(anonymous_10)
FN:177,(anonymous_11)
FN:184,(anonymous_12)
FNF:13
FNH:0
FNDA:0,(anonymous_0)
FNDA:0,(anonymous_1)
FNDA:0,(anonymous_2)
FNDA:0,(anonymous_3)
FNDA:0,(anonymous_4)
FNDA:0,(anonymous_5)
FNDA:0,(anonymous_6)
FNDA:0,(anonymous_7)
FNDA:0,(anonymous_8)
FNDA:0,(anonymous_9)
FNDA:0,(anonymous_10)
FNDA:0,(anonymous_11)
FNDA:0,(anonymous_12)
DA:33,0
DA:43,0
DA:44,0
DA:45,0
DA:46,0
DA:48,0
DA:50,0
DA:51,0
DA:52,0
DA:53,0
DA:56,0
DA:57,0
DA:58,0
DA:60,0
DA:62,0
DA:66,0
DA:70,0
DA:71,0
DA:72,0
DA:73,0
DA:76,0
DA:77,0
DA:105,0
DA:106,0
DA:107,0
DA:111,0
DA:114,0
DA:116,0
DA:155,0
DA:162,0
DA:177,0
DA:184,0
DA:195,0
LF:33
LH:0
BRDA:36,0,0,0
BRDA:39,1,0,0
BRDA:40,2,0,0
BRDA:57,3,0,0
BRDA:57,3,1,0
BRDA:62,4,0,0
BRDA:62,4,1,0
BRDA:62,4,2,0
BRDA:80,5,0,0
BRDA:80,5,1,0
BRDA:87,6,0,0
BRDA:87,6,1,0
BRDA:98,7,0,0
BRDA:98,7,1,0
BRDA:106,8,0,0
BRDA:106,8,1,0
BRDA:107,9,0,0
BRDA:107,9,1,0
BRDA:121,10,0,0
BRDA:121,10,1,0
BRDA:131,11,0,0
BRDA:131,11,1,0
BRDA:131,11,2,0
BRDA:139,12,0,0
BRDA:139,12,1,0
BRDA:140,13,0,0
BRDA:140,13,1,0
BRF:27
BRH:0
end_of_record
TN:
SF:src\components\PacingMeter.tsx
FN:28,PacingMeter
FN:39,(anonymous_1)
FN:48,(anonymous_2)
FN:82,(anonymous_3)
FN:98,(anonymous_4)
FN:140,(anonymous_5)
FNF:6
FNH:0
FNDA:0,PacingMeter
FNDA:0,(anonymous_1)
FNDA:0,(anonymous_2)
FNDA:0,(anonymous_3)
FNDA:0,(anonymous_4)
FNDA:0,(anonymous_5)
DA:25,0
DA:26,0
DA:35,0
DA:36,0
DA:37,0
DA:39,0
DA:40,0
DA:48,0
DA:49,0
DA:50,0
DA:63,0
DA:65,0
DA:69,0
DA:70,0
DA:73,0
DA:74,0
DA:77,0
DA:78,0
DA:79,0
DA:82,0
DA:83,0
DA:84,0
DA:85,0
DA:86,0
DA:88,0
DA:93,0
DA:94,0
DA:95,0
DA:96,0
DA:98,0
DA:99,0
DA:141,0
DA:149,0
DA:216,0
LF:34
LH:0
BRDA:36,0,0,0
BRDA:36,0,1,0
BRDA:41,1,0,0
BRDA:41,1,1,0
BRDA:49,2,0,0
BRDA:49,2,1,0
BRDA:49,3,0,0
BRDA:49,3,1,0
BRDA:69,4,0,0
BRDA:69,4,1,0
BRDA:69,5,0,0
BRDA:69,5,1,0
BRDA:83,6,0,0
BRDA:83,6,1,0
BRDA:83,7,0,0
BRDA:83,7,1,0
BRDA:85,8,0,0
BRDA:85,8,1,0
BRDA:85,9,0,0
BRDA:85,9,1,0
BRDA:166,10,0,0
BRDA:166,10,1,0
BRDA:174,11,0,0
BRDA:174,11,1,0
BRDA:197,12,0,0
BRDA:197,12,1,0
BRDA:198,13,0,0
BRDA:198,13,1,0
BRDA:199,14,0,0
BRDA:199,14,1,0
BRF:30
BRH:0
end_of_record
TN:
SF:src\components\PacingSettings.tsx
FN:56,PacingSettings
FN:69,(anonymous_1)
FN:73,(anonymous_2)
FN:76,(anonymous_3)
FN:80,(anonymous_4)
FN:83,(anonymous_5)
FN:89,(anonymous_6)
FN:117,(anonymous_7)
FN:124,(anonymous_8)
FN:125,(anonymous_9)
FN:128,(anonymous_10)
FN:141,(anonymous_11)
FN:163,(anonymous_12)
FN:190,(anonymous_13)
FN:217,(anonymous_14)
FN:232,(anonymous_15)
FN:241,(anonymous_16)
FN:254,(anonymous_17)
FN:267,(anonymous_18)
FN:271,(anonymous_19)
FN:285,(anonymous_20)
FN:289,(anonymous_21)
FN:310,(anonymous_22)
FN:314,(anonymous_23)
FN:333,(anonymous_24)
FN:348,(anonymous_25)
FN:380,(anonymous_26)
FN:384,(anonymous_27)
FN:419,(anonymous_28)
FN:427,(anonymous_29)
FNF:30
FNH:0
FNDA:0,PacingSettings
FNDA:0,(anonymous_1)
FNDA:0,(anonymous_2)
FNDA:0,(anonymous_3)
FNDA:0,(anonymous_4)
FNDA:0,(anonymous_5)
FNDA:0,(anonymous_6)
FNDA:0,(anonymous_7)
FNDA:0,(anonymous_8)
FNDA:0,(anonymous_9)
FNDA:0,(anonymous_10)
FNDA:0,(anonymous_11)
FNDA:0,(anonymous_12)
FNDA:0,(anonymous_13)
FNDA:0,(anonymous_14)
FNDA:0,(anonymous_15)
FNDA:0,(anonymous_16)
FNDA:0,(anonymous_17)
FNDA:0,(anonymous_18)
FNDA:0,(anonymous_19)
FNDA:0,(anonymous_20)
FNDA:0,(anonymous_21)
FNDA:0,(anonymous_22)
FNDA:0,(anonymous_23)
FNDA:0,(anonymous_24)
FNDA:0,(anonymous_25)
FNDA:0,(anonymous_26)
FNDA:0,(anonymous_27)
FNDA:0,(anonymous_28)
FNDA:0,(anonymous_29)
DA:31,0
DA:36,0
DA:43,0
DA:50,0
DA:64,0
DA:65,0
DA:66,0
DA:67,0
DA:69,0
DA:73,0
DA:76,0
DA:80,0
DA:83,0
DA:84,0
DA:85,0
DA:86,0
DA:89,0
DA:90,0
DA:91,0
DA:104,0
DA:117,0
DA:118,0
DA:119,0
DA:120,0
DA:124,0
DA:125,0
DA:128,0
DA:129,0
DA:141,0
DA:163,0
DA:190,0
DA:217,0
DA:232,0
DA:241,0
DA:242,0
DA:254,0
DA:268,0
DA:271,0
DA:286,0
DA:289,0
DA:311,0
DA:314,0
DA:333,0
DA:348,0
DA:381,0
DA:384,0
DA:397,0
DA:419,0
DA:427,0
DA:461,0
LF:50
LH:0
BRDA:90,0,0,0
BRDA:90,0,1,0
BRDA:118,1,0,0
BRDA:118,1,1,0
BRDA:118,2,0,0
BRDA:118,2,1,0
BRDA:146,3,0,0
BRDA:146,3,1,0
BRDA:259,4,0,0
BRDA:259,4,1,0
BRDA:279,5,0,0
BRDA:279,5,1,0
BRDA:418,6,0,0
BRDA:418,6,1,0
BRDA:426,7,0,0
BRDA:426,7,1,0
BRDA:436,8,0,0
BRDA:436,8,1,0
BRF:18
BRH:0
end_of_record
TN:
SF:src\components\PolicyUpdateModal.tsx
FN:35,PolicyUpdateModal
FN:47,(anonymous_1)
FN:60,(anonymous_2)
FN:73,(anonymous_3)
FN:91,(anonymous_4)
FN:121,(anonymous_5)
FN:134,(anonymous_6)
FN:144,(anonymous_7)
FN:166,(anonymous_8)
FN:208,(anonymous_9)
FN:230,(anonymous_10)
FNF:11
FNH:0
FNDA:0,PolicyUpdateModal
FNDA:0,(anonymous_1)
FNDA:0,(anonymous_2)
FNDA:0,(anonymous_3)
FNDA:0,(anonymous_4)
FNDA:0,(anonymous_5)
FNDA:0,(anonymous_6)
FNDA:0,(anonymous_7)
FNDA:0,(anonymous_8)
FNDA:0,(anonymous_9)
FNDA:0,(anonymous_10)
DA:33,0
DA:42,0
DA:43,0
DA:44,0
DA:45,0
DA:47,0
DA:48,0
DA:50,0
DA:52,0
DA:54,0
DA:56,0
DA:60,0
DA:61,0
DA:63,0
DA:65,0
DA:67,0
DA:69,0
DA:73,0
DA:74,0
DA:75,0
DA:76,0
DA:80,0
DA:81,0
DA:83,0
DA:86,0
DA:87,0
DA:91,0
DA:92,0
DA:93,0
DA:98,0
DA:101,0
DA:102,0
DA:104,0
DA:110,0
DA:111,0
DA:114,0
DA:115,0
DA:117,0
DA:121,0
DA:122,0
DA:129,0
DA:130,0
DA:134,0
DA:144,0
DA:162,0
DA:209,0
DA:230,0
DA:267,0
LF:48
LH:0
BRDA:48,0,0,0
BRDA:48,0,1,0
BRDA:48,0,2,0
BRDA:48,0,3,0
BRDA:61,1,0,0
BRDA:61,1,1,0
BRDA:61,1,2,0
BRDA:61,1,3,0
BRDA:80,2,0,0
BRDA:80,2,1,0
BRDA:92,3,0,0
BRDA:92,3,1,0
BRDA:129,4,0,0
BRDA:129,4,1,0
BRDA:192,5,0,0
BRDA:192,5,1,0
BRDA:203,6,0,0
BRDA:203,6,1,0
BRDA:203,6,2,0
BRDA:229,7,0,0
BRDA:229,7,1,0
BRDA:243,8,0,0
BRDA:243,8,1,0
BRDA:246,9,0,0
BRDA:246,9,1,0
BRDA:246,9,2,0
BRDA:249,10,0,0
BRDA:249,10,1,0
BRF:28
BRH:0
end_of_record
TN:
SF:src\components\RichTextToolbar.tsx
FN:10,RichTextToolbar
FNF:1
FNH:0
FNDA:0,RichTextToolbar
DA:11,0
DA:33,0
LF:2
LH:0
BRF:0
BRH:0
end_of_record
TN:
SF:src\components\ScriptCard.tsx
FN:13,ScriptCard
FN:19,(anonymous_1)
FN:41,(anonymous_2)
FN:49,(anonymous_3)
FN:57,(anonymous_4)
FNF:5
FNH:0
FNDA:0,ScriptCard
FNDA:0,(anonymous_1)
FNDA:0,(anonymous_2)
FNDA:0,(anonymous_3)
FNDA:0,(anonymous_4)
DA:19,0
DA:20,0
DA:27,0
DA:41,0
DA:49,0
DA:57,0
DA:72,0
LF:7
LH:0
BRDA:62,0,0,0
BRDA:62,0,1,0
BRF:2
BRH:0
end_of_record
TN:
SF:src\components\SessionSummary.tsx
FN:32,SessionSummary
FN:42,(anonymous_1)
FN:49,(anonymous_2)
FN:56,(anonymous_3)
FN:65,(anonymous_4)
FN:144,(anonymous_5)
FN:153,(anonymous_6)
FN:189,(anonymous_7)
FN:190,(anonymous_8)
FN:196,(anonymous_9)
FN:210,(anonymous_10)
FN:241,(anonymous_11)
FN:244,(anonymous_12)
FN:274,(anonymous_13)
FN:282,(anonymous_14)
FN:290,(anonymous_15)
FN:312,(anonymous_16)
FN:321,(anonymous_17)
FNF:18
FNH:0
FNDA:0,SessionSummary
FNDA:0,(anonymous_1)
FNDA:0,(anonymous_2)
FNDA:0,(anonymous_3)
FNDA:0,(anonymous_4)
FNDA:0,(anonymous_5)
FNDA:0,(anonymous_6)
FNDA:0,(anonymous_7)
FNDA:0,(anonymous_8)
FNDA:0,(anonymous_9)
FNDA:0,(anonymous_10)
FNDA:0,(anonymous_11)
FNDA:0,(anonymous_12)
FNDA:0,(anonymous_13)
FNDA:0,(anonymous_14)
FNDA:0,(anonymous_15)
FNDA:0,(anonymous_16)
FNDA:0,(anonymous_17)
DA:30,0
DA:39,0
DA:40,0
DA:42,0
DA:43,0
DA:44,0
DA:45,0
DA:46,0
DA:49,0
DA:50,0
DA:56,0
DA:57,0
DA:58,0
DA:59,0
DA:60,0
DA:61,0
DA:65,0
DA:66,0
DA:144,0
DA:145,0
DA:154,0
DA:189,0
DA:190,0
DA:191,0
DA:192,0
DA:195,0
DA:196,0
DA:199,0
DA:211,0
DA:241,0
DA:242,0
DA:245,0
DA:252,0
DA:274,0
DA:282,0
DA:290,0
DA:312,0
DA:322,0
DA:323,0
DA:336,0
LF:40
LH:0
BRDA:57,0,0,0
BRDA:57,0,1,0
BRDA:57,0,2,0
BRDA:57,0,3,0
BRDA:86,1,0,0
BRDA:86,1,1,0
BRDA:130,2,0,0
BRDA:130,2,1,0
BRDA:131,3,0,0
BRDA:131,3,1,0
BRDA:135,4,0,0
BRDA:135,4,1,0
BRDA:136,5,0,0
BRDA:136,5,1,0
BRDA:137,6,0,0
BRDA:137,6,1,0
BRDA:178,7,0,0
BRDA:178,7,1,0
BRDA:179,8,0,0
BRDA:179,8,1,0
BRDA:191,9,0,0
BRDA:191,9,1,0
BRDA:207,10,0,0
BRDA:207,10,1,0
BRDA:273,11,0,0
BRDA:273,11,1,0
BRDA:281,12,0,0
BRDA:281,12,1,0
BRDA:289,13,0,0
BRDA:289,13,1,0
BRDA:299,14,0,0
BRDA:299,14,1,0
BRDA:300,15,0,0
BRDA:300,15,1,0
BRDA:301,16,0,0
BRDA:301,16,1,0
BRDA:304,17,0,0
BRDA:304,17,1,0
BRDA:309,18,0,0
BRDA:309,18,1,0
BRDA:318,19,0,0
BRDA:318,19,1,0
BRF:42
BRH:0
end_of_record
TN:
SF:src\components\SpeechRecognitionPanel.tsx
FN:36,SpeechRecognitionPanel
FN:56,(anonymous_1)
FN:65,(anonymous_2)
FN:73,(anonymous_3)
FN:82,(anonymous_4)
FN:93,(anonymous_5)
FN:104,(anonymous_6)
FN:116,(anonymous_7)
FN:128,(anonymous_8)
FN:136,(anonymous_9)
FN:144,(anonymous_10)
FN:153,(anonymous_11)
FN:160,(anonymous_12)
FN:167,(anonymous_13)
FN:168,(anonymous_14)
FN:188,(anonymous_15)
FN:194,(anonymous_16)
FN:201,(anonymous_17)
FN:209,(anonymous_18)
FN:265,(anonymous_19)
FN:273,(anonymous_20)
FN:285,(anonymous_21)
FN:394,(anonymous_22)
FN:417,(anonymous_23)
FNF:24
FNH:0
FNDA:0,SpeechRecognitionPanel
FNDA:0,(anonymous_1)
FNDA:0,(anonymous_2)
FNDA:0,(anonymous_3)
FNDA:0,(anonymous_4)
FNDA:0,(anonymous_5)
FNDA:0,(anonymous_6)
FNDA:0,(anonymous_7)
FNDA:0,(anonymous_8)
FNDA:0,(anonymous_9)
FNDA:0,(anonymous_10)
FNDA:0,(anonymous_11)
FNDA:0,(anonymous_12)
FNDA:0,(anonymous_13)
FNDA:0,(anonymous_14)
FNDA:0,(anonymous_15)
FNDA:0,(anonymous_16)
FNDA:0,(anonymous_17)
FNDA:0,(anonymous_18)
FNDA:0,(anonymous_19)
FNDA:0,(anonymous_20)
FNDA:0,(anonymous_21)
FNDA:0,(anonymous_22)
FNDA:0,(anonymous_23)
DA:43,0
DA:46,0
DA:47,0
DA:48,0
DA:54,0
DA:56,0
DA:57,0
DA:59,0
DA:62,0
DA:65,0
DA:66,0
DA:67,0
DA:68,0
DA:73,0
DA:75,0
DA:76,0
DA:77,0
DA:78,0
DA:82,0
DA:83,0
DA:84,0
DA:85,0
DA:86,0
DA:89,0
DA:93,0
DA:94,0
DA:105,0
DA:106,0
DA:108,0
DA:116,0
DA:117,0
DA:118,0
DA:120,0
DA:128,0
DA:129,0
DA:130,0
DA:132,0
DA:136,0
DA:137,0
DA:138,0
DA:140,0
DA:144,0
DA:145,0
DA:146,0
DA:148,0
DA:149,0
DA:153,0
DA:154,0
DA:155,0
DA:156,0
DA:160,0
DA:161,0
DA:162,0
DA:163,0
DA:167,0
DA:168,0
DA:170,0
DA:171,0
DA:173,0
DA:174,0
DA:175,0
DA:179,0
DA:181,0
DA:188,0
DA:189,0
DA:190,0
DA:191,0
DA:194,0
DA:195,0
DA:196,0
DA:197,0
DA:198,0
DA:201,0
DA:202,0
DA:203,0
DA:204,0
DA:205,0
DA:206,0
DA:209,0
DA:210,0
DA:211,0
DA:212,0
DA:215,0
DA:265,0
DA:273,0
DA:285,0
DA:394,0
DA:417,0
DA:438,0
LF:89
LH:0
BRDA:57,0,0,0
BRDA:57,0,1,0
BRDA:66,1,0,0
BRDA:66,1,1,0
BRDA:76,2,0,0
BRDA:76,2,1,0
BRDA:85,3,0,0
BRDA:85,3,1,0
BRDA:103,4,0,0
BRDA:103,4,1,0
BRDA:105,5,0,0
BRDA:105,5,1,0
BRDA:137,6,0,0
BRDA:137,6,1,0
BRDA:145,7,0,0
BRDA:145,7,1,0
BRDA:148,8,0,0
BRDA:148,8,1,0
BRDA:148,9,0,0
BRDA:148,9,1,0
BRDA:154,10,0,0
BRDA:154,10,1,0
BRDA:161,11,0,0
BRDA:161,11,1,0
BRDA:161,12,0,0
BRDA:161,12,1,0
BRDA:174,13,0,0
BRDA:174,13,1,0
BRDA:179,14,0,0
BRDA:179,14,1,0
BRDA:195,15,0,0
BRDA:195,15,1,0
BRDA:196,16,0,0
BRDA:196,16,1,0
BRDA:197,17,0,0
BRDA:197,17,1,0
BRDA:202,18,0,0
BRDA:202,18,1,0
BRDA:203,19,0,0
BRDA:203,19,1,0
BRDA:204,20,0,0
BRDA:204,20,1,0
BRDA:205,21,0,0
BRDA:205,21,1,0
BRDA:210,22,0,0
BRDA:210,22,1,0
BRDA:211,23,0,0
BRDA:211,23,1,0
BRDA:247,24,0,0
BRDA:247,24,1,0
BRDA:264,25,0,0
BRDA:264,25,1,0
BRDA:272,26,0,0
BRDA:272,26,1,0
BRDA:281,27,0,0
BRDA:281,27,1,0
BRDA:289,28,0,0
BRDA:289,28,1,0
BRDA:291,29,0,0
BRDA:291,29,1,0
BRDA:306,30,0,0
BRDA:306,30,1,0
BRDA:310,31,0,0
BRDA:310,31,1,0
BRDA:312,32,0,0
BRDA:312,32,1,0
BRDA:329,33,0,0
BRDA:329,33,1,0
BRDA:361,34,0,0
BRDA:361,34,1,0
BRDA:361,34,2,0
BRDA:373,35,0,0
BRDA:373,35,1,0
BRDA:380,36,0,0
BRDA:380,36,1,0
BRF:75
BRH:0
end_of_record
TN:
SF:src\components\VideoRecordingPanel.tsx
FN:37,VideoRecordingPanel
FN:57,(anonymous_1)
FN:58,(anonymous_2)
FN:66,(anonymous_3)
FN:71,(anonymous_4)
FN:77,(anonymous_5)
FN:89,(anonymous_6)
FN:117,(anonymous_7)
FN:127,(anonymous_8)
FN:137,(anonymous_9)
FN:177,(anonymous_10)
FN:183,(anonymous_11)
FN:194,(anonymous_12)
FN:242,(anonymous_13)
FN:253,(anonymous_14)
FN:257,(anonymous_15)
FN:257,(anonymous_16)
FN:278,(anonymous_17)
FN:279,(anonymous_18)
FN:309,(anonymous_19)
FN:318,(anonymous_20)
FNF:21
FNH:0
FNDA:0,VideoRecordingPanel
FNDA:0,(anonymous_1)
FNDA:0,(anonymous_2)
FNDA:0,(anonymous_3)
FNDA:0,(anonymous_4)
FNDA:0,(anonymous_5)
FNDA:0,(anonymous_6)
FNDA:0,(anonymous_7)
FNDA:0,(anonymous_8)
FNDA:0,(anonymous_9)
FNDA:0,(anonymous_10)
FNDA:0,(anonymous_11)
FNDA:0,(anonymous_12)
FNDA:0,(anonymous_13)
FNDA:0,(anonymous_14)
FNDA:0,(anonymous_15)
FNDA:0,(anonymous_16)
FNDA:0,(anonymous_17)
FNDA:0,(anonymous_18)
FNDA:0,(anonymous_19)
FNDA:0,(anonymous_20)
DA:44,0
DA:45,0
DA:46,0
DA:49,0
DA:50,0
DA:57,0
DA:58,0
DA:59,0
DA:60,0
DA:63,0
DA:64,0
DA:66,0
DA:67,0
DA:71,0
DA:72,0
DA:73,0
DA:77,0
DA:78,0
DA:84,0
DA:85,0
DA:89,0
DA:90,0
DA:92,0
DA:94,0
DA:102,0
DA:107,0
DA:108,0
DA:111,0
DA:112,0
DA:121,0
DA:127,0
DA:128,0
DA:129,0
DA:130,0
DA:131,0
DA:132,0
DA:133,0
DA:137,0
DA:138,0
DA:139,0
DA:140,0
DA:141,0
DA:142,0
DA:145,0
DA:148,0
DA:149,0
DA:152,0
DA:177,0
DA:183,0
DA:194,0
DA:242,0
DA:254,0
DA:257,0
DA:279,0
DA:318,0
DA:329,0
LF:56
LH:0
BRDA:51,0,0,0
BRDA:51,0,1,0
BRDA:54,1,0,0
BRDA:54,1,1,0
BRDA:72,2,0,0
BRDA:72,2,1,0
BRDA:84,3,0,0
BRDA:84,3,1,0
BRDA:92,4,0,0
BRDA:92,4,1,0
BRDA:107,5,0,0
BRDA:107,5,1,0
BRDA:111,6,0,0
BRDA:111,6,1,0
BRDA:128,7,0,0
BRDA:128,7,1,0
BRDA:128,7,2,0
BRDA:128,7,3,0
BRDA:128,7,4,0
BRDA:139,8,0,0
BRDA:139,8,1,0
BRDA:141,9,0,0
BRDA:141,9,1,0
BRDA:148,10,0,0
BRDA:148,10,1,0
BRDA:148,11,0,0
BRDA:148,11,1,0
BRDA:164,12,0,0
BRDA:164,12,1,0
BRDA:180,13,0,0
BRDA:180,13,1,0
BRDA:200,14,0,0
BRDA:200,14,1,0
BRDA:201,15,0,0
BRDA:201,15,1,0
BRDA:205,16,0,0
BRDA:205,16,1,0
BRDA:207,17,0,0
BRDA:207,17,1,0
BRDA:215,18,0,0
BRDA:215,18,1,0
BRDA:228,19,0,0
BRDA:228,19,1,0
BRDA:256,20,0,0
BRDA:256,20,1,0
BRDA:265,21,0,0
BRDA:265,21,1,0
BRDA:289,22,0,0
BRDA:289,22,1,0
BRDA:297,23,0,0
BRDA:297,23,1,0
BRF:51
BRH:0
end_of_record
TN:
SF:src\components\VirtualScrollView.tsx
FN:17,VirtualScrollView
FN:35,(anonymous_1)
FN:58,(anonymous_2)
FN:73,(anonymous_3)
FN:86,(anonymous_4)
FN:108,(anonymous_5)
FNF:6
FNH:0
FNDA:0,VirtualScrollView
FNDA:0,(anonymous_1)
FNDA:0,(anonymous_2)
FNDA:0,(anonymous_3)
FNDA:0,(anonymous_4)
FNDA:0,(anonymous_5)
DA:28,0
DA:29,0
DA:30,0
DA:31,0
DA:34,0
DA:36,0
DA:37,0
DA:40,0
DA:41,0
DA:42,0
DA:43,0
DA:45,0
DA:46,0
DA:47,0
DA:48,0
DA:49,0
DA:58,0
DA:59,0
DA:60,0
DA:63,0
DA:71,0
DA:73,0
DA:79,0
DA:86,0
DA:87,0
DA:90,0
DA:109,0
DA:120,0
DA:122,0
LF:29
LH:0
BRDA:22,0,0,0
BRDA:26,1,0,0
BRDA:40,2,0,0
BRDA:40,2,1,0
BRDA:40,3,0,0
BRDA:40,3,1,0
BRDA:45,4,0,0
BRDA:45,4,1,0
BRDA:47,5,0,0
BRDA:47,5,1,0
BRDA:59,6,0,0
BRDA:59,6,1,0
BRDA:59,7,0,0
BRDA:59,7,1,0
BRDA:59,7,2,0
BRF:15
BRH:0
end_of_record
TN:
SF:src\components\accessibility\AccessibilityProvider.tsx
FN:19,(anonymous_0)
FN:95,(anonymous_1)
FN:105,(anonymous_2)
FN:109,(anonymous_3)
FN:112,(anonymous_4)
FN:119,(anonymous_5)
FN:130,(anonymous_6)
FN:155,(anonymous_7)
FNF:8
FNH:0
FNDA:0,(anonymous_0)
FNDA:0,(anonymous_1)
FNDA:0,(anonymous_2)
FNDA:0,(anonymous_3)
FNDA:0,(anonymous_4)
FNDA:0,(anonymous_5)
FNDA:0,(anonymous_6)
FNDA:0,(anonymous_7)
DA:13,0
DA:19,0
DA:20,0
DA:92,0
DA:93,0
DA:95,0
DA:96,0
DA:97,0
DA:98,0
DA:105,0
DA:106,0
DA:109,0
DA:110,0
DA:111,0
DA:112,0
DA:119,0
DA:120,0
DA:122,0
DA:123,0
DA:130,0
DA:131,0
DA:132,0
DA:133,0
DA:140,0
DA:148,0
DA:155,0
DA:156,0
DA:157,0
DA:158,0
DA:160,0
LF:30
LH:0
BRDA:157,0,0,0
BRDA:157,0,1,0
BRF:2
BRH:0
end_of_record
TN:
SF:src\components\analytics\ExportOptions.tsx
FN:26,ExportOptions
FN:34,(anonymous_1)
FN:35,(anonymous_2)
FN:37,(anonymous_3)
FN:44,(anonymous_4)
FN:48,(anonymous_5)
FN:52,(anonymous_6)
FN:118,(anonymous_7)
FN:121,(anonymous_8)
FN:158,(anonymous_9)
FN:162,(anonymous_10)
FN:194,(anonymous_11)
FN:207,(anonymous_12)
FNF:13
FNH:0
FNDA:0,ExportOptions
FNDA:0,(anonymous_1)
FNDA:0,(anonymous_2)
FNDA:0,(anonymous_3)
FNDA:0,(anonymous_4)
FNDA:0,(anonymous_5)
FNDA:0,(anonymous_6)
FNDA:0,(anonymous_7)
FNDA:0,(anonymous_8)
FNDA:0,(anonymous_9)
FNDA:0,(anonymous_10)
FNDA:0,(anonymous_11)
FNDA:0,(anonymous_12)
DA:27,0
DA:28,0
DA:29,0
DA:30,0
DA:31,0
DA:32,0
DA:34,0
DA:35,0
DA:36,0
DA:37,0
DA:39,0
DA:44,0
DA:45,0
DA:46,0
DA:48,0
DA:52,0
DA:53,0
DA:55,0
DA:56,0
DA:57,0
DA:60,0
DA:61,0
DA:63,0
DA:71,0
DA:78,0
DA:83,0
DA:85,0
DA:86,0
DA:88,0
DA:92,0
DA:99,0
DA:118,0
DA:122,0
DA:159,0
DA:162,0
DA:194,0
DA:207,0
DA:246,0
LF:38
LH:0
BRDA:36,0,0,0
BRDA:36,0,1,0
BRDA:45,1,0,0
BRDA:45,1,1,0
BRDA:53,2,0,0
BRDA:53,2,1,0
BRDA:55,3,0,0
BRDA:55,3,1,0
BRDA:66,4,0,0
BRDA:66,4,1,0
BRDA:149,5,0,0
BRDA:149,5,1,0
BRDA:161,6,0,0
BRDA:161,6,1,0
BRDA:175,7,0,0
BRDA:175,7,1,0
BRDA:193,8,0,0
BRDA:193,8,1,0
BRDA:206,9,0,0
BRDA:206,9,1,0
BRDA:233,10,0,0
BRDA:233,10,1,0
BRDA:235,11,0,0
BRDA:235,11,1,0
BRF:24
BRH:0
end_of_record
TN:
SF:src\components\analytics\PerformanceSummary.tsx
FN:17,PerformanceSummary
FN:18,(anonymous_1)
FN:28,(anonymous_2)
FN:34,(anonymous_3)
FN:40,(anonymous_4)
FNF:5
FNH:0
FNDA:0,PerformanceSummary
FNDA:0,(anonymous_1)
FNDA:0,(anonymous_2)
FNDA:0,(anonymous_3)
FNDA:0,(anonymous_4)
DA:18,0
DA:19,0
DA:20,0
DA:22,0
DA:23,0
DA:25,0
DA:28,0
DA:29,0
DA:30,0
DA:31,0
DA:34,0
DA:35,0
DA:36,0
DA:37,0
DA:40,0
DA:41,0
DA:42,0
DA:43,0
DA:46,0
DA:220,0
LF:20
LH:0
BRDA:22,0,0,0
BRDA:22,0,1,0
BRDA:29,1,0,0
BRDA:29,1,1,0
BRDA:30,2,0,0
BRDA:30,2,1,0
BRDA:35,3,0,0
BRDA:35,3,1,0
BRDA:36,4,0,0
BRDA:36,4,1,0
BRDA:41,5,0,0
BRDA:41,5,1,0
BRDA:42,6,0,0
BRDA:42,6,1,0
BRDA:101,7,0,0
BRDA:101,7,1,0
BRDA:121,8,0,0
BRDA:121,8,1,0
BRDA:198,9,0,0
BRDA:198,9,1,0
BRDA:210,10,0,0
BRDA:210,10,1,0
BRF:22
BRH:0
end_of_record
TN:
SF:src\components\analytics\SessionComparison.tsx
FN:26,SessionComparison
FN:27,(anonymous_1)
FN:36,(anonymous_2)
FN:43,(anonymous_3)
FN:55,(anonymous_4)
FN:56,(anonymous_5)
FN:171,(anonymous_6)
FN:173,(anonymous_7)
FN:174,(anonymous_8)
FN:195,(anonymous_9)
FN:197,(anonymous_10)
FN:198,(anonymous_11)
FN:206,(anonymous_12)
FN:220,(anonymous_13)
FN:257,(anonymous_14)
FN:273,(anonymous_15)
FNF:16
FNH:0
FNDA:0,SessionComparison
FNDA:0,(anonymous_1)
FNDA:0,(anonymous_2)
FNDA:0,(anonymous_3)
FNDA:0,(anonymous_4)
FNDA:0,(anonymous_5)
FNDA:0,(anonymous_6)
FNDA:0,(anonymous_7)
FNDA:0,(anonymous_8)
FNDA:0,(anonymous_9)
FNDA:0,(anonymous_10)
FNDA:0,(anonymous_11)
FNDA:0,(anonymous_12)
FNDA:0,(anonymous_13)
FNDA:0,(anonymous_14)
FNDA:0,(anonymous_15)
DA:19,0
DA:27,0
DA:28,0
DA:36,0
DA:37,0
DA:38,0
DA:39,0
DA:40,0
DA:43,0
DA:44,0
DA:45,0
DA:46,0
DA:50,0
DA:55,0
DA:56,0
DA:67,0
DA:171,0
DA:173,0
DA:174,0
DA:195,0
DA:197,0
DA:198,0
DA:206,0
DA:221,0
DA:258,0
DA:274,0
DA:296,0
LF:27
LH:0
BRDA:37,0,0,0
BRDA:37,0,1,0
BRDA:38,1,0,0
BRDA:38,1,1,0
BRDA:39,2,0,0
BRDA:39,2,1,0
BRDA:44,3,0,0
BRDA:44,3,1,0
BRDA:45,4,0,0
BRDA:45,4,1,0
BRDA:55,5,0,0
BRDA:56,6,0,0
BRDA:101,7,0,0
BRDA:101,7,1,0
BRDA:122,8,0,0
BRDA:122,8,1,0
BRDA:143,9,0,0
BRDA:143,9,1,0
BRDA:174,10,0,0
BRDA:198,11,0,0
BRDA:206,12,0,0
BRDA:244,13,0,0
BRDA:244,13,1,0
BRDA:251,14,0,0
BRDA:251,14,1,0
BRDA:251,14,2,0
BRDA:267,15,0,0
BRDA:267,15,1,0
BRDA:267,15,2,0
BRF:29
BRH:0
end_of_record
TN:
SF:src\components\analytics\SessionList.tsx
FN:23,SessionList
FN:29,(anonymous_1)
FN:35,(anonymous_2)
FN:44,(anonymous_3)
FN:50,(anonymous_4)
FN:56,(anonymous_5)
FN:62,(anonymous_6)
FN:78,(anonymous_7)
FN:173,(anonymous_8)
FN:174,(anonymous_9)
FNF:10
FNH:0
FNDA:0,SessionList
FNDA:0,(anonymous_1)
FNDA:0,(anonymous_2)
FNDA:0,(anonymous_3)
FNDA:0,(anonymous_4)
FNDA:0,(anonymous_5)
FNDA:0,(anonymous_6)
FNDA:0,(anonymous_7)
FNDA:0,(anonymous_8)
FNDA:0,(anonymous_9)
DA:29,0
DA:30,0
DA:31,0
DA:32,0
DA:35,0
DA:36,0
DA:44,0
DA:45,0
DA:46,0
DA:47,0
DA:50,0
DA:51,0
DA:52,0
DA:53,0
DA:56,0
DA:57,0
DA:59,0
DA:62,0
DA:78,0
DA:156,0
DA:157,0
DA:169,0
DA:173,0
DA:174,0
DA:180,0
LF:25
LH:0
BRDA:45,0,0,0
BRDA:45,0,1,0
BRDA:46,1,0,0
BRDA:46,1,1,0
BRDA:51,2,0,0
BRDA:51,2,1,0
BRDA:52,3,0,0
BRDA:52,3,1,0
BRDA:60,4,0,0
BRDA:60,4,1,0
BRDA:77,5,0,0
BRDA:77,5,1,0
BRDA:156,6,0,0
BRDA:156,6,1,0
BRF:14
BRH:0
end_of_record
TN:
SF:src\components\error\ErrorBoundary.tsx
FN:35,(anonymous_0)
FN:46,(anonymous_1)
FN:53,(anonymous_2)
FN:102,(anonymous_3)
FN:106,(anonymous_4)
FN:124,(anonymous_5)
FN:126,(anonymous_6)
FN:134,(anonymous_7)
FN:140,(anonymous_8)
FN:157,(anonymous_9)
FN:165,(anonymous_10)
FN:166,(anonymous_11)
FN:171,(anonymous_12)
FN:185,(anonymous_13)
FN:189,(anonymous_14)
FN:195,(anonymous_15)
FNF:16
FNH:0
FNDA:0,(anonymous_0)
FNDA:0,(anonymous_1)
FNDA:0,(anonymous_2)
FNDA:0,(anonymous_3)
FNDA:0,(anonymous_4)
FNDA:0,(anonymous_5)
FNDA:0,(anonymous_6)
FNDA:0,(anonymous_7)
FNDA:0,(anonymous_8)
FNDA:0,(anonymous_9)
FNDA:0,(anonymous_10)
FNDA:0,(anonymous_11)
FNDA:0,(anonymous_12)
FNDA:0,(anonymous_13)
FNDA:0,(anonymous_14)
FNDA:0,(anonymous_15)
DA:33,0
DA:36,0
DA:37,0
DA:47,0
DA:54,0
DA:81,0
DA:87,0
DA:97,0
DA:98,0
DA:103,0
DA:107,0
DA:109,0
DA:110,0
DA:113,0
DA:114,0
DA:117,0
DA:118,0
DA:121,0
DA:124,0
DA:125,0
DA:126,0
DA:134,0
DA:135,0
DA:140,0
DA:141,0
DA:142,0
DA:157,0
DA:159,0
DA:160,0
DA:165,0
DA:166,0
DA:171,0
DA:172,0
DA:174,0
DA:175,0
DA:177,0
DA:178,0
DA:180,0
DA:181,0
DA:185,0
DA:186,0
DA:190,0
DA:191,0
DA:196,0
DA:197,0
DA:198,0
DA:201,0
DA:202,0
DA:212,0
DA:214,0
DA:297,0
DA:301,0
LF:52
LH:0
BRDA:40,0,0,0
BRDA:40,0,1,0
BRDA:58,1,0,0
BRDA:58,1,1,0
BRDA:97,2,0,0
BRDA:97,2,1,0
BRDA:109,3,0,0
BRDA:109,3,1,0
BRDA:109,4,0,0
BRDA:109,4,1,0
BRDA:113,5,0,0
BRDA:113,5,1,0
BRDA:113,6,0,0
BRDA:113,6,1,0
BRDA:117,7,0,0
BRDA:117,7,1,0
BRDA:125,8,0,0
BRDA:125,8,1,0
BRDA:141,9,0,0
BRDA:141,9,1,0
BRDA:149,10,0,0
BRDA:149,10,1,0
BRDA:159,11,0,0
BRDA:159,11,1,0
BRDA:159,12,0,0
BRDA:159,12,1,0
BRDA:172,13,0,0
BRDA:172,13,1,0
BRDA:172,13,2,0
BRDA:190,14,0,0
BRDA:190,14,1,0
BRDA:196,15,0,0
BRDA:196,15,1,0
BRDA:198,16,0,0
BRDA:201,17,0,0
BRDA:201,17,1,0
BRDA:201,18,0,0
BRDA:201,18,1,0
BRDA:201,18,2,0
BRDA:212,19,0,0
BRDA:212,19,1,0
BRDA:216,20,0,0
BRDA:216,20,1,0
BRDA:216,20,2,0
BRDA:239,21,0,0
BRDA:239,21,1,0
BRDA:242,22,0,0
BRDA:242,22,1,0
BRDA:248,23,0,0
BRDA:248,23,1,0
BRDA:248,23,2,0
BRDA:252,24,0,0
BRDA:252,24,1,0
BRDA:261,25,0,0
BRDA:261,25,1,0
BRF:55
BRH:0
end_of_record
TN:
SF:src\components\error\ErrorContextProvider.tsx
FN:22,(anonymous_0)
FN:23,(anonymous_1)
FN:28,(anonymous_2)
FN:34,(anonymous_3)
FN:36,(anonymous_4)
FN:37,(anonymous_5)
FN:40,(anonymous_6)
FN:77,(anonymous_7)
FN:82,(anonymous_8)
FN:114,(anonymous_9)
FN:115,(anonymous_10)
FN:123,(anonymous_11)
FNF:12
FNH:0
FNDA:0,(anonymous_0)
FNDA:0,(anonymous_1)
FNDA:0,(anonymous_2)
FNDA:0,(anonymous_3)
FNDA:0,(anonymous_4)
FNDA:0,(anonymous_5)
FNDA:0,(anonymous_6)
FNDA:0,(anonymous_7)
FNDA:0,(anonymous_8)
FNDA:0,(anonymous_9)
FNDA:0,(anonymous_10)
FNDA:0,(anonymous_11)
DA:20,0
DA:26,0
DA:28,0
DA:34,0
DA:35,0
DA:36,0
DA:37,0
DA:40,0
DA:41,0
DA:43,0
DA:45,0
DA:46,0
DA:48,0
DA:52,0
DA:55,0
DA:58,0
DA:59,0
DA:61,0
DA:64,0
DA:66,0
DA:67,0
DA:68,0
DA:73,0
DA:77,0
DA:78,0
DA:82,0
DA:87,0
DA:89,0
DA:109,0
DA:110,0
DA:114,0
DA:115,0
DA:117,0
DA:119,0
DA:123,0
DA:124,0
DA:128,0
LF:37
LH:0
BRDA:43,0,0,0
BRDA:43,0,1,0
BRDA:45,1,0,0
BRDA:45,1,1,0
BRDA:55,2,0,0
BRDA:55,2,1,0
BRDA:64,3,0,0
BRDA:64,3,1,0
BRDA:66,4,0,0
BRDA:66,4,1,0
BRDA:84,5,0,0
BRDA:85,6,0,0
BRDA:92,7,0,0
BRDA:92,7,1,0
BRDA:93,8,0,0
BRDA:93,8,1,0
BRDA:117,9,0,0
BRDA:117,9,1,0
BRDA:117,10,0,0
BRDA:117,10,1,0
BRDA:131,11,0,0
BRDA:131,11,1,0
BRF:22
BRH:0
end_of_record
TN:
SF:src\components\error\ErrorNotificationComponent.tsx
FN:22,(anonymous_0)
FN:34,(anonymous_1)
FN:39,(anonymous_2)
FN:45,(anonymous_3)
FN:56,(anonymous_4)
FN:60,(anonymous_5)
FN:67,(anonymous_6)
FN:74,(anonymous_7)
FN:89,(anonymous_8)
FN:108,(anonymous_9)
FN:109,(anonymous_10)
FN:156,(anonymous_11)
FN:166,(anonymous_12)
FN:170,(anonymous_13)
FNF:14
FNH:0
FNDA:0,(anonymous_0)
FNDA:0,(anonymous_1)
FNDA:0,(anonymous_2)
FNDA:0,(anonymous_3)
FNDA:0,(anonymous_4)
FNDA:0,(anonymous_5)
FNDA:0,(anonymous_6)
FNDA:0,(anonymous_7)
FNDA:0,(anonymous_8)
FNDA:0,(anonymous_9)
FNDA:0,(anonymous_10)
FNDA:0,(anonymous_11)
FNDA:0,(anonymous_12)
FNDA:0,(anonymous_13)
DA:22,0
DA:31,0
DA:32,0
DA:34,0
DA:35,0
DA:40,0
DA:41,0
DA:45,0
DA:47,0
DA:55,0
DA:56,0
DA:57,0
DA:60,0
DA:64,0
DA:67,0
DA:68,0
DA:69,0
DA:70,0
DA:74,0
DA:75,0
DA:77,0
DA:79,0
DA:81,0
DA:83,0
DA:85,0
DA:89,0
DA:90,0
DA:92,0
DA:94,0
DA:96,0
DA:98,0
DA:100,0
DA:104,0
DA:105,0
DA:108,0
DA:109,0
DA:111,0
DA:156,0
DA:167,0
DA:170,0
DA:194,0
LF:41
LH:0
BRDA:26,0,0,0
BRDA:27,1,0,0
BRDA:28,2,0,0
BRDA:55,3,0,0
BRDA:55,3,1,0
BRDA:55,4,0,0
BRDA:55,4,1,0
BRDA:69,5,0,0
BRDA:69,5,1,0
BRDA:75,6,0,0
BRDA:75,6,1,0
BRDA:75,6,2,0
BRDA:75,6,3,0
BRDA:75,6,4,0
BRDA:90,7,0,0
BRDA:90,7,1,0
BRDA:90,7,2,0
BRDA:90,7,3,0
BRDA:90,7,4,0
BRDA:104,8,0,0
BRDA:104,8,1,0
BRDA:140,9,0,0
BRDA:140,9,1,0
BRDA:151,10,0,0
BRDA:151,10,1,0
BRDA:153,11,0,0
BRDA:153,11,1,0
BRDA:183,12,0,0
BRDA:183,12,1,0
BRF:29
BRH:0
end_of_record
TN:
SF:src\components\error\ErrorNotificationSystem.tsx
FN:16,(anonymous_0)
FN:20,(anonymous_1)
FN:24,(anonymous_2)
FN:32,(anonymous_3)
FN:36,(anonymous_4)
FN:44,(anonymous_5)
FN:52,(anonymous_6)
FN:59,(anonymous_7)
FN:65,(anonymous_8)
FN:66,(anonymous_9)
FN:70,(anonymous_10)
FN:84,(anonymous_11)
FN:94,(anonymous_12)
FN:98,(anonymous_13)
FNF:14
FNH:0
FNDA:0,(anonymous_0)
FNDA:0,(anonymous_1)
FNDA:0,(anonymous_2)
FNDA:0,(anonymous_3)
FNDA:0,(anonymous_4)
FNDA:0,(anonymous_5)
FNDA:0,(anonymous_6)
FNDA:0,(anonymous_7)
FNDA:0,(anonymous_8)
FNDA:0,(anonymous_9)
FNDA:0,(anonymous_10)
FNDA:0,(anonymous_11)
FNDA:0,(anonymous_12)
FNDA:0,(anonymous_13)
DA:16,0
DA:17,0
DA:18,0
DA:20,0
DA:22,0
DA:24,0
DA:25,0
DA:32,0
DA:36,0
DA:37,0
DA:38,0
DA:44,0
DA:52,0
DA:59,0
DA:60,0
DA:61,0
DA:65,0
DA:66,0
DA:67,0
DA:70,0
DA:72,0
DA:73,0
DA:75,0
DA:76,0
DA:78,0
DA:79,0
DA:81,0
DA:84,0
DA:85,0
DA:86,0
DA:88,0
DA:89,0
DA:91,0
DA:94,0
DA:95,0
DA:96,0
DA:100,0
DA:104,0
DA:107,0
DA:108,0
DA:111,0
LF:41
LH:0
BRDA:29,0,0,0
BRDA:29,0,1,0
BRDA:37,1,0,0
BRDA:37,1,1,0
BRDA:60,2,0,0
BRDA:60,2,1,0
BRDA:60,3,0,0
BRDA:60,3,1,0
BRDA:61,4,0,0
BRDA:61,4,1,0
BRDA:72,5,0,0
BRDA:72,5,1,0
BRDA:75,6,0,0
BRDA:75,6,1,0
BRDA:78,7,0,0
BRDA:78,7,1,0
BRDA:85,8,0,0
BRDA:85,8,1,0
BRDA:88,9,0,0
BRDA:88,9,1,0
BRDA:95,10,0,0
BRDA:95,10,1,0
BRDA:107,11,0,0
BRDA:107,11,1,0
BRDA:117,12,0,0
BRDA:117,12,1,0
BRF:26
BRH:0
end_of_record
TN:
SF:src\components\notifications\NotificationCenter.tsx
FN:19,(anonymous_0)
FN:24,(anonymous_1)
FN:25,(anonymous_2)
FN:28,(anonymous_3)
FN:29,(anonymous_4)
FN:29,(anonymous_5)
FN:34,(anonymous_6)
FN:35,(anonymous_7)
FN:38,(anonymous_8)
FN:43,(anonymous_9)
FN:44,(anonymous_10)
FN:44,(anonymous_11)
FN:47,(anonymous_12)
FN:48,(anonymous_13)
FN:48,(anonymous_14)
FN:51,(anonymous_15)
FN:66,(anonymous_16)
FN:76,(anonymous_17)
FN:95,(anonymous_18)
FN:110,(anonymous_19)
FN:119,(anonymous_20)
FN:130,(anonymous_21)
FN:130,(anonymous_22)
FN:141,(anonymous_23)
FN:162,(anonymous_24)
FN:183,(anonymous_25)
FN:197,(anonymous_26)
FN:217,(anonymous_27)
FN:224,(anonymous_28)
FN:236,(anonymous_29)
FN:240,(anonymous_30)
FNF:31
FNH:0
FNDA:0,(anonymous_0)
FNDA:0,(anonymous_1)
FNDA:0,(anonymous_2)
FNDA:0,(anonymous_3)
FNDA:0,(anonymous_4)
FNDA:0,(anonymous_5)
FNDA:0,(anonymous_6)
FNDA:0,(anonymous_7)
FNDA:0,(anonymous_8)
FNDA:0,(anonymous_9)
FNDA:0,(anonymous_10)
FNDA:0,(anonymous_11)
FNDA:0,(anonymous_12)
FNDA:0,(anonymous_13)
FNDA:0,(anonymous_14)
FNDA:0,(anonymous_15)
FNDA:0,(anonymous_16)
FNDA:0,(anonymous_17)
FNDA:0,(anonymous_18)
FNDA:0,(anonymous_19)
FNDA:0,(anonymous_20)
FNDA:0,(anonymous_21)
FNDA:0,(anonymous_22)
FNDA:0,(anonymous_23)
FNDA:0,(anonymous_24)
FNDA:0,(anonymous_25)
FNDA:0,(anonymous_26)
FNDA:0,(anonymous_27)
FNDA:0,(anonymous_28)
FNDA:0,(anonymous_29)
FNDA:0,(anonymous_30)
DA:19,0
DA:20,0
DA:21,0
DA:22,0
DA:24,0
DA:25,0
DA:27,0
DA:28,0
DA:29,0
DA:34,0
DA:35,0
DA:37,0
DA:38,0
DA:39,0
DA:43,0
DA:44,0
DA:47,0
DA:48,0
DA:51,0
DA:53,0
DA:54,0
DA:63,0
DA:64,0
DA:67,0
DA:72,0
DA:76,0
DA:77,0
DA:79,0
DA:86,0
DA:88,0
DA:100,0
DA:102,0
DA:115,0
DA:119,0
DA:120,0
DA:121,0
DA:130,0
DA:131,0
DA:141,0
DA:142,0
DA:144,0
DA:146,0
DA:148,0
DA:150,0
DA:152,0
DA:154,0
DA:156,0
DA:158,0
DA:162,0
DA:164,0
DA:166,0
DA:168,0
DA:170,0
DA:171,0
DA:173,0
DA:175,0
DA:177,0
DA:179,0
DA:183,0
DA:184,0
DA:187,0
DA:190,0
DA:193,0
DA:197,0
DA:198,0
DA:200,0
DA:202,0
DA:204,0
DA:207,0
DA:214,0
DA:218,0
DA:224,0
DA:237,0
DA:240,0
DA:251,0
DA:252,0
DA:259,0
DA:270,0
LF:78
LH:0
BRDA:27,0,0,0
BRDA:27,0,1,0
BRDA:27,1,0,0
BRDA:27,1,1,0
BRDA:38,2,0,0
BRDA:38,2,1,0
BRDA:53,3,0,0
BRDA:53,3,1,0
BRDA:53,4,0,0
BRDA:53,4,1,0
BRDA:53,4,2,0
BRDA:56,5,0,0
BRDA:56,5,1,0
BRDA:59,6,0,0
BRDA:59,6,1,0
BRDA:63,7,0,0
BRDA:63,7,1,0
BRDA:77,8,0,0
BRDA:77,8,1,0
BRDA:77,8,2,0
BRDA:83,9,0,0
BRDA:83,9,1,0
BRDA:92,10,0,0
BRDA:92,10,1,0
BRDA:106,11,0,0
BRDA:106,11,1,0
BRDA:120,12,0,0
BRDA:120,12,1,0
BRDA:142,13,0,0
BRDA:142,13,1,0
BRDA:142,13,2,0
BRDA:142,13,3,0
BRDA:142,13,4,0
BRDA:142,13,5,0
BRDA:142,13,6,0
BRDA:142,13,7,0
BRDA:164,14,0,0
BRDA:164,14,1,0
BRDA:164,14,2,0
BRDA:164,14,3,0
BRDA:164,14,4,0
BRDA:164,14,5,0
BRDA:170,15,0,0
BRDA:170,15,1,0
BRDA:184,16,0,0
BRDA:184,16,1,0
BRDA:184,16,2,0
BRDA:198,17,0,0
BRDA:198,17,1,0
BRDA:198,17,2,0
BRDA:198,17,3,0
BRDA:198,17,4,0
BRDA:226,18,0,0
BRDA:226,18,1,0
BRDA:228,19,0,0
BRDA:228,19,1,0
BRDA:241,20,0,0
BRDA:241,20,1,0
BRDA:251,21,0,0
BRDA:251,21,1,0
BRF:60
BRH:0
end_of_record
TN:
SF:src\components\notifications\SimpleNotificationCenter.tsx
FN:24,(anonymous_0)
FN:32,(anonymous_1)
FN:49,(anonymous_2)
FN:56,(anonymous_3)
FN:68,(anonymous_4)
FN:72,(anonymous_5)
FNF:6
FNH:0
FNDA:0,(anonymous_0)
FNDA:0,(anonymous_1)
FNDA:0,(anonymous_2)
FNDA:0,(anonymous_3)
FNDA:0,(anonymous_4)
FNDA:0,(anonymous_5)
DA:24,0
DA:30,0
DA:32,0
DA:33,0
DA:35,0
DA:37,0
DA:39,0
DA:42,0
DA:46,0
DA:50,0
DA:56,0
DA:69,0
DA:72,0
DA:90,0
LF:14
LH:0
BRDA:33,0,0,0
BRDA:33,0,1,0
BRDA:33,0,2,0
BRDA:33,0,3,0
BRDA:33,0,4,0
BRDA:58,1,0,0
BRDA:58,1,1,0
BRDA:60,2,0,0
BRDA:60,2,1,0
BRDA:73,3,0,0
BRDA:73,3,1,0
BRF:11
BRH:0
end_of_record
TN:
SF:src\components\onboarding\OnboardingProvider.tsx
FN:36,(anonymous_0)
FN:66,(anonymous_1)
FN:76,(anonymous_2)
FN:90,(anonymous_3)
FN:94,(anonymous_4)
FN:97,(anonymous_5)
FN:99,(anonymous_6)
FN:111,(anonymous_7)
FN:114,(anonymous_8)
FN:123,(anonymous_9)
FN:126,(anonymous_10)
FN:135,(anonymous_11)
FN:144,(anonymous_12)
FN:148,(anonymous_13)
FN:165,(anonymous_14)
FN:166,(anonymous_15)
FN:172,(anonymous_16)
FN:173,(anonymous_17)
FN:175,(anonymous_18)
FN:179,(anonymous_19)
FN:183,(anonymous_20)
FN:195,(anonymous_21)
FN:206,(anonymous_22)
FN:209,(anonymous_23)
FN:218,(anonymous_24)
FN:250,(anonymous_25)
FNF:26
FNH:0
FNDA:0,(anonymous_0)
FNDA:0,(anonymous_1)
FNDA:0,(anonymous_2)
FNDA:0,(anonymous_3)
FNDA:0,(anonymous_4)
FNDA:0,(anonymous_5)
FNDA:0,(anonymous_6)
FNDA:0,(anonymous_7)
FNDA:0,(anonymous_8)
FNDA:0,(anonymous_9)
FNDA:0,(anonymous_10)
FNDA:0,(anonymous_11)
FNDA:0,(anonymous_12)
FNDA:0,(anonymous_13)
FNDA:0,(anonymous_14)
FNDA:0,(anonymous_15)
FNDA:0,(anonymous_16)
FNDA:0,(anonymous_17)
FNDA:0,(anonymous_18)
FNDA:0,(anonymous_19)
FNDA:0,(anonymous_20)
FNDA:0,(anonymous_21)
FNDA:0,(anonymous_22)
FNDA:0,(anonymous_23)
FNDA:0,(anonymous_24)
FNDA:0,(anonymous_25)
DA:30,0
DA:36,0
DA:37,0
DA:64,0
DA:66,0
DA:67,0
DA:68,0
DA:76,0
DA:90,0
DA:91,0
DA:94,0
DA:95,0
DA:96,0
DA:97,0
DA:98,0
DA:99,0
DA:111,0
DA:112,0
DA:113,0
DA:114,0
DA:123,0
DA:124,0
DA:125,0
DA:126,0
DA:135,0
DA:136,0
DA:137,0
DA:138,0
DA:144,0
DA:145,0
DA:146,0
DA:147,0
DA:148,0
DA:149,0
DA:150,0
DA:151,0
DA:152,0
DA:153,0
DA:157,0
DA:165,0
DA:166,0
DA:172,0
DA:173,0
DA:175,0
DA:179,0
DA:180,0
DA:183,0
DA:195,0
DA:196,0
DA:199,0
DA:200,0
DA:202,0
DA:206,0
DA:207,0
DA:208,0
DA:209,0
DA:218,0
DA:219,0
DA:222,0
DA:228,0
DA:243,0
DA:250,0
DA:251,0
DA:252,0
DA:253,0
DA:255,0
LF:66
LH:0
BRDA:98,0,0,0
BRDA:98,0,1,0
BRDA:116,1,0,0
BRDA:116,1,1,0
BRDA:128,2,0,0
BRDA:128,2,1,0
BRDA:128,3,0,0
BRDA:128,3,1,0
BRDA:146,4,0,0
BRDA:146,4,1,0
BRDA:252,5,0,0
BRDA:252,5,1,0
BRF:12
BRH:0
end_of_record
TN:
SF:src\components\subscription\FeatureGate.tsx
FN:14,(anonymous_0)
FN:49,(anonymous_1)
FNF:2
FNH:0
FNDA:0,(anonymous_0)
FNDA:0,(anonymous_1)
DA:14,0
DA:20,0
DA:22,0
DA:24,0
DA:25,0
DA:28,0
DA:29,0
DA:32,0
DA:34,0
DA:59,0
LF:10
LH:0
BRDA:24,0,0,0
BRDA:24,0,1,0
BRDA:28,1,0,0
BRDA:28,1,1,0
BRDA:49,2,0,0
BRDA:49,2,1,0
BRF:6
BRH:0
end_of_record
TN:
SF:src\components\subscription\FeatureLock.tsx
FN:25,(anonymous_0)
FN:36,(anonymous_1)
FN:43,(anonymous_2)
FN:50,(anonymous_3)
FN:92,(anonymous_4)
FN:112,(anonymous_5)
FNF:6
FNH:0
FNDA:0,(anonymous_0)
FNDA:0,(anonymous_1)
FNDA:0,(anonymous_2)
FNDA:0,(anonymous_3)
FNDA:0,(anonymous_4)
FNDA:0,(anonymous_5)
DA:25,0
DA:32,0
DA:33,0
DA:34,0
DA:36,0
DA:37,0
DA:38,0
DA:40,0
DA:43,0
DA:44,0
DA:45,0
DA:47,0
DA:50,0
DA:51,0
DA:52,0
DA:53,0
DA:57,0
DA:58,0
DA:62,0
DA:92,0
DA:112,0
DA:125,0
LF:22
LH:0
BRDA:37,0,0,0
BRDA:37,0,1,0
BRDA:44,1,0,0
BRDA:44,1,1,0
BRDA:52,2,0,0
BRDA:52,2,1,0
BRDA:57,3,0,0
BRDA:57,3,1,0
BRDA:76,4,0,0
BRDA:76,4,1,0
BRF:10
BRH:0
end_of_record
TN:
SF:src\components\subscription\SessionTimer.tsx
FN:25,(anonymous_0)
FN:43,(anonymous_1)
FN:46,(anonymous_2)
FN:82,(anonymous_3)
FN:89,(anonymous_4)
FN:95,(anonymous_5)
FN:101,(anonymous_6)
FN:108,(anonymous_7)
FN:153,(anonymous_8)
FN:166,(anonymous_9)
FN:178,(anonymous_10)
FNF:11
FNH:0
FNDA:0,(anonymous_0)
FNDA:0,(anonymous_1)
FNDA:0,(anonymous_2)
FNDA:0,(anonymous_3)
FNDA:0,(anonymous_4)
FNDA:0,(anonymous_5)
FNDA:0,(anonymous_6)
FNDA:0,(anonymous_7)
FNDA:0,(anonymous_8)
FNDA:0,(anonymous_9)
FNDA:0,(anonymous_10)
DA:25,0
DA:30,0
DA:31,0
DA:32,0
DA:33,0
DA:34,0
DA:35,0
DA:37,0
DA:38,0
DA:39,0
DA:40,0
DA:41,0
DA:43,0
DA:44,0
DA:45,0
DA:46,0
DA:47,0
DA:48,0
DA:51,0
DA:53,0
DA:54,0
DA:55,0
DA:59,0
DA:62,0
DA:63,0
DA:68,0
DA:69,0
DA:70,0
DA:74,0
DA:75,0
DA:78,0
DA:79,0
DA:82,0
DA:83,0
DA:84,0
DA:89,0
DA:90,0
DA:91,0
DA:95,0
DA:96,0
DA:97,0
DA:98,0
DA:101,0
DA:102,0
DA:103,0
DA:105,0
DA:108,0
DA:109,0
DA:110,0
DA:111,0
DA:113,0
DA:114,0
DA:116,0
DA:120,0
DA:121,0
DA:124,0
DA:153,0
DA:167,0
DA:168,0
DA:169,0
DA:178,0
DA:191,0
LF:62
LH:0
BRDA:39,0,0,0
BRDA:39,0,1,0
BRDA:44,1,0,0
BRDA:44,1,1,0
BRDA:44,2,0,0
BRDA:44,2,1,0
BRDA:47,3,0,0
BRDA:47,3,1,0
BRDA:51,4,0,0
BRDA:51,4,1,0
BRDA:53,5,0,0
BRDA:53,5,1,0
BRDA:68,6,0,0
BRDA:68,6,1,0
BRDA:74,7,0,0
BRDA:74,7,1,0
BRDA:74,8,0,0
BRDA:74,8,1,0
BRDA:83,9,0,0
BRDA:83,9,1,0
BRDA:90,10,0,0
BRDA:90,10,1,0
BRDA:90,11,0,0
BRDA:90,11,1,0
BRDA:102,12,0,0
BRDA:102,12,1,0
BRDA:102,13,0,0
BRDA:102,13,1,0
BRDA:110,14,0,0
BRDA:110,14,1,0
BRDA:113,15,0,0
BRDA:113,15,1,0
BRDA:120,16,0,0
BRDA:120,16,1,0
BRDA:137,17,0,0
BRDA:137,17,1,0
BRDA:137,17,2,0
BRDA:143,18,0,0
BRDA:143,18,1,0
BRDA:143,18,2,0
BRDA:168,19,0,0
BRDA:168,19,1,0
BRF:42
BRH:0
end_of_record
TN:
SF:src\components\subscription\SubscriptionNotification.tsx
FN:14,(anonymous_0)
FNF:1
FNH:0
FNDA:0,(anonymous_0)
DA:14,0
DA:20,0
LF:2
LH:0
BRDA:26,0,0,0
BRDA:26,0,1,0
BRF:2
BRH:0
end_of_record
TN:
SF:src\components\subscription\UsageTracker.tsx
FN:22,(anonymous_0)
FN:29,(anonymous_1)
FN:63,(anonymous_2)
FN:76,(anonymous_3)
FN:86,(anonymous_4)
FN:121,(anonymous_5)
FN:136,(anonymous_6)
FN:148,(anonymous_7)
FNF:8
FNH:0
FNDA:0,(anonymous_0)
FNDA:0,(anonymous_1)
FNDA:0,(anonymous_2)
FNDA:0,(anonymous_3)
FNDA:0,(anonymous_4)
FNDA:0,(anonymous_5)
FNDA:0,(anonymous_6)
FNDA:0,(anonymous_7)
DA:22,0
DA:23,0
DA:24,0
DA:25,0
DA:27,0
DA:29,0
DA:30,0
DA:31,0
DA:34,0
DA:36,0
DA:43,0
DA:50,0
DA:57,0
DA:61,0
DA:63,0
DA:64,0
DA:66,0
DA:68,0
DA:70,0
DA:72,0
DA:76,0
DA:77,0
DA:78,0
DA:80,0
DA:81,0
DA:83,0
DA:86,0
DA:87,0
DA:88,0
DA:92,0
DA:93,0
DA:96,0
DA:121,0
DA:137,0
DA:138,0
DA:139,0
DA:148,0
DA:161,0
LF:38
LH:0
BRDA:30,0,0,0
BRDA:30,0,1,0
BRDA:30,1,0,0
BRDA:30,1,1,0
BRDA:34,2,0,0
BRDA:34,2,1,0
BRDA:34,2,2,0
BRDA:34,2,3,0
BRDA:64,3,0,0
BRDA:64,3,1,0
BRDA:64,3,2,0
BRDA:64,3,3,0
BRDA:77,4,0,0
BRDA:77,4,1,0
BRDA:80,5,0,0
BRDA:80,5,1,0
BRDA:87,6,0,0
BRDA:87,6,1,0
BRDA:92,7,0,0
BRDA:92,7,1,0
BRDA:108,8,0,0
BRDA:108,8,1,0
BRDA:108,8,2,0
BRDA:110,9,0,0
BRDA:110,9,1,0
BRDA:111,10,0,0
BRDA:111,10,1,0
BRDA:128,11,0,0
BRDA:128,11,1,0
BRDA:129,12,0,0
BRDA:129,12,1,0
BRDA:130,13,0,0
BRDA:130,13,1,0
BRDA:138,14,0,0
BRDA:138,14,1,0
BRF:35
BRH:0
end_of_record
TN:
SF:src\components\team\SubscriptionManager.tsx
FN:27,(anonymous_0)
FN:38,(anonymous_1)
FN:44,(anonymous_2)
FN:53,(anonymous_3)
FN:66,(anonymous_4)
FN:87,(anonymous_5)
FN:98,(anonymous_6)
FN:119,(anonymous_7)
FN:138,(anonymous_8)
FN:146,(anonymous_9)
FN:150,(anonymous_10)
FN:155,(anonymous_11)
FN:161,(anonymous_12)
FN:166,(anonymous_13)
FN:172,(anonymous_14)
FN:177,(anonymous_15)
FN:191,(anonymous_16)
FN:256,(anonymous_17)
FN:312,(anonymous_18)
FN:384,(anonymous_19)
FN:393,(anonymous_20)
FN:394,(anonymous_21)
FN:404,(anonymous_22)
FN:419,(anonymous_23)
FN:431,(anonymous_24)
FN:434,(anonymous_25)
FNF:26
FNH:0
FNDA:0,(anonymous_0)
FNDA:0,(anonymous_1)
FNDA:0,(anonymous_2)
FNDA:0,(anonymous_3)
FNDA:0,(anonymous_4)
FNDA:0,(anonymous_5)
FNDA:0,(anonymous_6)
FNDA:0,(anonymous_7)
FNDA:0,(anonymous_8)
FNDA:0,(anonymous_9)
FNDA:0,(anonymous_10)
FNDA:0,(anonymous_11)
FNDA:0,(anonymous_12)
FNDA:0,(anonymous_13)
FNDA:0,(anonymous_14)
FNDA:0,(anonymous_15)
FNDA:0,(anonymous_16)
FNDA:0,(anonymous_17)
FNDA:0,(anonymous_18)
FNDA:0,(anonymous_19)
FNDA:0,(anonymous_20)
FNDA:0,(anonymous_21)
FNDA:0,(anonymous_22)
FNDA:0,(anonymous_23)
FNDA:0,(anonymous_24)
FNDA:0,(anonymous_25)
DA:27,0
DA:32,0
DA:33,0
DA:34,0
DA:35,0
DA:36,0
DA:38,0
DA:39,0
DA:40,0
DA:44,0
DA:45,0
DA:46,0
DA:47,0
DA:49,0
DA:53,0
DA:54,0
DA:55,0
DA:59,0
DA:68,0
DA:69,0
DA:70,0
DA:71,0
DA:73,0
DA:79,0
DA:80,0
DA:82,0
DA:83,0
DA:87,0
DA:88,0
DA:90,0
DA:99,0
DA:100,0
DA:101,0
DA:102,0
DA:103,0
DA:104,0
DA:106,0
DA:108,0
DA:109,0
DA:111,0
DA:119,0
DA:120,0
DA:122,0
DA:123,0
DA:124,0
DA:125,0
DA:126,0
DA:127,0
DA:129,0
DA:131,0
DA:132,0
DA:134,0
DA:138,0
DA:140,0
DA:146,0
DA:147,0
DA:150,0
DA:151,0
DA:152,0
DA:155,0
DA:156,0
DA:157,0
DA:158,0
DA:161,0
DA:162,0
DA:163,0
DA:167,0
DA:173,0
DA:178,0
DA:179,0
DA:191,0
DA:192,0
DA:193,0
DA:195,0
DA:214,0
DA:215,0
DA:223,0
DA:256,0
DA:313,0
DA:384,0
DA:393,0
DA:395,0
DA:404,0
DA:420,0
DA:431,0
DA:434,0
DA:447,0
LF:87
LH:0
BRDA:39,0,0,0
BRDA:39,0,1,0
BRDA:70,1,0,0
BRDA:70,1,1,0
BRDA:88,2,0,0
BRDA:88,2,1,0
BRDA:103,3,0,0
BRDA:103,3,1,0
BRDA:120,4,0,0
BRDA:120,4,1,0
BRDA:126,5,0,0
BRDA:126,5,1,0
BRDA:151,6,0,0
BRDA:151,6,1,0
BRDA:156,7,0,0
BRDA:156,7,1,0
BRDA:157,8,0,0
BRDA:157,8,1,0
BRDA:168,9,0,0
BRDA:168,9,1,0
BRDA:169,10,0,0
BRDA:169,10,1,0
BRDA:173,11,0,0
BRDA:173,11,1,0
BRDA:186,12,0,0
BRDA:186,12,1,0
BRDA:191,13,0,0
BRDA:200,14,0,0
BRDA:200,14,1,0
BRDA:203,15,0,0
BRDA:203,15,1,0
BRDA:214,16,0,0
BRDA:214,16,1,0
BRDA:242,17,0,0
BRDA:242,17,1,0
BRDA:253,18,0,0
BRDA:253,18,1,0
BRDA:270,19,0,0
BRDA:270,19,1,0
BRDA:283,20,0,0
BRDA:283,20,1,0
BRDA:309,21,0,0
BRDA:309,21,1,0
BRDA:352,22,0,0
BRDA:352,22,1,0
BRDA:364,23,0,0
BRDA:364,23,1,0
BRDA:399,24,0,0
BRDA:399,24,1,0
BRDA:415,25,0,0
BRDA:415,25,1,0
BRDA:415,26,0,0
BRDA:415,26,1,0
BRF:53
BRH:0
end_of_record
TN:
SF:src\components\team\TeamMembers.tsx
FN:30,(anonymous_0)
FN:47,(anonymous_1)
FN:52,(anonymous_2)
FN:62,(anonymous_3)
FN:78,(anonymous_4)
FN:109,(anonymous_5)
FN:119,(anonymous_6)
FN:132,(anonymous_7)
FN:139,(anonymous_8)
FN:150,(anonymous_9)
FN:158,(anonymous_10)
FN:164,(anonymous_11)
FN:175,(anonymous_12)
FN:188,(anonymous_13)
FN:198,(anonymous_14)
FN:208,(anonymous_15)
FN:215,(anonymous_16)
FN:245,(anonymous_17)
FN:250,(anonymous_18)
FN:260,(anonymous_19)
FN:268,(anonymous_20)
FN:276,(anonymous_21)
FN:287,(anonymous_22)
FN:302,(anonymous_23)
FN:359,(anonymous_24)
FN:369,(anonymous_25)
FN:382,(anonymous_26)
FN:387,(anonymous_27)
FN:403,(anonymous_28)
FN:407,(anonymous_29)
FN:428,(anonymous_30)
FNF:31
FNH:0
FNDA:0,(anonymous_0)
FNDA:0,(anonymous_1)
FNDA:0,(anonymous_2)
FNDA:0,(anonymous_3)
FNDA:0,(anonymous_4)
FNDA:0,(anonymous_5)
FNDA:0,(anonymous_6)
FNDA:0,(anonymous_7)
FNDA:0,(anonymous_8)
FNDA:0,(anonymous_9)
FNDA:0,(anonymous_10)
FNDA:0,(anonymous_11)
FNDA:0,(anonymous_12)
FNDA:0,(anonymous_13)
FNDA:0,(anonymous_14)
FNDA:0,(anonymous_15)
FNDA:0,(anonymous_16)
FNDA:0,(anonymous_17)
FNDA:0,(anonymous_18)
FNDA:0,(anonymous_19)
FNDA:0,(anonymous_20)
FNDA:0,(anonymous_21)
FNDA:0,(anonymous_22)
FNDA:0,(anonymous_23)
FNDA:0,(anonymous_24)
FNDA:0,(anonymous_25)
FNDA:0,(anonymous_26)
FNDA:0,(anonymous_27)
FNDA:0,(anonymous_28)
FNDA:0,(anonymous_29)
FNDA:0,(anonymous_30)
DA:30,0
DA:35,0
DA:36,0
DA:37,0
DA:38,0
DA:39,0
DA:40,0
DA:41,0
DA:42,0
DA:43,0
DA:44,0
DA:45,0
DA:47,0
DA:48,0
DA:49,0
DA:52,0
DA:53,0
DA:54,0
DA:55,0
DA:57,0
DA:58,0
DA:62,0
DA:63,0
DA:67,0
DA:69,0
DA:71,0
DA:75,0
DA:76,0
DA:78,0
DA:79,0
DA:80,0
DA:81,0
DA:84,0
DA:85,0
DA:86,0
DA:95,0
DA:96,0
DA:97,0
DA:98,0
DA:99,0
DA:100,0
DA:102,0
DA:103,0
DA:105,0
DA:109,0
DA:110,0
DA:111,0
DA:119,0
DA:124,0
DA:132,0
DA:139,0
DA:140,0
DA:141,0
DA:142,0
DA:143,0
DA:145,0
DA:146,0
DA:150,0
DA:151,0
DA:158,0
DA:164,0
DA:165,0
DA:166,0
DA:167,0
DA:168,0
DA:170,0
DA:171,0
DA:175,0
DA:176,0
DA:177,0
DA:178,0
DA:184,0
DA:188,0
DA:189,0
DA:190,0
DA:191,0
DA:192,0
DA:193,0
DA:194,0
DA:198,0
DA:199,0
DA:200,0
DA:201,0
DA:202,0
DA:203,0
DA:204,0
DA:208,0
DA:209,0
DA:210,0
DA:211,0
DA:212,0
DA:215,0
DA:216,0
DA:245,0
DA:251,0
DA:252,0
DA:261,0
DA:262,0
DA:269,0
DA:270,0
DA:277,0
DA:278,0
DA:288,0
DA:289,0
DA:302,0
DA:303,0
DA:331,0
DA:332,0
DA:340,0
DA:359,0
DA:369,0
DA:382,0
DA:387,0
DA:404,0
DA:407,0
DA:428,0
DA:444,0
LF:117
LH:0
BRDA:75,0,0,0
BRDA:75,0,1,0
BRDA:76,1,0,0
BRDA:76,1,1,0
BRDA:79,2,0,0
BRDA:79,2,1,0
BRDA:92,3,0,0
BRDA:92,3,1,0
BRDA:103,4,0,0
BRDA:103,4,1,0
BRDA:110,5,0,0
BRDA:110,5,1,0
BRDA:126,6,0,0
BRDA:126,6,1,0
BRDA:153,7,0,0
BRDA:153,7,1,0
BRDA:189,8,0,0
BRDA:189,8,1,0
BRDA:189,8,2,0
BRDA:189,8,3,0
BRDA:189,8,4,0
BRDA:199,9,0,0
BRDA:199,9,1,0
BRDA:199,9,2,0
BRDA:199,9,3,0
BRDA:199,9,4,0
BRDA:209,10,0,0
BRDA:209,10,1,0
BRDA:210,11,0,0
BRDA:210,11,1,0
BRDA:211,12,0,0
BRDA:211,12,1,0
BRDA:211,13,0,0
BRDA:211,13,1,0
BRDA:221,14,0,0
BRDA:221,14,1,0
BRDA:226,15,0,0
BRDA:226,15,1,0
BRDA:227,16,0,0
BRDA:227,16,1,0
BRDA:242,17,0,0
BRDA:242,17,1,0
BRDA:244,18,0,0
BRDA:244,18,1,0
BRDA:257,19,0,0
BRDA:257,19,1,0
BRDA:257,19,2,0
BRDA:257,19,3,0
BRDA:291,20,0,0
BRDA:291,20,1,0
BRDA:316,21,0,0
BRDA:316,21,1,0
BRDA:331,22,0,0
BRDA:331,22,1,0
BRDA:344,23,0,0
BRDA:344,23,1,0
BRDA:363,24,0,0
BRDA:363,24,1,0
BRDA:378,25,0,0
BRDA:378,25,1,0
BRDA:433,26,0,0
BRDA:433,26,1,0
BRF:62
BRH:0
end_of_record
TN:
SF:src\components\team\TeamSelector.tsx
FN:25,(anonymous_0)
FN:35,(anonymous_1)
FN:39,(anonymous_2)
FN:52,(anonymous_3)
FN:62,(anonymous_4)
FN:72,(anonymous_5)
FN:74,(anonymous_6)
FN:137,(anonymous_7)
FN:162,(anonymous_8)
FN:166,(anonymous_9)
FN:171,(anonymous_10)
FN:179,(anonymous_11)
FN:192,(anonymous_12)
FN:233,(anonymous_13)
FNF:14
FNH:0
FNDA:0,(anonymous_0)
FNDA:0,(anonymous_1)
FNDA:0,(anonymous_2)
FNDA:0,(anonymous_3)
FNDA:0,(anonymous_4)
FNDA:0,(anonymous_5)
FNDA:0,(anonymous_6)
FNDA:0,(anonymous_7)
FNDA:0,(anonymous_8)
FNDA:0,(anonymous_9)
FNDA:0,(anonymous_10)
FNDA:0,(anonymous_11)
FNDA:0,(anonymous_12)
FNDA:0,(anonymous_13)
DA:25,0
DA:30,0
DA:31,0
DA:32,0
DA:33,0
DA:35,0
DA:36,0
DA:39,0
DA:40,0
DA:41,0
DA:42,0
DA:43,0
DA:45,0
DA:46,0
DA:48,0
DA:52,0
DA:53,0
DA:54,0
DA:55,0
DA:56,0
DA:57,0
DA:58,0
DA:62,0
DA:63,0
DA:64,0
DA:65,0
DA:66,0
DA:67,0
DA:68,0
DA:72,0
DA:73,0
DA:74,0
DA:137,0
DA:138,0
DA:139,0
DA:140,0
DA:141,0
DA:142,0
DA:143,0
DA:147,0
DA:148,0
DA:156,0
DA:162,0
DA:166,0
DA:172,0
DA:173,0
DA:180,0
DA:181,0
DA:192,0
DA:233,0
DA:242,0
LF:51
LH:0
BRDA:53,0,0,0
BRDA:53,0,1,0
BRDA:53,0,2,0
BRDA:53,0,3,0
BRDA:53,0,4,0
BRDA:63,1,0,0
BRDA:63,1,1,0
BRDA:63,1,2,0
BRDA:63,1,3,0
BRDA:63,1,4,0
BRDA:77,2,0,0
BRDA:77,2,1,0
BRDA:91,3,0,0
BRDA:91,3,1,0
BRDA:138,4,0,0
BRDA:138,4,1,0
BRDA:138,4,2,0
BRDA:138,4,3,0
BRDA:138,4,4,0
BRDA:147,5,0,0
BRDA:147,5,1,0
BRDA:195,6,0,0
BRDA:195,6,1,0
BRDA:216,7,0,0
BRDA:216,7,1,0
BRF:25
BRH:0
end_of_record
TN:
SF:src\components\ui\BrandedHeader.tsx
FN:18,BrandedHeader
FNF:1
FNH:0
FNDA:0,BrandedHeader
DA:25,0
DA:70,0
LF:2
LH:0
BRDA:20,0,0,0
BRDA:21,1,0,0
BRDA:28,2,0,0
BRDA:28,2,1,0
BRDA:28,2,2,0
BRDA:36,3,0,0
BRDA:36,3,1,0
BRDA:48,4,0,0
BRDA:48,4,1,0
BRDA:56,5,0,0
BRDA:56,5,1,0
BRDA:62,6,0,0
BRDA:62,6,1,0
BRF:13
BRH:0
end_of_record
TN:
SF:src\components\ui\SplashScreen.tsx
FN:12,SplashScreen
FN:16,(anonymous_1)
FN:37,(anonymous_2)
FNF:3
FNH:0
FNDA:0,SplashScreen
FNDA:0,(anonymous_1)
FNDA:0,(anonymous_2)
DA:10,0
DA:13,0
DA:14,0
DA:16,0
DA:18,0
DA:38,0
DA:42,0
DA:66,0
LF:8
LH:0
BRF:0
BRH:0
end_of_record
TN:
SF:src\constants\branding.ts
FNF:0
FNH:0
DA:7,0
DA:15,0
DA:44,0
DA:66,0
DA:75,0
DA:84,0
DA:99,0
DA:107,0
DA:115,0
LF:9
LH:0
BRF:0
BRH:0
end_of_record
TN:
SF:src\contexts\SubscriptionContext.tsx
FN:30,(anonymous_0)
FN:40,useSubscriptionContext
FNF:2
FNH:0
FNDA:0,(anonymous_0)
FNDA:0,useSubscriptionContext
DA:24,0
DA:30,0
DA:31,0
DA:33,0
DA:41,0
DA:42,0
DA:43,0
DA:45,0
LF:8
LH:0
BRDA:42,0,0,0
BRDA:42,0,1,0
BRF:2
BRH:0
end_of_record
TN:
SF:src\hooks\useConsentStatus.ts
FN:9,useConsentStatus
FN:16,(anonymous_1)
FN:51,(anonymous_2)
FN:60,(anonymous_3)
FN:66,(anonymous_4)
FNF:5
FNH:0
FNDA:0,useConsentStatus
FNDA:0,(anonymous_1)
FNDA:0,(anonymous_2)
FNDA:0,(anonymous_3)
FNDA:0,(anonymous_4)
DA:7,0
DA:10,0
DA:11,0
DA:12,0
DA:13,0
DA:14,0
DA:16,0
DA:17,0
DA:18,0
DA:21,0
DA:22,0
DA:23,0
DA:24,0
DA:27,0
DA:28,0
DA:30,0
DA:31,0
DA:40,0
DA:41,0
DA:45,0
DA:47,0
DA:51,0
DA:52,0
DA:54,0
DA:55,0
DA:56,0
DA:60,0
DA:61,0
DA:62,0
DA:66,0
DA:67,0
DA:68,0
DA:70,0
DA:71,0
DA:72,0
DA:76,0
LF:36
LH:0
BRDA:17,0,0,0
BRDA:17,0,1,0
BRDA:27,1,0,0
BRDA:27,1,1,0
BRDA:27,2,0,0
BRDA:27,2,1,0
BRDA:30,3,0,0
BRDA:30,3,1,0
BRDA:33,4,0,0
BRDA:33,4,1,0
BRDA:52,5,0,0
BRDA:52,5,1,0
BRDA:52,6,0,0
BRDA:52,6,1,0
BRDA:67,7,0,0
BRDA:67,7,1,0
BRF:16
BRH:0
end_of_record
TN:
SF:src\hooks\useSubscription.ts
FN:12,useSubscription
FN:16,(anonymous_1)
FN:18,(anonymous_2)
FN:30,(anonymous_3)
FN:34,(anonymous_4)
FN:39,(anonymous_5)
FN:46,(anonymous_6)
FN:53,(anonymous_7)
FN:57,(anonymous_8)
FN:64,(anonymous_9)
FN:71,(anonymous_10)
FN:75,(anonymous_11)
FNF:12
FNH:0
FNDA:0,useSubscription
FNDA:0,(anonymous_1)
FNDA:0,(anonymous_2)
FNDA:0,(anonymous_3)
FNDA:0,(anonymous_4)
FNDA:0,(anonymous_5)
FNDA:0,(anonymous_6)
FNDA:0,(anonymous_7)
FNDA:0,(anonymous_8)
FNDA:0,(anonymous_9)
FNDA:0,(anonymous_10)
FNDA:0,(anonymous_11)
DA:13,0
DA:14,0
DA:16,0
DA:18,0
DA:19,0
DA:20,0
DA:21,0
DA:23,0
DA:27,0
DA:30,0
DA:31,0
DA:34,0
DA:35,0
DA:39,0
DA:40,0
DA:41,0
DA:43,0
DA:46,0
DA:47,0
DA:48,0
DA:50,0
DA:53,0
DA:54,0
DA:57,0
DA:58,0
DA:59,0
DA:61,0
DA:64,0
DA:65,0
DA:66,0
DA:68,0
DA:71,0
DA:72,0
DA:75,0
DA:76,0
DA:79,0
LF:36
LH:0
BRDA:40,0,0,0
BRDA:40,0,1,0
BRDA:47,1,0,0
BRDA:47,1,1,0
BRDA:58,2,0,0
BRDA:58,2,1,0
BRDA:65,3,0,0
BRDA:65,3,1,0
BRDA:65,4,0,0
BRDA:65,4,1,0
BRF:10
BRH:0
end_of_record
TN:
SF:src\hooks\useSubscriptionStatus.ts
FN:19,(anonymous_0)
FN:27,(anonymous_1)
FN:32,(anonymous_2)
FN:36,(anonymous_3)
FN:54,(anonymous_4)
FN:62,(anonymous_5)
FN:65,(anonymous_6)
FN:67,(anonymous_7)
FN:74,(anonymous_8)
FN:83,(anonymous_9)
FN:92,(anonymous_10)
FN:95,(anonymous_11)
FN:102,(anonymous_12)
FN:122,(anonymous_13)
FNF:14
FNH:0
FNDA:0,(anonymous_0)
FNDA:0,(anonymous_1)
FNDA:0,(anonymous_2)
FNDA:0,(anonymous_3)
FNDA:0,(anonymous_4)
FNDA:0,(anonymous_5)
FNDA:0,(anonymous_6)
FNDA:0,(anonymous_7)
FNDA:0,(anonymous_8)
FNDA:0,(anonymous_9)
FNDA:0,(anonymous_10)
FNDA:0,(anonymous_11)
FNDA:0,(anonymous_12)
FNDA:0,(anonymous_13)
DA:19,0
DA:20,0
DA:27,0
DA:28,0
DA:29,0
DA:30,0
DA:32,0
DA:34,0
DA:37,0
DA:38,0
DA:39,0
DA:54,0
DA:57,0
DA:62,0
DA:66,0
DA:67,0
DA:72,0
DA:75,0
DA:76,0
DA:77,0
DA:83,0
DA:86,0
DA:92,0
DA:96,0
DA:102,0
DA:103,0
DA:104,0
DA:107,0
DA:108,0
DA:110,0
DA:111,0
DA:113,0
DA:122,0
DA:123,0
DA:124,0
DA:125,0
DA:127,0
DA:128,0
DA:133,0
LF:39
LH:0
BRDA:37,0,0,0
BRDA:37,0,1,0
BRDA:40,1,0,0
BRDA:40,1,1,0
BRDA:41,2,0,0
BRDA:41,2,1,0
BRDA:42,3,0,0
BRDA:42,3,1,0
BRDA:75,4,0,0
BRDA:75,4,1,0
BRDA:78,5,0,0
BRDA:78,5,1,0
BRDA:79,6,0,0
BRDA:79,6,1,0
BRDA:80,7,0,0
BRDA:80,7,1,0
BRDA:81,8,0,0
BRDA:81,8,1,0
BRDA:103,9,0,0
BRDA:103,9,1,0
BRDA:107,10,0,0
BRDA:107,10,1,0
BRDA:110,11,0,0
BRDA:110,11,1,0
BRDA:124,12,0,0
BRDA:124,12,1,0
BRDA:127,13,0,0
BRDA:127,13,1,0
BRF:28
BRH:0
end_of_record
TN:
SF:src\navigation\AppNavigator.tsx
FN:43,AppNavigator
FN:65,(anonymous_1)
FN:66,(anonymous_2)
FN:86,(anonymous_3)
FN:103,(anonymous_4)
FN:130,(anonymous_5)
FN:218,(anonymous_6)
FN:234,(anonymous_7)
FN:263,ProfileButton
FN:271,(anonymous_9)
FNF:10
FNH:0
FNDA:0,AppNavigator
FNDA:0,(anonymous_1)
FNDA:0,(anonymous_2)
FNDA:0,(anonymous_3)
FNDA:0,(anonymous_4)
FNDA:0,(anonymous_5)
FNDA:0,(anonymous_6)
FNDA:0,(anonymous_7)
FNDA:0,ProfileButton
FNDA:0,(anonymous_9)
DA:30,0
DA:32,0
DA:44,0
DA:45,0
DA:46,0
DA:48,0
DA:49,0
DA:62,0
DA:65,0
DA:66,0
DA:67,0
DA:68,0
DA:71,0
DA:73,0
DA:74,0
DA:82,0
DA:86,0
DA:87,0
DA:88,0
DA:90,0
DA:91,0
DA:96,0
DA:97,0
DA:99,0
DA:103,0
DA:104,0
DA:108,0
DA:131,0
DA:218,0
DA:234,0
DA:264,0
DA:266,0
DA:271,0
DA:277,0
LF:34
LH:0
BRDA:75,0,0,0
BRDA:75,0,1,0
BRDA:88,1,0,0
BRDA:88,1,1,0
BRDA:122,2,0,0
BRDA:122,2,1,0
BRDA:222,3,0,0
BRDA:222,3,1,0
BRDA:245,4,0,0
BRDA:245,4,1,0
BRDA:245,4,2,0
BRDA:245,4,3,0
BRF:12
BRH:0
end_of_record
TN:
SF:src\screens\AnalyticsScreen.tsx
FN:52,AnalyticsScreen
FN:73,(anonymous_1)
FN:105,(anonymous_2)
FN:111,(anonymous_3)
FN:116,(anonymous_4)
FN:117,(anonymous_5)
FN:119,(anonymous_6)
FN:129,(anonymous_7)
FN:148,(anonymous_8)
FN:153,(anonymous_9)
FN:158,(anonymous_10)
FN:165,(anonymous_11)
FN:167,(anonymous_12)
FN:168,(anonymous_13)
FN:173,(anonymous_14)
FN:175,(anonymous_15)
FN:176,(anonymous_16)
FN:188,(anonymous_17)
FN:189,(anonymous_18)
FN:222,(anonymous_19)
FN:228,(anonymous_20)
FN:244,(anonymous_21)
FN:244,(anonymous_22)
FN:256,(anonymous_23)
FN:256,(anonymous_24)
FN:268,(anonymous_25)
FN:268,(anonymous_26)
FN:404,(anonymous_27)
FN:442,(anonymous_28)
FN:460,(anonymous_29)
FN:462,(anonymous_30)
FN:515,(anonymous_31)
FN:532,(anonymous_32)
FN:561,(anonymous_33)
FN:587,(anonymous_34)
FN:593,(anonymous_35)
FN:599,(anonymous_36)
FN:605,(anonymous_37)
FN:611,(anonymous_38)
FN:617,(anonymous_39)
FN:624,(anonymous_40)
FNF:41
FNH:0
FNDA:0,AnalyticsScreen
FNDA:0,(anonymous_1)
FNDA:0,(anonymous_2)
FNDA:0,(anonymous_3)
FNDA:0,(anonymous_4)
FNDA:0,(anonymous_5)
FNDA:0,(anonymous_6)
FNDA:0,(anonymous_7)
FNDA:0,(anonymous_8)
FNDA:0,(anonymous_9)
FNDA:0,(anonymous_10)
FNDA:0,(anonymous_11)
FNDA:0,(anonymous_12)
FNDA:0,(anonymous_13)
FNDA:0,(anonymous_14)
FNDA:0,(anonymous_15)
FNDA:0,(anonymous_16)
FNDA:0,(anonymous_17)
FNDA:0,(anonymous_18)
FNDA:0,(anonymous_19)
FNDA:0,(anonymous_20)
FNDA:0,(anonymous_21)
FNDA:0,(anonymous_22)
FNDA:0,(anonymous_23)
FNDA:0,(anonymous_24)
FNDA:0,(anonymous_25)
FNDA:0,(anonymous_26)
FNDA:0,(anonymous_27)
FNDA:0,(anonymous_28)
FNDA:0,(anonymous_29)
FNDA:0,(anonymous_30)
FNDA:0,(anonymous_31)
FNDA:0,(anonymous_32)
FNDA:0,(anonymous_33)
FNDA:0,(anonymous_34)
FNDA:0,(anonymous_35)
FNDA:0,(anonymous_36)
FNDA:0,(anonymous_37)
FNDA:0,(anonymous_38)
FNDA:0,(anonymous_39)
FNDA:0,(anonymous_40)
DA:46,0
DA:53,0
DA:54,0
DA:55,0
DA:56,0
DA:57,0
DA:58,0
DA:59,0
DA:60,0
DA:61,0
DA:64,0
DA:65,0
DA:68,0
DA:69,0
DA:70,0
DA:71,0
DA:73,0
DA:74,0
DA:76,0
DA:77,0
DA:79,0
DA:84,0
DA:85,0
DA:88,0
DA:89,0
DA:90,0
DA:93,0
DA:94,0
DA:95,0
DA:97,0
DA:98,0
DA:100,0
DA:101,0
DA:105,0
DA:106,0
DA:107,0
DA:110,0
DA:112,0
DA:116,0
DA:117,0
DA:118,0
DA:119,0
DA:120,0
DA:121,0
DA:123,0
DA:124,0
DA:129,0
DA:130,0
DA:131,0
DA:132,0
DA:135,0
DA:136,0
DA:137,0
DA:138,0
DA:139,0
DA:141,0
DA:142,0
DA:144,0
DA:148,0
DA:149,0
DA:150,0
DA:153,0
DA:154,0
DA:158,0
DA:159,0
DA:161,0
DA:163,0
DA:165,0
DA:167,0
DA:168,0
DA:173,0
DA:175,0
DA:176,0
DA:183,0
DA:188,0
DA:189,0
DA:200,0
DA:201,0
DA:209,0
DA:222,0
DA:228,0
DA:244,0
DA:245,0
DA:246,0
DA:247,0
DA:256,0
DA:257,0
DA:258,0
DA:259,0
DA:268,0
DA:269,0
DA:270,0
DA:271,0
DA:404,0
DA:442,0
DA:460,0
DA:462,0
DA:515,0
DA:533,0
DA:534,0
DA:535,0
DA:562,0
DA:587,0
DA:593,0
DA:599,0
DA:605,0
DA:611,0
DA:617,0
DA:624,0
DA:631,0
LF:110
LH:0
BRDA:73,0,0,0
BRDA:74,1,0,0
BRDA:74,1,1,0
BRDA:77,2,0,0
BRDA:77,2,1,0
BRDA:118,3,0,0
BRDA:118,3,1,0
BRDA:120,4,0,0
BRDA:120,4,1,0
BRDA:130,5,0,0
BRDA:130,5,1,0
BRDA:159,6,0,0
BRDA:159,6,1,0
BRDA:168,7,0,0
BRDA:176,8,0,0
BRDA:188,9,0,0
BRDA:189,10,0,0
BRDA:200,11,0,0
BRDA:200,11,1,0
BRDA:200,12,0,0
BRDA:200,12,1,0
BRDA:234,13,0,0
BRDA:234,13,1,0
BRDA:241,14,0,0
BRDA:241,14,1,0
BRDA:253,15,0,0
BRDA:253,15,1,0
BRDA:265,16,0,0
BRDA:265,16,1,0
BRDA:283,17,0,0
BRDA:283,17,1,0
BRDA:286,18,0,0
BRDA:286,18,1,0
BRDA:329,19,0,0
BRDA:329,19,1,0
BRDA:331,20,0,0
BRDA:331,20,1,0
BRDA:334,21,0,0
BRDA:334,21,1,0
BRDA:367,22,0,0
BRDA:367,22,1,0
BRDA:379,23,0,0
BRDA:379,23,1,0
BRDA:399,24,0,0
BRDA:399,24,1,0
BRDA:408,25,0,0
BRDA:408,25,1,0
BRDA:411,26,0,0
BRDA:411,26,1,0
BRDA:430,27,0,0
BRDA:430,27,1,0
BRDA:442,28,0,0
BRDA:452,29,0,0
BRDA:452,29,1,0
BRDA:452,29,2,0
BRDA:478,30,0,0
BRDA:478,30,1,0
BRDA:481,31,0,0
BRDA:481,31,1,0
BRDA:525,32,0,0
BRDA:525,32,1,0
BRDA:538,33,0,0
BRDA:538,33,1,0
BRDA:541,34,0,0
BRDA:541,34,1,0
BRDA:555,35,0,0
BRDA:555,35,1,0
BRDA:555,35,2,0
BRDA:565,36,0,0
BRDA:565,36,1,0
BRDA:568,37,0,0
BRDA:568,37,1,0
BRDA:614,38,0,0
BRDA:614,38,1,0
BRF:74
BRH:0
end_of_record
TN:
SF:src\screens\AuthScreen.tsx
FN:11,AuthScreen
FN:53,(anonymous_1)
FN:62,(anonymous_2)
FNF:3
FNH:0
FNDA:0,AuthScreen
FNDA:0,(anonymous_1)
FNDA:0,(anonymous_2)
DA:12,0
DA:14,0
DA:53,0
DA:62,0
DA:74,0
LF:5
LH:0
BRF:0
BRH:0
end_of_record
TN:
SF:src\screens\FeatureDemo.tsx
FN:22,FeatureDemo
FN:125,(anonymous_1)
FN:135,(anonymous_2)
FN:138,(anonymous_3)
FN:139,(anonymous_4)
FN:139,(anonymous_5)
FN:143,(anonymous_6)
FN:148,(anonymous_7)
FN:183,(anonymous_8)
FN:190,(anonymous_9)
FN:209,(anonymous_10)
FN:213,(anonymous_11)
FN:218,(anonymous_12)
FN:219,(anonymous_13)
FN:220,(anonymous_14)
FN:233,(anonymous_15)
FN:236,(anonymous_16)
FN:239,(anonymous_17)
FN:248,(anonymous_18)
FN:249,(anonymous_19)
FN:252,(anonymous_20)
FNF:21
FNH:0
FNDA:0,FeatureDemo
FNDA:0,(anonymous_1)
FNDA:0,(anonymous_2)
FNDA:0,(anonymous_3)
FNDA:0,(anonymous_4)
FNDA:0,(anonymous_5)
FNDA:0,(anonymous_6)
FNDA:0,(anonymous_7)
FNDA:0,(anonymous_8)
FNDA:0,(anonymous_9)
FNDA:0,(anonymous_10)
FNDA:0,(anonymous_11)
FNDA:0,(anonymous_12)
FNDA:0,(anonymous_13)
FNDA:0,(anonymous_14)
FNDA:0,(anonymous_15)
FNDA:0,(anonymous_16)
FNDA:0,(anonymous_17)
FNDA:0,(anonymous_18)
FNDA:0,(anonymous_19)
FNDA:0,(anonymous_20)
DA:24,0
DA:37,0
DA:47,0
DA:50,0
DA:61,0
DA:62,0
DA:65,0
DA:122,0
DA:125,0
DA:126,0
DA:135,0
DA:138,0
DA:139,0
DA:143,0
DA:144,0
DA:145,0
DA:148,0
DA:156,0
DA:183,0
DA:190,0
DA:209,0
DA:214,0
DA:219,0
DA:220,0
DA:233,0
DA:237,0
DA:240,0
DA:248,0
DA:250,0
DA:253,0
DA:260,0
LF:31
LH:0
BRDA:145,0,0,0
BRDA:145,0,1,0
BRF:2
BRH:0
end_of_record
TN:
SF:src\screens\HomeScreen.tsx
FN:36,HomeScreen
FN:50,(anonymous_1)
FN:51,(anonymous_2)
FN:62,(anonymous_3)
FN:76,(anonymous_4)
FN:86,(anonymous_5)
FN:90,(anonymous_6)
FN:94,(anonymous_7)
FN:106,(anonymous_8)
FN:112,(anonymous_9)
FN:120,(anonymous_10)
FN:128,(anonymous_11)
FN:138,(anonymous_12)
FN:148,(anonymous_13)
FN:182,(anonymous_14)
FN:190,(anonymous_15)
FN:198,(anonymous_16)
FN:212,(anonymous_17)
FN:230,(anonymous_18)
FN:271,(anonymous_19)
FN:289,(anonymous_20)
FN:297,(anonymous_21)
FN:306,(anonymous_22)
FN:320,(anonymous_23)
FN:330,(anonymous_24)
FN:347,(anonymous_25)
FNF:26
FNH:0
FNDA:0,HomeScreen
FNDA:0,(anonymous_1)
FNDA:0,(anonymous_2)
FNDA:0,(anonymous_3)
FNDA:0,(anonymous_4)
FNDA:0,(anonymous_5)
FNDA:0,(anonymous_6)
FNDA:0,(anonymous_7)
FNDA:0,(anonymous_8)
FNDA:0,(anonymous_9)
FNDA:0,(anonymous_10)
FNDA:0,(anonymous_11)
FNDA:0,(anonymous_12)
FNDA:0,(anonymous_13)
FNDA:0,(anonymous_14)
FNDA:0,(anonymous_15)
FNDA:0,(anonymous_16)
FNDA:0,(anonymous_17)
FNDA:0,(anonymous_18)
FNDA:0,(anonymous_19)
FNDA:0,(anonymous_20)
FNDA:0,(anonymous_21)
FNDA:0,(anonymous_22)
FNDA:0,(anonymous_23)
FNDA:0,(anonymous_24)
FNDA:0,(anonymous_25)
DA:37,0
DA:38,0
DA:45,0
DA:46,0
DA:47,0
DA:50,0
DA:51,0
DA:52,0
DA:57,0
DA:58,0
DA:59,0
DA:60,0
DA:62,0
DA:64,0
DA:65,0
DA:66,0
DA:76,0
DA:80,0
DA:83,0
DA:86,0
DA:87,0
DA:90,0
DA:91,0
DA:94,0
DA:95,0
DA:106,0
DA:112,0
DA:113,0
DA:114,0
DA:116,0
DA:120,0
DA:121,0
DA:128,0
DA:129,0
DA:130,0
DA:131,0
DA:132,0
DA:133,0
DA:134,0
DA:138,0
DA:139,0
DA:140,0
DA:141,0
DA:142,0
DA:143,0
DA:144,0
DA:148,0
DA:149,0
DA:182,0
DA:190,0
DA:198,0
DA:212,0
DA:213,0
DA:223,0
DA:230,0
DA:271,0
DA:289,0
DA:298,0
DA:299,0
DA:306,0
DA:320,0
DA:330,0
DA:347,0
DA:363,0
LF:64
LH:0
BRDA:52,0,0,0
BRDA:52,0,1,0
BRDA:64,1,0,0
BRDA:64,1,1,0
BRDA:64,2,0,0
BRDA:64,2,1,0
BRDA:129,3,0,0
BRDA:129,3,1,0
BRDA:129,3,2,0
BRDA:129,3,3,0
BRDA:129,3,4,0
BRDA:139,4,0,0
BRDA:139,4,1,0
BRDA:139,4,2,0
BRDA:139,4,3,0
BRDA:139,4,4,0
BRDA:163,5,0,0
BRDA:163,5,1,0
BRDA:203,6,0,0
BRDA:203,6,1,0
BRDA:236,7,0,0
BRDA:236,7,1,0
BRDA:248,8,0,0
BRDA:248,8,1,0
BRDA:248,8,2,0
BRDA:265,9,0,0
BRDA:265,9,1,0
BRDA:327,10,0,0
BRDA:327,10,1,0
BRDA:341,11,0,0
BRDA:341,11,1,0
BRDA:341,12,0,0
BRDA:341,12,1,0
BRF:33
BRH:0
end_of_record
TN:
SF:src\screens\LegalDocumentsScreen.tsx
FN:35,LegalDocumentsScreen
FN:43,(anonymous_1)
FN:47,(anonymous_2)
FN:88,(anonymous_3)
FN:108,(anonymous_4)
FN:123,(anonymous_5)
FN:133,(anonymous_6)
FN:138,(anonymous_7)
FN:151,(anonymous_8)
FN:159,(anonymous_9)
FN:200,(anonymous_10)
FN:218,(anonymous_11)
FN:241,(anonymous_12)
FN:254,(anonymous_13)
FN:259,(anonymous_14)
FN:266,(anonymous_15)
FN:273,(anonymous_16)
FNF:17
FNH:0
FNDA:0,LegalDocumentsScreen
FNDA:0,(anonymous_1)
FNDA:0,(anonymous_2)
FNDA:0,(anonymous_3)
FNDA:0,(anonymous_4)
FNDA:0,(anonymous_5)
FNDA:0,(anonymous_6)
FNDA:0,(anonymous_7)
FNDA:0,(anonymous_8)
FNDA:0,(anonymous_9)
FNDA:0,(anonymous_10)
FNDA:0,(anonymous_11)
FNDA:0,(anonymous_12)
FNDA:0,(anonymous_13)
FNDA:0,(anonymous_14)
FNDA:0,(anonymous_15)
FNDA:0,(anonymous_16)
DA:32,0
DA:33,0
DA:36,0
DA:37,0
DA:38,0
DA:39,0
DA:40,0
DA:41,0
DA:43,0
DA:44,0
DA:47,0
DA:48,0
DA:49,0
DA:50,0
DA:53,0
DA:54,0
DA:55,0
DA:59,0
DA:60,0
DA:61,0
DA:64,0
DA:65,0
DA:71,0
DA:72,0
DA:74,0
DA:80,0
DA:81,0
DA:82,0
DA:84,0
DA:88,0
DA:89,0
DA:90,0
DA:91,0
DA:92,0
DA:93,0
DA:97,0
DA:100,0
DA:105,0
DA:108,0
DA:109,0
DA:110,0
DA:111,0
DA:116,0
DA:123,0
DA:124,0
DA:125,0
DA:126,0
DA:133,0
DA:134,0
DA:135,0
DA:138,0
DA:139,0
DA:141,0
DA:143,0
DA:145,0
DA:147,0
DA:151,0
DA:152,0
DA:159,0
DA:160,0
DA:194,0
DA:195,0
DA:200,0
DA:212,0
DA:213,0
DA:218,0
DA:236,0
DA:241,0
DA:255,0
DA:260,0
DA:267,0
DA:273,0
DA:307,0
LF:73
LH:0
BRDA:54,0,0,0
BRDA:54,0,1,0
BRDA:71,1,0,0
BRDA:71,1,1,0
BRDA:82,2,0,0
BRDA:82,2,1,0
BRDA:91,3,0,0
BRDA:91,3,1,0
BRDA:139,4,0,0
BRDA:139,4,1,0
BRDA:139,4,2,0
BRDA:139,4,3,0
BRDA:171,5,0,0
BRDA:171,5,1,0
BRDA:194,6,0,0
BRDA:194,6,1,0
BRDA:212,7,0,0
BRDA:212,7,1,0
BRDA:277,8,0,0
BRDA:277,8,1,0
BRDA:282,9,0,0
BRDA:282,9,1,0
BRF:22
BRH:0
end_of_record
TN:
SF:src\screens\OnboardingConsentScreen.tsx
FN:36,OnboardingConsentScreen
FN:46,(anonymous_1)
FN:60,(anonymous_2)
FN:144,(anonymous_3)
FN:152,(anonymous_4)
FN:167,(anonymous_5)
FN:175,(anonymous_6)
FN:190,(anonymous_7)
FN:198,(anonymous_8)
FN:219,(anonymous_9)
FNF:10
FNH:0
FNDA:0,OnboardingConsentScreen
FNDA:0,(anonymous_1)
FNDA:0,(anonymous_2)
FNDA:0,(anonymous_3)
FNDA:0,(anonymous_4)
FNDA:0,(anonymous_5)
FNDA:0,(anonymous_6)
FNDA:0,(anonymous_7)
FNDA:0,(anonymous_8)
FNDA:0,(anonymous_9)
DA:33,0
DA:34,0
DA:37,0
DA:38,0
DA:40,0
DA:41,0
DA:42,0
DA:43,0
DA:44,0
DA:46,0
DA:47,0
DA:48,0
DA:49,0
DA:50,0
DA:52,0
DA:55,0
DA:56,0
DA:60,0
DA:61,0
DA:62,0
DA:67,0
DA:70,0
DA:71,0
DA:76,0
DA:79,0
DA:80,0
DA:82,0
DA:83,0
DA:87,0
DA:96,0
DA:102,0
DA:103,0
DA:109,0
DA:113,0
DA:115,0
DA:144,0
DA:152,0
DA:167,0
DA:175,0
DA:190,0
DA:198,0
DA:219,0
DA:262,0
LF:43
LH:0
BRDA:49,0,0,0
BRDA:49,0,1,0
BRDA:61,1,0,0
BRDA:61,1,1,0
BRDA:70,2,0,0
BRDA:70,2,1,0
BRDA:70,3,0,0
BRDA:70,3,1,0
BRDA:82,4,0,0
BRDA:82,4,1,0
BRDA:113,5,0,0
BRDA:113,5,1,0
BRDA:113,5,2,0
BRDA:143,6,0,0
BRDA:143,6,1,0
BRDA:166,7,0,0
BRDA:166,7,1,0
BRDA:189,8,0,0
BRDA:189,8,1,0
BRDA:218,9,0,0
BRDA:218,9,1,0
BRDA:237,10,0,0
BRDA:237,10,1,0
BRDA:240,11,0,0
BRDA:240,11,1,0
BRDA:244,12,0,0
BRDA:244,12,1,0
BRF:27
BRH:0
end_of_record
TN:
SF:src\screens\ProfileScreen.tsx
FN:19,ProfileScreen
FN:27,(anonymous_1)
FN:36,(anonymous_2)
FN:53,(anonymous_3)
FN:62,(anonymous_4)
FN:71,(anonymous_5)
FN:121,(anonymous_6)
FN:127,(anonymous_7)
FN:142,(anonymous_8)
FN:143,(anonymous_9)
FN:156,(anonymous_10)
FN:157,(anonymous_11)
FN:169,(anonymous_12)
FN:170,(anonymous_13)
FN:224,(anonymous_14)
FN:230,(anonymous_15)
FN:236,(anonymous_16)
FN:237,(anonymous_17)
FN:238,(anonymous_18)
FN:253,(anonymous_19)
FN:254,(anonymous_20)
FN:255,(anonymous_21)
FN:261,(anonymous_22)
FN:262,(anonymous_23)
FN:263,(anonymous_24)
FN:285,(anonymous_25)
FN:286,(anonymous_26)
FN:291,(anonymous_27)
FN:301,(anonymous_28)
FNF:29
FNH:0
FNDA:0,ProfileScreen
FNDA:0,(anonymous_1)
FNDA:0,(anonymous_2)
FNDA:0,(anonymous_3)
FNDA:0,(anonymous_4)
FNDA:0,(anonymous_5)
FNDA:0,(anonymous_6)
FNDA:0,(anonymous_7)
FNDA:0,(anonymous_8)
FNDA:0,(anonymous_9)
FNDA:0,(anonymous_10)
FNDA:0,(anonymous_11)
FNDA:0,(anonymous_12)
FNDA:0,(anonymous_13)
FNDA:0,(anonymous_14)
FNDA:0,(anonymous_15)
FNDA:0,(anonymous_16)
FNDA:0,(anonymous_17)
FNDA:0,(anonymous_18)
FNDA:0,(anonymous_19)
FNDA:0,(anonymous_20)
FNDA:0,(anonymous_21)
FNDA:0,(anonymous_22)
FNDA:0,(anonymous_23)
FNDA:0,(anonymous_24)
FNDA:0,(anonymous_25)
FNDA:0,(anonymous_26)
FNDA:0,(anonymous_27)
FNDA:0,(anonymous_28)
DA:20,0
DA:21,0
DA:24,0
DA:25,0
DA:27,0
DA:28,0
DA:37,0
DA:38,0
DA:41,0
DA:53,0
DA:54,0
DA:55,0
DA:56,0
DA:58,0
DA:62,0
DA:63,0
DA:64,0
DA:65,0
DA:67,0
DA:71,0
DA:72,0
DA:73,0
DA:81,0
DA:122,0
DA:128,0
DA:142,0
DA:144,0
DA:156,0
DA:158,0
DA:169,0
DA:171,0
DA:224,0
DA:230,0
DA:236,0
DA:237,0
DA:238,0
DA:253,0
DA:254,0
DA:255,0
DA:261,0
DA:262,0
DA:263,0
DA:285,0
DA:287,0
DA:288,0
DA:291,0
DA:301,0
DA:308,0
LF:48
LH:0
BRDA:72,0,0,0
BRDA:72,0,1,0
BRDA:95,1,0,0
BRDA:95,1,1,0
BRDA:95,1,2,0
BRDA:101,2,0,0
BRDA:101,2,1,0
BRDA:120,3,0,0
BRDA:120,3,1,0
BRDA:123,4,0,0
BRDA:123,4,1,0
BRDA:124,5,0,0
BRDA:124,5,1,0
BRDA:131,6,0,0
BRDA:131,6,1,0
BRDA:134,7,0,0
BRDA:134,7,1,0
BRDA:144,8,0,0
BRDA:144,8,1,0
BRDA:152,9,0,0
BRDA:152,9,1,0
BRDA:165,10,0,0
BRDA:165,10,1,0
BRDA:191,11,0,0
BRDA:191,11,1,0
BRDA:199,12,0,0
BRDA:199,12,1,0
BRF:27
BRH:0
end_of_record
TN:
SF:src\screens\ScriptEditorScreen.tsx
FN:38,ScriptEditorScreen
FN:55,(anonymous_1)
FN:80,(anonymous_2)
FN:81,(anonymous_3)
FN:96,(anonymous_4)
FN:105,(anonymous_5)
FN:110,(anonymous_6)
FN:120,(anonymous_7)
FN:142,(anonymous_8)
FN:147,(anonymous_9)
FN:189,(anonymous_10)
FN:203,(anonymous_11)
FN:217,(anonymous_12)
FN:276,(anonymous_13)
FN:284,(anonymous_14)
FN:321,(anonymous_15)
FNF:16
FNH:0
FNDA:0,ScriptEditorScreen
FNDA:0,(anonymous_1)
FNDA:0,(anonymous_2)
FNDA:0,(anonymous_3)
FNDA:0,(anonymous_4)
FNDA:0,(anonymous_5)
FNDA:0,(anonymous_6)
FNDA:0,(anonymous_7)
FNDA:0,(anonymous_8)
FNDA:0,(anonymous_9)
FNDA:0,(anonymous_10)
FNDA:0,(anonymous_11)
FNDA:0,(anonymous_12)
FNDA:0,(anonymous_13)
FNDA:0,(anonymous_14)
FNDA:0,(anonymous_15)
DA:39,0
DA:40,0
DA:41,0
DA:43,0
DA:44,0
DA:46,0
DA:47,0
DA:48,0
DA:49,0
DA:50,0
DA:51,0
DA:52,0
DA:53,0
DA:55,0
DA:56,0
DA:57,0
DA:58,0
DA:59,0
DA:60,0
DA:61,0
DA:64,0
DA:65,0
DA:66,0
DA:68,0
DA:69,0
DA:70,0
DA:75,0
DA:76,0
DA:80,0
DA:81,0
DA:82,0
DA:83,0
DA:86,0
DA:88,0
DA:96,0
DA:102,0
DA:105,0
DA:106,0
DA:107,0
DA:110,0
DA:111,0
DA:112,0
DA:115,0
DA:116,0
DA:120,0
DA:121,0
DA:123,0
DA:124,0
DA:125,0
DA:126,0
DA:127,0
DA:128,0
DA:131,0
DA:132,0
DA:136,0
DA:138,0
DA:142,0
DA:143,0
DA:144,0
DA:147,0
DA:148,0
DA:149,0
DA:150,0
DA:153,0
DA:154,0
DA:155,0
DA:158,0
DA:159,0
DA:160,0
DA:163,0
DA:174,0
DA:175,0
DA:176,0
DA:178,0
DA:181,0
DA:182,0
DA:184,0
DA:185,0
DA:189,0
DA:190,0
DA:191,0
DA:192,0
DA:195,0
DA:196,0
DA:204,0
DA:205,0
DA:206,0
DA:212,0
DA:213,0
DA:217,0
DA:218,0
DA:223,0
DA:224,0
DA:225,0
DA:226,0
[...]
BRDA:209,26,0,0
BRDA:209,26,1,0
BRDA:235,27,0,0
BRDA:235,27,1,0
BRDA:240,28,0,0
BRDA:240,28,1,0
BRDA:240,29,0,0
BRDA:240,29,1,0
BRDA:244,30,0,0
BRDA:244,30,1,0
BRDA:254,31,0,0
BRDA:254,31,1,0
BRDA:267,32,0,0
BRDA:267,32,1,0
BRDA:269,33,0,0
BRDA:269,33,1,0
BRDA:276,34,0,0
BRDA:276,34,1,0
BRDA:293,35,0,0
BRDA:293,35,1,0
BRDA:302,36,0,0
BRDA:302,36,1,0
BRDA:303,37,0,0
BRDA:303,37,1,0
BRDA:304,38,0,0
BRDA:304,38,1,0
BRDA:320,39,0,0
BRDA:320,39,1,0
BRF:81
BRH:0
end_of_record
TN:
SF:src\services\teamService.ts
FN:36,(anonymous_0)
FN:117,(anonymous_1)
FN:130,(anonymous_2)
FN:140,(anonymous_3)
FN:148,(anonymous_4)
FN:159,(anonymous_5)
FN:183,(anonymous_6)
FN:224,(anonymous_7)
FN:291,(anonymous_8)
FN:366,(anonymous_9)
FN:378,(anonymous_10)
FN:411,(anonymous_11)
FN:453,(anonymous_12)
FN:462,(anonymous_13)
FN:477,(anonymous_14)
FN:491,(anonymous_15)
FN:548,(anonymous_16)
FN:561,(anonymous_17)
FN:590,(anonymous_18)
FN:616,(anonymous_19)
FN:626,(anonymous_20)
FN:641,(anonymous_21)
FN:644,(anonymous_22)
FN:664,(anonymous_23)
FN:671,(anonymous_24)
FN:677,(anonymous_25)
FN:678,(anonymous_26)
FN:689,(anonymous_27)
FN:696,(anonymous_28)
FN:704,(anonymous_29)
FN:705,(anonymous_30)
FN:716,(anonymous_31)
FN:724,(anonymous_32)
FN:734,(anonymous_33)
FNF:34
FNH:0
FNDA:0,(anonymous_0)
FNDA:0,(anonymous_1)
FNDA:0,(anonymous_2)
FNDA:0,(anonymous_3)
FNDA:0,(anonymous_4)
FNDA:0,(anonymous_5)
FNDA:0,(anonymous_6)
FNDA:0,(anonymous_7)
FNDA:0,(anonymous_8)
FNDA:0,(anonymous_9)
FNDA:0,(anonymous_10)
FNDA:0,(anonymous_11)
FNDA:0,(anonymous_12)
FNDA:0,(anonymous_13)
FNDA:0,(anonymous_14)
FNDA:0,(anonymous_15)
FNDA:0,(anonymous_16)
FNDA:0,(anonymous_17)
FNDA:0,(anonymous_18)
FNDA:0,(anonymous_19)
FNDA:0,(anonymous_20)
FNDA:0,(anonymous_21)
FNDA:0,(anonymous_22)
FNDA:0,(anonymous_23)
FNDA:0,(anonymous_24)
FNDA:0,(anonymous_25)
FNDA:0,(anonymous_26)
FNDA:0,(anonymous_27)
FNDA:0,(anonymous_28)
FNDA:0,(anonymous_29)
FNDA:0,(anonymous_30)
FNDA:0,(anonymous_31)
FNDA:0,(anonymous_32)
FNDA:0,(anonymous_33)
DA:43,0
DA:44,0
DA:54,0
DA:63,0
DA:75,0
DA:77,0
DA:78,0
DA:85,0
DA:86,0
DA:97,0
DA:100,0
DA:110,0
DA:112,0
DA:113,0
DA:118,0
DA:119,0
DA:120,0
DA:125,0
DA:126,0
DA:131,0
DA:132,0
DA:135,0
DA:136,0
DA:139,0
DA:140,0
DA:141,0
DA:145,0
DA:148,0
DA:149,0
DA:152,0
DA:154,0
DA:155,0
DA:160,0
DA:161,0
DA:162,0
DA:163,0
DA:166,0
DA:167,0
DA:178,0
DA:179,0
DA:184,0
DA:186,0
DA:193,0
DA:195,0
DA:197,0
DA:201,0
DA:202,0
DA:203,0
DA:216,0
DA:218,0
DA:219,0
DA:232,0
DA:234,0
DA:243,0
DA:244,0
DA:248,0
DA:249,0
DA:250,0
DA:253,0
DA:266,0
DA:273,0
DA:284,0
DA:286,0
DA:287,0
DA:292,0
DA:293,0
DA:294,0
DA:296,0
DA:297,0
DA:300,0
DA:301,0
DA:307,0
DA:308,0
DA:311,0
DA:312,0
DA:315,0
DA:316,0
DA:319,0
DA:322,0
DA:327,0
DA:328,0
DA:341,0
DA:342,0
DA:348,0
DA:351,0
DA:361,0
DA:362,0
DA:367,0
DA:368,0
DA:369,0
DA:373,0
DA:374,0
DA:379,0
DA:380,0
DA:381,0
DA:383,0
DA:384,0
DA:387,0
DA:389,0
DA:395,0
DA:406,0
DA:407,0
DA:412,0
DA:413,0
DA:414,0
DA:416,0
DA:417,0
DA:420,0
DA:422,0
DA:425,0
DA:428,0
DA:429,0
DA:435,0
DA:438,0
DA:448,0
DA:449,0
DA:454,0
DA:455,0
DA:462,0
DA:463,0
DA:464,0
DA:472,0
DA:473,0
DA:478,0
DA:479,0
DA:480,0
DA:481,0
DA:483,0
DA:485,0
DA:486,0
DA:500,0
DA:501,0
DA:514,0
DA:521,0
DA:522,0
DA:523,0
DA:530,0
DA:541,0
DA:543,0
DA:544,0
DA:549,0
DA:550,0
DA:551,0
DA:556,0
DA:557,0
DA:562,0
DA:563,0
DA:564,0
DA:566,0
DA:567,0
DA:570,0
DA:572,0
DA:575,0
DA:576,0
DA:577,0
DA:584,0
DA:585,0
DA:600,0
DA:601,0
DA:606,0
DA:611,0
DA:617,0
DA:618,0
DA:626,0
DA:627,0
DA:628,0
DA:635,0
DA:636,0
DA:642,0
DA:645,0
DA:646,0
DA:647,0
DA:650,0
DA:651,0
DA:662,0
DA:665,0
DA:666,0
DA:672,0
DA:678,0
DA:679,0
DA:680,0
DA:687,0
DA:690,0
DA:691,0
DA:697,0
DA:705,0
DA:706,0
DA:707,0
DA:714,0
DA:717,0
DA:718,0
DA:725,0
DA:726,0
DA:727,0
DA:728,0
DA:729,0
DA:730,0
DA:740,0
DA:741,0
DA:742,0
DA:743,0
DA:746,0
DA:747,0
DA:749,0
DA:756,0
DA:757,0
DA:767,0
LF:207
LH:0
BRDA:162,0,0,0
BRDA:162,0,1,0
BRDA:170,1,0,0
BRDA:170,1,1,0
BRDA:171,2,0,0
BRDA:171,2,1,0
BRDA:174,3,0,0
BRDA:174,3,1,0
BRDA:201,4,0,0
BRDA:201,4,1,0
BRDA:206,5,0,0
BRDA:206,5,1,0
BRDA:207,6,0,0
BRDA:207,6,1,0
BRDA:210,7,0,0
BRDA:210,7,1,0
BRDA:243,8,0,0
BRDA:243,8,1,0
BRDA:249,9,0,0
BRDA:249,9,1,0
BRDA:287,10,0,0
BRDA:287,10,1,0
BRDA:296,11,0,0
BRDA:296,11,1,0
BRDA:303,12,0,0
BRDA:303,12,1,0
BRDA:304,13,0,0
BRDA:304,13,1,0
BRDA:307,14,0,0
BRDA:307,14,1,0
BRDA:311,15,0,0
BRDA:311,15,1,0
BRDA:315,16,0,0
BRDA:315,16,1,0
BRDA:354,17,0,0
BRDA:354,17,1,0
BRDA:362,18,0,0
BRDA:362,18,1,0
BRDA:383,19,0,0
BRDA:383,19,1,0
BRDA:402,20,0,0
BRDA:402,20,1,0
BRDA:416,21,0,0
BRDA:416,21,1,0
BRDA:445,22,0,0
BRDA:445,22,1,0
BRDA:467,23,0,0
BRDA:467,23,1,0
BRDA:468,24,0,0
BRDA:468,24,1,0
BRDA:480,25,0,0
BRDA:480,25,1,0
BRDA:521,26,0,0
BRDA:521,26,1,0
BRDA:566,27,0,0
BRDA:566,27,1,0
BRDA:575,28,0,0
BRDA:575,28,1,0
BRDA:616,29,0,0
BRDA:631,30,0,0
BRDA:631,30,1,0
BRDA:645,31,0,0
BRDA:645,31,1,0
BRDA:654,32,0,0
BRDA:654,32,1,0
BRDA:655,33,0,0
BRDA:655,33,1,0
BRDA:658,34,0,0
BRDA:658,34,1,0
BRDA:683,35,0,0
BRDA:683,35,1,0
BRDA:684,36,0,0
BRDA:684,36,1,0
BRDA:710,37,0,0
BRDA:710,37,1,0
BRDA:711,38,0,0
BRDA:711,38,1,0
BRDA:725,39,0,0
BRDA:725,39,1,0
BRDA:725,39,2,0
BRDA:725,39,3,0
BRDA:725,39,4,0
BRDA:742,40,0,0
BRDA:742,40,1,0
BRF:84
BRH:0
end_of_record
TN:
SF:src\services\userConsentService.ts
FN:44,(anonymous_0)
FN:122,(anonymous_1)
FN:157,(anonymous_2)
FN:158,(anonymous_3)
FN:185,(anonymous_4)
FN:254,(anonymous_5)
FN:297,(anonymous_6)
FN:329,(anonymous_7)
FN:352,(anonymous_8)
FN:357,(anonymous_9)
FN:362,(anonymous_10)
FN:377,(anonymous_11)
FN:388,(anonymous_12)
FN:399,(anonymous_13)
FN:412,(anonymous_14)
FNF:15
FNH:0
FNDA:0,(anonymous_0)
FNDA:0,(anonymous_1)
FNDA:0,(anonymous_2)
FNDA:0,(anonymous_3)
FNDA:0,(anonymous_4)
FNDA:0,(anonymous_5)
FNDA:0,(anonymous_6)
FNDA:0,(anonymous_7)
FNDA:0,(anonymous_8)
FNDA:0,(anonymous_9)
FNDA:0,(anonymous_10)
FNDA:0,(anonymous_11)
FNDA:0,(anonymous_12)
FNDA:0,(anonymous_13)
FNDA:0,(anonymous_14)
DA:28,0
DA:31,0
DA:36,0
DA:48,0
DA:50,0
DA:52,0
DA:74,0
DA:81,0
DA:109,0
DA:111,0
DA:114,0
DA:115,0
DA:123,0
DA:125,0
DA:128,0
DA:130,0
DA:157,0
DA:158,0
DA:159,0
DA:161,0
DA:170,0
DA:171,0
DA:174,0
DA:177,0
DA:178,0
DA:190,0
DA:191,0
DA:192,0
DA:193,0
DA:196,0
DA:200,0
DA:208,0
DA:210,0
DA:211,0
DA:212,0
DA:213,0
DA:215,0
DA:216,0
DA:217,0
DA:218,0
DA:220,0
DA:221,0
DA:222,0
DA:223,0
DA:227,0
DA:233,0
DA:236,0
DA:237,0
DA:239,0
DA:246,0
DA:247,0
DA:259,0
DA:260,0
DA:262,0
DA:269,0
DA:275,0
DA:282,0
DA:289,0
DA:290,0
DA:298,0
DA:300,0
DA:301,0
DA:302,0
DA:306,0
DA:307,0
DA:309,0
DA:310,0
DA:313,0
DA:316,0
DA:318,0
DA:321,0
DA:322,0
DA:334,0
DA:335,0
DA:341,0
DA:347,0
DA:348,0
DA:353,0
DA:354,0
DA:361,0
DA:362,0
DA:369,0
DA:370,0
DA:373,0
DA:378,0
DA:379,0
DA:384,0
DA:389,0
DA:390,0
DA:395,0
DA:400,0
DA:401,0
DA:402,0
DA:404,0
DA:405,0
DA:413,0
DA:414,0
DA:419,0
DA:424,0
LF:99
LH:0
BRDA:68,0,0,0
BRDA:68,0,1,0
BRDA:85,1,0,0
BRDA:85,1,1,0
BRDA:93,2,0,0
BRDA:93,2,1,0
BRDA:101,3,0,0
BRDA:101,3,1,0
BRDA:133,4,0,0
BRDA:133,4,1,0
BRDA:136,5,0,0
BRDA:136,5,1,0
BRDA:141,6,0,0
BRDA:141,6,1,0
BRDA:144,7,0,0
BRDA:144,7,1,0
BRDA:149,8,0,0
BRDA:149,8,1,0
BRDA:152,9,0,0
BRDA:152,9,1,0
BRDA:157,10,0,0
BRDA:157,10,1,0
BRDA:158,11,0,0
BRDA:158,11,1,0
BRDA:170,12,0,0
BRDA:170,12,1,0
BRDA:192,13,0,0
BRDA:192,13,1,0
BRDA:202,14,0,0
BRDA:202,14,1,0
BRDA:208,15,0,0
BRDA:208,15,1,0
BRDA:208,15,2,0
BRDA:266,16,0,0
BRDA:266,16,1,0
BRDA:277,17,0,0
BRDA:277,17,1,0
BRDA:301,18,0,0
BRDA:301,18,1,0
BRDA:301,19,0,0
BRDA:301,19,1,0
BRDA:309,20,0,0
BRDA:309,20,1,0
BRDA:353,21,0,0
BRDA:353,21,1,0
BRDA:353,22,0,0
BRDA:353,22,1,0
BRDA:402,23,0,0
BRDA:402,23,1,0
BRF:49
BRH:0
end_of_record
TN:
SF:src\services\videoRecordingService.ts
FN:50,(anonymous_0)
FN:58,(anonymous_1)
FN:75,(anonymous_2)
FN:117,(anonymous_3)
FN:150,(anonymous_4)
FN:187,(anonymous_5)
FN:208,(anonymous_6)
FN:225,(anonymous_7)
FN:235,(anonymous_8)
FN:246,(anonymous_9)
FN:252,(anonymous_10)
FN:266,(anonymous_11)
FN:282,(anonymous_12)
FN:293,(anonymous_13)
FN:303,(anonymous_14)
FN:313,(anonymous_15)
FN:317,(anonymous_16)
FN:318,(anonymous_17)
FN:321,(anonymous_18)
FN:323,(anonymous_19)
FN:326,(anonymous_20)
FN:331,(anonymous_21)
FN:336,(anonymous_22)
FN:345,(anonymous_23)
FNF:24
FNH:0
FNDA:0,(anonymous_0)
FNDA:0,(anonymous_1)
FNDA:0,(anonymous_2)
FNDA:0,(anonymous_3)
FNDA:0,(anonymous_4)
FNDA:0,(anonymous_5)
FNDA:0,(anonymous_6)
FNDA:0,(anonymous_7)
FNDA:0,(anonymous_8)
FNDA:0,(anonymous_9)
FNDA:0,(anonymous_10)
FNDA:0,(anonymous_11)
FNDA:0,(anonymous_12)
FNDA:0,(anonymous_13)
FNDA:0,(anonymous_14)
FNDA:0,(anonymous_15)
FNDA:0,(anonymous_16)
FNDA:0,(anonymous_17)
FNDA:0,(anonymous_18)
FNDA:0,(anonymous_19)
FNDA:0,(anonymous_20)
FNDA:0,(anonymous_21)
FNDA:0,(anonymous_22)
FNDA:0,(anonymous_23)
DA:35,0
DA:36,0
DA:37,0
DA:38,0
DA:39,0
DA:51,0
DA:52,0
DA:54,0
DA:59,0
DA:62,0
DA:63,0
DA:65,0
DA:66,0
DA:70,0
DA:80,0
DA:81,0
DA:82,0
DA:85,0
DA:86,0
DA:89,0
DA:91,0
DA:98,0
DA:101,0
DA:102,0
DA:105,0
DA:107,0
DA:108,0
DA:112,0
DA:118,0
DA:119,0
DA:122,0
DA:123,0
DA:125,0
DA:126,0
DA:128,0
DA:135,0
DA:137,0
DA:139,0
DA:140,0
DA:145,0
DA:155,0
DA:156,0
DA:158,0
DA:161,0
DA:163,0
DA:166,0
DA:168,0
DA:169,0
DA:172,0
DA:173,0
DA:174,0
DA:177,0
DA:178,0
DA:182,0
DA:195,0
DA:204,0
DA:216,0
DA:218,0
DA:221,0
DA:232,0
DA:242,0
DA:250,0
DA:252,0
DA:253,0
DA:254,0
DA:255,0
DA:258,0
DA:261,0
DA:269,0
DA:271,0
DA:273,0
DA:275,0
DA:278,0
DA:284,0
DA:285,0
DA:286,0
DA:287,0
DA:288,0
DA:289,0
DA:294,0
DA:295,0
DA:296,0
DA:297,0
DA:298,0
DA:299,0
DA:304,0
DA:305,0
DA:306,0
DA:307,0
DA:308,0
DA:314,0
DA:318,0
DA:322,0
DA:323,0
DA:327,0
DA:332,0
DA:337,0
DA:341,0
DA:346,0
DA:350,0
DA:354,0
LF:101
LH:0
BRDA:51,0,0,0
BRDA:51,0,1,0
BRDA:80,1,0,0
BRDA:80,1,1,0
BRDA:80,2,0,0
BRDA:80,2,1,0
BRDA:93,3,0,0
BRDA:93,3,1,0
BRDA:101,4,0,0
BRDA:101,4,1,0
BRDA:118,5,0,0
BRDA:118,5,1,0
BRDA:118,6,0,0
BRDA:118,6,1,0
BRDA:158,7,0,0
BRDA:158,7,1,0
BRDA:161,8,0,0
BRDA:161,8,1,0
BRDA:216,9,0,0
BRDA:216,9,1,0
BRDA:253,10,0,0
BRDA:253,10,1,0
BRDA:269,11,0,0
BRDA:269,11,1,0
BRDA:269,11,2,0
BRDA:269,11,3,0
BRDA:269,11,4,0
BRDA:284,12,0,0
BRDA:284,12,1,0
BRDA:284,12,2,0
BRDA:284,12,3,0
BRDA:284,12,4,0
BRDA:294,13,0,0
BRDA:294,13,1,0
BRDA:294,13,2,0
BRDA:294,13,3,0
BRDA:294,13,4,0
BRDA:304,14,0,0
BRDA:304,14,1,0
BRDA:304,14,2,0
BRDA:304,14,3,0
BRDA:337,15,0,0
BRDA:337,15,1,0
BRDA:346,16,0,0
BRDA:346,16,1,0
BRF:45
BRH:0
end_of_record
TN:
SF:src\store\analyticsStore.ts
FN:69,(anonymous_0)
FN:89,(anonymous_1)
FN:104,(anonymous_2)
FN:142,(anonymous_3)
FN:158,(anonymous_4)
FN:189,(anonymous_5)
FN:190,(anonymous_6)
FN:207,(anonymous_7)
FN:216,(anonymous_8)
FN:217,(anonymous_9)
FN:234,(anonymous_10)
FN:239,(anonymous_11)
FN:240,(anonymous_12)
FN:253,(anonymous_13)
FN:280,(anonymous_14)
FN:300,(anonymous_15)
FN:319,(anonymous_16)
FN:325,(anonymous_17)
FN:330,(anonymous_18)
FN:331,(anonymous_19)
FN:337,(anonymous_20)
FN:344,(anonymous_21)
FN:359,(anonymous_22)
FN:367,(anonymous_23)
FN:377,(anonymous_24)
FN:383,(anonymous_25)
FN:384,(anonymous_26)
FNF:27
FNH:0
FNDA:0,(anonymous_0)
FNDA:0,(anonymous_1)
FNDA:0,(anonymous_2)
FNDA:0,(anonymous_3)
FNDA:0,(anonymous_4)
FNDA:0,(anonymous_5)
FNDA:0,(anonymous_6)
FNDA:0,(anonymous_7)
FNDA:0,(anonymous_8)
FNDA:0,(anonymous_9)
FNDA:0,(anonymous_10)
FNDA:0,(anonymous_11)
FNDA:0,(anonymous_12)
FNDA:0,(anonymous_13)
FNDA:0,(anonymous_14)
FNDA:0,(anonymous_15)
FNDA:0,(anonymous_16)
FNDA:0,(anonymous_17)
FNDA:0,(anonymous_18)
FNDA:0,(anonymous_19)
FNDA:0,(anonymous_20)
FNDA:0,(anonymous_21)
FNDA:0,(anonymous_22)
FNDA:0,(anonymous_23)
FNDA:0,(anonymous_24)
FNDA:0,(anonymous_25)
FNDA:0,(anonymous_26)
DA:69,0
DA:85,0
DA:87,0
DA:89,0
DA:105,0
DA:106,0
DA:107,0
DA:109,0
DA:142,0
DA:148,0
DA:150,0
DA:154,0
DA:159,0
DA:160,0
DA:162,0
DA:187,0
DA:189,0
DA:191,0
DA:199,0
DA:203,0
DA:208,0
DA:211,0
DA:216,0
DA:218,0
DA:227,0
DA:230,0
DA:235,0
DA:236,0
DA:237,0
DA:239,0
DA:240,0
DA:245,0
DA:249,0
DA:254,0
DA:255,0
DA:258,0
DA:259,0
DA:262,0
DA:263,0
DA:264,0
DA:266,0
DA:272,0
DA:276,0
DA:281,0
DA:282,0
DA:284,0
DA:285,0
DA:287,0
DA:292,0
DA:296,0
DA:301,0
DA:303,0
DA:304,0
DA:306,0
DA:311,0
DA:315,0
DA:322,0
DA:325,0
DA:326,0
DA:331,0
DA:338,0
DA:345,0
DA:347,0
DA:348,0
DA:349,0
DA:351,0
DA:355,0
DA:360,0
DA:368,0
DA:369,0
DA:371,0
DA:378,0
DA:383,0
DA:384,0
LF:74
LH:0
BRDA:104,0,0,0
BRDA:151,1,0,0
BRDA:151,1,1,0
BRDA:163,2,0,0
BRDA:163,2,1,0
BRDA:164,3,0,0
BRDA:164,3,1,0
BRDA:165,4,0,0
BRDA:165,4,1,0
BRDA:166,5,0,0
BRDA:166,5,1,0
BRDA:167,6,0,0
BRDA:167,6,1,0
BRDA:168,7,0,0
BRDA:168,7,1,0
BRDA:175,8,0,0
BRDA:175,8,1,0
BRDA:183,9,0,0
BRDA:183,9,1,0
BRDA:184,10,0,0
BRDA:184,10,1,0
BRDA:191,11,0,0
BRDA:191,11,1,0
BRDA:195,12,0,0
BRDA:195,12,1,0
BRDA:200,13,0,0
BRDA:200,13,1,0
BRDA:218,14,0,0
BRDA:218,14,1,0
BRDA:222,15,0,0
BRDA:222,15,1,0
BRDA:228,16,0,0
BRDA:228,16,1,0
BRDA:241,17,0,0
BRDA:241,17,1,0
BRDA:246,18,0,0
BRDA:246,18,1,0
BRDA:254,19,0,0
BRDA:254,19,1,0
BRDA:258,20,0,0
BRDA:258,20,1,0
BRDA:258,21,0,0
BRDA:258,21,1,0
BRDA:273,22,0,0
BRDA:273,22,1,0
BRDA:281,23,0,0
BRDA:281,23,1,0
BRDA:293,24,0,0
BRDA:293,24,1,0
BRDA:312,25,0,0
BRDA:312,25,1,0
BRDA:352,26,0,0
BRDA:352,26,1,0
BRF:53
BRH:0
end_of_record
TN:
SF:src\store\scriptStore.ts
FN:16,(anonymous_0)
FN:34,(anonymous_1)
FN:73,(anonymous_2)
FN:98,(anonymous_3)
FN:99,(anonymous_4)
FN:117,(anonymous_5)
FN:118,(anonymous_6)
FN:132,(anonymous_7)
FN:133,(anonymous_8)
FN:155,(anonymous_9)
FN:156,(anonymous_10)
FN:166,(anonymous_11)
FN:167,(anonymous_12)
FN:180,(anonymous_13)
FN:181,(anonymous_14)
FN:194,(anonymous_15)
FN:195,(anonymous_16)
FN:204,(anonymous_17)
FN:205,(anonymous_18)
FN:221,(anonymous_19)
FN:225,(anonymous_20)
FN:226,(anonymous_21)
FN:230,(anonymous_22)
FN:231,(anonymous_23)
FN:247,(anonymous_24)
FN:258,(anonymous_25)
FN:259,(anonymous_26)
FN:272,(anonymous_27)
FN:283,(anonymous_28)
FN:303,(anonymous_29)
FN:314,(anonymous_30)
FN:319,(anonymous_31)
FN:326,(anonymous_32)
FN:341,(anonymous_33)
FN:360,(anonymous_34)
FN:365,(anonymous_35)
FN:366,(anonymous_36)
FN:381,(anonymous_37)
FN:382,(anonymous_38)
FN:386,(anonymous_39)
FN:387,(anonymous_40)
FN:399,(anonymous_41)
FN:400,(anonymous_42)
FN:412,(anonymous_43)
FN:413,(anonymous_44)
FN:414,(anonymous_45)
FN:424,(anonymous_46)
FN:429,(anonymous_47)
FN:430,(anonymous_48)
FNF:49
FNH:0
FNDA:0,(anonymous_0)
FNDA:0,(anonymous_1)
FNDA:0,(anonymous_2)
FNDA:0,(anonymous_3)
FNDA:0,(anonymous_4)
FNDA:0,(anonymous_5)
FNDA:0,(anonymous_6)
FNDA:0,(anonymous_7)
FNDA:0,(anonymous_8)
FNDA:0,(anonymous_9)
FNDA:0,(anonymous_10)
FNDA:0,(anonymous_11)
FNDA:0,(anonymous_12)
FNDA:0,(anonymous_13)
FNDA:0,(anonymous_14)
FNDA:0,(anonymous_15)
FNDA:0,(anonymous_16)
FNDA:0,(anonymous_17)
FNDA:0,(anonymous_18)
FNDA:0,(anonymous_19)
FNDA:0,(anonymous_20)
FNDA:0,(anonymous_21)
FNDA:0,(anonymous_22)
FNDA:0,(anonymous_23)
FNDA:0,(anonymous_24)
FNDA:0,(anonymous_25)
FNDA:0,(anonymous_26)
FNDA:0,(anonymous_27)
FNDA:0,(anonymous_28)
FNDA:0,(anonymous_29)
FNDA:0,(anonymous_30)
FNDA:0,(anonymous_31)
FNDA:0,(anonymous_32)
FNDA:0,(anonymous_33)
FNDA:0,(anonymous_34)
FNDA:0,(anonymous_35)
FNDA:0,(anonymous_36)
FNDA:0,(anonymous_37)
FNDA:0,(anonymous_38)
FNDA:0,(anonymous_39)
FNDA:0,(anonymous_40)
FNDA:0,(anonymous_41)
FNDA:0,(anonymous_42)
FNDA:0,(anonymous_43)
FNDA:0,(anonymous_44)
FNDA:0,(anonymous_45)
FNDA:0,(anonymous_46)
FNDA:0,(anonymous_47)
FNDA:0,(anonymous_48)
DA:14,0
DA:16,0
DA:35,0
DA:37,0
DA:38,0
DA:39,0
DA:43,0
DA:46,0
DA:48,0
DA:51,0
DA:53,0
DA:54,0
DA:58,0
DA:61,0
DA:73,0
DA:82,0
DA:83,0
DA:87,0
DA:88,0
DA:89,0
DA:91,0
DA:92,0
DA:98,0
DA:100,0
DA:108,0
DA:109,0
DA:113,0
DA:118,0
DA:119,0
DA:120,0
DA:123,0
DA:132,0
DA:134,0
DA:145,0
DA:146,0
DA:147,0
DA:149,0
DA:150,0
DA:155,0
DA:157,0
DA:167,0
DA:168,0
DA:169,0
DA:173,0
DA:180,0
DA:181,0
DA:190,0
DA:191,0
DA:192,0
DA:194,0
DA:195,0
DA:198,0
DA:199,0
DA:204,0
DA:206,0
DA:214,0
DA:215,0
DA:222,0
DA:226,0
DA:231,0
DA:235,0
DA:236,0
DA:237,0
DA:242,0
DA:245,0
DA:247,0
DA:254,0
DA:259,0
DA:263,0
DA:264,0
DA:265,0
DA:270,0
DA:272,0
DA:279,0
DA:284,0
DA:285,0
DA:288,0
DA:290,0
DA:303,0
DA:309,0
DA:315,0
DA:316,0
DA:319,0
DA:323,0
DA:324,0
DA:326,0
DA:336,0
DA:337,0
DA:341,0
DA:361,0
DA:362,0
DA:365,0
DA:367,0
DA:373,0
DA:374,0
DA:382,0
DA:384,0
DA:386,0
DA:388,0
DA:395,0
DA:400,0
DA:405,0
DA:406,0
DA:412,0
DA:413,0
DA:414,0
DA:421,0
DA:424,0
DA:425,0
DA:429,0
DA:430,0
DA:435,0
DA:438,0
DA:439,0
LF:114
LH:0
BRDA:37,0,0,0
BRDA:37,0,1,0
BRDA:51,1,0,0
BRDA:51,1,1,0
BRDA:51,2,0,0
BRDA:51,2,1,0
BRDA:82,3,0,0
BRDA:82,3,1,0
BRDA:87,4,0,0
BRDA:87,4,1,0
BRDA:92,5,0,0
BRDA:92,5,1,0
BRDA:100,6,0,0
BRDA:100,6,1,0
BRDA:109,7,0,0
BRDA:109,7,1,0
BRDA:119,8,0,0
BRDA:119,8,1,0
BRDA:134,9,0,0
BRDA:134,9,1,0
BRDA:137,10,0,0
BRDA:137,10,1,0
BRDA:145,11,0,0
BRDA:145,11,1,0
BRDA:145,12,0,0
BRDA:145,12,1,0
BRDA:150,13,0,0
BRDA:150,13,1,0
BRDA:157,14,0,0
BRDA:157,14,1,0
BRDA:168,15,0,0
BRDA:168,15,1,0
BRDA:181,16,0,0
BRDA:181,16,1,0
BRDA:182,17,0,0
BRDA:182,17,1,0
BRDA:190,18,0,0
BRDA:190,18,1,0
BRDA:190,19,0,0
BRDA:190,19,1,0
BRDA:199,20,0,0
BRDA:199,20,1,0
BRDA:206,21,0,0
BRDA:206,21,1,0
BRDA:226,22,0,0
BRDA:226,22,1,0
BRDA:251,23,0,0
BRDA:251,23,1,0
BRDA:276,24,0,0
BRDA:276,24,1,0
BRDA:306,25,0,0
BRDA:306,25,1,0
BRDA:315,26,0,0
BRDA:315,26,1,0
BRDA:315,27,0,0
BRDA:315,27,1,0
BRDA:337,28,0,0
BRDA:337,28,1,0
BRDA:351,29,0,0
BRDA:351,29,1,0
BRDA:367,30,0,0
BRDA:367,30,1,0
BRDA:374,31,0,0
BRDA:374,31,1,0
BRDA:388,32,0,0
BRDA:388,32,1,0
BRDA:405,33,0,0
BRDA:405,33,1,0
BRDA:405,34,0,0
BRDA:405,34,1,0
BRDA:405,34,2,0
BRDA:438,35,0,0
BRDA:438,35,1,0
BRF:73
BRH:0
end_of_record
TN:
SF:src\store\subscriptionStore.ts
FN:45,(anonymous_0)
FN:87,(anonymous_1)
FN:99,(anonymous_2)
FN:103,(anonymous_3)
FN:140,(anonymous_4)
FN:166,(anonymous_5)
FN:211,(anonymous_6)
FN:215,(anonymous_7)
FN:233,(anonymous_8)
FN:273,(anonymous_9)
FN:314,(anonymous_10)
FN:315,(anonymous_11)
FNF:12
FNH:0
FNDA:0,(anonymous_0)
FNDA:0,(anonymous_1)
FNDA:0,(anonymous_2)
FNDA:0,(anonymous_3)
FNDA:0,(anonymous_4)
FNDA:0,(anonymous_5)
FNDA:0,(anonymous_6)
FNDA:0,(anonymous_7)
FNDA:0,(anonymous_8)
FNDA:0,(anonymous_9)
FNDA:0,(anonymous_10)
FNDA:0,(anonymous_11)
DA:45,0
DA:46,0
DA:48,0
DA:59,0
DA:70,0
DA:81,0
DA:85,0
DA:87,0
DA:100,0
DA:104,0
DA:106,0
DA:107,0
DA:108,0
DA:110,0
DA:112,0
DA:113,0
DA:115,0
DA:122,0
DA:127,0
DA:130,0
DA:132,0
DA:136,0
DA:141,0
DA:143,0
DA:144,0
DA:151,0
DA:156,0
DA:158,0
DA:162,0
DA:167,0
DA:169,0
DA:170,0
DA:171,0
DA:173,0
DA:175,0
DA:176,0
DA:177,0
DA:178,0
DA:179,0
DA:182,0
DA:189,0
DA:192,0
DA:199,0
DA:202,0
DA:204,0
DA:212,0
DA:216,0
DA:217,0
DA:218,0
DA:220,0
DA:226,0
DA:228,0
DA:229,0
DA:234,0
DA:236,0
DA:237,0
DA:238,0
DA:241,0
DA:243,0
DA:244,0
DA:245,0
DA:246,0
DA:247,0
DA:248,0
DA:251,0
DA:258,0
DA:259,0
DA:262,0
DA:263,0
DA:265,0
DA:269,0
DA:274,0
DA:276,0
DA:277,0
DA:278,0
DA:280,0
DA:282,0
DA:283,0
DA:284,0
DA:285,0
DA:286,0
DA:289,0
DA:291,0
DA:298,0
DA:299,0
DA:302,0
DA:304,0
DA:308,0
DA:314,0
DA:315,0
LF:90
LH:0
BRDA:46,0,0,0
BRDA:46,0,1,0
BRDA:46,0,2,0
BRDA:46,0,3,0
BRDA:108,1,0,0
BRDA:108,1,1,0
BRDA:112,2,0,0
BRDA:112,2,1,0
BRDA:118,3,0,0
BRDA:118,3,1,0
BRDA:173,4,0,0
BRDA:173,4,1,0
BRDA:176,5,0,0
BRDA:176,5,1,0
BRDA:178,6,0,0
BRDA:178,6,1,0
BRDA:185,7,0,0
BRDA:185,7,1,0
BRDA:243,8,0,0
BRDA:243,8,1,0
BRDA:245,9,0,0
BRDA:245,9,1,0
BRDA:247,10,0,0
BRDA:247,10,1,0
BRDA:254,11,0,0
BRDA:254,11,1,0
BRDA:280,12,0,0
BRDA:280,12,1,0
BRDA:283,13,0,0
BRDA:283,13,1,0
BRDA:285,14,0,0
BRDA:285,14,1,0
BRDA:294,15,0,0
BRDA:294,15,1,0
BRF:34
BRH:0
end_of_record
TN:
SF:src\types\accessibilityTypes.ts
FNF:0
FNH:0
LF:0
LH:0
BRF:0
BRH:0
end_of_record
TN:
SF:src\types\aiEthicsTypes.ts
FNF:0
FNH:0
LF:0
LH:0
BRF:0
BRH:0
end_of_record
TN:
SF:src\types\errorTypes.ts
FNF:0
FNH:0
LF:0
LH:0
BRF:0
BRH:0
end_of_record
TN:
SF:src\types\legalDocuments.ts
FNF:0
FNH:0
LF:0
LH:0
BRF:0
BRH:0
end_of_record
TN:
SF:src\types\monitoringTypes.ts
FNF:0
FNH:0
LF:0
LH:0
BRF:0
BRH:0
end_of_record
TN:
SF:src\types\onboardingTypes.ts
FNF:0
FNH:0
LF:0
LH:0
BRF:0
BRH:0
end_of_record
TN:
SF:src\types\subscriptionTypes.ts
FNF:0
FNH:0
DA:89,0
DA:146,0
LF:2
LH:0
BRF:0
BRH:0
end_of_record
TN:
SF:src\types\userConsent.ts
FNF:0
FNH:0
LF:0
LH:0
BRF:0
BRH:0
end_of_record
